<?xml version="1.0" encoding="UTF-8"?>
<!-- Generated by org.testng.reporters.JUnitXMLReporter -->
<testsuite ignored="5" hostname="GYRUS-231" failures="2" tests="20" name="Automation Smoke Testing" time="133.065" errors="0" timestamp="2026-04-11T03:09:36 IST">
  <testcase classname="com.qa.gyruslearner.testcases.DashboardPageTestCase" name="dashBoardUrlTest" time="0.054"/>
  <testcase classname="com.qa.gyruslearner.testcases.DashboardPageTestCase" name="dashBoardPageTitleTest" time="0.024"/>
  <testcase classname="com.qa.gyruslearner.testcases.DashboardPageTestCase" name="VerifyCompanyLogoInDashBoardTest" time="3.932"/>
  <testcase classname="com.qa.gyruslearner.testcases.DashboardPageTestCase" name="verifyWelcomeHeadertextAndSlidersTest" time="3.284"/>
  <testcase classname="com.qa.gyruslearner.testcases.DashboardPageTestCase" name="verifyCalenderDisplayTest" time="27.751"/>
  <testcase classname="com.qa.gyruslearner.testcases.DashboardPageTestCase" name="verifyProfilePopUpTest" time="0.524"/>
  <testcase classname="com.qa.gyruslearner.testcases.DashboardPageTestCase" name="verifyQuickLinksTest" time="0.602"/>
  <testcase classname="com.qa.gyruslearner.testcases.DashboardPageTestCase" name="verifyStatisticsDisplayed" time="4.16"/>
  <testcase classname="com.qa.gyruslearner.testcases.DashboardPageTestCase" name="verifyStatisticsWithFilters" time="8.076"/>
  <testcase classname="com.qa.gyruslearner.testcases.DashboardPageTestCase" name="verifyLearningStatusInProgressDataTest" time="10.083"/>
  <testcase classname="com.qa.gyruslearner.testcases.DashboardPageTestCase" name="verifyLearningStatusNotStartedDataTest" time="5.025">
    <failure type="java.lang.AssertionError" message="The following asserts failed:
	❌ Training  Image is missing in card  1 : 01 Skype">
      <![CDATA[java.lang.AssertionError: The following asserts failed:
❌ Training  Image is missing in card  1 : 01 Skype
at com.qa.gyruslearner.pages.DashboardPage.validateLearningNotStartedCards(DashboardPage.java:762)
at com.qa.gyruslearner.testcases.DashboardPageTestCase.verifyLearningStatusNotStartedDataTest(DashboardPageTestCase.java:249)
at java.base/java.util.ArrayList.forEach(ArrayList.java:1596)
... Removed 27 stack frames]]>
    </failure>
  </testcase> <!-- verifyLearningStatusNotStartedDataTest -->
  <testcase classname="com.qa.gyruslearner.testcases.DashboardPageTestCase" name="verifyMySheduleDataTest" time="10.348"/>
  <testcase classname="com.qa.gyruslearner.testcases.DashboardPageTestCase" name="verifyAssignedTrainingsRecentlyAssignedDataTest" time="1.648">
    <failure type="java.lang.AssertionError" message="The following asserts failed:
	❌ Not Started but 100% : Test05Assessment">
      <![CDATA[java.lang.AssertionError: The following asserts failed:
❌ Not Started but 100% : Test05Assessment
at com.qa.gyruslearner.pages.DashboardPage.validateAssignedTrainingsRecentlyAssignedCards(DashboardPage.java:953)
at com.qa.gyruslearner.testcases.DashboardPageTestCase.verifyAssignedTrainingsRecentlyAssignedDataTest(DashboardPageTestCase.java:270)
at java.base/java.util.ArrayList.forEach(ArrayList.java:1596)
... Removed 27 stack frames]]>
    </failure>
  </testcase> <!-- verifyAssignedTrainingsRecentlyAssignedDataTest -->
  <testcase classname="com.qa.gyruslearner.testcases.DashboardPageTestCase" name="verifyAssignedTrainingsDueDataTest" time="10.327"/>
  <testcase classname="com.qa.gyruslearner.testcases.DashboardPageTestCase" name="verifyAssignedTrainingsOverDueDataTest" time="4.382"/>
  <testcase classname="com.qa.gyruslearner.testcases.DashboardPageTestCase" name="verifyRecentBadgesDataTest" time="0.2"/>
  <testcase classname="com.qa.gyruslearner.testcases.DashboardPageTestCase" name="verifyLeaderboardDataTest" time="0.103"/>
  <testcase classname="com.qa.gyruslearner.testcases.DashboardPageTestCase" name="verifyActivityFeedsDataTest" time="9.068"/>
  <testcase classname="com.qa.gyruslearner.testcases.DashboardPageTestCase" name="verifyCertificationsDataTest" time="0.985"/>
  <testcase classname="com.qa.gyruslearner.testcases.DashboardPageTestCase" name="verifymainMenuItemsDataTest" time="1.164"/>
  <testcase classname="com.qa.gyruslearner.testcases.DashboardPageTestCase" name="verifyCartPopUpTest" time="0.0">
    <ignored/>
  </testcase> <!-- verifyCartPopUpTest -->
  <testcase classname="com.qa.gyruslearner.testcases.DashboardPageTestCase" name="verifyNotificationPopUpTest" time="0.0">
    <ignored/>
  </testcase> <!-- verifyNotificationPopUpTest -->
  <testcase classname="com.qa.gyruslearner.testcases.DashboardPageTestCase" name="verifyLearningStatusCardTest" time="0.0">
    <ignored/>
  </testcase> <!-- verifyLearningStatusCardTest -->
  <testcase classname="com.qa.gyruslearner.testcases.DashboardPageTestCase" name="verifyHeaderIconsFunctionality" time="0.0">
    <ignored/>
  </testcase> <!-- verifyHeaderIconsFunctionality -->
  <testcase classname="com.qa.gyruslearner.testcases.DashboardPageTestCase" name="verifyQuickLinksPopupTest" time="0.0">
    <ignored/>
  </testcase> <!-- verifyQuickLinksPopupTest -->
</testsuite> <!-- Automation Smoke Testing -->
