<?xml version="1.0" encoding="UTF-8"?>
<!-- Generated by org.testng.reporters.JUnitXMLReporter -->
<testsuite ignored="8" hostname="GYRUS-231" failures="10" tests="77" name="Automation Smoke Testing" time="1220.983" errors="0" timestamp="2026-04-16T09:41:42 IST">
  <testcase classname="com.qa.gyruslearner.testcases.LoginPageTestCase" name="LoginPageTitleTest" time="0.028"/>
  <testcase classname="com.qa.gyruslearner.testcases.LoginPageTestCase" name="LoginPageUrlTest" time="0.016"/>
  <testcase classname="com.qa.gyruslearner.testcases.LoginPageTestCase" name="isCompanyLogoExitsTest" time="0.056"/>
  <testcase classname="com.qa.gyruslearner.testcases.LoginPageTestCase" name="isBackGroundImageExitsTest" time="0.04"/>
  <testcase classname="com.qa.gyruslearner.testcases.LoginPageTestCase" name="verifyLoginHeadertextTest" time="0.05"/>
  <testcase classname="com.qa.gyruslearner.testcases.LoginPageTestCase" name="verifyUsernameAndPasswordFieldsTest" time="0.086"/>
  <testcase classname="com.qa.gyruslearner.testcases.LoginPageTestCase" name="isSingInbuttonExitsAndEnableTest" time="0.07"/>
  <testcase classname="com.qa.gyruslearner.testcases.LoginPageTestCase" name="verifyForgotPasswordTest" time="0.042"/>
  <testcase classname="com.qa.gyruslearner.testcases.LoginPageTestCase" name="verifySignUplinkButtonTest" time="0.07"/>
  <testcase classname="com.qa.gyruslearner.testcases.LoginPageTestCase" name="verifyPasswordFieldEncryptedTest" time="0.136"/>
  <testcase classname="com.qa.gyruslearner.testcases.LoginPageTestCase" name="verifyFirstTimeLoginRedirectsToChangePasswordTest" time="16.971"/>
  <testcase classname="com.qa.gyruslearner.testcases.LoginPageTestCase" name="verifyValidUserNameAndWrongPassTest" time="0.814"/>
  <testcase classname="com.qa.gyruslearner.testcases.LoginPageTestCase" name="verifyWrongUserNameAndValidPassTest" time="1.408"/>
  <testcase classname="com.qa.gyruslearner.testcases.LoginPageTestCase" name="verifyLastLoginAttemptMessageTest" time="2.676"/>
  <testcase classname="com.qa.gyruslearner.testcases.LoginPageTestCase" name="verifyAccountLockAfterFailedAttemptTest" time="0.748"/>
  <testcase classname="com.qa.gyruslearner.testcases.LoginPageTestCase" name="verifyValidLoginTest" time="3.45"/>
  <testcase classname="com.qa.gyruslearner.testcases.DashboardPageTestCase" name="dashBoardUrlTest" time="7.891"/>
  <testcase classname="com.qa.gyruslearner.testcases.DashboardPageTestCase" name="dashBoardPageTitleTest" time="0.02"/>
  <testcase classname="com.qa.gyruslearner.testcases.DashboardPageTestCase" name="VerifyCompanyLogoInDashBoardTest" time="1.625">
    <failure type="java.lang.AssertionError" message="Company logo Images is not Loaded  on the DashBoard page! expected [true] but found [false]">
      <![CDATA[java.lang.AssertionError: Company logo Images is not Loaded  on the DashBoard page! expected [true] but found [false]
at com.qa.gyruslearner.testcases.DashboardPageTestCase.VerifyCompanyLogoInDashBoardTest(DashboardPageTestCase.java:75)
at java.base/java.util.ArrayList.forEach(ArrayList.java:1596)
... Removed 28 stack frames]]>
    </failure>
  </testcase> <!-- VerifyCompanyLogoInDashBoardTest -->
  <testcase classname="com.qa.gyruslearner.testcases.DashboardPageTestCase" name="verifyWelcomeHeadertextAndSlidersTest" time="22.776"/>
  <testcase classname="com.qa.gyruslearner.testcases.DashboardPageTestCase" name="verifyCalenderDisplayTest" time="2.404"/>
  <testcase classname="com.qa.gyruslearner.testcases.DashboardPageTestCase" name="verifyProfilePopUpTest" time="0.554"/>
  <testcase classname="com.qa.gyruslearner.testcases.DashboardPageTestCase" name="verifyQuickLinksTest" time="0.52"/>
  <testcase classname="com.qa.gyruslearner.testcases.DashboardPageTestCase" name="verifyStatisticsDisplayed" time="21.7"/>
  <testcase classname="com.qa.gyruslearner.testcases.DashboardPageTestCase" name="verifyStatisticsWithFilters" time="5.917"/>
  <testcase classname="com.qa.gyruslearner.testcases.DashboardPageTestCase" name="verifyLearningStatusInProgressDataTest" time="1.6"/>
  <testcase classname="com.qa.gyruslearner.testcases.DashboardPageTestCase" name="verifyLearningStatusNotStartedDataTest" time="4.509"/>
  <testcase classname="com.qa.gyruslearner.testcases.DashboardPageTestCase" name="verifyMySheduleDataTest" time="10.364"/>
  <testcase classname="com.qa.gyruslearner.testcases.DashboardPageTestCase" name="verifyAssignedTrainingsRecentlyAssignedDataTest" time="2.124">
    <failure type="java.lang.AssertionError" message="The following asserts failed:
	❌ Not Started but 100% : Test05Assessment">
      <![CDATA[java.lang.AssertionError: The following asserts failed:
❌ Not Started but 100% : Test05Assessment
at com.qa.gyruslearner.pages.DashboardPage.validateAssignedTrainingsRecentlyAssignedCards(DashboardPage.java:970)
at com.qa.gyruslearner.testcases.DashboardPageTestCase.verifyAssignedTrainingsRecentlyAssignedDataTest(DashboardPageTestCase.java:273)
at java.base/java.util.ArrayList.forEach(ArrayList.java:1596)
... Removed 27 stack frames]]>
    </failure>
  </testcase> <!-- verifyAssignedTrainingsRecentlyAssignedDataTest -->
  <testcase classname="com.qa.gyruslearner.testcases.DashboardPageTestCase" name="verifyAssignedTrainingsDueDataTest" time="10.201"/>
  <testcase classname="com.qa.gyruslearner.testcases.DashboardPageTestCase" name="verifyAssignedTrainingsOverDueDataTest" time="4.155"/>
  <testcase classname="com.qa.gyruslearner.testcases.DashboardPageTestCase" name="verifyRecentBadgesDataTest" time="0.153"/>
  <testcase classname="com.qa.gyruslearner.testcases.DashboardPageTestCase" name="verifyLeaderboardDataTest" time="0.094"/>
  <testcase classname="com.qa.gyruslearner.testcases.DashboardPageTestCase" name="verifyActivityFeedsDataTest" time="9.113"/>
  <testcase classname="com.qa.gyruslearner.testcases.DashboardPageTestCase" name="verifyCertificationsDataTest" time="1.241"/>
  <testcase classname="com.qa.gyruslearner.testcases.DashboardPageTestCase" name="verifymainMenuItemsDataTest" time="1.216"/>
  <testcase classname="com.qa.gyruslearner.testcases.MyProfilePageTestCase" name="myProfileUrlTest" time="0.353"/>
  <testcase classname="com.qa.gyruslearner.testcases.MyProfilePageTestCase" name="myprofileTitleTest" time="1.034"/>
  <testcase classname="com.qa.gyruslearner.testcases.MyProfilePageTestCase" name="verifyUserProfileDetails" time="0.154"/>
  <testcase classname="com.qa.gyruslearner.testcases.MyProfilePageTestCase" name="verifyProfileImage" time="0.408"/>
  <testcase classname="com.qa.gyruslearner.testcases.MyProfilePageTestCase" name="verifyQRCodeDisplayed" time="20.083">
    <failure type="org.openqa.selenium.TimeoutException" message="Expected condition failed: waiting for visibility of Proxy element for: DefaultElementLocator &amp;apos;By.xpath: //*[@alt=&amp;apos;Profile QR&amp;apos;]&amp;apos; (tried for 10 second(s) with 500 milliseconds interval)">
      <![CDATA[org.openqa.selenium.TimeoutException: Expected condition failed: waiting for visibility of Proxy element for: DefaultElementLocator 'By.xpath: //*[@alt='Profile QR']' (tried for 10 second(s) with 500 milliseconds interval)
at org.openqa.selenium.support.ui.WebDriverWait.timeoutException(WebDriverWait.java:84)
at org.openqa.selenium.support.ui.FluentWait.until(FluentWait.java:228)
at com.qa.gyruslearner.util.ElementUtil.visibleElementWhenReady(ElementUtil.java:160)
at com.qa.gyruslearner.pages.MyProfilePage.isProfileQRDisplayed(MyProfilePage.java:275)
at com.qa.gyruslearner.testcases.MyProfilePageTestCase.verifyQRCodeDisplayed(MyProfilePageTestCase.java:117)
at java.base/java.util.ArrayList.forEach(ArrayList.java:1596)
Caused by: org.openqa.selenium.NoSuchElementException: no such element: Unable to locate element: {"method":"xpath","selector":"//*[@alt='Profile QR']"}
  (Session info: chrome=147.0.7727.56)
For documentation on this error, please visit: https://www.selenium.dev/documentation/webdriver/troubleshooting/errors#no-such-element-exception
Build info: version: '4.27.0', revision: 'd6e718d134'
System info: os.name: 'Windows 11', os.arch: 'amd64', os.version: '10.0', java.version: '21.0.8'
Driver info: org.openqa.selenium.chrome.ChromeDriver
Command: [a3ab5ffddd9a2a37e91cc9413459efb4, findElement {using=xpath, value=//*[@alt='Profile QR']}]
Capabilities {acceptInsecureCerts: false, browserName: chrome, browserVersion: 147.0.7727.56, chrome: {chromedriverVersion: 147.0.7727.57 (b4f28b5637d0..., userDataDir: C:\Users\DINESH~1\AppData\L...}, fedcm:accounts: true, goog:chromeOptions: {debuggerAddress: localhost:59420}, goog:processID: 6636, networkConnectionEnabled: false, pageLoadStrategy: normal, platformName: windows, proxy: Proxy(), se:cdp: ws://localhost:59420/devtoo..., se:cdpVersion: 147.0.7727.56, setWindowRect: true, strictFileInteractability: false, timeouts: {implicit: 0, pageLoad: 300000, script: 30000}, unhandledPromptBehavior: dismiss and notify, webauthn:extension:credBlob: true, webauthn:extension:largeBlob: true, webauthn:extension:minPinLength: true, webauthn:extension:prf: true, webauthn:virtualAuthenticators: true}
Session ID: a3ab5ffddd9a2a37e91cc9413459efb4
at org.openqa.selenium.remote.ErrorCodec.decode(ErrorCodec.java:167)
at org.openqa.selenium.remote.codec.w3c.W3CHttpResponseCodec.decode(W3CHttpResponseCodec.java:138)
at org.openqa.selenium.remote.codec.w3c.W3CHttpResponseCodec.decode(W3CHttpResponseCodec.java:50)
at org.openqa.selenium.remote.HttpCommandExecutor.execute(HttpCommandExecutor.java:190)
at org.openqa.selenium.remote.service.DriverCommandExecutor.invokeExecute(DriverCommandExecutor.java:216)
at org.openqa.selenium.remote.service.DriverCommandExecutor.execute(DriverCommandExecutor.java:174)
at org.openqa.selenium.remote.RemoteWebDriver.execute(RemoteWebDriver.java:545)
at org.openqa.selenium.remote.ElementLocation$ElementFinder$2.findElement(ElementLocation.java:165)
at org.openqa.selenium.remote.ElementLocation.findElement(ElementLocation.java:59)
at org.openqa.selenium.remote.RemoteWebDriver.findElement(RemoteWebDriver.java:368)
at org.openqa.selenium.remote.RemoteWebDriver.findElement(RemoteWebDriver.java:362)
at org.openqa.selenium.support.pagefactory.DefaultElementLocator.findElement(DefaultElementLocator.java:68)
at org.openqa.selenium.support.pagefactory.internal.LocatingElementHandler.invoke(LocatingElementHandler.java:38)
at jdk.proxy2/jdk.proxy2.$Proxy17.isDisplayed(Unknown Source)
at org.openqa.selenium.support.ui.ExpectedConditions.elementIfVisible(ExpectedConditions.java:304)
at org.openqa.selenium.support.ui.ExpectedConditions$10.apply(ExpectedConditions.java:290)
at org.openqa.selenium.support.ui.ExpectedConditions$10.apply(ExpectedConditions.java:287)
at org.openqa.selenium.support.ui.FluentWait.until(FluentWait.java:203)
... 29 more
... Removed 28 stack frames]]>
    </failure>
  </testcase> <!-- verifyQRCodeDisplayed -->
  <testcase classname="com.qa.gyruslearner.testcases.MyProfilePageTestCase" name="verifyEditProfilePanelExpandCollapse" time="0.295"/>
  <testcase classname="com.qa.gyruslearner.testcases.MyProfilePageTestCase" name="verifySecurityPanelExpandCollapse" time="0.269"/>
  <testcase classname="com.qa.gyruslearner.testcases.MyProfilePageTestCase" name="verifyCFR21SecurityPanelExpandCollapse" time="0.247"/>
  <testcase classname="com.qa.gyruslearner.testcases.MyProfilePageTestCase" name="verifyTimeZoneSettingsPanelExpandCollapse" time="0.265"/>
  <testcase classname="com.qa.gyruslearner.testcases.MyProfilePageTestCase" name="verifyThemePanelExpandCollapse" time="0.217"/>
  <testcase classname="com.qa.gyruslearner.testcases.MyProfilePageTestCase" name="verifyLanguageDropdown" time="0.036"/>
  <testcase classname="com.qa.gyruslearner.testcases.MyProfilePageTestCase" name="verifyDateFormaDropdown" time="0.04"/>
  <testcase classname="com.qa.gyruslearner.testcases.MyProfilePageTestCase" name="verifyTimeZoneSettingsDisplayTest" time="0.21"/>
  <testcase classname="com.qa.gyruslearner.testcases.MyProfilePageTestCase" name="verifyTimeZoneSettingsTest" time="3.779"/>
  <testcase classname="com.qa.gyruslearner.testcases.MyProfilePageTestCase" name="verifyThemeTest" time="1.139">
    <failure type="java.lang.AssertionError" message="Theme section did not expand expected [true] but found [false]">
      <![CDATA[java.lang.AssertionError: Theme section did not expand expected [true] but found [false]
at com.qa.gyruslearner.testcases.MyProfilePageTestCase.verifyThemeTest(MyProfilePageTestCase.java:301)
at java.base/java.util.ArrayList.forEach(ArrayList.java:1596)
... Removed 28 stack frames]]>
    </failure>
  </testcase> <!-- verifyThemeTest -->
  <testcase classname="com.qa.gyruslearner.testcases.MyProfilePageTestCase" name="verifyBackToDashboardLink" time="3.362"/>
  <testcase classname="com.qa.gyruslearner.testcases.MyProfilePageTestCase" name="VerifyUploadhphotoTest" time="7.775"/>
  <testcase classname="com.qa.gyruslearner.testcases.IDPPageTestCase" name="verifyMyLearnerLinkTest" time="18.041"/>
  <testcase classname="com.qa.gyruslearner.testcases.IDPPageTestCase" name="verifyidpUrlTest" time="1.513"/>
  <testcase classname="com.qa.gyruslearner.testcases.IDPPageTestCase" name="verifyIDPPageTitileTest" time="1.048"/>
  <testcase classname="com.qa.gyruslearner.testcases.IDPPageTestCase" name="verifyIDPHeaderPageTitleTest" time="0.076"/>
  <testcase classname="com.qa.gyruslearner.testcases.IDPPageTestCase" name="verifyAllCardLoadedAndCountTest" time="105.703"/>
  <testcase classname="com.qa.gyruslearner.testcases.IDPPageTestCase" name="verifyAllCardsStatusAndpercentageTest" time="37.157">
    <failure type="java.lang.AssertionError" message="The following asserts failed:
	❌ Not Started but 100% : Test03Assessment,
	❌ Not Started but 100% : Test04Assessment,
	❌ Not Started but 100% : Test05Assessment">
      <![CDATA[java.lang.AssertionError: The following asserts failed:
❌ Not Started but 100% : Test03Assessment,
❌ Not Started but 100% : Test04Assessment,
❌ Not Started but 100% : Test05Assessment
at com.qa.gyruslearner.testcases.IDPPageTestCase.verifyAllCardsStatusAndpercentageTest(IDPPageTestCase.java:186)
at java.base/java.util.ArrayList.forEach(ArrayList.java:1596)
... Removed 27 stack frames]]>
    </failure>
  </testcase> <!-- verifyAllCardsStatusAndpercentageTest -->
  <testcase classname="com.qa.gyruslearner.testcases.IDPPageTestCase" name="verifyAllElearningQuickFilterTest" time="39.62"/>
  <testcase classname="com.qa.gyruslearner.testcases.IDPPageTestCase" name="verifyAssessmentsQuickFilterTest" time="25.763">
    <failure type="java.lang.AssertionError" message="The following asserts failed:
	❌ Not Started but 100% : Test03Assessment,
	❌ Not Started but 100% : Test04Assessment,
	❌ Not Started but 100% : Test05Assessment,
	❌ Not Started but 100% : Test03Assessment,
	❌ Not Started but 100% : Test04Assessment,
	❌ Not Started but 100% : Test05Assessment">
      <![CDATA[java.lang.AssertionError: The following asserts failed:
❌ Not Started but 100% : Test03Assessment,
❌ Not Started but 100% : Test04Assessment,
❌ Not Started but 100% : Test05Assessment,
❌ Not Started but 100% : Test03Assessment,
❌ Not Started but 100% : Test04Assessment,
❌ Not Started but 100% : Test05Assessment
at com.qa.gyruslearner.testcases.IDPPageTestCase.verifyAssessmentsQuickFilterTest(IDPPageTestCase.java:247)
at java.base/java.util.ArrayList.forEach(ArrayList.java:1596)
... Removed 27 stack frames]]>
    </failure>
  </testcase> <!-- verifyAssessmentsQuickFilterTest -->
  <testcase classname="com.qa.gyruslearner.testcases.IDPPageTestCase" name="verifyCertificationQuickFilterTest" time="14.626"/>
  <testcase classname="com.qa.gyruslearner.testcases.IDPPageTestCase" name="verifyDocumentQuickFilterTest" time="19.072"/>
  <testcase classname="com.qa.gyruslearner.testcases.IDPPageTestCase" name="verifyQuickFilterDailgoBoxTest" time="11.194"/>
  <testcase classname="com.qa.gyruslearner.testcases.IDPPageTestCase" name="verifyElearnigQuickFilterTest" time="44.959"/>
  <testcase classname="com.qa.gyruslearner.testcases.IDPPageTestCase" name="verifyExternalLinkQuickFilterTest" time="21.76"/>
  <testcase classname="com.qa.gyruslearner.testcases.IDPPageTestCase" name="verifyILTQuickFilterTest" time="36.419"/>
  <testcase classname="com.qa.gyruslearner.testcases.IDPPageTestCase" name="verifyLearningPathQuickFilterTest" time="20.494"/>
  <testcase classname="com.qa.gyruslearner.testcases.IDPPageTestCase" name="verifyMsTeamQuickFilterTest" time="15.608"/>
  <testcase classname="com.qa.gyruslearner.testcases.IDPPageTestCase" name="verifyStatusCompleteQuickFilterTest" time="28.393">
    <failure type="java.lang.AssertionError" message="The following asserts failed:
	❌ Unexpected status: Certified | Training: 0605_Certi,
	❌ Unexpected status: Recertified | Training: Test02 Non-Sequential,
	❌ Unexpected status: Recertified | Training: Test03 Sequential,
	❌ Unexpected status: Recertified | Training: Test04 Learner To Choose Trainings,
	❌ Unexpected status: Recertified | Training: Test05 Sequential">
      <![CDATA[java.lang.AssertionError: The following asserts failed:
❌ Unexpected status: Certified | Training: 0605_Certi,
❌ Unexpected status: Recertified | Training: Test02 Non-Sequential,
❌ Unexpected status: Recertified | Training: Test03 Sequential,
❌ Unexpected status: Recertified | Training: Test04 Learner To Choose Trainings,
❌ Unexpected status: Recertified | Training: Test05 Sequential
at com.qa.gyruslearner.testcases.IDPPageTestCase.verifyStatusCompleteQuickFilterTest(IDPPageTestCase.java:518)
at java.base/java.util.ArrayList.forEach(ArrayList.java:1596)
... Removed 27 stack frames]]>
    </failure>
  </testcase> <!-- verifyStatusCompleteQuickFilterTest -->
  <testcase classname="com.qa.gyruslearner.testcases.IDPPageTestCase" name="verifyRatingQuickFilterTest" time="21.81"/>
  <testcase classname="com.qa.gyruslearner.testcases.IDPPageTestCase" name="verifyDueDateInQuickFilterTest" time="46.984">
    <failure type="java.lang.AssertionError" message="The following asserts failed:
	❌ Due Date Label missing: 0509 lpath">
      <![CDATA[java.lang.AssertionError: The following asserts failed:
❌ Due Date Label missing: 0509 lpath
at com.qa.gyruslearner.testcases.IDPPageTestCase.verifyDueDateInQuickFilterTest(IDPPageTestCase.java:591)
at java.base/java.util.ArrayList.forEach(ArrayList.java:1596)
... Removed 27 stack frames]]>
    </failure>
  </testcase> <!-- verifyDueDateInQuickFilterTest -->
  <testcase classname="com.qa.gyruslearner.testcases.IDPPageTestCase" name="verifyTrainingGroupInQuickFilterTest" time="37.997"/>
  <testcase classname="com.qa.gyruslearner.testcases.IDPPageTestCase" name="verifyCategoryInQuickFilterTest" time="29.258"/>
  <testcase classname="com.qa.gyruslearner.testcases.IDPPageTestCase" name="verifyFreeInQuickFilterTest" time="261.205">
    <failure type="java.lang.AssertionError" message="The following asserts failed:
	❌ Not Started but 100% : Test03Assessment,
	❌ Not Started but 100% : Test04Assessment,
	❌ Not Started but 100% : Test05Assessment">
      <![CDATA[java.lang.AssertionError: The following asserts failed:
❌ Not Started but 100% : Test03Assessment,
❌ Not Started but 100% : Test04Assessment,
❌ Not Started but 100% : Test05Assessment
at com.qa.gyruslearner.testcases.IDPPageTestCase.verifyFreeInQuickFilterTest(IDPPageTestCase.java:697)
at java.base/java.util.ArrayList.forEach(ArrayList.java:1596)
... Removed 27 stack frames]]>
    </failure>
  </testcase> <!-- verifyFreeInQuickFilterTest -->
  <testcase classname="com.qa.gyruslearner.testcases.IDPPageTestCase" name="VerifyIdealCoachTextTest" time="17.698">
    <failure type="org.openqa.selenium.TimeoutException" message="Expected condition failed: waiting for visibility of [[ChromeDriver: chrome on windows (7509ae41c901ca35c0c41fb36125852a)] -&amp;gt; xpath: //i[contains(@class,&amp;apos;k-i-l-idea-gi text-primary&amp;apos;)]] (tried for 15 second(s) with 500 milliseconds interval)
Build info: version: &amp;apos;4.27.0&amp;apos;, revision: &amp;apos;d6e718d134&amp;apos;
System info: os.name: &amp;apos;Windows 11&amp;apos;, os.arch: &amp;apos;amd64&amp;apos;, os.version: &amp;apos;10.0&amp;apos;, java.version: &amp;apos;21.0.8&amp;apos;
Driver info: org.openqa.selenium.chrome.ChromeDriver
Capabilities {acceptInsecureCerts: false, browserName: chrome, browserVersion: 147.0.7727.56, chrome: {chromedriverVersion: 147.0.7727.57 (b4f28b5637d0..., userDataDir: C:\Users\DINESH~1\AppData\L...}, fedcm:accounts: true, goog:chromeOptions: {debuggerAddress: localhost:59000}, goog:processID: 16616, networkConnectionEnabled: false, pageLoadStrategy: normal, platformName: windows, proxy: Proxy(), se:cdp: ws://localhost:59000/devtoo..., se:cdpVersion: 147.0.7727.56, setWindowRect: true, strictFileInteractability: false, timeouts: {implicit: 0, pageLoad: 300000, script: 30000}, unhandledPromptBehavior: dismiss and notify, webauthn:extension:credBlob: true, webauthn:extension:largeBlob: true, webauthn:extension:minPinLength: true, webauthn:extension:prf: true, webauthn:virtualAuthenticators: true}
Session ID: 7509ae41c901ca35c0c41fb36125852a">
      <![CDATA[org.openqa.selenium.TimeoutException: Expected condition failed: waiting for visibility of [[ChromeDriver: chrome on windows (7509ae41c901ca35c0c41fb36125852a)] -> xpath: //i[contains(@class,'k-i-l-idea-gi text-primary')]] (tried for 15 second(s) with 500 milliseconds interval)
Build info: version: '4.27.0', revision: 'd6e718d134'
System info: os.name: 'Windows 11', os.arch: 'amd64', os.version: '10.0', java.version: '21.0.8'
Driver info: org.openqa.selenium.chrome.ChromeDriver
Capabilities {acceptInsecureCerts: false, browserName: chrome, browserVersion: 147.0.7727.56, chrome: {chromedriverVersion: 147.0.7727.57 (b4f28b5637d0..., userDataDir: C:\Users\DINESH~1\AppData\L...}, fedcm:accounts: true, goog:chromeOptions: {debuggerAddress: localhost:59000}, goog:processID: 16616, networkConnectionEnabled: false, pageLoadStrategy: normal, platformName: windows, proxy: Proxy(), se:cdp: ws://localhost:59000/devtoo..., se:cdpVersion: 147.0.7727.56, setWindowRect: true, strictFileInteractability: false, timeouts: {implicit: 0, pageLoad: 300000, script: 30000}, unhandledPromptBehavior: dismiss and notify, webauthn:extension:credBlob: true, webauthn:extension:largeBlob: true, webauthn:extension:minPinLength: true, webauthn:extension:prf: true, webauthn:virtualAuthenticators: true}
Session ID: 7509ae41c901ca35c0c41fb36125852a
at org.openqa.selenium.support.ui.WebDriverWait.timeoutException(WebDriverWait.java:84)
at org.openqa.selenium.support.ui.FluentWait.until(FluentWait.java:228)
at com.qa.gyruslearner.util.ElementUtil.visibleElementWhenReady(ElementUtil.java:160)
at com.qa.gyruslearner.pages.IDPPage.isIdeaCouchIconDisplay(IDPPage.java:271)
at com.qa.gyruslearner.testcases.IDPPageTestCase.VerifyIdealCoachTextTest(IDPPageTestCase.java:710)
at java.base/java.util.ArrayList.forEach(ArrayList.java:1596)
... Removed 25 stack frames]]>
    </failure>
  </testcase> <!-- VerifyIdealCoachTextTest -->
  <testcase classname="com.qa.gyruslearner.testcases.IDPPageTestCase" name="verifySearchFunctionality" time="113.699"/>
  <testcase classname="com.qa.gyruslearner.testcases.DashboardPageTestCase" name="verifyHeaderIconsFunctionality" time="0.0">
    <ignored/>
  </testcase> <!-- verifyHeaderIconsFunctionality -->
  <testcase classname="com.qa.gyruslearner.testcases.DashboardPageTestCase" name="verifyCartPopUpTest" time="0.0">
    <ignored/>
  </testcase> <!-- verifyCartPopUpTest -->
  <testcase classname="com.qa.gyruslearner.testcases.MyProfilePageTestCase" name="verifyResetPasswordTest" time="0.0">
    <ignored/>
  </testcase> <!-- verifyResetPasswordTest -->
  <testcase classname="com.qa.gyruslearner.testcases.DashboardPageTestCase" name="verifyLearningStatusCardTest" time="0.0">
    <ignored/>
  </testcase> <!-- verifyLearningStatusCardTest -->
  <testcase classname="com.qa.gyruslearner.testcases.DashboardPageTestCase" name="verifyQuickLinksPopupTest" time="0.0">
    <ignored/>
  </testcase> <!-- verifyQuickLinksPopupTest -->
  <testcase classname="com.qa.gyruslearner.testcases.DashboardPageTestCase" name="verifyNotificationPopUpTest" time="0.0">
    <ignored/>
  </testcase> <!-- verifyNotificationPopUpTest -->
  <testcase classname="com.qa.gyruslearner.testcases.IDPPageTestCase" name="verifyBackToDashBoardTest" time="0.0">
    <ignored/>
  </testcase> <!-- verifyBackToDashBoardTest -->
  <testcase classname="com.qa.gyruslearner.testcases.MyProfilePageTestCase" name="verifyCFR21SecurityTest" time="0.0">
    <ignored/>
  </testcase> <!-- verifyCFR21SecurityTest -->
</testsuite> <!-- Automation Smoke Testing -->
