<?xml version="1.0" encoding="UTF-8"?>
<!-- Generated by org.testng.reporters.JUnitXMLReporter -->
<testsuite ignored="17" hostname="GYRUS-231" failures="2" tests="8" name="Default test" time="288.29" errors="0" timestamp="2026-04-21T14:38:52 IST">
  <testcase classname="com.qa.gyruslearner.testcases.IDPPageTestCase" name="verifyMyLearnerLinkTest" time="2.933"/>
  <testcase classname="com.qa.gyruslearner.testcases.IDPPageTestCase" name="verifyidpUrlTest" time="3.051"/>
  <testcase classname="com.qa.gyruslearner.testcases.IDPPageTestCase" name="verifyIDPPageTitileTest" time="1.074"/>
  <testcase classname="com.qa.gyruslearner.testcases.IDPPageTestCase" name="verifyIDPHeaderPageTitleTest" time="0.16"/>
  <testcase classname="com.qa.gyruslearner.testcases.IDPPageTestCase" name="verifyAllCardLoadedAndCountTest" time="101.192"/>
  <testcase classname="com.qa.gyruslearner.testcases.IDPPageTestCase" name="verifyAllCardsStatusAndpercentageTest" time="38.394">
    <failure type="java.lang.AssertionError" message="The following asserts failed:
	❌ Not Started but 100% : Test03Assessment,
	❌ Not Started but 100% : Test04Assessment,
	❌ Not Started but 100% : Test05Assessment">
      <![CDATA[java.lang.AssertionError: The following asserts failed:
❌ Not Started but 100% : Test03Assessment,
❌ Not Started but 100% : Test04Assessment,
❌ Not Started but 100% : Test05Assessment
at org.testng.asserts.SoftAssert.assertAll(SoftAssert.java:46)
at org.testng.asserts.SoftAssert.assertAll(SoftAssert.java:30)
at com.qa.gyruslearner.testcases.IDPPageTestCase.verifyAllCardsStatusAndpercentageTest(IDPPageTestCase.java:167)
at java.base/jdk.internal.reflect.DirectMethodHandleAccessor.invoke(DirectMethodHandleAccessor.java:103)
at java.base/java.lang.reflect.Method.invoke(Method.java:580)
at org.testng.internal.invokers.MethodInvocationHelper.invokeMethod(MethodInvocationHelper.java:139)
at org.testng.internal.invokers.TestInvoker.invokeMethod(TestInvoker.java:664)
at org.testng.internal.invokers.TestInvoker.invokeTestMethod(TestInvoker.java:228)
at org.testng.internal.invokers.MethodRunner.runInSequence(MethodRunner.java:63)
at org.testng.internal.invokers.TestInvoker$MethodInvocationAgent.invoke(TestInvoker.java:961)
at org.testng.internal.invokers.TestInvoker.invokeTestMethods(TestInvoker.java:201)
at org.testng.internal.invokers.TestMethodWorker.invokeTestMethods(TestMethodWorker.java:148)
at org.testng.internal.invokers.TestMethodWorker.run(TestMethodWorker.java:128)
at java.base/java.util.ArrayList.forEach(ArrayList.java:1596)
at org.testng.TestRunner.privateRun(TestRunner.java:819)
at org.testng.TestRunner.run(TestRunner.java:619)
at org.testng.SuiteRunner.runTest(SuiteRunner.java:443)
at org.testng.SuiteRunner.runSequentially(SuiteRunner.java:437)
at org.testng.SuiteRunner.privateRun(SuiteRunner.java:397)
at org.testng.SuiteRunner.run(SuiteRunner.java:336)
at org.testng.SuiteRunnerWorker.runSuite(SuiteRunnerWorker.java:52)
at org.testng.SuiteRunnerWorker.run(SuiteRunnerWorker.java:95)
at org.testng.TestNG.runSuitesSequentially(TestNG.java:1301)
at org.testng.TestNG.runSuitesLocally(TestNG.java:1228)
at org.testng.TestNG.runSuites(TestNG.java:1134)
at org.testng.TestNG.run(TestNG.java:1101)
at org.testng.remote.AbstractRemoteTestNG.run(AbstractRemoteTestNG.java:115)
at org.testng.remote.RemoteTestNG.initAndRun(RemoteTestNG.java:293)
at org.testng.remote.RemoteTestNG.main(RemoteTestNG.java:91)
]]>
    </failure>
  </testcase> <!-- verifyAllCardsStatusAndpercentageTest -->
  <testcase classname="com.qa.gyruslearner.testcases.IDPPageTestCase" name="VerifyIdealCoachTextTest" time="22.792">
    <failure type="org.openqa.selenium.TimeoutException" message="Expected condition failed: waiting for visibility of [[ChromeDriver: chrome on windows (9a6e09655cac1bcc41ec83031054380a)] -&amp;gt; xpath: //div[contains(@class,&amp;apos;idea-hint-popup-box&amp;apos;)]//p] (tried for 20 second(s) with 500 milliseconds interval)
Build info: version: &amp;apos;4.27.0&amp;apos;, revision: &amp;apos;d6e718d134&amp;apos;
System info: os.name: &amp;apos;Windows 11&amp;apos;, os.arch: &amp;apos;amd64&amp;apos;, os.version: &amp;apos;10.0&amp;apos;, java.version: &amp;apos;21.0.8&amp;apos;
Driver info: org.openqa.selenium.chrome.ChromeDriver
Capabilities {acceptInsecureCerts: false, browserName: chrome, browserVersion: 147.0.7727.56, chrome: {chromedriverVersion: 147.0.7727.57 (b4f28b5637d0..., userDataDir: C:\Users\DINESH~1\AppData\L...}, fedcm:accounts: true, goog:chromeOptions: {debuggerAddress: localhost:49844}, goog:processID: 18152, networkConnectionEnabled: false, pageLoadStrategy: normal, platformName: windows, proxy: Proxy(), se:cdp: ws://localhost:49844/devtoo..., se:cdpVersion: 147.0.7727.56, setWindowRect: true, strictFileInteractability: false, timeouts: {implicit: 0, pageLoad: 300000, script: 30000}, unhandledPromptBehavior: dismiss and notify, webauthn:extension:credBlob: true, webauthn:extension:largeBlob: true, webauthn:extension:minPinLength: true, webauthn:extension:prf: true, webauthn:virtualAuthenticators: true}
Session ID: 9a6e09655cac1bcc41ec83031054380a">
      <![CDATA[org.openqa.selenium.TimeoutException: Expected condition failed: waiting for visibility of [[ChromeDriver: chrome on windows (9a6e09655cac1bcc41ec83031054380a)] -> xpath: //div[contains(@class,'idea-hint-popup-box')]//p] (tried for 20 second(s) with 500 milliseconds interval)
Build info: version: '4.27.0', revision: 'd6e718d134'
System info: os.name: 'Windows 11', os.arch: 'amd64', os.version: '10.0', java.version: '21.0.8'
Driver info: org.openqa.selenium.chrome.ChromeDriver
Capabilities {acceptInsecureCerts: false, browserName: chrome, browserVersion: 147.0.7727.56, chrome: {chromedriverVersion: 147.0.7727.57 (b4f28b5637d0..., userDataDir: C:\Users\DINESH~1\AppData\L...}, fedcm:accounts: true, goog:chromeOptions: {debuggerAddress: localhost:49844}, goog:processID: 18152, networkConnectionEnabled: false, pageLoadStrategy: normal, platformName: windows, proxy: Proxy(), se:cdp: ws://localhost:49844/devtoo..., se:cdpVersion: 147.0.7727.56, setWindowRect: true, strictFileInteractability: false, timeouts: {implicit: 0, pageLoad: 300000, script: 30000}, unhandledPromptBehavior: dismiss and notify, webauthn:extension:credBlob: true, webauthn:extension:largeBlob: true, webauthn:extension:minPinLength: true, webauthn:extension:prf: true, webauthn:virtualAuthenticators: true}
Session ID: 9a6e09655cac1bcc41ec83031054380a
at org.openqa.selenium.support.ui.WebDriverWait.timeoutException(WebDriverWait.java:84)
at org.openqa.selenium.support.ui.FluentWait.until(FluentWait.java:228)
at com.qa.gyruslearner.util.ElementUtil.visibleElementWhenReady(ElementUtil.java:160)
at com.qa.gyruslearner.pages.IDPPage.getIdeaCoachText(IDPPage.java:297)
at com.qa.gyruslearner.testcases.IDPPageTestCase.VerifyIdealCoachTextTest(IDPPageTestCase.java:678)
at java.base/jdk.internal.reflect.DirectMethodHandleAccessor.invoke(DirectMethodHandleAccessor.java:103)
at java.base/java.lang.reflect.Method.invoke(Method.java:580)
at org.testng.internal.invokers.MethodInvocationHelper.invokeMethod(MethodInvocationHelper.java:139)
at org.testng.internal.invokers.TestInvoker.invokeMethod(TestInvoker.java:664)
at org.testng.internal.invokers.TestInvoker.invokeTestMethod(TestInvoker.java:228)
at org.testng.internal.invokers.MethodRunner.runInSequence(MethodRunner.java:63)
at org.testng.internal.invokers.TestInvoker$MethodInvocationAgent.invoke(TestInvoker.java:961)
at org.testng.internal.invokers.TestInvoker.invokeTestMethods(TestInvoker.java:201)
at org.testng.internal.invokers.TestMethodWorker.invokeTestMethods(TestMethodWorker.java:148)
at org.testng.internal.invokers.TestMethodWorker.run(TestMethodWorker.java:128)
at java.base/java.util.ArrayList.forEach(ArrayList.java:1596)
at org.testng.TestRunner.privateRun(TestRunner.java:819)
at org.testng.TestRunner.run(TestRunner.java:619)
at org.testng.SuiteRunner.runTest(SuiteRunner.java:443)
at org.testng.SuiteRunner.runSequentially(SuiteRunner.java:437)
at org.testng.SuiteRunner.privateRun(SuiteRunner.java:397)
at org.testng.SuiteRunner.run(SuiteRunner.java:336)
at org.testng.SuiteRunnerWorker.runSuite(SuiteRunnerWorker.java:52)
at org.testng.SuiteRunnerWorker.run(SuiteRunnerWorker.java:95)
at org.testng.TestNG.runSuitesSequentially(TestNG.java:1301)
at org.testng.TestNG.runSuitesLocally(TestNG.java:1228)
at org.testng.TestNG.runSuites(TestNG.java:1134)
at org.testng.TestNG.run(TestNG.java:1101)
at org.testng.remote.AbstractRemoteTestNG.run(AbstractRemoteTestNG.java:115)
at org.testng.remote.RemoteTestNG.initAndRun(RemoteTestNG.java:293)
at org.testng.remote.RemoteTestNG.main(RemoteTestNG.java:91)
]]>
    </failure>
  </testcase> <!-- VerifyIdealCoachTextTest -->
  <testcase classname="com.qa.gyruslearner.testcases.IDPPageTestCase" name="verifySearchFunctionality" time="87.861"/>
  <testcase classname="com.qa.gyruslearner.testcases.IDPPageTestCase" name="verifyBackToDashBoardTest" time="0.0">
    <ignored/>
  </testcase> <!-- verifyBackToDashBoardTest -->
  <testcase classname="com.qa.gyruslearner.testcases.IDPPageTestCase" name="verifyStatusCompleteQuickFilterTest" time="0.0">
    <ignored/>
  </testcase> <!-- verifyStatusCompleteQuickFilterTest -->
  <testcase classname="com.qa.gyruslearner.testcases.IDPPageTestCase" name="verifyAssessmentsQuickFilterTest" time="0.0">
    <ignored/>
  </testcase> <!-- verifyAssessmentsQuickFilterTest -->
  <testcase classname="com.qa.gyruslearner.testcases.IDPPageTestCase" name="verifyQuickFilterDailgoBoxTest" time="0.0">
    <ignored/>
  </testcase> <!-- verifyQuickFilterDailgoBoxTest -->
  <testcase classname="com.qa.gyruslearner.testcases.IDPPageTestCase" name="verifyLearningPathQuickFilterTest" time="0.0">
    <ignored/>
  </testcase> <!-- verifyLearningPathQuickFilterTest -->
  <testcase classname="com.qa.gyruslearner.testcases.IDPPageTestCase" name="verifyExternalLinkQuickFilterTest" time="0.0">
    <ignored/>
  </testcase> <!-- verifyExternalLinkQuickFilterTest -->
  <testcase classname="com.qa.gyruslearner.testcases.IDPPageTestCase" name="verifyTrainingGroupInQuickFilterTest" time="0.0">
    <ignored/>
  </testcase> <!-- verifyTrainingGroupInQuickFilterTest -->
  <testcase classname="com.qa.gyruslearner.testcases.IDPPageTestCase" name="verifyElearnigQuickFilterTest" time="0.0">
    <ignored/>
  </testcase> <!-- verifyElearnigQuickFilterTest -->
  <testcase classname="com.qa.gyruslearner.testcases.IDPPageTestCase" name="verifyAllElearningQuickFilterTest" time="0.0">
    <ignored/>
  </testcase> <!-- verifyAllElearningQuickFilterTest -->
  <testcase classname="com.qa.gyruslearner.testcases.IDPPageTestCase" name="verifyRatingQuickFilterTest" time="0.0">
    <ignored/>
  </testcase> <!-- verifyRatingQuickFilterTest -->
  <testcase classname="com.qa.gyruslearner.testcases.IDPPageTestCase" name="verifyILTQuickFilterTest" time="0.0">
    <ignored/>
  </testcase> <!-- verifyILTQuickFilterTest -->
  <testcase classname="com.qa.gyruslearner.testcases.IDPPageTestCase" name="verifyDueDateInQuickFilterTest" time="0.0">
    <ignored/>
  </testcase> <!-- verifyDueDateInQuickFilterTest -->
  <testcase classname="com.qa.gyruslearner.testcases.IDPPageTestCase" name="verifyFreeInQuickFilterTest" time="0.0">
    <ignored/>
  </testcase> <!-- verifyFreeInQuickFilterTest -->
  <testcase classname="com.qa.gyruslearner.testcases.IDPPageTestCase" name="verifyMsTeamQuickFilterTest" time="0.0">
    <ignored/>
  </testcase> <!-- verifyMsTeamQuickFilterTest -->
  <testcase classname="com.qa.gyruslearner.testcases.IDPPageTestCase" name="verifyCertificationQuickFilterTest" time="0.0">
    <ignored/>
  </testcase> <!-- verifyCertificationQuickFilterTest -->
  <testcase classname="com.qa.gyruslearner.testcases.IDPPageTestCase" name="verifyCategoryInQuickFilterTest" time="0.0">
    <ignored/>
  </testcase> <!-- verifyCategoryInQuickFilterTest -->
  <testcase classname="com.qa.gyruslearner.testcases.IDPPageTestCase" name="verifyDocumentQuickFilterTest" time="0.0">
    <ignored/>
  </testcase> <!-- verifyDocumentQuickFilterTest -->
</testsuite> <!-- Default test -->
