<?xml version="1.0" encoding="UTF-8"?>
<!-- Generated by org.testng.reporters.JUnitXMLReporter -->
<testsuite ignored="0" hostname="GYRUS-231" failures="0" tests="5" name="Default test" time="31.132" errors="0" timestamp="2025-09-11T12:25:42 IST">
  <testcase classname="com.qa.gyruslearner.testcases.DashboardPageTestCase" name="dashBoardUrlTest" time="11.937"/>
  <testcase classname="com.qa.gyruslearner.testcases.DashboardPageTestCase" name="dashBoardPageTitleTest" time="3.835"/>
  <testcase classname="com.qa.gyruslearner.testcases.DashboardPageTestCase" name="VerifyCompanyLogoInDashBoardTest" time="0.04"/>
  <testcase classname="com.qa.gyruslearner.testcases.DashboardPageTestCase" name="verifyWelcomeHeadertextTest" time="8.299"/>
  <testcase classname="com.qa.gyruslearner.testcases.DashboardPageTestCase" name="verifyHeaderIconsFunctionality" time="0.204"/>
</testsuite> <!-- Default test -->
