<?xml version="1.0" encoding="UTF-8"?>
<!-- Generated by org.testng.reporters.JUnitXMLReporter -->
<testsuite ignored="17" hostname="GYRUS-231" failures="1" tests="6" name="Default test" time="64.915" errors="0" timestamp="2026-04-08T17:48:41 IST">
  <testcase classname="com.qa.gyruslearner.testcases.IDPPageTestCase" name="verifyMyLearnerLinkTest" time="3.097"/>
  <testcase classname="com.qa.gyruslearner.testcases.IDPPageTestCase" name="verifyidpUrlTest" time="4.705"/>
  <testcase classname="com.qa.gyruslearner.testcases.IDPPageTestCase" name="verifyIDPPageTitileTest" time="5.506">
    <failure type="java.lang.AssertionError" message="expected [IDP] but found [Dashboard]">
      <![CDATA[java.lang.AssertionError: expected [IDP] but found [Dashboard]
at org.testng.Assert.fail(Assert.java:111)
at org.testng.Assert.failNotEquals(Assert.java:1578)
at org.testng.Assert.assertEqualsImpl(Assert.java:150)
at org.testng.Assert.assertEquals(Assert.java:132)
at org.testng.Assert.assertEquals(Assert.java:656)
at org.testng.Assert.assertEquals(Assert.java:666)
at com.qa.gyruslearner.testcases.IDPPageTestCase.verifyIDPPageTitileTest(IDPPageTestCase.java:123)
at java.base/jdk.internal.reflect.DirectMethodHandleAccessor.invoke(DirectMethodHandleAccessor.java:103)
at java.base/java.lang.reflect.Method.invoke(Method.java:580)
at org.testng.internal.invokers.MethodInvocationHelper.invokeMethod(MethodInvocationHelper.java:139)
at org.testng.internal.invokers.TestInvoker.invokeMethod(TestInvoker.java:664)
at org.testng.internal.invokers.TestInvoker.invokeTestMethod(TestInvoker.java:228)
at org.testng.internal.invokers.MethodRunner.runInSequence(MethodRunner.java:63)
at org.testng.internal.invokers.TestInvoker$MethodInvocationAgent.invoke(TestInvoker.java:961)
at org.testng.internal.invokers.TestInvoker.invokeTestMethods(TestInvoker.java:201)
at org.testng.internal.invokers.TestMethodWorker.invokeTestMethods(TestMethodWorker.java:148)
at org.testng.internal.invokers.TestMethodWorker.run(TestMethodWorker.java:128)
at java.base/java.util.ArrayList.forEach(ArrayList.java:1596)
at org.testng.TestRunner.privateRun(TestRunner.java:819)
at org.testng.TestRunner.run(TestRunner.java:619)
at org.testng.SuiteRunner.runTest(SuiteRunner.java:443)
at org.testng.SuiteRunner.runSequentially(SuiteRunner.java:437)
at org.testng.SuiteRunner.privateRun(SuiteRunner.java:397)
at org.testng.SuiteRunner.run(SuiteRunner.java:336)
at org.testng.SuiteRunnerWorker.runSuite(SuiteRunnerWorker.java:52)
at org.testng.SuiteRunnerWorker.run(SuiteRunnerWorker.java:95)
at org.testng.TestNG.runSuitesSequentially(TestNG.java:1301)
at org.testng.TestNG.runSuitesLocally(TestNG.java:1228)
at org.testng.TestNG.runSuites(TestNG.java:1134)
at org.testng.TestNG.run(TestNG.java:1101)
at org.testng.remote.AbstractRemoteTestNG.run(AbstractRemoteTestNG.java:115)
at org.testng.remote.RemoteTestNG.initAndRun(RemoteTestNG.java:293)
at org.testng.remote.RemoteTestNG.main(RemoteTestNG.java:91)
]]>
    </failure>
  </testcase> <!-- verifyIDPPageTitileTest -->
  <testcase classname="com.qa.gyruslearner.testcases.IDPPageTestCase" name="verifyIDPHeaderPageTitleTest" time="0.095"/>
  <testcase classname="com.qa.gyruslearner.testcases.IDPPageTestCase" name="verifyQuickFilterDailgoBoxTest" time="11.25"/>
  <testcase classname="com.qa.gyruslearner.testcases.IDPPageTestCase" name="verifyCategoryInQuickFilterTest" time="15.745"/>
  <testcase classname="com.qa.gyruslearner.testcases.IDPPageTestCase" name="verifyDueDateInQuickFilterTest" time="0.0">
    <ignored/>
  </testcase> <!-- verifyDueDateInQuickFilterTest -->
  <testcase classname="com.qa.gyruslearner.testcases.IDPPageTestCase" name="verifyTrainingGroupInQuickFilterTest" time="0.0">
    <ignored/>
  </testcase> <!-- verifyTrainingGroupInQuickFilterTest -->
  <testcase classname="com.qa.gyruslearner.testcases.IDPPageTestCase" name="verifyDocumentQuickFilterTest" time="0.0">
    <ignored/>
  </testcase> <!-- verifyDocumentQuickFilterTest -->
  <testcase classname="com.qa.gyruslearner.testcases.IDPPageTestCase" name="verifyFreeInQuickFilterTest" time="0.0">
    <ignored/>
  </testcase> <!-- verifyFreeInQuickFilterTest -->
  <testcase classname="com.qa.gyruslearner.testcases.IDPPageTestCase" name="verifyStatusCompleteQuickFilterTest" time="0.0">
    <ignored/>
  </testcase> <!-- verifyStatusCompleteQuickFilterTest -->
  <testcase classname="com.qa.gyruslearner.testcases.IDPPageTestCase" name="verifyAssessmentsQuickFilterTest" time="0.0">
    <ignored/>
  </testcase> <!-- verifyAssessmentsQuickFilterTest -->
  <testcase classname="com.qa.gyruslearner.testcases.IDPPageTestCase" name="verifyCertificationQuickFilterTest" time="0.0">
    <ignored/>
  </testcase> <!-- verifyCertificationQuickFilterTest -->
  <testcase classname="com.qa.gyruslearner.testcases.IDPPageTestCase" name="verifyMsTeamQuickFilterTest" time="0.0">
    <ignored/>
  </testcase> <!-- verifyMsTeamQuickFilterTest -->
  <testcase classname="com.qa.gyruslearner.testcases.IDPPageTestCase" name="verifyAllElearningQuickFilterTest" time="0.0">
    <ignored/>
  </testcase> <!-- verifyAllElearningQuickFilterTest -->
  <testcase classname="com.qa.gyruslearner.testcases.IDPPageTestCase" name="verifyRatingQuickFilterTest" time="0.0">
    <ignored/>
  </testcase> <!-- verifyRatingQuickFilterTest -->
  <testcase classname="com.qa.gyruslearner.testcases.IDPPageTestCase" name="verifyILTQuickFilterTest" time="0.0">
    <ignored/>
  </testcase> <!-- verifyILTQuickFilterTest -->
  <testcase classname="com.qa.gyruslearner.testcases.IDPPageTestCase" name="verifyElearnigQuickFilterTest" time="0.0">
    <ignored/>
  </testcase> <!-- verifyElearnigQuickFilterTest -->
  <testcase classname="com.qa.gyruslearner.testcases.IDPPageTestCase" name="verifyExternalLinkQuickFilterTest" time="0.0">
    <ignored/>
  </testcase> <!-- verifyExternalLinkQuickFilterTest -->
  <testcase classname="com.qa.gyruslearner.testcases.IDPPageTestCase" name="verifyBackToDashBoardTest" time="0.0">
    <ignored/>
  </testcase> <!-- verifyBackToDashBoardTest -->
  <testcase classname="com.qa.gyruslearner.testcases.IDPPageTestCase" name="verifyAllCardsStatusAndpercentageTest" time="0.0">
    <ignored/>
  </testcase> <!-- verifyAllCardsStatusAndpercentageTest -->
  <testcase classname="com.qa.gyruslearner.testcases.IDPPageTestCase" name="verifyAllCardLoadedAndCountTest" time="0.0">
    <ignored/>
  </testcase> <!-- verifyAllCardLoadedAndCountTest -->
  <testcase classname="com.qa.gyruslearner.testcases.IDPPageTestCase" name="verifyLearningPathQuickFilterTest" time="0.0">
    <ignored/>
  </testcase> <!-- verifyLearningPathQuickFilterTest -->
</testsuite> <!-- Default test -->
