<?xml version="1.0" encoding="UTF-8"?>
<!-- Generated by org.testng.reporters.JUnitXMLReporter -->
<testsuite ignored="5" hostname="GYRUS-231" failures="0" tests="19" name="Default test" time="59.651" errors="0" timestamp="2026-03-25T23:03:38 IST">
  <testcase classname="com.qa.gyruslearner.testcases.DashboardPageTestCase" name="dashBoardUrlTest" time="4.938"/>
  <testcase classname="com.qa.gyruslearner.testcases.DashboardPageTestCase" name="dashBoardPageTitleTest" time="0.019"/>
  <testcase classname="com.qa.gyruslearner.testcases.DashboardPageTestCase" name="VerifyCompanyLogoInDashBoardTest" time="2.55"/>
  <testcase classname="com.qa.gyruslearner.testcases.DashboardPageTestCase" name="verifyWelcomeHeadertextTest" time="0.947"/>
  <testcase classname="com.qa.gyruslearner.testcases.DashboardPageTestCase" name="verifyCalenderDisplayTest" time="3.415"/>
  <testcase classname="com.qa.gyruslearner.testcases.DashboardPageTestCase" name="verifyProfilePopUpTest" time="1.155"/>
  <testcase classname="com.qa.gyruslearner.testcases.DashboardPageTestCase" name="verifyQuickLinksTest" time="2.0"/>
  <testcase classname="com.qa.gyruslearner.testcases.DashboardPageTestCase" name="verifyStatisticsDisplayed" time="0.939"/>
  <testcase classname="com.qa.gyruslearner.testcases.DashboardPageTestCase" name="verifyStatisticsWithFilters" time="4.79"/>
  <testcase classname="com.qa.gyruslearner.testcases.DashboardPageTestCase" name="verifyLearningStatusInProgressDataTest" time="1.572"/>
  <testcase classname="com.qa.gyruslearner.testcases.DashboardPageTestCase" name="verifyLearningStatusNotStartedDataTest" time="3.922"/>
  <testcase classname="com.qa.gyruslearner.testcases.DashboardPageTestCase" name="verifyMySheduleDataTest" time="10.301"/>
  <testcase classname="com.qa.gyruslearner.testcases.DashboardPageTestCase" name="verifyAssignedTrainingsRecentlyAssignedDataTest" time="0.624"/>
  <testcase classname="com.qa.gyruslearner.testcases.DashboardPageTestCase" name="verifyAssignedTrainingsDueDataTest" time="10.17"/>
  <testcase classname="com.qa.gyruslearner.testcases.DashboardPageTestCase" name="verifyAssignedTrainingsOverDueDataTest" time="3.6"/>
  <testcase classname="com.qa.gyruslearner.testcases.DashboardPageTestCase" name="verifyRecentBadgesDataTest" time="0.188"/>
  <testcase classname="com.qa.gyruslearner.testcases.DashboardPageTestCase" name="verifyLeaderboardDataTest" time="0.248"/>
  <testcase classname="com.qa.gyruslearner.testcases.DashboardPageTestCase" name="verifyActivityFeedsDataTest" time="0.884"/>
  <testcase classname="com.qa.gyruslearner.testcases.DashboardPageTestCase" name="verifyCertificationsDataTest" time="0.894"/>
  <testcase classname="com.qa.gyruslearner.testcases.DashboardPageTestCase" name="verifyLearningStatusCardTest" time="0.0">
    <ignored/>
  </testcase> <!-- verifyLearningStatusCardTest -->
  <testcase classname="com.qa.gyruslearner.testcases.DashboardPageTestCase" name="verifyQuickLinksPopupTest" time="0.0">
    <ignored/>
  </testcase> <!-- verifyQuickLinksPopupTest -->
  <testcase classname="com.qa.gyruslearner.testcases.DashboardPageTestCase" name="verifyHeaderIconsFunctionality" time="0.0">
    <ignored/>
  </testcase> <!-- verifyHeaderIconsFunctionality -->
  <testcase classname="com.qa.gyruslearner.testcases.DashboardPageTestCase" name="verifyCartPopUpTest" time="0.0">
    <ignored/>
  </testcase> <!-- verifyCartPopUpTest -->
  <testcase classname="com.qa.gyruslearner.testcases.DashboardPageTestCase" name="verifyNotificationPopUpTest" time="0.0">
    <ignored/>
  </testcase> <!-- verifyNotificationPopUpTest -->
</testsuite> <!-- Default test -->
