<?xml version="1.0" encoding="UTF-8"?>
<!-- Generated by org.testng.reporters.JUnitXMLReporter -->
<testsuite ignored="0" hostname="GYRUS-231" failures="0" tests="2" name="Default test" time="9.339" errors="0" timestamp="2025-09-01T18:34:24 IST">
  <testcase classname="com.qa.gyruslearner.testcases.LoginPageTestCase" name="LoginPageTitleTest" time="0.029"/>
  <testcase classname="com.qa.gyruslearner.testcases.LoginPageTestCase" name="LoginPageUrlTest" time="3.021"/>
</testsuite> <!-- Default test -->
