<?xml version="1.0" encoding="UTF-8"?>
<!-- Generated by org.testng.reporters.JUnitXMLReporter -->
<testsuite ignored="0" hostname="GYRUS-231" failures="2" tests="11" name="Default test" time="86.583" errors="0" timestamp="2025-10-30T12:11:12 IST">
  <testcase classname="com.qa.gyruslearner.testcases.SignUpPageTestCase" name="verifySignUpUrlTest" time="2.696"/>
  <testcase classname="com.qa.gyruslearner.testcases.SignUpPageTestCase" name="verifySignUpPageTitle" time="0.039"/>
  <testcase classname="com.qa.gyruslearner.testcases.SignUpPageTestCase" name="verifyCompnayLogoAndHeadingTextTest" time="0.064"/>
  <testcase classname="com.qa.gyruslearner.testcases.SignUpPageTestCase" name="verifyMandatoryFieldsDisplayedTest" time="0.269"/>
  <testcase classname="com.qa.gyruslearner.testcases.SignUpPageTestCase" name="verifyCaptchaDisplayedTest" time="0.139"/>
  <testcase classname="com.qa.gyruslearner.testcases.SignUpPageTestCase" name="verifyRegisterButtonEnableTest" time="12.074"/>
  <testcase classname="com.qa.gyruslearner.testcases.SignUpPageTestCase" name="verifyBackToLoginButtonTest" time="1.203"/>
  <testcase classname="com.qa.gyruslearner.testcases.SignUpPageTestCase" name="verifyValidationErrorOnEmptyRegisterTest" time="2.527"/>
  <testcase classname="com.qa.gyruslearner.testcases.SignUpPageTestCase" name="verifyInvalidEmailFormatTest" time="2.812"/>
  <testcase classname="com.qa.gyruslearner.testcases.SignUpPageTestCase" name="verifyAlreadyRegisteredEmailTest" time="41.354">
    <failure type="java.lang.AssertionError" message="Toast message mismatch! expected [System cannot have duplicate eMail address.] but found [Please Enter Captcha.]">
      <![CDATA[java.lang.AssertionError: Toast message mismatch! expected [System cannot have duplicate eMail address.] but found [Please Enter Captcha.]
at org.testng.Assert.fail(Assert.java:111)
at org.testng.Assert.failNotEquals(Assert.java:1578)
at org.testng.Assert.assertEqualsImpl(Assert.java:150)
at org.testng.Assert.assertEquals(Assert.java:132)
at org.testng.Assert.assertEquals(Assert.java:656)
at com.qa.gyruslearner.testcases.SignUpPageTestCase.verifyAlreadyRegisteredEmailTest(SignUpPageTestCase.java:195)
at java.base/jdk.internal.reflect.DirectMethodHandleAccessor.invoke(DirectMethodHandleAccessor.java:103)
at java.base/java.lang.reflect.Method.invoke(Method.java:580)
at org.testng.internal.invokers.MethodInvocationHelper.invokeMethod(MethodInvocationHelper.java:139)
at org.testng.internal.invokers.TestInvoker.invokeMethod(TestInvoker.java:664)
at org.testng.internal.invokers.TestInvoker.invokeTestMethod(TestInvoker.java:228)
at org.testng.internal.invokers.MethodRunner.runInSequence(MethodRunner.java:63)
at org.testng.internal.invokers.TestInvoker$MethodInvocationAgent.invoke(TestInvoker.java:961)
at org.testng.internal.invokers.TestInvoker.invokeTestMethods(TestInvoker.java:201)
at org.testng.internal.invokers.TestMethodWorker.invokeTestMethods(TestMethodWorker.java:148)
at org.testng.internal.invokers.TestMethodWorker.run(TestMethodWorker.java:128)
at java.base/java.util.ArrayList.forEach(ArrayList.java:1596)
at org.testng.TestRunner.privateRun(TestRunner.java:819)
at org.testng.TestRunner.run(TestRunner.java:619)
at org.testng.SuiteRunner.runTest(SuiteRunner.java:443)
at org.testng.SuiteRunner.runSequentially(SuiteRunner.java:437)
at org.testng.SuiteRunner.privateRun(SuiteRunner.java:397)
at org.testng.SuiteRunner.run(SuiteRunner.java:336)
at org.testng.SuiteRunnerWorker.runSuite(SuiteRunnerWorker.java:52)
at org.testng.SuiteRunnerWorker.run(SuiteRunnerWorker.java:95)
at org.testng.TestNG.runSuitesSequentially(TestNG.java:1301)
at org.testng.TestNG.runSuitesLocally(TestNG.java:1228)
at org.testng.TestNG.runSuites(TestNG.java:1134)
at org.testng.TestNG.run(TestNG.java:1101)
at org.testng.remote.AbstractRemoteTestNG.run(AbstractRemoteTestNG.java:115)
at org.testng.remote.RemoteTestNG.initAndRun(RemoteTestNG.java:293)
at org.testng.remote.RemoteTestNG.main(RemoteTestNG.java:91)
]]>
    </failure>
  </testcase> <!-- verifyAlreadyRegisteredEmailTest -->
  <testcase classname="com.qa.gyruslearner.testcases.SignUpPageTestCase" name="verifySuccessfulRegistrationWithValidDataTest" time="16.885">
    <failure type="java.lang.AssertionError" message="Toast message mismatch! expected [Registration complete, approval required for system access.] but found [Change E-mail, duplicate found.]">
      <![CDATA[java.lang.AssertionError: Toast message mismatch! expected [Registration complete, approval required for system access.] but found [Change E-mail, duplicate found.]
at org.testng.Assert.fail(Assert.java:111)
at org.testng.Assert.failNotEquals(Assert.java:1578)
at org.testng.Assert.assertEqualsImpl(Assert.java:150)
at org.testng.Assert.assertEquals(Assert.java:132)
at org.testng.Assert.assertEquals(Assert.java:656)
at com.qa.gyruslearner.testcases.SignUpPageTestCase.verifySuccessfulRegistrationWithValidDataTest(SignUpPageTestCase.java:225)
at java.base/jdk.internal.reflect.DirectMethodHandleAccessor.invoke(DirectMethodHandleAccessor.java:103)
at java.base/java.lang.reflect.Method.invoke(Method.java:580)
at org.testng.internal.invokers.MethodInvocationHelper.invokeMethod(MethodInvocationHelper.java:139)
at org.testng.internal.invokers.TestInvoker.invokeMethod(TestInvoker.java:664)
at org.testng.internal.invokers.TestInvoker.invokeTestMethod(TestInvoker.java:228)
at org.testng.internal.invokers.MethodRunner.runInSequence(MethodRunner.java:63)
at org.testng.internal.invokers.TestInvoker$MethodInvocationAgent.invoke(TestInvoker.java:961)
at org.testng.internal.invokers.TestInvoker.invokeTestMethods(TestInvoker.java:201)
at org.testng.internal.invokers.TestMethodWorker.invokeTestMethods(TestMethodWorker.java:148)
at org.testng.internal.invokers.TestMethodWorker.run(TestMethodWorker.java:128)
at java.base/java.util.ArrayList.forEach(ArrayList.java:1596)
at org.testng.TestRunner.privateRun(TestRunner.java:819)
at org.testng.TestRunner.run(TestRunner.java:619)
at org.testng.SuiteRunner.runTest(SuiteRunner.java:443)
at org.testng.SuiteRunner.runSequentially(SuiteRunner.java:437)
at org.testng.SuiteRunner.privateRun(SuiteRunner.java:397)
at org.testng.SuiteRunner.run(SuiteRunner.java:336)
at org.testng.SuiteRunnerWorker.runSuite(SuiteRunnerWorker.java:52)
at org.testng.SuiteRunnerWorker.run(SuiteRunnerWorker.java:95)
at org.testng.TestNG.runSuitesSequentially(TestNG.java:1301)
at org.testng.TestNG.runSuitesLocally(TestNG.java:1228)
at org.testng.TestNG.runSuites(TestNG.java:1134)
at org.testng.TestNG.run(TestNG.java:1101)
at org.testng.remote.AbstractRemoteTestNG.run(AbstractRemoteTestNG.java:115)
at org.testng.remote.RemoteTestNG.initAndRun(RemoteTestNG.java:293)
at org.testng.remote.RemoteTestNG.main(RemoteTestNG.java:91)
]]>
    </failure>
  </testcase> <!-- verifySuccessfulRegistrationWithValidDataTest -->
</testsuite> <!-- Default test -->
