<?xml version="1.0" encoding="UTF-8"?>
<!-- Generated by org.testng.reporters.JUnitXMLReporter -->
<testsuite ignored="5" hostname="GYRUS-231" failures="0" tests="12" name="Default test" time="53.076" errors="0" timestamp="2026-03-24T18:47:46 IST">
  <testcase classname="com.qa.gyruslearner.testcases.DashboardPageTestCase" name="dashBoardUrlTest" time="0.061"/>
  <testcase classname="com.qa.gyruslearner.testcases.DashboardPageTestCase" name="dashBoardPageTitleTest" time="0.019"/>
  <testcase classname="com.qa.gyruslearner.testcases.DashboardPageTestCase" name="VerifyCompanyLogoInDashBoardTest" time="2.969"/>
  <testcase classname="com.qa.gyruslearner.testcases.DashboardPageTestCase" name="verifyWelcomeHeadertextTest" time="0.882"/>
  <testcase classname="com.qa.gyruslearner.testcases.DashboardPageTestCase" name="verifyCalenderDisplayTest" time="3.274"/>
  <testcase classname="com.qa.gyruslearner.testcases.DashboardPageTestCase" name="verifyProfilePopUpTest" time="0.828"/>
  <testcase classname="com.qa.gyruslearner.testcases.DashboardPageTestCase" name="verifyQuickLinksTest" time="2.348"/>
  <testcase classname="com.qa.gyruslearner.testcases.DashboardPageTestCase" name="verifyStatisticsDisplayed" time="0.432"/>
  <testcase classname="com.qa.gyruslearner.testcases.DashboardPageTestCase" name="verifyStatisticsWithFilters" time="9.817"/>
  <testcase classname="com.qa.gyruslearner.testcases.DashboardPageTestCase" name="verifyLearningStatusInProgressDataTest" time="2.262"/>
  <testcase classname="com.qa.gyruslearner.testcases.DashboardPageTestCase" name="verifyLearningStatusNotStartedDataTest" time="5.799"/>
  <testcase classname="com.qa.gyruslearner.testcases.DashboardPageTestCase" name="verifyMySheduleDataTest" time="0.372"/>
  <testcase classname="com.qa.gyruslearner.testcases.DashboardPageTestCase" name="verifyNotificationPopUpTest" time="0.0">
    <ignored/>
  </testcase> <!-- verifyNotificationPopUpTest -->
  <testcase classname="com.qa.gyruslearner.testcases.DashboardPageTestCase" name="verifyHeaderIconsFunctionality" time="0.0">
    <ignored/>
  </testcase> <!-- verifyHeaderIconsFunctionality -->
  <testcase classname="com.qa.gyruslearner.testcases.DashboardPageTestCase" name="verifyQuickLinksPopupTest" time="0.0">
    <ignored/>
  </testcase> <!-- verifyQuickLinksPopupTest -->
  <testcase classname="com.qa.gyruslearner.testcases.DashboardPageTestCase" name="verifyCartPopUpTest" time="0.0">
    <ignored/>
  </testcase> <!-- verifyCartPopUpTest -->
  <testcase classname="com.qa.gyruslearner.testcases.DashboardPageTestCase" name="verifyLearningStatusCardTest" time="0.0">
    <ignored/>
  </testcase> <!-- verifyLearningStatusCardTest -->
</testsuite> <!-- Default test -->
