<?xml version="1.0" encoding="UTF-8"?>
<!-- Generated by org.testng.reporters.JUnitXMLReporter -->
<testsuite ignored="1" hostname="GYRUS-231" failures="2" tests="18" name="Default test" time="72.704" errors="0" timestamp="2026-04-01T19:01:00 IST">
  <testcase classname="com.qa.gyruslearner.testcases.MyProfilePageTestCase" name="myProfileUrlTest" time="0.098"/>
  <testcase classname="com.qa.gyruslearner.testcases.MyProfilePageTestCase" name="myprofileTitleTest" time="0.726"/>
  <testcase classname="com.qa.gyruslearner.testcases.MyProfilePageTestCase" name="verifyUserProfileDetails" time="0.151"/>
  <testcase classname="com.qa.gyruslearner.testcases.MyProfilePageTestCase" name="verifyProfileImage" time="1.949"/>
  <testcase classname="com.qa.gyruslearner.testcases.MyProfilePageTestCase" name="verifyQRCodeDisplayed" time="0.744"/>
  <testcase classname="com.qa.gyruslearner.testcases.MyProfilePageTestCase" name="verifyEditProfilePanelExpandCollapse" time="0.359"/>
  <testcase classname="com.qa.gyruslearner.testcases.MyProfilePageTestCase" name="verifySecurityPanelExpandCollapse" time="0.284"/>
  <testcase classname="com.qa.gyruslearner.testcases.MyProfilePageTestCase" name="verifyCFR21SecurityPanelExpandCollapse" time="0.266"/>
  <testcase classname="com.qa.gyruslearner.testcases.MyProfilePageTestCase" name="verifyTimeZoneSettingsPanelExpandCollapse" time="0.343"/>
  <testcase classname="com.qa.gyruslearner.testcases.MyProfilePageTestCase" name="verifyThemePanelExpandCollapse" time="0.307"/>
  <testcase classname="com.qa.gyruslearner.testcases.MyProfilePageTestCase" name="verifyLanguageDropdown" time="0.072"/>
  <testcase classname="com.qa.gyruslearner.testcases.MyProfilePageTestCase" name="verifyDateFormaDropdown" time="0.041"/>
  <testcase classname="com.qa.gyruslearner.testcases.MyProfilePageTestCase" name="verifyResetPasswordTest" time="3.409"/>
  <testcase classname="com.qa.gyruslearner.testcases.MyProfilePageTestCase" name="verifyTimeZoneSettingsDisplayTest" time="1.267">
    <failure type="java.lang.AssertionError" message="Time Zone Settings section did not expand expected [true] but found [false]">
      <![CDATA[java.lang.AssertionError: Time Zone Settings section did not expand expected [true] but found [false]
at org.testng.Assert.fail(Assert.java:111)
at org.testng.Assert.failNotEquals(Assert.java:1578)
at org.testng.Assert.assertTrue(Assert.java:57)
at com.qa.gyruslearner.testcases.MyProfilePageTestCase.verifyTimeZoneSettingsDisplayTest(MyProfilePageTestCase.java:251)
at java.base/jdk.internal.reflect.DirectMethodHandleAccessor.invoke(DirectMethodHandleAccessor.java:103)
at java.base/java.lang.reflect.Method.invoke(Method.java:580)
at org.testng.internal.invokers.MethodInvocationHelper.invokeMethod(MethodInvocationHelper.java:139)
at org.testng.internal.invokers.TestInvoker.invokeMethod(TestInvoker.java:664)
at org.testng.internal.invokers.TestInvoker.invokeTestMethod(TestInvoker.java:228)
at org.testng.internal.invokers.MethodRunner.runInSequence(MethodRunner.java:63)
at org.testng.internal.invokers.TestInvoker$MethodInvocationAgent.invoke(TestInvoker.java:961)
at org.testng.internal.invokers.TestInvoker.invokeTestMethods(TestInvoker.java:201)
at org.testng.internal.invokers.TestMethodWorker.invokeTestMethods(TestMethodWorker.java:148)
at org.testng.internal.invokers.TestMethodWorker.run(TestMethodWorker.java:128)
at java.base/java.util.ArrayList.forEach(ArrayList.java:1596)
at org.testng.TestRunner.privateRun(TestRunner.java:819)
at org.testng.TestRunner.run(TestRunner.java:619)
at org.testng.SuiteRunner.runTest(SuiteRunner.java:443)
at org.testng.SuiteRunner.runSequentially(SuiteRunner.java:437)
at org.testng.SuiteRunner.privateRun(SuiteRunner.java:397)
at org.testng.SuiteRunner.run(SuiteRunner.java:336)
at org.testng.SuiteRunnerWorker.runSuite(SuiteRunnerWorker.java:52)
at org.testng.SuiteRunnerWorker.run(SuiteRunnerWorker.java:95)
at org.testng.TestNG.runSuitesSequentially(TestNG.java:1301)
at org.testng.TestNG.runSuitesLocally(TestNG.java:1228)
at org.testng.TestNG.runSuites(TestNG.java:1134)
at org.testng.TestNG.run(TestNG.java:1101)
at org.testng.remote.AbstractRemoteTestNG.run(AbstractRemoteTestNG.java:115)
at org.testng.remote.RemoteTestNG.initAndRun(RemoteTestNG.java:293)
at org.testng.remote.RemoteTestNG.main(RemoteTestNG.java:91)
]]>
    </failure>
  </testcase> <!-- verifyTimeZoneSettingsDisplayTest -->
  <testcase classname="com.qa.gyruslearner.testcases.MyProfilePageTestCase" name="verifyTimeZoneSettingsTest" time="0.0">
    <skipped/>
  </testcase> <!-- verifyTimeZoneSettingsTest -->
  <testcase classname="com.qa.gyruslearner.testcases.MyProfilePageTestCase" name="verifyThemeTest" time="1.18">
    <failure type="java.lang.AssertionError" message="Theme section did not expand expected [true] but found [false]">
      <![CDATA[java.lang.AssertionError: Theme section did not expand expected [true] but found [false]
at org.testng.Assert.fail(Assert.java:111)
at org.testng.Assert.failNotEquals(Assert.java:1578)
at org.testng.Assert.assertTrue(Assert.java:57)
at com.qa.gyruslearner.testcases.MyProfilePageTestCase.verifyThemeTest(MyProfilePageTestCase.java:293)
at java.base/jdk.internal.reflect.DirectMethodHandleAccessor.invoke(DirectMethodHandleAccessor.java:103)
at java.base/java.lang.reflect.Method.invoke(Method.java:580)
at org.testng.internal.invokers.MethodInvocationHelper.invokeMethod(MethodInvocationHelper.java:139)
at org.testng.internal.invokers.TestInvoker.invokeMethod(TestInvoker.java:664)
at org.testng.internal.invokers.TestInvoker.invokeTestMethod(TestInvoker.java:228)
at org.testng.internal.invokers.MethodRunner.runInSequence(MethodRunner.java:63)
at org.testng.internal.invokers.TestInvoker$MethodInvocationAgent.invoke(TestInvoker.java:961)
at org.testng.internal.invokers.TestInvoker.invokeTestMethods(TestInvoker.java:201)
at org.testng.internal.invokers.TestMethodWorker.invokeTestMethods(TestMethodWorker.java:148)
at org.testng.internal.invokers.TestMethodWorker.run(TestMethodWorker.java:128)
at java.base/java.util.ArrayList.forEach(ArrayList.java:1596)
at org.testng.TestRunner.privateRun(TestRunner.java:819)
at org.testng.TestRunner.run(TestRunner.java:619)
at org.testng.SuiteRunner.runTest(SuiteRunner.java:443)
at org.testng.SuiteRunner.runSequentially(SuiteRunner.java:437)
at org.testng.SuiteRunner.privateRun(SuiteRunner.java:397)
at org.testng.SuiteRunner.run(SuiteRunner.java:336)
at org.testng.SuiteRunnerWorker.runSuite(SuiteRunnerWorker.java:52)
at org.testng.SuiteRunnerWorker.run(SuiteRunnerWorker.java:95)
at org.testng.TestNG.runSuitesSequentially(TestNG.java:1301)
at org.testng.TestNG.runSuitesLocally(TestNG.java:1228)
at org.testng.TestNG.runSuites(TestNG.java:1134)
at org.testng.TestNG.run(TestNG.java:1101)
at org.testng.remote.AbstractRemoteTestNG.run(AbstractRemoteTestNG.java:115)
at org.testng.remote.RemoteTestNG.initAndRun(RemoteTestNG.java:293)
at org.testng.remote.RemoteTestNG.main(RemoteTestNG.java:91)
]]>
    </failure>
  </testcase> <!-- verifyThemeTest -->
  <testcase classname="com.qa.gyruslearner.testcases.MyProfilePageTestCase" name="verifyBackToDashboardLink" time="2.917"/>
  <testcase classname="com.qa.gyruslearner.testcases.MyProfilePageTestCase" name="VerifyUploadhphotoTest" time="13.714"/>
  <testcase classname="com.qa.gyruslearner.testcases.MyProfilePageTestCase" name="verifyCFR21SecurityTest" time="0.0">
    <ignored/>
  </testcase> <!-- verifyCFR21SecurityTest -->
</testsuite> <!-- Default test -->
