<?xml version="1.0" encoding="UTF-8"?>
<!-- Generated by org.testng.reporters.JUnitXMLReporter -->
<testsuite ignored="0" hostname="GYRUS-231" failures="0" tests="6" name="Default test" time="25.786" errors="0" timestamp="2025-11-18T18:35:12 IST">
  <testcase classname="com.qa.gyruslearner.testcases.MyProfilePageTestCase" name="myProfileUrlTest" time="0.116"/>
  <testcase classname="com.qa.gyruslearner.testcases.MyProfilePageTestCase" name="myprofileTitleTest" time="0.029"/>
  <testcase classname="com.qa.gyruslearner.testcases.MyProfilePageTestCase" name="verifyUserProfileDetails" time="0.137"/>
  <testcase classname="com.qa.gyruslearner.testcases.MyProfilePageTestCase" name="verifyProfileImage" time="7.858"/>
  <testcase classname="com.qa.gyruslearner.testcases.MyProfilePageTestCase" name="verifyQRCodeDisplayed" time="0.018"/>
  <testcase classname="com.qa.gyruslearner.testcases.MyProfilePageTestCase" name="verifyBackToDashboardLink" time="0.357"/>
</testsuite> <!-- Default test -->
