<?xml version="1.0" encoding="UTF-8"?>
<!-- Generated by org.testng.reporters.JUnitXMLReporter -->
<testsuite ignored="2" hostname="GYRUS-231" failures="0" tests="14" name="Default test" time="33.595" errors="0" timestamp="2026-01-27T18:18:57 IST">
  <testcase classname="com.qa.gyruslearner.testcases.LoginPageTestCase" name="LoginPageTitleTest" time="0.033"/>
  <testcase classname="com.qa.gyruslearner.testcases.LoginPageTestCase" name="LoginPageUrlTest" time="0.024"/>
  <testcase classname="com.qa.gyruslearner.testcases.LoginPageTestCase" name="isCompanyLogoExitsTest" time="0.061"/>
  <testcase classname="com.qa.gyruslearner.testcases.LoginPageTestCase" name="isBackGroundImageExitsTest" time="0.048"/>
  <testcase classname="com.qa.gyruslearner.testcases.LoginPageTestCase" name="verifyLoginHeadertextTest" time="0.062"/>
  <testcase classname="com.qa.gyruslearner.testcases.LoginPageTestCase" name="verifyUsernameAndPasswordFieldsTest" time="0.101"/>
  <testcase classname="com.qa.gyruslearner.testcases.LoginPageTestCase" name="isSingInbuttonExitsAndEnableTest" time="0.052"/>
  <testcase classname="com.qa.gyruslearner.testcases.LoginPageTestCase" name="verifyForgotPasswordTest" time="0.052"/>
  <testcase classname="com.qa.gyruslearner.testcases.LoginPageTestCase" name="verifySignUplinkButtonTest" time="0.053"/>
  <testcase classname="com.qa.gyruslearner.testcases.LoginPageTestCase" name="verifyPasswordFieldEncryptedTest" time="0.197"/>
  <testcase classname="com.qa.gyruslearner.testcases.LoginPageTestCase" name="verifyValidUserNameAndWrongPassTest1" time="1.354"/>
  <testcase classname="com.qa.gyruslearner.testcases.LoginPageTestCase" name="verifyWrongUserNameAndValidPassTest" time="5.314"/>
  <testcase classname="com.qa.gyruslearner.testcases.LoginPageTestCase" name="verifyAccountLockAfterFailedAttemptTest" time="0.84"/>
  <testcase classname="com.qa.gyruslearner.testcases.LoginPageTestCase" name="verifyValidLoginTest" time="12.507"/>
  <testcase classname="com.qa.gyruslearner.testcases.LoginPageTestCase" name="verifyFirstTimeLoginRedirectsToChangePasswordTest" time="0.0">
    <ignored/>
  </testcase> <!-- verifyFirstTimeLoginRedirectsToChangePasswordTest -->
  <testcase classname="com.qa.gyruslearner.testcases.LoginPageTestCase" name="verifyLastLoginAttemptMessage" time="0.0">
    <ignored/>
  </testcase> <!-- verifyLastLoginAttemptMessage -->
</testsuite> <!-- Default test -->
