<?xml version="1.0" encoding="UTF-8"?>
<!-- Generated by org.testng.reporters.JUnitXMLReporter -->
<testsuite ignored="0" hostname="GYRUS-231" failures="0" tests="6" name="Default test" time="25.805" errors="0" timestamp="2026-02-20T10:06:03 IST">
  <testcase classname="com.qa.gyruslearner.testcases.MyProfilePageTestCase" name="myProfileUrlTest" time="0.116"/>
  <testcase classname="com.qa.gyruslearner.testcases.MyProfilePageTestCase" name="myprofileTitleTest" time="1.074"/>
  <testcase classname="com.qa.gyruslearner.testcases.MyProfilePageTestCase" name="verifyUserProfileDetails" time="0.219"/>
  <testcase classname="com.qa.gyruslearner.testcases.MyProfilePageTestCase" name="verifyProfileImage" time="5.534"/>
  <testcase classname="com.qa.gyruslearner.testcases.MyProfilePageTestCase" name="verifyQRCodeDisplayed" time="0.024"/>
  <testcase classname="com.qa.gyruslearner.testcases.MyProfilePageTestCase" name="verifyBackToDashboardLink" time="3.497"/>
</testsuite> <!-- Default test -->
