<?xml version="1.0" encoding="UTF-8"?>
<!-- Generated by org.testng.reporters.JUnitXMLReporter -->
<testsuite ignored="19" hostname="GYRUS-231" failures="0" tests="6" name="Default test" time="125.921" errors="0" timestamp="2026-04-09T23:57:53 IST">
  <testcase classname="com.qa.gyruslearner.testcases.IDPPageTestCase" name="verifyMyLearnerLinkTest" time="4.206"/>
  <testcase classname="com.qa.gyruslearner.testcases.IDPPageTestCase" name="verifyidpUrlTest" time="0.842"/>
  <testcase classname="com.qa.gyruslearner.testcases.IDPPageTestCase" name="verifyIDPPageTitileTest" time="1.046"/>
  <testcase classname="com.qa.gyruslearner.testcases.IDPPageTestCase" name="verifyIDPHeaderPageTitleTest" time="0.094"/>
  <testcase classname="com.qa.gyruslearner.testcases.IDPPageTestCase" name="verifyQuickFilterDailgoBoxTest" time="12.94"/>
  <testcase classname="com.qa.gyruslearner.testcases.IDPPageTestCase" name="verifySearchFunctionality" time="76.139"/>
  <testcase classname="com.qa.gyruslearner.testcases.IDPPageTestCase" name="verifyCategoryInQuickFilterTest" time="0.0">
    <ignored/>
  </testcase> <!-- verifyCategoryInQuickFilterTest -->
  <testcase classname="com.qa.gyruslearner.testcases.IDPPageTestCase" name="verifyAllCardsStatusAndpercentageTest" time="0.0">
    <ignored/>
  </testcase> <!-- verifyAllCardsStatusAndpercentageTest -->
  <testcase classname="com.qa.gyruslearner.testcases.IDPPageTestCase" name="verifyAssessmentsQuickFilterTest" time="0.0">
    <ignored/>
  </testcase> <!-- verifyAssessmentsQuickFilterTest -->
  <testcase classname="com.qa.gyruslearner.testcases.IDPPageTestCase" name="verifyExternalLinkQuickFilterTest" time="0.0">
    <ignored/>
  </testcase> <!-- verifyExternalLinkQuickFilterTest -->
  <testcase classname="com.qa.gyruslearner.testcases.IDPPageTestCase" name="verifyAllElearningQuickFilterTest" time="0.0">
    <ignored/>
  </testcase> <!-- verifyAllElearningQuickFilterTest -->
  <testcase classname="com.qa.gyruslearner.testcases.IDPPageTestCase" name="verifyAllCardLoadedAndCountTest" time="0.0">
    <ignored/>
  </testcase> <!-- verifyAllCardLoadedAndCountTest -->
  <testcase classname="com.qa.gyruslearner.testcases.IDPPageTestCase" name="verifyMsTeamQuickFilterTest" time="0.0">
    <ignored/>
  </testcase> <!-- verifyMsTeamQuickFilterTest -->
  <testcase classname="com.qa.gyruslearner.testcases.IDPPageTestCase" name="verifyTrainingGroupInQuickFilterTest" time="0.0">
    <ignored/>
  </testcase> <!-- verifyTrainingGroupInQuickFilterTest -->
  <testcase classname="com.qa.gyruslearner.testcases.IDPPageTestCase" name="verifyStatusCompleteQuickFilterTest" time="0.0">
    <ignored/>
  </testcase> <!-- verifyStatusCompleteQuickFilterTest -->
  <testcase classname="com.qa.gyruslearner.testcases.IDPPageTestCase" name="verifyElearnigQuickFilterTest" time="0.0">
    <ignored/>
  </testcase> <!-- verifyElearnigQuickFilterTest -->
  <testcase classname="com.qa.gyruslearner.testcases.IDPPageTestCase" name="verifyDueDateInQuickFilterTest" time="0.0">
    <ignored/>
  </testcase> <!-- verifyDueDateInQuickFilterTest -->
  <testcase classname="com.qa.gyruslearner.testcases.IDPPageTestCase" name="verifyFreeInQuickFilterTest" time="0.0">
    <ignored/>
  </testcase> <!-- verifyFreeInQuickFilterTest -->
  <testcase classname="com.qa.gyruslearner.testcases.IDPPageTestCase" name="verifyRatingQuickFilterTest" time="0.0">
    <ignored/>
  </testcase> <!-- verifyRatingQuickFilterTest -->
  <testcase classname="com.qa.gyruslearner.testcases.IDPPageTestCase" name="verifyILTQuickFilterTest" time="0.0">
    <ignored/>
  </testcase> <!-- verifyILTQuickFilterTest -->
  <testcase classname="com.qa.gyruslearner.testcases.IDPPageTestCase" name="verifyDocumentQuickFilterTest" time="0.0">
    <ignored/>
  </testcase> <!-- verifyDocumentQuickFilterTest -->
  <testcase classname="com.qa.gyruslearner.testcases.IDPPageTestCase" name="verifyCertificationQuickFilterTest" time="0.0">
    <ignored/>
  </testcase> <!-- verifyCertificationQuickFilterTest -->
  <testcase classname="com.qa.gyruslearner.testcases.IDPPageTestCase" name="VerifyIdealCoachTextTest" time="0.0">
    <ignored/>
  </testcase> <!-- VerifyIdealCoachTextTest -->
  <testcase classname="com.qa.gyruslearner.testcases.IDPPageTestCase" name="verifyLearningPathQuickFilterTest" time="0.0">
    <ignored/>
  </testcase> <!-- verifyLearningPathQuickFilterTest -->
  <testcase classname="com.qa.gyruslearner.testcases.IDPPageTestCase" name="verifyBackToDashBoardTest" time="0.0">
    <ignored/>
  </testcase> <!-- verifyBackToDashBoardTest -->
</testsuite> <!-- Default test -->
