<?xml version="1.0" encoding="UTF-8"?>
<!-- Generated by org.testng.reporters.JUnitXMLReporter -->
<testsuite ignored="0" hostname="GYRUS-231" failures="0" tests="2" name="Default test" time="31.675" errors="0" timestamp="2026-05-12T15:19:09 IST">
  <testcase classname="com.qa.gyruslearner.testcases.CourseCatalogPageTestCase" name="verifyCourseCatalogUrlTest" time="12.837"/>
  <testcase classname="com.qa.gyruslearner.testcases.CourseCatalogPageTestCase" name="verifyCourseCatalogTitileTest" time="1.048"/>
</testsuite> <!-- Default test -->
