<?xml version="1.0" encoding="UTF-8"?>
<!-- Generated by org.testng.reporters.JUnitXMLReporter -->
<testsuite ignored="0" hostname="GYRUS-231" failures="0" tests="2" name="Default test" time="33.272" errors="0" timestamp="2026-04-22T23:41:11 IST">
  <testcase classname="com.qa.gyruslearner.testcases.MyEnrollmentPageTestCase" name="verifyMyEnrollmentUrlTest" time="5.94"/>
  <testcase classname="com.qa.gyruslearner.testcases.MyEnrollmentPageTestCase" name="verifyMyEndrollmentTitileTest" time="2.003"/>
</testsuite> <!-- Default test -->
