<?xml version="1.0" encoding="UTF-8"?>
<testng-results ignored="0" total="5" passed="5" failed="0" skipped="0">
  <reporter-output>
  </reporter-output>
  <suite started-at="2026-03-29T20:07:19 IST" name="Automation Test Store" finished-at="2026-03-29T20:08:42 IST" duration-ms="83045">
    <groups>
    </groups>
    <test started-at="2026-03-29T20:07:19 IST" name="Automation Smoke Testing" finished-at="2026-03-29T20:08:42 IST" duration-ms="83045">
      <class name="com.qa.gyruslearner.testcases.IDPPageTestCase">
        <test-method is-config="true" signature="setUp()[pri:0, instance:com.qa.gyruslearner.testcases.IDPPageTestCase@477b4cdf]" started-at="2026-03-29T20:07:20 IST" name="setUp" finished-at="2026-03-29T20:07:25 IST" duration-ms="5871" status="PASS">
          <reporter-output>
          </reporter-output>
        </test-method> <!-- setUp -->
        <test-method is-config="true" signature="pageRefresh()[pri:0, instance:com.qa.gyruslearner.testcases.IDPPageTestCase@477b4cdf]" started-at="2026-03-29T20:07:26 IST" name="pageRefresh" finished-at="2026-03-29T20:07:30 IST" duration-ms="4955" status="PASS">
          <reporter-output>
          </reporter-output>
        </test-method> <!-- pageRefresh -->
        <test-method signature="verifyMyLearnerLinkTest()[pri:1, instance:com.qa.gyruslearner.testcases.IDPPageTestCase@477b4cdf]" started-at="2026-03-29T20:07:30 IST" name="verifyMyLearnerLinkTest" finished-at="2026-03-29T20:07:34 IST" duration-ms="4002" status="PASS">
          <reporter-output>
          </reporter-output>
        </test-method> <!-- verifyMyLearnerLinkTest -->
        <test-method is-config="true" signature="pageRefresh()[pri:0, instance:com.qa.gyruslearner.testcases.IDPPageTestCase@477b4cdf]" started-at="2026-03-29T20:07:35 IST" name="pageRefresh" finished-at="2026-03-29T20:07:35 IST" duration-ms="16" status="PASS">
          <reporter-output>
          </reporter-output>
        </test-method> <!-- pageRefresh -->
        <test-method signature="verifyidpUrlTest()[pri:2, instance:com.qa.gyruslearner.testcases.IDPPageTestCase@477b4cdf]" started-at="2026-03-29T20:07:35 IST" name="verifyidpUrlTest" finished-at="2026-03-29T20:07:36 IST" duration-ms="1302" status="PASS">
          <reporter-output>
          </reporter-output>
        </test-method> <!-- verifyidpUrlTest -->
        <test-method is-config="true" signature="pageRefresh()[pri:0, instance:com.qa.gyruslearner.testcases.IDPPageTestCase@477b4cdf]" started-at="2026-03-29T20:07:36 IST" name="pageRefresh" finished-at="2026-03-29T20:07:36 IST" duration-ms="27" status="PASS">
          <reporter-output>
          </reporter-output>
        </test-method> <!-- pageRefresh -->
        <test-method signature="verifyIDPPageTitileTest()[pri:3, instance:com.qa.gyruslearner.testcases.IDPPageTestCase@477b4cdf]" started-at="2026-03-29T20:07:36 IST" name="verifyIDPPageTitileTest" finished-at="2026-03-29T20:07:37 IST" duration-ms="1060" status="PASS">
          <reporter-output>
          </reporter-output>
        </test-method> <!-- verifyIDPPageTitileTest -->
        <test-method is-config="true" signature="pageRefresh()[pri:0, instance:com.qa.gyruslearner.testcases.IDPPageTestCase@477b4cdf]" started-at="2026-03-29T20:07:37 IST" name="pageRefresh" finished-at="2026-03-29T20:07:37 IST" duration-ms="30" status="PASS">
          <reporter-output>
          </reporter-output>
        </test-method> <!-- pageRefresh -->
        <test-method signature="verifyIDPHeaderPageTitleTest()[pri:5, instance:com.qa.gyruslearner.testcases.IDPPageTestCase@477b4cdf]" started-at="2026-03-29T20:07:37 IST" name="verifyIDPHeaderPageTitleTest" finished-at="2026-03-29T20:07:37 IST" duration-ms="102" status="PASS">
          <reporter-output>
          </reporter-output>
        </test-method> <!-- verifyIDPHeaderPageTitleTest -->
        <test-method is-config="true" signature="pageRefresh()[pri:0, instance:com.qa.gyruslearner.testcases.IDPPageTestCase@477b4cdf]" started-at="2026-03-29T20:07:37 IST" name="pageRefresh" finished-at="2026-03-29T20:07:37 IST" duration-ms="18" status="PASS">
          <reporter-output>
          </reporter-output>
        </test-method> <!-- pageRefresh -->
        <test-method signature="verifyAllElearningQuickFilterTest()[pri:7, instance:com.qa.gyruslearner.testcases.IDPPageTestCase@477b4cdf]" started-at="2026-03-29T20:07:37 IST" name="verifyAllElearningQuickFilterTest" finished-at="2026-03-29T20:08:42 IST" duration-ms="64599" status="PASS">
          <reporter-output>
          </reporter-output>
        </test-method> <!-- verifyAllElearningQuickFilterTest -->
        <test-method is-config="true" signature="tearDown()[pri:0, instance:com.qa.gyruslearner.testcases.IDPPageTestCase@477b4cdf]" started-at="2026-03-29T20:08:42 IST" name="tearDown" finished-at="2026-03-29T20:08:42 IST" duration-ms="704" status="PASS">
          <reporter-output>
          </reporter-output>
        </test-method> <!-- tearDown -->
      </class> <!-- com.qa.gyruslearner.testcases.IDPPageTestCase -->
    </test> <!-- Automation Smoke Testing -->
  </suite> <!-- Automation Test Store -->
</testng-results>
