<?xml version="1.0" encoding="UTF-8"?>
<testng-results ignored="0" total="2" passed="2" failed="0" skipped="0">
  <reporter-output>
  </reporter-output>
  <suite started-at="2026-05-12T15:18:38 IST" name="Default suite" finished-at="2026-05-12T15:19:09 IST" duration-ms="31675">
    <groups>
      <group name="regression">
        <method signature="CourseCatalogPageTestCase.verifyCourseCatalogUrlTest()[pri:1, instance:com.qa.gyruslearner.testcases.CourseCatalogPageTestCase@3972a855]" name="verifyCourseCatalogUrlTest" class="com.qa.gyruslearner.testcases.CourseCatalogPageTestCase"/>
      </group> <!-- regression -->
      <group name="smoke">
        <method signature="CourseCatalogPageTestCase.verifyCourseCatalogTitileTest()[pri:2, instance:com.qa.gyruslearner.testcases.CourseCatalogPageTestCase@3972a855]" name="verifyCourseCatalogTitileTest" class="com.qa.gyruslearner.testcases.CourseCatalogPageTestCase"/>
      </group> <!-- smoke -->
    </groups>
    <test started-at="2026-05-12T15:18:38 IST" name="Default test" finished-at="2026-05-12T15:19:09 IST" duration-ms="31675">
      <class name="com.qa.gyruslearner.testcases.CourseCatalogPageTestCase">
        <test-method is-config="true" signature="setUp()[pri:0, instance:com.qa.gyruslearner.testcases.CourseCatalogPageTestCase@3972a855]" started-at="2026-05-12T15:18:38 IST" name="setUp" finished-at="2026-05-12T15:18:54 IST" duration-ms="16623" status="PASS">
          <reporter-output>
          </reporter-output>
        </test-method> <!-- setUp -->
        <test-method is-config="true" signature="pageRefresh()[pri:0, instance:com.qa.gyruslearner.testcases.CourseCatalogPageTestCase@3972a855]" started-at="2026-05-12T15:18:54 IST" name="pageRefresh" finished-at="2026-05-12T15:18:55 IST" duration-ms="357" status="PASS">
          <reporter-output>
          </reporter-output>
        </test-method> <!-- pageRefresh -->
        <test-method signature="verifyCourseCatalogUrlTest()[pri:1, instance:com.qa.gyruslearner.testcases.CourseCatalogPageTestCase@3972a855]" started-at="2026-05-12T15:18:55 IST" name="verifyCourseCatalogUrlTest" finished-at="2026-05-12T15:19:07 IST" duration-ms="12837" status="PASS">
          <reporter-output>
          </reporter-output>
        </test-method> <!-- verifyCourseCatalogUrlTest -->
        <test-method is-config="true" signature="pageRefresh()[pri:0, instance:com.qa.gyruslearner.testcases.CourseCatalogPageTestCase@3972a855]" started-at="2026-05-12T15:19:07 IST" name="pageRefresh" finished-at="2026-05-12T15:19:07 IST" duration-ms="43" status="PASS">
          <reporter-output>
          </reporter-output>
        </test-method> <!-- pageRefresh -->
        <test-method signature="verifyCourseCatalogTitileTest()[pri:2, instance:com.qa.gyruslearner.testcases.CourseCatalogPageTestCase@3972a855]" started-at="2026-05-12T15:19:07 IST" name="verifyCourseCatalogTitileTest" finished-at="2026-05-12T15:19:09 IST" duration-ms="1048" status="PASS">
          <reporter-output>
          </reporter-output>
        </test-method> <!-- verifyCourseCatalogTitileTest -->
        <test-method is-config="true" signature="tearDown()[pri:0, instance:com.qa.gyruslearner.testcases.CourseCatalogPageTestCase@3972a855]" started-at="2026-05-12T15:19:09 IST" name="tearDown" finished-at="2026-05-12T15:19:09 IST" duration-ms="714" status="PASS">
          <reporter-output>
          </reporter-output>
        </test-method> <!-- tearDown -->
      </class> <!-- com.qa.gyruslearner.testcases.CourseCatalogPageTestCase -->
    </test> <!-- Default test -->
  </suite> <!-- Default suite -->
</testng-results>
