<?xml version="1.0" encoding="UTF-8"?>
<testng-results ignored="0" total="6" passed="6" failed="0" skipped="0">
  <reporter-output>
  </reporter-output>
  <suite started-at="2025-11-18T18:34:46 IST" name="Default suite" finished-at="2025-11-18T18:35:12 IST" duration-ms="25786">
    <groups>
    </groups>
    <test started-at="2025-11-18T18:34:46 IST" name="Default test" finished-at="2025-11-18T18:35:12 IST" duration-ms="25786">
      <class name="com.qa.gyruslearner.testcases.MyProfilePageTestCase">
        <test-method is-config="true" signature="setUp()[pri:0, instance:com.qa.gyruslearner.testcases.MyProfilePageTestCase@235834f2]" started-at="2025-11-18T18:34:46 IST" name="setUp" finished-at="2025-11-18T18:34:53 IST" duration-ms="7480" status="PASS">
          <reporter-output>
          </reporter-output>
        </test-method> <!-- setUp -->
        <test-method is-config="true" signature="pageRefresh()[pri:0, instance:com.qa.gyruslearner.testcases.MyProfilePageTestCase@235834f2]" started-at="2025-11-18T18:34:54 IST" name="pageRefresh" finished-at="2025-11-18T18:35:03 IST" duration-ms="9249" status="PASS">
          <reporter-output>
          </reporter-output>
        </test-method> <!-- pageRefresh -->
        <test-method signature="myProfileUrlTest()[pri:1, instance:com.qa.gyruslearner.testcases.MyProfilePageTestCase@235834f2]" started-at="2025-11-18T18:35:03 IST" name="myProfileUrlTest" finished-at="2025-11-18T18:35:03 IST" duration-ms="116" status="PASS">
          <reporter-output>
          </reporter-output>
        </test-method> <!-- myProfileUrlTest -->
        <test-method is-config="true" signature="pageRefresh()[pri:0, instance:com.qa.gyruslearner.testcases.MyProfilePageTestCase@235834f2]" started-at="2025-11-18T18:35:03 IST" name="pageRefresh" finished-at="2025-11-18T18:35:03 IST" duration-ms="154" status="PASS">
          <reporter-output>
          </reporter-output>
        </test-method> <!-- pageRefresh -->
        <test-method signature="myprofileTitleTest()[pri:2, instance:com.qa.gyruslearner.testcases.MyProfilePageTestCase@235834f2]" started-at="2025-11-18T18:35:03 IST" name="myprofileTitleTest" finished-at="2025-11-18T18:35:03 IST" duration-ms="29" status="PASS">
          <reporter-output>
          </reporter-output>
        </test-method> <!-- myprofileTitleTest -->
        <test-method is-config="true" signature="pageRefresh()[pri:0, instance:com.qa.gyruslearner.testcases.MyProfilePageTestCase@235834f2]" started-at="2025-11-18T18:35:03 IST" name="pageRefresh" finished-at="2025-11-18T18:35:03 IST" duration-ms="16" status="PASS">
          <reporter-output>
          </reporter-output>
        </test-method> <!-- pageRefresh -->
        <test-method signature="verifyUserProfileDetails()[pri:3, instance:com.qa.gyruslearner.testcases.MyProfilePageTestCase@235834f2]" started-at="2025-11-18T18:35:03 IST" name="verifyUserProfileDetails" finished-at="2025-11-18T18:35:03 IST" duration-ms="137" status="PASS">
          <reporter-output>
          </reporter-output>
        </test-method> <!-- verifyUserProfileDetails -->
        <test-method is-config="true" signature="pageRefresh()[pri:0, instance:com.qa.gyruslearner.testcases.MyProfilePageTestCase@235834f2]" started-at="2025-11-18T18:35:03 IST" name="pageRefresh" finished-at="2025-11-18T18:35:03 IST" duration-ms="17" status="PASS">
          <reporter-output>
          </reporter-output>
        </test-method> <!-- pageRefresh -->
        <test-method signature="verifyProfileImage()[pri:4, instance:com.qa.gyruslearner.testcases.MyProfilePageTestCase@235834f2]" started-at="2025-11-18T18:35:03 IST" name="verifyProfileImage" finished-at="2025-11-18T18:35:11 IST" duration-ms="7858" status="PASS">
          <reporter-output>
          </reporter-output>
        </test-method> <!-- verifyProfileImage -->
        <test-method is-config="true" signature="pageRefresh()[pri:0, instance:com.qa.gyruslearner.testcases.MyProfilePageTestCase@235834f2]" started-at="2025-11-18T18:35:11 IST" name="pageRefresh" finished-at="2025-11-18T18:35:11 IST" duration-ms="13" status="PASS">
          <reporter-output>
          </reporter-output>
        </test-method> <!-- pageRefresh -->
        <test-method signature="verifyQRCodeDisplayed()[pri:5, instance:com.qa.gyruslearner.testcases.MyProfilePageTestCase@235834f2]" started-at="2025-11-18T18:35:11 IST" name="verifyQRCodeDisplayed" finished-at="2025-11-18T18:35:11 IST" duration-ms="18" status="PASS">
          <reporter-output>
          </reporter-output>
        </test-method> <!-- verifyQRCodeDisplayed -->
        <test-method is-config="true" signature="pageRefresh()[pri:0, instance:com.qa.gyruslearner.testcases.MyProfilePageTestCase@235834f2]" started-at="2025-11-18T18:35:11 IST" name="pageRefresh" finished-at="2025-11-18T18:35:11 IST" duration-ms="10" status="PASS">
          <reporter-output>
          </reporter-output>
        </test-method> <!-- pageRefresh -->
        <test-method signature="verifyBackToDashboardLink()[pri:6, instance:com.qa.gyruslearner.testcases.MyProfilePageTestCase@235834f2]" started-at="2025-11-18T18:35:11 IST" name="verifyBackToDashboardLink" finished-at="2025-11-18T18:35:12 IST" duration-ms="357" status="PASS">
          <reporter-output>
          </reporter-output>
        </test-method> <!-- verifyBackToDashboardLink -->
        <test-method is-config="true" signature="tearDown()[pri:0, instance:com.qa.gyruslearner.testcases.MyProfilePageTestCase@235834f2]" started-at="2025-11-18T18:35:12 IST" name="tearDown" finished-at="2025-11-18T18:35:12 IST" duration-ms="266" status="PASS">
          <reporter-output>
          </reporter-output>
        </test-method> <!-- tearDown -->
      </class> <!-- com.qa.gyruslearner.testcases.MyProfilePageTestCase -->
    </test> <!-- Default test -->
  </suite> <!-- Default suite -->
</testng-results>
