<?xml version="1.0" encoding="UTF-8"?>
<testng-results ignored="0" total="5" passed="5" failed="0" skipped="0">
  <reporter-output>
  </reporter-output>
  <suite started-at="2025-09-11T12:25:11 IST" name="Default suite" finished-at="2025-09-11T12:25:42 IST" duration-ms="31132">
    <groups>
    </groups>
    <test started-at="2025-09-11T12:25:11 IST" name="Default test" finished-at="2025-09-11T12:25:42 IST" duration-ms="31132">
      <class name="com.qa.gyruslearner.testcases.DashboardPageTestCase">
        <test-method is-config="true" signature="setUp()[pri:0, instance:com.qa.gyruslearner.testcases.DashboardPageTestCase@1aafa419]" started-at="2025-09-11T12:25:11 IST" name="setUp" finished-at="2025-09-11T12:25:18 IST" duration-ms="6555" status="PASS">
          <reporter-output>
          </reporter-output>
        </test-method> <!-- setUp -->
        <test-method signature="dashBoardUrlTest()[pri:1, instance:com.qa.gyruslearner.testcases.DashboardPageTestCase@1aafa419]" started-at="2025-09-11T12:25:18 IST" name="dashBoardUrlTest" finished-at="2025-09-11T12:25:30 IST" duration-ms="11937" status="PASS">
          <reporter-output>
          </reporter-output>
        </test-method> <!-- dashBoardUrlTest -->
        <test-method signature="dashBoardPageTitleTest()[pri:2, instance:com.qa.gyruslearner.testcases.DashboardPageTestCase@1aafa419]" started-at="2025-09-11T12:25:30 IST" name="dashBoardPageTitleTest" finished-at="2025-09-11T12:25:33 IST" duration-ms="3835" status="PASS">
          <reporter-output>
          </reporter-output>
        </test-method> <!-- dashBoardPageTitleTest -->
        <test-method signature="VerifyCompanyLogoInDashBoardTest()[pri:3, instance:com.qa.gyruslearner.testcases.DashboardPageTestCase@1aafa419]" started-at="2025-09-11T12:25:33 IST" name="VerifyCompanyLogoInDashBoardTest" finished-at="2025-09-11T12:25:33 IST" duration-ms="40" status="PASS">
          <reporter-output>
          </reporter-output>
        </test-method> <!-- VerifyCompanyLogoInDashBoardTest -->
        <test-method signature="verifyWelcomeHeadertextTest()[pri:4, instance:com.qa.gyruslearner.testcases.DashboardPageTestCase@1aafa419]" started-at="2025-09-11T12:25:33 IST" name="verifyWelcomeHeadertextTest" finished-at="2025-09-11T12:25:42 IST" duration-ms="8299" status="PASS">
          <reporter-output>
          </reporter-output>
        </test-method> <!-- verifyWelcomeHeadertextTest -->
        <test-method signature="verifyHeaderIconsFunctionality()[pri:6, instance:com.qa.gyruslearner.testcases.DashboardPageTestCase@1aafa419]" started-at="2025-09-11T12:25:42 IST" name="verifyHeaderIconsFunctionality" finished-at="2025-09-11T12:25:42 IST" duration-ms="204" status="PASS">
          <reporter-output>
          </reporter-output>
        </test-method> <!-- verifyHeaderIconsFunctionality -->
        <test-method is-config="true" signature="tearDown()[pri:0, instance:com.qa.gyruslearner.testcases.DashboardPageTestCase@1aafa419]" started-at="2025-09-11T12:25:42 IST" name="tearDown" finished-at="2025-09-11T12:25:42 IST" duration-ms="213" status="PASS">
          <reporter-output>
          </reporter-output>
        </test-method> <!-- tearDown -->
      </class> <!-- com.qa.gyruslearner.testcases.DashboardPageTestCase -->
    </test> <!-- Default test -->
  </suite> <!-- Default suite -->
</testng-results>
