<?xml version="1.0" encoding="UTF-8"?>
<testng-results ignored="0" total="5" passed="5" failed="0" skipped="0">
  <reporter-output>
  </reporter-output>
  <suite started-at="2025-09-08T16:50:03 IST" name="Default suite" finished-at="2025-09-08T16:50:12 IST" duration-ms="9654">
    <groups>
    </groups>
    <test started-at="2025-09-08T16:50:03 IST" name="Default test" finished-at="2025-09-08T16:50:12 IST" duration-ms="9654">
      <class name="com.qa.gyruslearner.testcases.SignUpPageTestCase">
        <test-method is-config="true" signature="setUp()[pri:0, instance:com.qa.gyruslearner.testcases.SignUpPageTestCase@55141def]" started-at="2025-09-08T16:50:03 IST" name="setUp" finished-at="2025-09-08T16:50:08 IST" duration-ms="5653" status="PASS">
          <reporter-output>
          </reporter-output>
        </test-method> <!-- setUp -->
        <test-method signature="verifySignUpUrlTest()[pri:1, instance:com.qa.gyruslearner.testcases.SignUpPageTestCase@55141def]" started-at="2025-09-08T16:50:08 IST" name="verifySignUpUrlTest" finished-at="2025-09-08T16:50:12 IST" duration-ms="3395" status="PASS">
          <reporter-output>
          </reporter-output>
        </test-method> <!-- verifySignUpUrlTest -->
        <test-method signature="verifySignUpPageTitle()[pri:2, instance:com.qa.gyruslearner.testcases.SignUpPageTestCase@55141def]" started-at="2025-09-08T16:50:12 IST" name="verifySignUpPageTitle" finished-at="2025-09-08T16:50:12 IST" duration-ms="19" status="PASS">
          <reporter-output>
          </reporter-output>
        </test-method> <!-- verifySignUpPageTitle -->
        <test-method signature="verifyCompnayLogoAndHeadingTextTest()[pri:3, instance:com.qa.gyruslearner.testcases.SignUpPageTestCase@55141def]" started-at="2025-09-08T16:50:12 IST" name="verifyCompnayLogoAndHeadingTextTest" finished-at="2025-09-08T16:50:12 IST" duration-ms="72" status="PASS">
          <reporter-output>
          </reporter-output>
        </test-method> <!-- verifyCompnayLogoAndHeadingTextTest -->
        <test-method signature="verifyMandatoryFieldsDisplayedTest()[pri:4, instance:com.qa.gyruslearner.testcases.SignUpPageTestCase@55141def]" started-at="2025-09-08T16:50:12 IST" name="verifyMandatoryFieldsDisplayedTest" finished-at="2025-09-08T16:50:12 IST" duration-ms="162" status="PASS">
          <reporter-output>
          </reporter-output>
        </test-method> <!-- verifyMandatoryFieldsDisplayedTest -->
        <test-method signature="verifyCaptchaDisplayedTest()[pri:5, instance:com.qa.gyruslearner.testcases.SignUpPageTestCase@55141def]" started-at="2025-09-08T16:50:12 IST" name="verifyCaptchaDisplayedTest" finished-at="2025-09-08T16:50:12 IST" duration-ms="53" status="PASS">
          <reporter-output>
          </reporter-output>
        </test-method> <!-- verifyCaptchaDisplayedTest -->
        <test-method is-config="true" signature="tearDown()[pri:0, instance:com.qa.gyruslearner.testcases.SignUpPageTestCase@55141def]" started-at="2025-09-08T16:50:12 IST" name="tearDown" finished-at="2025-09-08T16:50:12 IST" duration-ms="251" status="PASS">
          <reporter-output>
          </reporter-output>
        </test-method> <!-- tearDown -->
      </class> <!-- com.qa.gyruslearner.testcases.SignUpPageTestCase -->
    </test> <!-- Default test -->
  </suite> <!-- Default suite -->
</testng-results>
