<?xml version="1.0" encoding="UTF-8"?>
<testng-results ignored="0" total="87" passed="55" failed="4" skipped="28">
  <reporter-output>
  </reporter-output>
  <suite started-at="2026-05-13T14:15:41 IST" name="Gyrus Automation Suite" finished-at="2026-05-13T14:26:37 IST" duration-ms="656174">
    <groups>
      <group name="regression">
        <method signature="GapAnalysisPageTestCase.verifyGapAnalysisUrlTest()[pri:1, instance:com.qa.gyruslearner.testcases.GapAnalysisPageTestCase@16a0ee18]" name="verifyGapAnalysisUrlTest" class="com.qa.gyruslearner.testcases.GapAnalysisPageTestCase"/>
        <method signature="IDPPageTestCase.verifyMyLearnerLinkTest()[pri:1, instance:com.qa.gyruslearner.testcases.IDPPageTestCase@fa49800]" name="verifyMyLearnerLinkTest" class="com.qa.gyruslearner.testcases.IDPPageTestCase"/>
        <method signature="MyAssessmentsPageTestCase.verifyGapAnalysisUrlTest()[pri:1, instance:com.qa.gyruslearner.testcases.MyAssessmentsPageTestCase@3d6f0054]" name="verifyGapAnalysisUrlTest" class="com.qa.gyruslearner.testcases.MyAssessmentsPageTestCase"/>
        <method signature="MyEnrollmentPageTestCase.verifyMyEnrollmentUrlTest()[pri:1, instance:com.qa.gyruslearner.testcases.MyEnrollmentPageTestCase@71238fc2]" name="verifyMyEnrollmentUrlTest" class="com.qa.gyruslearner.testcases.MyEnrollmentPageTestCase"/>
        <method signature="MyEvaluationsPageTestCase.verifyMyEvaluationsUrlTest()[pri:1, instance:com.qa.gyruslearner.testcases.MyEvaluationsPageTestCase@505fc5a4]" name="verifyMyEvaluationsUrlTest" class="com.qa.gyruslearner.testcases.MyEvaluationsPageTestCase"/>
        <method signature="TrainingTranscriptPageTestCase.verifyTrainingTranscriptUrlTest()[pri:1, instance:com.qa.gyruslearner.testcases.TrainingTranscriptPageTestCase@2a54a73f]" name="verifyTrainingTranscriptUrlTest" class="com.qa.gyruslearner.testcases.TrainingTranscriptPageTestCase"/>
        <method signature="DashboardPageTestCase.VerifyCompanyLogoInDashBoardTest()[pri:3, instance:com.qa.gyruslearner.testcases.DashboardPageTestCase@fba92d3]" name="VerifyCompanyLogoInDashBoardTest" class="com.qa.gyruslearner.testcases.DashboardPageTestCase"/>
        <method signature="LoginPageTestCase.verifyLoginHeadertextTest()[pri:5, instance:com.qa.gyruslearner.testcases.LoginPageTestCase@28f3b248]" name="verifyLoginHeadertextTest" class="com.qa.gyruslearner.testcases.LoginPageTestCase"/>
        <method signature="MyProfilePageTestCase.verifyQRCodeDisplayed()[pri:5, instance:com.qa.gyruslearner.testcases.MyProfilePageTestCase@662b4c69]" name="verifyQRCodeDisplayed" class="com.qa.gyruslearner.testcases.MyProfilePageTestCase"/>
        <method signature="MyProfilePageTestCase.verifyEditProfilePanelExpandCollapse()[pri:6, instance:com.qa.gyruslearner.testcases.MyProfilePageTestCase@662b4c69]" name="verifyEditProfilePanelExpandCollapse" class="com.qa.gyruslearner.testcases.MyProfilePageTestCase"/>
        <method signature="IDPPageTestCase.verifyAllElearningQuickFilterTest()[pri:7, instance:com.qa.gyruslearner.testcases.IDPPageTestCase@fa49800]" name="verifyAllElearningQuickFilterTest" class="com.qa.gyruslearner.testcases.IDPPageTestCase"/>
        <method signature="MyProfilePageTestCase.verifySecurityPanelExpandCollapse()[pri:7, instance:com.qa.gyruslearner.testcases.MyProfilePageTestCase@662b4c69]" name="verifySecurityPanelExpandCollapse" class="com.qa.gyruslearner.testcases.MyProfilePageTestCase"/>
        <method signature="DashboardPageTestCase.verifyStatisticsDisplayed()[pri:8, instance:com.qa.gyruslearner.testcases.DashboardPageTestCase@fba92d3]" name="verifyStatisticsDisplayed" class="com.qa.gyruslearner.testcases.DashboardPageTestCase"/>
        <method signature="IDPPageTestCase.verifyAssessmentsQuickFilterTest()[pri:8, instance:com.qa.gyruslearner.testcases.IDPPageTestCase@fa49800]" name="verifyAssessmentsQuickFilterTest" class="com.qa.gyruslearner.testcases.IDPPageTestCase"/>
        <method signature="MyProfilePageTestCase.verifyCFR21SecurityPanelExpandCollapse()[pri:8, instance:com.qa.gyruslearner.testcases.MyProfilePageTestCase@662b4c69]" name="verifyCFR21SecurityPanelExpandCollapse" class="com.qa.gyruslearner.testcases.MyProfilePageTestCase"/>
        <method signature="DashboardPageTestCase.verifyStatisticsWithFilters()[pri:9, instance:com.qa.gyruslearner.testcases.DashboardPageTestCase@fba92d3]" name="verifyStatisticsWithFilters" class="com.qa.gyruslearner.testcases.DashboardPageTestCase"/>
        <method signature="IDPPageTestCase.verifyCertificationQuickFilterTest()[pri:9, instance:com.qa.gyruslearner.testcases.IDPPageTestCase@fa49800]" name="verifyCertificationQuickFilterTest" class="com.qa.gyruslearner.testcases.IDPPageTestCase"/>
        <method signature="MyProfilePageTestCase.verifyTimeZoneSettingsPanelExpandCollapse()[pri:9, instance:com.qa.gyruslearner.testcases.MyProfilePageTestCase@662b4c69]" name="verifyTimeZoneSettingsPanelExpandCollapse" class="com.qa.gyruslearner.testcases.MyProfilePageTestCase"/>
        <method signature="IDPPageTestCase.verifyDocumentQuickFilterTest()[pri:10, instance:com.qa.gyruslearner.testcases.IDPPageTestCase@fa49800]" name="verifyDocumentQuickFilterTest" class="com.qa.gyruslearner.testcases.IDPPageTestCase"/>
        <method signature="MyProfilePageTestCase.verifyThemePanelExpandCollapse()[pri:10, instance:com.qa.gyruslearner.testcases.MyProfilePageTestCase@662b4c69]" name="verifyThemePanelExpandCollapse" class="com.qa.gyruslearner.testcases.MyProfilePageTestCase"/>
        <method signature="DashboardPageTestCase.verifyLearningStatusInProgressDataTest()[pri:11, instance:com.qa.gyruslearner.testcases.DashboardPageTestCase@fba92d3]" name="verifyLearningStatusInProgressDataTest" class="com.qa.gyruslearner.testcases.DashboardPageTestCase"/>
        <method signature="IDPPageTestCase.verifyQuickFilterDailgoBoxTest()[pri:11, instance:com.qa.gyruslearner.testcases.IDPPageTestCase@fa49800]" name="verifyQuickFilterDailgoBoxTest" class="com.qa.gyruslearner.testcases.IDPPageTestCase"/>
        <method signature="MyProfilePageTestCase.verifyLanguageDropdown()[pri:11, instance:com.qa.gyruslearner.testcases.MyProfilePageTestCase@662b4c69]" name="verifyLanguageDropdown" class="com.qa.gyruslearner.testcases.MyProfilePageTestCase"/>
        <method signature="DashboardPageTestCase.verifyLearningStatusNotStartedDataTest()[pri:12, instance:com.qa.gyruslearner.testcases.DashboardPageTestCase@fba92d3]" name="verifyLearningStatusNotStartedDataTest" class="com.qa.gyruslearner.testcases.DashboardPageTestCase"/>
        <method signature="IDPPageTestCase.verifyElearnigQuickFilterTest()[pri:12, instance:com.qa.gyruslearner.testcases.IDPPageTestCase@fa49800]" name="verifyElearnigQuickFilterTest" class="com.qa.gyruslearner.testcases.IDPPageTestCase"/>
        <method signature="MyProfilePageTestCase.verifyDateFormaDropdown()[pri:12, instance:com.qa.gyruslearner.testcases.MyProfilePageTestCase@662b4c69]" name="verifyDateFormaDropdown" class="com.qa.gyruslearner.testcases.MyProfilePageTestCase"/>
        <method signature="DashboardPageTestCase.verifyMySheduleDataTest()[pri:13, instance:com.qa.gyruslearner.testcases.DashboardPageTestCase@fba92d3]" name="verifyMySheduleDataTest" class="com.qa.gyruslearner.testcases.DashboardPageTestCase"/>
        <method signature="IDPPageTestCase.verifyExternalLinkQuickFilterTest()[pri:13, instance:com.qa.gyruslearner.testcases.IDPPageTestCase@fa49800]" name="verifyExternalLinkQuickFilterTest" class="com.qa.gyruslearner.testcases.IDPPageTestCase"/>
        <method signature="DashboardPageTestCase.verifyAssignedTrainingsRecentlyAssignedDataTest()[pri:14, instance:com.qa.gyruslearner.testcases.DashboardPageTestCase@fba92d3]" name="verifyAssignedTrainingsRecentlyAssignedDataTest" class="com.qa.gyruslearner.testcases.DashboardPageTestCase"/>
        <method signature="IDPPageTestCase.verifyILTQuickFilterTest()[pri:14, instance:com.qa.gyruslearner.testcases.IDPPageTestCase@fa49800]" name="verifyILTQuickFilterTest" class="com.qa.gyruslearner.testcases.IDPPageTestCase"/>
        <method signature="LoginPageTestCase.verifyLastLoginAttemptMessageTest(java.lang.String,java.lang.String)[pri:14, instance:com.qa.gyruslearner.testcases.LoginPageTestCase@28f3b248]" name="verifyLastLoginAttemptMessageTest" class="com.qa.gyruslearner.testcases.LoginPageTestCase"/>
        <method signature="DashboardPageTestCase.verifyAssignedTrainingsDueDataTest()[pri:15, instance:com.qa.gyruslearner.testcases.DashboardPageTestCase@fba92d3]" name="verifyAssignedTrainingsDueDataTest" class="com.qa.gyruslearner.testcases.DashboardPageTestCase"/>
        <method signature="IDPPageTestCase.verifyLearningPathQuickFilterTest()[pri:15, instance:com.qa.gyruslearner.testcases.IDPPageTestCase@fa49800]" name="verifyLearningPathQuickFilterTest" class="com.qa.gyruslearner.testcases.IDPPageTestCase"/>
        <method signature="LoginPageTestCase.verifyAccountLockAfterFailedAttemptTest(java.lang.String,java.lang.String)[pri:15, instance:com.qa.gyruslearner.testcases.LoginPageTestCase@28f3b248]" name="verifyAccountLockAfterFailedAttemptTest" class="com.qa.gyruslearner.testcases.LoginPageTestCase"/>
        <method signature="MyProfilePageTestCase.verifyTimeZoneSettingsDisplayTest()[pri:15, instance:com.qa.gyruslearner.testcases.MyProfilePageTestCase@662b4c69]" name="verifyTimeZoneSettingsDisplayTest" class="com.qa.gyruslearner.testcases.MyProfilePageTestCase"/>
        <method signature="DashboardPageTestCase.verifyAssignedTrainingsOverDueDataTest()[pri:16, instance:com.qa.gyruslearner.testcases.DashboardPageTestCase@fba92d3]" name="verifyAssignedTrainingsOverDueDataTest" class="com.qa.gyruslearner.testcases.DashboardPageTestCase"/>
        <method signature="IDPPageTestCase.verifyMsTeamQuickFilterTest()[pri:16, instance:com.qa.gyruslearner.testcases.IDPPageTestCase@fa49800]" name="verifyMsTeamQuickFilterTest" class="com.qa.gyruslearner.testcases.IDPPageTestCase"/>
        <method signature="MyProfilePageTestCase.verifyTimeZoneSettingsTest()[pri:16, instance:com.qa.gyruslearner.testcases.MyProfilePageTestCase@662b4c69]" name="verifyTimeZoneSettingsTest" class="com.qa.gyruslearner.testcases.MyProfilePageTestCase"/>
        <method signature="DashboardPageTestCase.verifyRecentBadgesDataTest()[pri:17, instance:com.qa.gyruslearner.testcases.DashboardPageTestCase@fba92d3]" name="verifyRecentBadgesDataTest" class="com.qa.gyruslearner.testcases.DashboardPageTestCase"/>
        <method signature="IDPPageTestCase.verifyStatusCompleteQuickFilterTest(java.lang.String,java.lang.String)[pri:17, instance:com.qa.gyruslearner.testcases.IDPPageTestCase@fa49800]" name="verifyStatusCompleteQuickFilterTest" class="com.qa.gyruslearner.testcases.IDPPageTestCase"/>
        <method signature="MyProfilePageTestCase.verifyThemeTest()[pri:17, instance:com.qa.gyruslearner.testcases.MyProfilePageTestCase@662b4c69]" name="verifyThemeTest" class="com.qa.gyruslearner.testcases.MyProfilePageTestCase"/>
        <method signature="DashboardPageTestCase.verifyLeaderboardDataTest()[pri:18, instance:com.qa.gyruslearner.testcases.DashboardPageTestCase@fba92d3]" name="verifyLeaderboardDataTest" class="com.qa.gyruslearner.testcases.DashboardPageTestCase"/>
        <method signature="IDPPageTestCase.verifyRatingQuickFilterTest(java.lang.String)[pri:18, instance:com.qa.gyruslearner.testcases.IDPPageTestCase@fa49800]" name="verifyRatingQuickFilterTest" class="com.qa.gyruslearner.testcases.IDPPageTestCase"/>
        <method signature="DashboardPageTestCase.verifyActivityFeedsDataTest()[pri:19, instance:com.qa.gyruslearner.testcases.DashboardPageTestCase@fba92d3]" name="verifyActivityFeedsDataTest" class="com.qa.gyruslearner.testcases.DashboardPageTestCase"/>
        <method signature="IDPPageTestCase.verifyDueDateInQuickFilterTest(java.lang.String)[pri:19, instance:com.qa.gyruslearner.testcases.IDPPageTestCase@fa49800]" name="verifyDueDateInQuickFilterTest" class="com.qa.gyruslearner.testcases.IDPPageTestCase"/>
        <method signature="MyProfilePageTestCase.VerifyUploadhphotoTest()[pri:19, instance:com.qa.gyruslearner.testcases.MyProfilePageTestCase@662b4c69]" name="VerifyUploadhphotoTest" class="com.qa.gyruslearner.testcases.MyProfilePageTestCase"/>
        <method signature="DashboardPageTestCase.verifyCertificationsDataTest()[pri:20, instance:com.qa.gyruslearner.testcases.DashboardPageTestCase@fba92d3]" name="verifyCertificationsDataTest" class="com.qa.gyruslearner.testcases.DashboardPageTestCase"/>
        <method signature="IDPPageTestCase.verifyTrainingGroupInQuickFilterTest(java.lang.String,java.lang.String)[pri:20, instance:com.qa.gyruslearner.testcases.IDPPageTestCase@fa49800]" name="verifyTrainingGroupInQuickFilterTest" class="com.qa.gyruslearner.testcases.IDPPageTestCase"/>
        <method signature="DashboardPageTestCase.verifymainMenuItemsDataTest()[pri:21, instance:com.qa.gyruslearner.testcases.DashboardPageTestCase@fba92d3]" name="verifymainMenuItemsDataTest" class="com.qa.gyruslearner.testcases.DashboardPageTestCase"/>
        <method signature="IDPPageTestCase.verifyCategoryInQuickFilterTest(java.lang.String)[pri:21, instance:com.qa.gyruslearner.testcases.IDPPageTestCase@fa49800]" name="verifyCategoryInQuickFilterTest" class="com.qa.gyruslearner.testcases.IDPPageTestCase"/>
        <method signature="IDPPageTestCase.verifyFreeInQuickFilterTest()[pri:22, instance:com.qa.gyruslearner.testcases.IDPPageTestCase@fa49800]" name="verifyFreeInQuickFilterTest" class="com.qa.gyruslearner.testcases.IDPPageTestCase"/>
        <method signature="IDPPageTestCase.VerifyIdealCoachTextTest()[pri:23, instance:com.qa.gyruslearner.testcases.IDPPageTestCase@fa49800]" name="VerifyIdealCoachTextTest" class="com.qa.gyruslearner.testcases.IDPPageTestCase"/>
        <method signature="LoginPageTestCase.isCompanyLogoExitsTest()[pri:3, instance:com.qa.gyruslearner.testcases.LoginPageTestCase@28f3b248]" name="isCompanyLogoExitsTest" class="com.qa.gyruslearner.testcases.LoginPageTestCase"/>
        <method signature="LoginPageTestCase.isBackGroundImageExitsTest()[pri:4, instance:com.qa.gyruslearner.testcases.LoginPageTestCase@28f3b248]" name="isBackGroundImageExitsTest" class="com.qa.gyruslearner.testcases.LoginPageTestCase"/>
        <method signature="LoginPageTestCase.verifyForgotPasswordTest()[pri:8, instance:com.qa.gyruslearner.testcases.LoginPageTestCase@28f3b248]" name="verifyForgotPasswordTest" class="com.qa.gyruslearner.testcases.LoginPageTestCase"/>
        <method signature="LoginPageTestCase.verifySignUplinkButtonTest()[pri:9, instance:com.qa.gyruslearner.testcases.LoginPageTestCase@28f3b248]" name="verifySignUplinkButtonTest" class="com.qa.gyruslearner.testcases.LoginPageTestCase"/>
        <method signature="LoginPageTestCase.verifyPasswordFieldEncryptedTest()[pri:10, instance:com.qa.gyruslearner.testcases.LoginPageTestCase@28f3b248]" name="verifyPasswordFieldEncryptedTest" class="com.qa.gyruslearner.testcases.LoginPageTestCase"/>
        <method signature="LoginPageTestCase.verifyFirstTimeLoginRedirectsToChangePasswordTest(java.lang.String,java.lang.String)[pri:11, instance:com.qa.gyruslearner.testcases.LoginPageTestCase@28f3b248]" name="verifyFirstTimeLoginRedirectsToChangePasswordTest" class="com.qa.gyruslearner.testcases.LoginPageTestCase"/>
        <method signature="LoginPageTestCase.verifyValidUserNameAndWrongPassTest(java.lang.String,java.lang.String)[pri:12, instance:com.qa.gyruslearner.testcases.LoginPageTestCase@28f3b248]" name="verifyValidUserNameAndWrongPassTest" class="com.qa.gyruslearner.testcases.LoginPageTestCase"/>
        <method signature="LoginPageTestCase.verifyWrongUserNameAndValidPassTest(java.lang.String,java.lang.String)[pri:13, instance:com.qa.gyruslearner.testcases.LoginPageTestCase@28f3b248]" name="verifyWrongUserNameAndValidPassTest" class="com.qa.gyruslearner.testcases.LoginPageTestCase"/>
      </group> <!-- regression -->
      <group name="smoke">
        <method signature="DashboardPageTestCase.dashBoardUrlTest()[pri:1, instance:com.qa.gyruslearner.testcases.DashboardPageTestCase@fba92d3]" name="dashBoardUrlTest" class="com.qa.gyruslearner.testcases.DashboardPageTestCase"/>
        <method signature="MyProfilePageTestCase.myProfileUrlTest()[pri:1, instance:com.qa.gyruslearner.testcases.MyProfilePageTestCase@662b4c69]" name="myProfileUrlTest" class="com.qa.gyruslearner.testcases.MyProfilePageTestCase"/>
        <method signature="DashboardPageTestCase.dashBoardPageTitleTest()[pri:2, instance:com.qa.gyruslearner.testcases.DashboardPageTestCase@fba92d3]" name="dashBoardPageTitleTest" class="com.qa.gyruslearner.testcases.DashboardPageTestCase"/>
        <method signature="GapAnalysisPageTestCase.verifyGapAnalysisTitileTest()[pri:2, instance:com.qa.gyruslearner.testcases.GapAnalysisPageTestCase@16a0ee18]" name="verifyGapAnalysisTitileTest" class="com.qa.gyruslearner.testcases.GapAnalysisPageTestCase"/>
        <method signature="IDPPageTestCase.verifyidpUrlTest()[pri:2, instance:com.qa.gyruslearner.testcases.IDPPageTestCase@fa49800]" name="verifyidpUrlTest" class="com.qa.gyruslearner.testcases.IDPPageTestCase"/>
        <method signature="MyAssessmentsPageTestCase.verifyMyAssessmentTitileTest()[pri:2, instance:com.qa.gyruslearner.testcases.MyAssessmentsPageTestCase@3d6f0054]" name="verifyMyAssessmentTitileTest" class="com.qa.gyruslearner.testcases.MyAssessmentsPageTestCase"/>
        <method signature="MyEnrollmentPageTestCase.verifyMyEndrollmentTitileTest()[pri:2, instance:com.qa.gyruslearner.testcases.MyEnrollmentPageTestCase@71238fc2]" name="verifyMyEndrollmentTitileTest" class="com.qa.gyruslearner.testcases.MyEnrollmentPageTestCase"/>
        <method signature="MyEvaluationsPageTestCase.verifyMyEvaluationsTitileTest()[pri:2, instance:com.qa.gyruslearner.testcases.MyEvaluationsPageTestCase@505fc5a4]" name="verifyMyEvaluationsTitileTest" class="com.qa.gyruslearner.testcases.MyEvaluationsPageTestCase"/>
        <method signature="MyProfilePageTestCase.myprofileTitleTest()[pri:2, instance:com.qa.gyruslearner.testcases.MyProfilePageTestCase@662b4c69]" name="myprofileTitleTest" class="com.qa.gyruslearner.testcases.MyProfilePageTestCase"/>
        <method signature="TrainingTranscriptPageTestCase.verifyTrainingTranscriptTitileTest()[pri:2, instance:com.qa.gyruslearner.testcases.TrainingTranscriptPageTestCase@2a54a73f]" name="verifyTrainingTranscriptTitileTest" class="com.qa.gyruslearner.testcases.TrainingTranscriptPageTestCase"/>
        <method signature="IDPPageTestCase.verifyIDPPageTitileTest()[pri:3, instance:com.qa.gyruslearner.testcases.IDPPageTestCase@fa49800]" name="verifyIDPPageTitileTest" class="com.qa.gyruslearner.testcases.IDPPageTestCase"/>
        <method signature="MyProfilePageTestCase.verifyUserProfileDetails()[pri:3, instance:com.qa.gyruslearner.testcases.MyProfilePageTestCase@662b4c69]" name="verifyUserProfileDetails" class="com.qa.gyruslearner.testcases.MyProfilePageTestCase"/>
        <method signature="DashboardPageTestCase.verifyWelcomeHeadertextAndSlidersTest()[pri:4, instance:com.qa.gyruslearner.testcases.DashboardPageTestCase@fba92d3]" name="verifyWelcomeHeadertextAndSlidersTest" class="com.qa.gyruslearner.testcases.DashboardPageTestCase"/>
        <method signature="IDPPageTestCase.verifyIDPHeaderPageTitleTest()[pri:4, instance:com.qa.gyruslearner.testcases.IDPPageTestCase@fa49800]" name="verifyIDPHeaderPageTitleTest" class="com.qa.gyruslearner.testcases.IDPPageTestCase"/>
        <method signature="MyProfilePageTestCase.verifyProfileImage()[pri:4, instance:com.qa.gyruslearner.testcases.MyProfilePageTestCase@662b4c69]" name="verifyProfileImage" class="com.qa.gyruslearner.testcases.MyProfilePageTestCase"/>
        <method signature="DashboardPageTestCase.verifyCalenderDisplayTest()[pri:5, instance:com.qa.gyruslearner.testcases.DashboardPageTestCase@fba92d3]" name="verifyCalenderDisplayTest" class="com.qa.gyruslearner.testcases.DashboardPageTestCase"/>
        <method signature="IDPPageTestCase.verifyAllCardLoadedAndCountTest()[pri:5, instance:com.qa.gyruslearner.testcases.IDPPageTestCase@fa49800]" name="verifyAllCardLoadedAndCountTest" class="com.qa.gyruslearner.testcases.IDPPageTestCase"/>
        <method signature="DashboardPageTestCase.verifyProfilePopUpTest()[pri:6, instance:com.qa.gyruslearner.testcases.DashboardPageTestCase@fba92d3]" name="verifyProfilePopUpTest" class="com.qa.gyruslearner.testcases.DashboardPageTestCase"/>
        <method signature="IDPPageTestCase.verifyAllCardsStatusAndpercentageTest()[pri:6, instance:com.qa.gyruslearner.testcases.IDPPageTestCase@fa49800]" name="verifyAllCardsStatusAndpercentageTest" class="com.qa.gyruslearner.testcases.IDPPageTestCase"/>
        <method signature="DashboardPageTestCase.verifyQuickLinksTest()[pri:7, instance:com.qa.gyruslearner.testcases.DashboardPageTestCase@fba92d3]" name="verifyQuickLinksTest" class="com.qa.gyruslearner.testcases.DashboardPageTestCase"/>
        <method signature="MyProfilePageTestCase.verifyBackToDashboardLink()[pri:18, instance:com.qa.gyruslearner.testcases.MyProfilePageTestCase@662b4c69]" name="verifyBackToDashboardLink" class="com.qa.gyruslearner.testcases.MyProfilePageTestCase"/>
        <method signature="IDPPageTestCase.verifySearchFunctionality(java.lang.String,java.lang.String,java.lang.String)[pri:24, instance:com.qa.gyruslearner.testcases.IDPPageTestCase@fa49800]" name="verifySearchFunctionality" class="com.qa.gyruslearner.testcases.IDPPageTestCase"/>
        <method signature="LoginPageTestCase.LoginPageTitleTest()[pri:1, instance:com.qa.gyruslearner.testcases.LoginPageTestCase@28f3b248]" name="LoginPageTitleTest" class="com.qa.gyruslearner.testcases.LoginPageTestCase"/>
        <method signature="LoginPageTestCase.LoginPageUrlTest()[pri:2, instance:com.qa.gyruslearner.testcases.LoginPageTestCase@28f3b248]" name="LoginPageUrlTest" class="com.qa.gyruslearner.testcases.LoginPageTestCase"/>
        <method signature="LoginPageTestCase.verifyUsernameAndPasswordFieldsTest()[pri:6, instance:com.qa.gyruslearner.testcases.LoginPageTestCase@28f3b248]" name="verifyUsernameAndPasswordFieldsTest" class="com.qa.gyruslearner.testcases.LoginPageTestCase"/>
        <method signature="LoginPageTestCase.isSingInbuttonExitsAndEnableTest()[pri:7, instance:com.qa.gyruslearner.testcases.LoginPageTestCase@28f3b248]" name="isSingInbuttonExitsAndEnableTest" class="com.qa.gyruslearner.testcases.LoginPageTestCase"/>
        <method signature="LoginPageTestCase.verifyValidLoginTest(java.lang.String,java.lang.String)[pri:16, instance:com.qa.gyruslearner.testcases.LoginPageTestCase@28f3b248]" name="verifyValidLoginTest" class="com.qa.gyruslearner.testcases.LoginPageTestCase"/>
      </group> <!-- smoke -->
    </groups>
    <test started-at="2026-05-13T14:15:41 IST" name="Automation Smoke Testing" finished-at="2026-05-13T14:26:37 IST" duration-ms="656174">
      <class name="com.qa.gyruslearner.testcases.MyAssessmentsPageTestCase">
        <test-method is-config="true" signature="setUp()[pri:0, instance:com.qa.gyruslearner.testcases.MyAssessmentsPageTestCase@3d6f0054]" started-at="2026-05-13T14:24:58 IST" name="setUp" finished-at="2026-05-13T14:25:13 IST" duration-ms="15182" status="PASS">
          <reporter-output>
          </reporter-output>
        </test-method> <!-- setUp -->
        <test-method is-config="true" signature="pageRefresh()[pri:0, instance:com.qa.gyruslearner.testcases.MyAssessmentsPageTestCase@3d6f0054]" started-at="2026-05-13T14:25:13 IST" name="pageRefresh" finished-at="2026-05-13T14:25:14 IST" duration-ms="381" status="PASS">
          <reporter-output>
          </reporter-output>
        </test-method> <!-- pageRefresh -->
        <test-method signature="verifyGapAnalysisUrlTest()[pri:1, instance:com.qa.gyruslearner.testcases.MyAssessmentsPageTestCase@3d6f0054]" started-at="2026-05-13T14:25:14 IST" name="verifyGapAnalysisUrlTest" finished-at="2026-05-13T14:25:46 IST" duration-ms="32268" status="PASS">
          <reporter-output>
          </reporter-output>
        </test-method> <!-- verifyGapAnalysisUrlTest -->
        <test-method is-config="true" signature="pageRefresh()[pri:0, instance:com.qa.gyruslearner.testcases.MyAssessmentsPageTestCase@3d6f0054]" started-at="2026-05-13T14:25:46 IST" name="pageRefresh" finished-at="2026-05-13T14:25:46 IST" duration-ms="121" status="PASS">
          <reporter-output>
          </reporter-output>
        </test-method> <!-- pageRefresh -->
        <test-method signature="verifyMyAssessmentTitileTest()[pri:2, instance:com.qa.gyruslearner.testcases.MyAssessmentsPageTestCase@3d6f0054]" started-at="2026-05-13T14:25:46 IST" name="verifyMyAssessmentTitileTest" finished-at="2026-05-13T14:25:46 IST" duration-ms="13" status="PASS">
          <reporter-output>
          </reporter-output>
        </test-method> <!-- verifyMyAssessmentTitileTest -->
        <test-method is-config="true" signature="tearDown()[pri:0, instance:com.qa.gyruslearner.testcases.MyAssessmentsPageTestCase@3d6f0054]" started-at="2026-05-13T14:25:46 IST" name="tearDown" finished-at="2026-05-13T14:25:47 IST" duration-ms="460" status="PASS">
          <reporter-output>
          </reporter-output>
        </test-method> <!-- tearDown -->
      </class> <!-- com.qa.gyruslearner.testcases.MyAssessmentsPageTestCase -->
      <class name="com.qa.gyruslearner.testcases.GapAnalysisPageTestCase">
        <test-method is-config="true" signature="setUp()[pri:0, instance:com.qa.gyruslearner.testcases.GapAnalysisPageTestCase@16a0ee18]" started-at="2026-05-13T14:24:10 IST" name="setUp" finished-at="2026-05-13T14:24:27 IST" duration-ms="17452" status="PASS">
          <reporter-output>
          </reporter-output>
        </test-method> <!-- setUp -->
        <test-method is-config="true" signature="pageRefresh()[pri:0, instance:com.qa.gyruslearner.testcases.GapAnalysisPageTestCase@16a0ee18]" started-at="2026-05-13T14:24:27 IST" name="pageRefresh" finished-at="2026-05-13T14:24:41 IST" duration-ms="13611" status="PASS">
          <reporter-output>
          </reporter-output>
        </test-method> <!-- pageRefresh -->
        <test-method signature="verifyGapAnalysisUrlTest()[pri:1, instance:com.qa.gyruslearner.testcases.GapAnalysisPageTestCase@16a0ee18]" started-at="2026-05-13T14:24:41 IST" name="verifyGapAnalysisUrlTest" finished-at="2026-05-13T14:24:57 IST" duration-ms="16600" status="PASS">
          <reporter-output>
          </reporter-output>
        </test-method> <!-- verifyGapAnalysisUrlTest -->
        <test-method is-config="true" signature="pageRefresh()[pri:0, instance:com.qa.gyruslearner.testcases.GapAnalysisPageTestCase@16a0ee18]" started-at="2026-05-13T14:24:57 IST" name="pageRefresh" finished-at="2026-05-13T14:24:57 IST" duration-ms="79" status="PASS">
          <reporter-output>
          </reporter-output>
        </test-method> <!-- pageRefresh -->
        <test-method signature="verifyGapAnalysisTitileTest()[pri:2, instance:com.qa.gyruslearner.testcases.GapAnalysisPageTestCase@16a0ee18]" started-at="2026-05-13T14:24:57 IST" name="verifyGapAnalysisTitileTest" finished-at="2026-05-13T14:24:58 IST" duration-ms="544" status="PASS">
          <reporter-output>
          </reporter-output>
        </test-method> <!-- verifyGapAnalysisTitileTest -->
        <test-method is-config="true" signature="tearDown()[pri:0, instance:com.qa.gyruslearner.testcases.GapAnalysisPageTestCase@16a0ee18]" started-at="2026-05-13T14:24:58 IST" name="tearDown" finished-at="2026-05-13T14:24:58 IST" duration-ms="428" status="PASS">
          <reporter-output>
          </reporter-output>
        </test-method> <!-- tearDown -->
      </class> <!-- com.qa.gyruslearner.testcases.GapAnalysisPageTestCase -->
      <class name="com.qa.gyruslearner.testcases.MyProfilePageTestCase">
        <test-method is-config="true" signature="setUp()[pri:0, instance:com.qa.gyruslearner.testcases.MyProfilePageTestCase@662b4c69]" started-at="2026-05-13T14:20:57 IST" name="setUp" finished-at="2026-05-13T14:21:12 IST" duration-ms="15436" status="PASS">
          <reporter-output>
          </reporter-output>
        </test-method> <!-- setUp -->
        <test-method is-config="true" signature="pageRefresh()[pri:0, instance:com.qa.gyruslearner.testcases.MyProfilePageTestCase@662b4c69]" started-at="2026-05-13T14:21:12 IST" name="pageRefresh" finished-at="2026-05-13T14:21:48 IST" duration-ms="36138" status="PASS">
          <reporter-output>
          </reporter-output>
        </test-method> <!-- pageRefresh -->
        <test-method signature="myProfileUrlTest()[pri:1, instance:com.qa.gyruslearner.testcases.MyProfilePageTestCase@662b4c69]" started-at="2026-05-13T14:21:48 IST" name="myProfileUrlTest" finished-at="2026-05-13T14:21:49 IST" duration-ms="588" status="PASS">
          <reporter-output>
          </reporter-output>
        </test-method> <!-- myProfileUrlTest -->
        <test-method is-config="true" signature="pageRefresh()[pri:0, instance:com.qa.gyruslearner.testcases.MyProfilePageTestCase@662b4c69]" started-at="2026-05-13T14:21:49 IST" name="pageRefresh" finished-at="2026-05-13T14:21:49 IST" duration-ms="24" status="PASS">
          <reporter-output>
          </reporter-output>
        </test-method> <!-- pageRefresh -->
        <test-method signature="myprofileTitleTest()[pri:2, instance:com.qa.gyruslearner.testcases.MyProfilePageTestCase@662b4c69]" started-at="2026-05-13T14:21:49 IST" name="myprofileTitleTest" finished-at="2026-05-13T14:21:50 IST" duration-ms="1065" status="PASS">
          <reporter-output>
          </reporter-output>
        </test-method> <!-- myprofileTitleTest -->
        <test-method is-config="true" signature="pageRefresh()[pri:0, instance:com.qa.gyruslearner.testcases.MyProfilePageTestCase@662b4c69]" started-at="2026-05-13T14:21:50 IST" name="pageRefresh" finished-at="2026-05-13T14:21:50 IST" duration-ms="24" status="PASS">
          <reporter-output>
          </reporter-output>
        </test-method> <!-- pageRefresh -->
        <test-method signature="verifyUserProfileDetails()[pri:3, instance:com.qa.gyruslearner.testcases.MyProfilePageTestCase@662b4c69]" started-at="2026-05-13T14:21:50 IST" name="verifyUserProfileDetails" finished-at="2026-05-13T14:21:50 IST" duration-ms="114" status="PASS">
          <reporter-output>
          </reporter-output>
        </test-method> <!-- verifyUserProfileDetails -->
        <test-method is-config="true" signature="pageRefresh()[pri:0, instance:com.qa.gyruslearner.testcases.MyProfilePageTestCase@662b4c69]" started-at="2026-05-13T14:21:50 IST" name="pageRefresh" finished-at="2026-05-13T14:21:50 IST" duration-ms="28" status="PASS">
          <reporter-output>
          </reporter-output>
        </test-method> <!-- pageRefresh -->
        <test-method signature="verifyProfileImage()[pri:4, instance:com.qa.gyruslearner.testcases.MyProfilePageTestCase@662b4c69]" started-at="2026-05-13T14:21:50 IST" name="verifyProfileImage" finished-at="2026-05-13T14:21:50 IST" duration-ms="54" status="PASS">
          <reporter-output>
          </reporter-output>
        </test-method> <!-- verifyProfileImage -->
        <test-method is-config="true" signature="pageRefresh()[pri:0, instance:com.qa.gyruslearner.testcases.MyProfilePageTestCase@662b4c69]" started-at="2026-05-13T14:21:50 IST" name="pageRefresh" finished-at="2026-05-13T14:21:50 IST" duration-ms="32" status="PASS">
          <reporter-output>
          </reporter-output>
        </test-method> <!-- pageRefresh -->
        <test-method signature="verifyQRCodeDisplayed()[pri:5, instance:com.qa.gyruslearner.testcases.MyProfilePageTestCase@662b4c69]" started-at="2026-05-13T14:21:50 IST" name="verifyQRCodeDisplayed" finished-at="2026-05-13T14:21:50 IST" duration-ms="35" status="PASS">
          <reporter-output>
          </reporter-output>
        </test-method> <!-- verifyQRCodeDisplayed -->
        <test-method is-config="true" signature="pageRefresh()[pri:0, instance:com.qa.gyruslearner.testcases.MyProfilePageTestCase@662b4c69]" started-at="2026-05-13T14:21:50 IST" name="pageRefresh" finished-at="2026-05-13T14:21:50 IST" duration-ms="29" status="PASS">
          <reporter-output>
          </reporter-output>
        </test-method> <!-- pageRefresh -->
        <test-method signature="verifyEditProfilePanelExpandCollapse()[pri:6, instance:com.qa.gyruslearner.testcases.MyProfilePageTestCase@662b4c69]" started-at="2026-05-13T14:21:50 IST" name="verifyEditProfilePanelExpandCollapse" finished-at="2026-05-13T14:21:51 IST" duration-ms="298" status="PASS">
          <reporter-output>
          </reporter-output>
        </test-method> <!-- verifyEditProfilePanelExpandCollapse -->
        <test-method is-config="true" signature="pageRefresh()[pri:0, instance:com.qa.gyruslearner.testcases.MyProfilePageTestCase@662b4c69]" started-at="2026-05-13T14:21:51 IST" name="pageRefresh" finished-at="2026-05-13T14:21:51 IST" duration-ms="35" status="PASS">
          <reporter-output>
          </reporter-output>
        </test-method> <!-- pageRefresh -->
        <test-method signature="verifySecurityPanelExpandCollapse()[pri:7, instance:com.qa.gyruslearner.testcases.MyProfilePageTestCase@662b4c69]" started-at="2026-05-13T14:21:51 IST" name="verifySecurityPanelExpandCollapse" finished-at="2026-05-13T14:21:51 IST" duration-ms="335" status="PASS">
          <reporter-output>
          </reporter-output>
        </test-method> <!-- verifySecurityPanelExpandCollapse -->
        <test-method is-config="true" signature="pageRefresh()[pri:0, instance:com.qa.gyruslearner.testcases.MyProfilePageTestCase@662b4c69]" started-at="2026-05-13T14:21:51 IST" name="pageRefresh" finished-at="2026-05-13T14:21:51 IST" duration-ms="44" status="PASS">
          <reporter-output>
          </reporter-output>
        </test-method> <!-- pageRefresh -->
        <test-method signature="verifyCFR21SecurityPanelExpandCollapse()[pri:8, instance:com.qa.gyruslearner.testcases.MyProfilePageTestCase@662b4c69]" started-at="2026-05-13T14:21:51 IST" name="verifyCFR21SecurityPanelExpandCollapse" finished-at="2026-05-13T14:21:51 IST" duration-ms="284" status="PASS">
          <reporter-output>
          </reporter-output>
        </test-method> <!-- verifyCFR21SecurityPanelExpandCollapse -->
        <test-method is-config="true" signature="pageRefresh()[pri:0, instance:com.qa.gyruslearner.testcases.MyProfilePageTestCase@662b4c69]" started-at="2026-05-13T14:21:51 IST" name="pageRefresh" finished-at="2026-05-13T14:21:52 IST" duration-ms="35" status="PASS">
          <reporter-output>
          </reporter-output>
        </test-method> <!-- pageRefresh -->
        <test-method signature="verifyTimeZoneSettingsPanelExpandCollapse()[pri:9, instance:com.qa.gyruslearner.testcases.MyProfilePageTestCase@662b4c69]" started-at="2026-05-13T14:21:52 IST" name="verifyTimeZoneSettingsPanelExpandCollapse" finished-at="2026-05-13T14:21:52 IST" duration-ms="306" status="PASS">
          <reporter-output>
          </reporter-output>
        </test-method> <!-- verifyTimeZoneSettingsPanelExpandCollapse -->
        <test-method is-config="true" signature="pageRefresh()[pri:0, instance:com.qa.gyruslearner.testcases.MyProfilePageTestCase@662b4c69]" started-at="2026-05-13T14:21:52 IST" name="pageRefresh" finished-at="2026-05-13T14:21:52 IST" duration-ms="29" status="PASS">
          <reporter-output>
          </reporter-output>
        </test-method> <!-- pageRefresh -->
        <test-method signature="verifyThemePanelExpandCollapse()[pri:10, instance:com.qa.gyruslearner.testcases.MyProfilePageTestCase@662b4c69]" started-at="2026-05-13T14:21:52 IST" name="verifyThemePanelExpandCollapse" finished-at="2026-05-13T14:21:52 IST" duration-ms="259" status="PASS">
          <reporter-output>
          </reporter-output>
        </test-method> <!-- verifyThemePanelExpandCollapse -->
        <test-method is-config="true" signature="pageRefresh()[pri:0, instance:com.qa.gyruslearner.testcases.MyProfilePageTestCase@662b4c69]" started-at="2026-05-13T14:21:52 IST" name="pageRefresh" finished-at="2026-05-13T14:21:52 IST" duration-ms="33" status="PASS">
          <reporter-output>
          </reporter-output>
        </test-method> <!-- pageRefresh -->
        <test-method signature="verifyLanguageDropdown()[pri:11, instance:com.qa.gyruslearner.testcases.MyProfilePageTestCase@662b4c69]" started-at="2026-05-13T14:21:52 IST" name="verifyLanguageDropdown" finished-at="2026-05-13T14:21:52 IST" duration-ms="43" status="PASS">
          <reporter-output>
          </reporter-output>
        </test-method> <!-- verifyLanguageDropdown -->
        <test-method is-config="true" signature="pageRefresh()[pri:0, instance:com.qa.gyruslearner.testcases.MyProfilePageTestCase@662b4c69]" started-at="2026-05-13T14:21:52 IST" name="pageRefresh" finished-at="2026-05-13T14:21:52 IST" duration-ms="33" status="PASS">
          <reporter-output>
          </reporter-output>
        </test-method> <!-- pageRefresh -->
        <test-method signature="verifyDateFormaDropdown()[pri:12, instance:com.qa.gyruslearner.testcases.MyProfilePageTestCase@662b4c69]" started-at="2026-05-13T14:21:52 IST" name="verifyDateFormaDropdown" finished-at="2026-05-13T14:21:52 IST" duration-ms="37" status="PASS">
          <reporter-output>
          </reporter-output>
        </test-method> <!-- verifyDateFormaDropdown -->
        <test-method is-config="true" signature="pageRefresh()[pri:0, instance:com.qa.gyruslearner.testcases.MyProfilePageTestCase@662b4c69]" started-at="2026-05-13T14:21:52 IST" name="pageRefresh" finished-at="2026-05-13T14:21:52 IST" duration-ms="28" status="PASS">
          <reporter-output>
          </reporter-output>
        </test-method> <!-- pageRefresh -->
        <test-method signature="verifyTimeZoneSettingsDisplayTest()[pri:15, instance:com.qa.gyruslearner.testcases.MyProfilePageTestCase@662b4c69]" started-at="2026-05-13T14:21:52 IST" name="verifyTimeZoneSettingsDisplayTest" finished-at="2026-05-13T14:21:53 IST" duration-ms="222" status="PASS">
          <reporter-output>
          </reporter-output>
        </test-method> <!-- verifyTimeZoneSettingsDisplayTest -->
        <test-method is-config="true" signature="pageRefresh()[pri:0, instance:com.qa.gyruslearner.testcases.MyProfilePageTestCase@662b4c69]" started-at="2026-05-13T14:21:53 IST" name="pageRefresh" finished-at="2026-05-13T14:21:53 IST" duration-ms="31" status="PASS">
          <reporter-output>
          </reporter-output>
        </test-method> <!-- pageRefresh -->
        <test-method signature="verifyTimeZoneSettingsTest()[pri:16, instance:com.qa.gyruslearner.testcases.MyProfilePageTestCase@662b4c69]" started-at="2026-05-13T14:21:53 IST" name="verifyTimeZoneSettingsTest" finished-at="2026-05-13T14:21:56 IST" depends-on-methods="com.qa.gyruslearner.testcases.MyProfilePageTestCase.verifyTimeZoneSettingsDisplayTest" duration-ms="3829" status="PASS">
          <reporter-output>
          </reporter-output>
        </test-method> <!-- verifyTimeZoneSettingsTest -->
        <test-method is-config="true" signature="pageRefresh()[pri:0, instance:com.qa.gyruslearner.testcases.MyProfilePageTestCase@662b4c69]" started-at="2026-05-13T14:21:56 IST" name="pageRefresh" finished-at="2026-05-13T14:21:56 IST" duration-ms="35" status="PASS">
          <reporter-output>
          </reporter-output>
        </test-method> <!-- pageRefresh -->
        <test-method signature="verifyThemeTest()[pri:17, instance:com.qa.gyruslearner.testcases.MyProfilePageTestCase@662b4c69]" started-at="2026-05-13T14:21:56 IST" name="verifyThemeTest" finished-at="2026-05-13T14:21:58 IST" duration-ms="1191" status="FAIL">
          <exception class="java.lang.AssertionError">
            <message>
              <![CDATA[Theme section did not expand expected [true] but found [false]]]>
            </message>
            <full-stacktrace>
              <![CDATA[java.lang.AssertionError: Theme section did not expand expected [true] but found [false]
at org.testng.Assert.fail(Assert.java:111)
at org.testng.Assert.failNotEquals(Assert.java:1578)
at org.testng.Assert.assertTrue(Assert.java:57)
at com.qa.gyruslearner.testcases.MyProfilePageTestCase.verifyThemeTest(MyProfilePageTestCase.java:301)
at java.base/jdk.internal.reflect.DirectMethodHandleAccessor.invoke(DirectMethodHandleAccessor.java:103)
at java.base/java.lang.reflect.Method.invoke(Method.java:580)
at org.testng.internal.invokers.MethodInvocationHelper.invokeMethod(MethodInvocationHelper.java:139)
at org.testng.internal.invokers.TestInvoker.invokeMethod(TestInvoker.java:664)
at org.testng.internal.invokers.TestInvoker.invokeTestMethod(TestInvoker.java:228)
at org.testng.internal.invokers.MethodRunner.runInSequence(MethodRunner.java:63)
at org.testng.internal.invokers.TestInvoker$MethodInvocationAgent.invoke(TestInvoker.java:961)
at org.testng.internal.invokers.TestInvoker.invokeTestMethods(TestInvoker.java:201)
at org.testng.internal.invokers.TestMethodWorker.invokeTestMethods(TestMethodWorker.java:148)
at org.testng.internal.invokers.TestMethodWorker.run(TestMethodWorker.java:128)
at java.base/java.util.ArrayList.forEach(ArrayList.java:1596)
at org.testng.TestRunner.privateRun(TestRunner.java:819)
at org.testng.TestRunner.run(TestRunner.java:619)
at org.testng.SuiteRunner.runTest(SuiteRunner.java:443)
at org.testng.SuiteRunner.runSequentially(SuiteRunner.java:437)
at org.testng.SuiteRunner.privateRun(SuiteRunner.java:397)
at org.testng.SuiteRunner.run(SuiteRunner.java:336)
at org.testng.SuiteRunnerWorker.runSuite(SuiteRunnerWorker.java:52)
at org.testng.SuiteRunnerWorker.run(SuiteRunnerWorker.java:95)
at org.testng.TestNG.runSuitesSequentially(TestNG.java:1301)
at org.testng.TestNG.runSuitesLocally(TestNG.java:1228)
at org.testng.TestNG.runSuites(TestNG.java:1134)
at org.testng.TestNG.run(TestNG.java:1101)
at org.testng.remote.AbstractRemoteTestNG.run(AbstractRemoteTestNG.java:115)
at org.testng.remote.RemoteTestNG.initAndRun(RemoteTestNG.java:293)
at org.testng.remote.RemoteTestNG.main(RemoteTestNG.java:91)
]]>
            </full-stacktrace>
          </exception> <!-- java.lang.AssertionError -->
          <reporter-output>
          </reporter-output>
        </test-method> <!-- verifyThemeTest -->
        <test-method is-config="true" signature="pageRefresh()[pri:0, instance:com.qa.gyruslearner.testcases.MyProfilePageTestCase@662b4c69]" started-at="2026-05-13T14:21:58 IST" name="pageRefresh" finished-at="2026-05-13T14:21:58 IST" duration-ms="37" status="PASS">
          <reporter-output>
          </reporter-output>
        </test-method> <!-- pageRefresh -->
        <test-method signature="verifyBackToDashboardLink()[pri:18, instance:com.qa.gyruslearner.testcases.MyProfilePageTestCase@662b4c69]" started-at="2026-05-13T14:21:58 IST" name="verifyBackToDashboardLink" finished-at="2026-05-13T14:22:01 IST" duration-ms="2677" status="PASS">
          <reporter-output>
          </reporter-output>
        </test-method> <!-- verifyBackToDashboardLink -->
        <test-method is-config="true" signature="pageRefresh()[pri:0, instance:com.qa.gyruslearner.testcases.MyProfilePageTestCase@662b4c69]" started-at="2026-05-13T14:22:01 IST" name="pageRefresh" finished-at="2026-05-13T14:22:01 IST" duration-ms="365" status="PASS">
          <reporter-output>
          </reporter-output>
        </test-method> <!-- pageRefresh -->
        <test-method signature="VerifyUploadhphotoTest()[pri:19, instance:com.qa.gyruslearner.testcases.MyProfilePageTestCase@662b4c69]" started-at="2026-05-13T14:22:01 IST" name="VerifyUploadhphotoTest" finished-at="2026-05-13T14:22:14 IST" duration-ms="12721" status="PASS">
          <reporter-output>
          </reporter-output>
        </test-method> <!-- VerifyUploadhphotoTest -->
        <test-method is-config="true" signature="tearDown()[pri:0, instance:com.qa.gyruslearner.testcases.MyProfilePageTestCase@662b4c69]" started-at="2026-05-13T14:22:14 IST" name="tearDown" finished-at="2026-05-13T14:22:14 IST" duration-ms="706" status="PASS">
          <reporter-output>
          </reporter-output>
        </test-method> <!-- tearDown -->
      </class> <!-- com.qa.gyruslearner.testcases.MyProfilePageTestCase -->
      <class name="com.qa.gyruslearner.testcases.TrainingTranscriptPageTestCase">
        <test-method is-config="true" signature="setUp()[pri:0, instance:com.qa.gyruslearner.testcases.TrainingTranscriptPageTestCase@2a54a73f]" started-at="2026-05-13T14:23:26 IST" name="setUp" finished-at="2026-05-13T14:23:48 IST" duration-ms="21358" status="PASS">
          <reporter-output>
          </reporter-output>
        </test-method> <!-- setUp -->
        <test-method is-config="true" signature="pageRefresh()[pri:0, instance:com.qa.gyruslearner.testcases.TrainingTranscriptPageTestCase@2a54a73f]" started-at="2026-05-13T14:23:48 IST" name="pageRefresh" finished-at="2026-05-13T14:24:09 IST" duration-ms="21102" status="FAIL">
          <exception class="org.openqa.selenium.TimeoutException">
            <message>
              <![CDATA[timeout: Timed out receiving message from renderer: 20.000
  (Session info: chrome=147.0.7727.138)
Build info: version: '4.27.0', revision: 'd6e718d134'
System info: os.name: 'Windows 11', os.arch: 'amd64', os.version: '10.0', java.version: '21.0.8'
Driver info: org.openqa.selenium.chrome.ChromeDriver
Command: [fb9fd390dd8420e916674d828e193403, clickElement {id=f.002DF5F1DD66F0AB936AAAEB249BCA61.d.BF73A69276993F394C0B679C5EB5007E.e.17}]
Capabilities {acceptInsecureCerts: false, browserName: chrome, browserVersion: 147.0.7727.138, chrome: {chromedriverVersion: 147.0.7727.117 (474cc805edd..., userDataDir: C:\Users\DINESH~1\AppData\L...}, fedcm:accounts: true, goog:chromeOptions: {debuggerAddress: localhost:62055}, goog:processID: 16612, networkConnectionEnabled: false, pageLoadStrategy: normal, platformName: windows, proxy: Proxy(), se:cdp: ws://localhost:62055/devtoo..., se:cdpVersion: 147.0.7727.138, setWindowRect: true, strictFileInteractability: false, timeouts: {implicit: 0, pageLoad: 300000, script: 30000}, unhandledPromptBehavior: dismiss and notify, webauthn:extension:credBlob: true, webauthn:extension:largeBlob: true, webauthn:extension:minPinLength: true, webauthn:extension:prf: true, webauthn:virtualAuthenticators: true}
Element: [[ChromeDriver: chrome on windows (fb9fd390dd8420e916674d828e193403)] -> xpath: //*[text()='SIGN IN']]
Session ID: fb9fd390dd8420e916674d828e193403]]>
            </message>
            <full-stacktrace>
              <![CDATA[org.openqa.selenium.TimeoutException: timeout: Timed out receiving message from renderer: 20.000
  (Session info: chrome=147.0.7727.138)
Build info: version: '4.27.0', revision: 'd6e718d134'
System info: os.name: 'Windows 11', os.arch: 'amd64', os.version: '10.0', java.version: '21.0.8'
Driver info: org.openqa.selenium.chrome.ChromeDriver
Command: [fb9fd390dd8420e916674d828e193403, clickElement {id=f.002DF5F1DD66F0AB936AAAEB249BCA61.d.BF73A69276993F394C0B679C5EB5007E.e.17}]
Capabilities {acceptInsecureCerts: false, browserName: chrome, browserVersion: 147.0.7727.138, chrome: {chromedriverVersion: 147.0.7727.117 (474cc805edd..., userDataDir: C:\Users\DINESH~1\AppData\L...}, fedcm:accounts: true, goog:chromeOptions: {debuggerAddress: localhost:62055}, goog:processID: 16612, networkConnectionEnabled: false, pageLoadStrategy: normal, platformName: windows, proxy: Proxy(), se:cdp: ws://localhost:62055/devtoo..., se:cdpVersion: 147.0.7727.138, setWindowRect: true, strictFileInteractability: false, timeouts: {implicit: 0, pageLoad: 300000, script: 30000}, unhandledPromptBehavior: dismiss and notify, webauthn:extension:credBlob: true, webauthn:extension:largeBlob: true, webauthn:extension:minPinLength: true, webauthn:extension:prf: true, webauthn:virtualAuthenticators: true}
Element: [[ChromeDriver: chrome on windows (fb9fd390dd8420e916674d828e193403)] -> xpath: //*[text()='SIGN IN']]
Session ID: fb9fd390dd8420e916674d828e193403
at java.base/jdk.internal.reflect.DirectConstructorHandleAccessor.newInstance(DirectConstructorHandleAccessor.java:62)
at java.base/java.lang.reflect.Constructor.newInstanceWithCaller(Constructor.java:502)
at java.base/java.lang.reflect.Constructor.newInstance(Constructor.java:486)
at org.openqa.selenium.remote.ErrorCodec.decode(ErrorCodec.java:167)
at org.openqa.selenium.remote.codec.w3c.W3CHttpResponseCodec.decode(W3CHttpResponseCodec.java:138)
at org.openqa.selenium.remote.codec.w3c.W3CHttpResponseCodec.decode(W3CHttpResponseCodec.java:50)
at org.openqa.selenium.remote.HttpCommandExecutor.execute(HttpCommandExecutor.java:190)
at org.openqa.selenium.remote.service.DriverCommandExecutor.invokeExecute(DriverCommandExecutor.java:216)
at org.openqa.selenium.remote.service.DriverCommandExecutor.execute(DriverCommandExecutor.java:174)
at org.openqa.selenium.remote.RemoteWebDriver.execute(RemoteWebDriver.java:545)
at org.openqa.selenium.remote.RemoteWebElement.execute(RemoteWebElement.java:223)
at org.openqa.selenium.remote.RemoteWebElement.click(RemoteWebElement.java:76)
at java.base/jdk.internal.reflect.DirectMethodHandleAccessor.invoke(DirectMethodHandleAccessor.java:103)
at java.base/java.lang.reflect.Method.invoke(Method.java:580)
at org.openqa.selenium.support.pagefactory.internal.LocatingElementHandler.invoke(LocatingElementHandler.java:51)
at jdk.proxy2/jdk.proxy2.$Proxy17.click(Unknown Source)
at com.qa.gyruslearner.util.ElementUtil.doClick(ElementUtil.java:105)
at com.qa.gyruslearner.pages.LoginPage.login(LoginPage.java:165)
at com.qa.gyruslearner.testcases.TrainingTranscriptPageTestCase.pageRefresh(TrainingTranscriptPageTestCase.java:47)
at java.base/jdk.internal.reflect.DirectMethodHandleAccessor.invoke(DirectMethodHandleAccessor.java:103)
at java.base/java.lang.reflect.Method.invoke(Method.java:580)
at org.testng.internal.invokers.MethodInvocationHelper.invokeMethod(MethodInvocationHelper.java:139)
at org.testng.internal.invokers.MethodInvocationHelper.invokeMethodConsideringTimeout(MethodInvocationHelper.java:69)
at org.testng.internal.invokers.ConfigInvoker.invokeConfigurationMethod(ConfigInvoker.java:393)
at org.testng.internal.invokers.ConfigInvoker.invokeConfigurations(ConfigInvoker.java:326)
at org.testng.internal.invokers.TestInvoker.runConfigMethods(TestInvoker.java:810)
at org.testng.internal.invokers.TestInvoker.invokeMethod(TestInvoker.java:578)
at org.testng.internal.invokers.TestInvoker.invokeTestMethod(TestInvoker.java:228)
at org.testng.internal.invokers.MethodRunner.runInSequence(MethodRunner.java:63)
at org.testng.internal.invokers.TestInvoker$MethodInvocationAgent.invoke(TestInvoker.java:961)
at org.testng.internal.invokers.TestInvoker.invokeTestMethods(TestInvoker.java:201)
at org.testng.internal.invokers.TestMethodWorker.invokeTestMethods(TestMethodWorker.java:148)
at org.testng.internal.invokers.TestMethodWorker.run(TestMethodWorker.java:128)
at java.base/java.util.ArrayList.forEach(ArrayList.java:1596)
at org.testng.TestRunner.privateRun(TestRunner.java:819)
at org.testng.TestRunner.run(TestRunner.java:619)
at org.testng.SuiteRunner.runTest(SuiteRunner.java:443)
at org.testng.SuiteRunner.runSequentially(SuiteRunner.java:437)
at org.testng.SuiteRunner.privateRun(SuiteRunner.java:397)
at org.testng.SuiteRunner.run(SuiteRunner.java:336)
at org.testng.SuiteRunnerWorker.runSuite(SuiteRunnerWorker.java:52)
at org.testng.SuiteRunnerWorker.run(SuiteRunnerWorker.java:95)
at org.testng.TestNG.runSuitesSequentially(TestNG.java:1301)
at org.testng.TestNG.runSuitesLocally(TestNG.java:1228)
at org.testng.TestNG.runSuites(TestNG.java:1134)
at org.testng.TestNG.run(TestNG.java:1101)
at org.testng.remote.AbstractRemoteTestNG.run(AbstractRemoteTestNG.java:115)
at org.testng.remote.RemoteTestNG.initAndRun(RemoteTestNG.java:293)
at org.testng.remote.RemoteTestNG.main(RemoteTestNG.java:91)
]]>
            </full-stacktrace>
          </exception> <!-- org.openqa.selenium.TimeoutException -->
          <reporter-output>
          </reporter-output>
        </test-method> <!-- pageRefresh -->
        <test-method signature="verifyTrainingTranscriptUrlTest()[pri:1, instance:com.qa.gyruslearner.testcases.TrainingTranscriptPageTestCase@2a54a73f]" started-at="2026-05-13T14:24:09 IST" name="verifyTrainingTranscriptUrlTest" finished-at="2026-05-13T14:24:09 IST" duration-ms="0" status="SKIP">
          <exception class="org.openqa.selenium.TimeoutException">
            <message>
              <![CDATA[timeout: Timed out receiving message from renderer: 20.000
  (Session info: chrome=147.0.7727.138)
Build info: version: '4.27.0', revision: 'd6e718d134'
System info: os.name: 'Windows 11', os.arch: 'amd64', os.version: '10.0', java.version: '21.0.8'
Driver info: org.openqa.selenium.chrome.ChromeDriver
Command: [fb9fd390dd8420e916674d828e193403, clickElement {id=f.002DF5F1DD66F0AB936AAAEB249BCA61.d.BF73A69276993F394C0B679C5EB5007E.e.17}]
Capabilities {acceptInsecureCerts: false, browserName: chrome, browserVersion: 147.0.7727.138, chrome: {chromedriverVersion: 147.0.7727.117 (474cc805edd..., userDataDir: C:\Users\DINESH~1\AppData\L...}, fedcm:accounts: true, goog:chromeOptions: {debuggerAddress: localhost:62055}, goog:processID: 16612, networkConnectionEnabled: false, pageLoadStrategy: normal, platformName: windows, proxy: Proxy(), se:cdp: ws://localhost:62055/devtoo..., se:cdpVersion: 147.0.7727.138, setWindowRect: true, strictFileInteractability: false, timeouts: {implicit: 0, pageLoad: 300000, script: 30000}, unhandledPromptBehavior: dismiss and notify, webauthn:extension:credBlob: true, webauthn:extension:largeBlob: true, webauthn:extension:minPinLength: true, webauthn:extension:prf: true, webauthn:virtualAuthenticators: true}
Element: [[ChromeDriver: chrome on windows (fb9fd390dd8420e916674d828e193403)] -> xpath: //*[text()='SIGN IN']]
Session ID: fb9fd390dd8420e916674d828e193403]]>
            </message>
            <full-stacktrace>
              <![CDATA[org.openqa.selenium.TimeoutException: timeout: Timed out receiving message from renderer: 20.000
  (Session info: chrome=147.0.7727.138)
Build info: version: '4.27.0', revision: 'd6e718d134'
System info: os.name: 'Windows 11', os.arch: 'amd64', os.version: '10.0', java.version: '21.0.8'
Driver info: org.openqa.selenium.chrome.ChromeDriver
Command: [fb9fd390dd8420e916674d828e193403, clickElement {id=f.002DF5F1DD66F0AB936AAAEB249BCA61.d.BF73A69276993F394C0B679C5EB5007E.e.17}]
Capabilities {acceptInsecureCerts: false, browserName: chrome, browserVersion: 147.0.7727.138, chrome: {chromedriverVersion: 147.0.7727.117 (474cc805edd..., userDataDir: C:\Users\DINESH~1\AppData\L...}, fedcm:accounts: true, goog:chromeOptions: {debuggerAddress: localhost:62055}, goog:processID: 16612, networkConnectionEnabled: false, pageLoadStrategy: normal, platformName: windows, proxy: Proxy(), se:cdp: ws://localhost:62055/devtoo..., se:cdpVersion: 147.0.7727.138, setWindowRect: true, strictFileInteractability: false, timeouts: {implicit: 0, pageLoad: 300000, script: 30000}, unhandledPromptBehavior: dismiss and notify, webauthn:extension:credBlob: true, webauthn:extension:largeBlob: true, webauthn:extension:minPinLength: true, webauthn:extension:prf: true, webauthn:virtualAuthenticators: true}
Element: [[ChromeDriver: chrome on windows (fb9fd390dd8420e916674d828e193403)] -> xpath: //*[text()='SIGN IN']]
Session ID: fb9fd390dd8420e916674d828e193403
at java.base/jdk.internal.reflect.DirectConstructorHandleAccessor.newInstance(DirectConstructorHandleAccessor.java:62)
at java.base/java.lang.reflect.Constructor.newInstanceWithCaller(Constructor.java:502)
at java.base/java.lang.reflect.Constructor.newInstance(Constructor.java:486)
at org.openqa.selenium.remote.ErrorCodec.decode(ErrorCodec.java:167)
at org.openqa.selenium.remote.codec.w3c.W3CHttpResponseCodec.decode(W3CHttpResponseCodec.java:138)
at org.openqa.selenium.remote.codec.w3c.W3CHttpResponseCodec.decode(W3CHttpResponseCodec.java:50)
at org.openqa.selenium.remote.HttpCommandExecutor.execute(HttpCommandExecutor.java:190)
at org.openqa.selenium.remote.service.DriverCommandExecutor.invokeExecute(DriverCommandExecutor.java:216)
at org.openqa.selenium.remote.service.DriverCommandExecutor.execute(DriverCommandExecutor.java:174)
at org.openqa.selenium.remote.RemoteWebDriver.execute(RemoteWebDriver.java:545)
at org.openqa.selenium.remote.RemoteWebElement.execute(RemoteWebElement.java:223)
at org.openqa.selenium.remote.RemoteWebElement.click(RemoteWebElement.java:76)
at java.base/jdk.internal.reflect.DirectMethodHandleAccessor.invoke(DirectMethodHandleAccessor.java:103)
at java.base/java.lang.reflect.Method.invoke(Method.java:580)
at org.openqa.selenium.support.pagefactory.internal.LocatingElementHandler.invoke(LocatingElementHandler.java:51)
at jdk.proxy2/jdk.proxy2.$Proxy17.click(Unknown Source)
at com.qa.gyruslearner.util.ElementUtil.doClick(ElementUtil.java:105)
at com.qa.gyruslearner.pages.LoginPage.login(LoginPage.java:165)
at com.qa.gyruslearner.testcases.TrainingTranscriptPageTestCase.pageRefresh(TrainingTranscriptPageTestCase.java:47)
at java.base/jdk.internal.reflect.DirectMethodHandleAccessor.invoke(DirectMethodHandleAccessor.java:103)
at java.base/java.lang.reflect.Method.invoke(Method.java:580)
at org.testng.internal.invokers.MethodInvocationHelper.invokeMethod(MethodInvocationHelper.java:139)
at org.testng.internal.invokers.MethodInvocationHelper.invokeMethodConsideringTimeout(MethodInvocationHelper.java:69)
at org.testng.internal.invokers.ConfigInvoker.invokeConfigurationMethod(ConfigInvoker.java:393)
at org.testng.internal.invokers.ConfigInvoker.invokeConfigurations(ConfigInvoker.java:326)
at org.testng.internal.invokers.TestInvoker.runConfigMethods(TestInvoker.java:810)
at org.testng.internal.invokers.TestInvoker.invokeMethod(TestInvoker.java:578)
at org.testng.internal.invokers.TestInvoker.invokeTestMethod(TestInvoker.java:228)
at org.testng.internal.invokers.MethodRunner.runInSequence(MethodRunner.java:63)
at org.testng.internal.invokers.TestInvoker$MethodInvocationAgent.invoke(TestInvoker.java:961)
at org.testng.internal.invokers.TestInvoker.invokeTestMethods(TestInvoker.java:201)
at org.testng.internal.invokers.TestMethodWorker.invokeTestMethods(TestMethodWorker.java:148)
at org.testng.internal.invokers.TestMethodWorker.run(TestMethodWorker.java:128)
at java.base/java.util.ArrayList.forEach(ArrayList.java:1596)
at org.testng.TestRunner.privateRun(TestRunner.java:819)
at org.testng.TestRunner.run(TestRunner.java:619)
at org.testng.SuiteRunner.runTest(SuiteRunner.java:443)
at org.testng.SuiteRunner.runSequentially(SuiteRunner.java:437)
at org.testng.SuiteRunner.privateRun(SuiteRunner.java:397)
at org.testng.SuiteRunner.run(SuiteRunner.java:336)
at org.testng.SuiteRunnerWorker.runSuite(SuiteRunnerWorker.java:52)
at org.testng.SuiteRunnerWorker.run(SuiteRunnerWorker.java:95)
at org.testng.TestNG.runSuitesSequentially(TestNG.java:1301)
at org.testng.TestNG.runSuitesLocally(TestNG.java:1228)
at org.testng.TestNG.runSuites(TestNG.java:1134)
at org.testng.TestNG.run(TestNG.java:1101)
at org.testng.remote.AbstractRemoteTestNG.run(AbstractRemoteTestNG.java:115)
at org.testng.remote.RemoteTestNG.initAndRun(RemoteTestNG.java:293)
at org.testng.remote.RemoteTestNG.main(RemoteTestNG.java:91)
]]>
            </full-stacktrace>
          </exception> <!-- org.openqa.selenium.TimeoutException -->
          <reporter-output>
          </reporter-output>
        </test-method> <!-- verifyTrainingTranscriptUrlTest -->
        <test-method is-config="true" signature="pageRefresh()[pri:0, instance:com.qa.gyruslearner.testcases.TrainingTranscriptPageTestCase@2a54a73f]" started-at="2026-05-13T14:24:09 IST" name="pageRefresh" finished-at="2026-05-13T14:24:09 IST" duration-ms="26" status="PASS">
          <reporter-output>
          </reporter-output>
        </test-method> <!-- pageRefresh -->
        <test-method signature="verifyTrainingTranscriptTitileTest()[pri:2, instance:com.qa.gyruslearner.testcases.TrainingTranscriptPageTestCase@2a54a73f]" started-at="2026-05-13T14:24:09 IST" name="verifyTrainingTranscriptTitileTest" finished-at="2026-05-13T14:24:09 IST" duration-ms="0" status="SKIP">
          <exception class="org.openqa.selenium.TimeoutException">
            <message>
              <![CDATA[timeout: Timed out receiving message from renderer: 20.000
  (Session info: chrome=147.0.7727.138)
Build info: version: '4.27.0', revision: 'd6e718d134'
System info: os.name: 'Windows 11', os.arch: 'amd64', os.version: '10.0', java.version: '21.0.8'
Driver info: org.openqa.selenium.chrome.ChromeDriver
Command: [fb9fd390dd8420e916674d828e193403, clickElement {id=f.002DF5F1DD66F0AB936AAAEB249BCA61.d.BF73A69276993F394C0B679C5EB5007E.e.17}]
Capabilities {acceptInsecureCerts: false, browserName: chrome, browserVersion: 147.0.7727.138, chrome: {chromedriverVersion: 147.0.7727.117 (474cc805edd..., userDataDir: C:\Users\DINESH~1\AppData\L...}, fedcm:accounts: true, goog:chromeOptions: {debuggerAddress: localhost:62055}, goog:processID: 16612, networkConnectionEnabled: false, pageLoadStrategy: normal, platformName: windows, proxy: Proxy(), se:cdp: ws://localhost:62055/devtoo..., se:cdpVersion: 147.0.7727.138, setWindowRect: true, strictFileInteractability: false, timeouts: {implicit: 0, pageLoad: 300000, script: 30000}, unhandledPromptBehavior: dismiss and notify, webauthn:extension:credBlob: true, webauthn:extension:largeBlob: true, webauthn:extension:minPinLength: true, webauthn:extension:prf: true, webauthn:virtualAuthenticators: true}
Element: [[ChromeDriver: chrome on windows (fb9fd390dd8420e916674d828e193403)] -> xpath: //*[text()='SIGN IN']]
Session ID: fb9fd390dd8420e916674d828e193403]]>
            </message>
            <full-stacktrace>
              <![CDATA[org.openqa.selenium.TimeoutException: timeout: Timed out receiving message from renderer: 20.000
  (Session info: chrome=147.0.7727.138)
Build info: version: '4.27.0', revision: 'd6e718d134'
System info: os.name: 'Windows 11', os.arch: 'amd64', os.version: '10.0', java.version: '21.0.8'
Driver info: org.openqa.selenium.chrome.ChromeDriver
Command: [fb9fd390dd8420e916674d828e193403, clickElement {id=f.002DF5F1DD66F0AB936AAAEB249BCA61.d.BF73A69276993F394C0B679C5EB5007E.e.17}]
Capabilities {acceptInsecureCerts: false, browserName: chrome, browserVersion: 147.0.7727.138, chrome: {chromedriverVersion: 147.0.7727.117 (474cc805edd..., userDataDir: C:\Users\DINESH~1\AppData\L...}, fedcm:accounts: true, goog:chromeOptions: {debuggerAddress: localhost:62055}, goog:processID: 16612, networkConnectionEnabled: false, pageLoadStrategy: normal, platformName: windows, proxy: Proxy(), se:cdp: ws://localhost:62055/devtoo..., se:cdpVersion: 147.0.7727.138, setWindowRect: true, strictFileInteractability: false, timeouts: {implicit: 0, pageLoad: 300000, script: 30000}, unhandledPromptBehavior: dismiss and notify, webauthn:extension:credBlob: true, webauthn:extension:largeBlob: true, webauthn:extension:minPinLength: true, webauthn:extension:prf: true, webauthn:virtualAuthenticators: true}
Element: [[ChromeDriver: chrome on windows (fb9fd390dd8420e916674d828e193403)] -> xpath: //*[text()='SIGN IN']]
Session ID: fb9fd390dd8420e916674d828e193403
at java.base/jdk.internal.reflect.DirectConstructorHandleAccessor.newInstance(DirectConstructorHandleAccessor.java:62)
at java.base/java.lang.reflect.Constructor.newInstanceWithCaller(Constructor.java:502)
at java.base/java.lang.reflect.Constructor.newInstance(Constructor.java:486)
at org.openqa.selenium.remote.ErrorCodec.decode(ErrorCodec.java:167)
at org.openqa.selenium.remote.codec.w3c.W3CHttpResponseCodec.decode(W3CHttpResponseCodec.java:138)
at org.openqa.selenium.remote.codec.w3c.W3CHttpResponseCodec.decode(W3CHttpResponseCodec.java:50)
at org.openqa.selenium.remote.HttpCommandExecutor.execute(HttpCommandExecutor.java:190)
at org.openqa.selenium.remote.service.DriverCommandExecutor.invokeExecute(DriverCommandExecutor.java:216)
at org.openqa.selenium.remote.service.DriverCommandExecutor.execute(DriverCommandExecutor.java:174)
at org.openqa.selenium.remote.RemoteWebDriver.execute(RemoteWebDriver.java:545)
at org.openqa.selenium.remote.RemoteWebElement.execute(RemoteWebElement.java:223)
at org.openqa.selenium.remote.RemoteWebElement.click(RemoteWebElement.java:76)
at java.base/jdk.internal.reflect.DirectMethodHandleAccessor.invoke(DirectMethodHandleAccessor.java:103)
at java.base/java.lang.reflect.Method.invoke(Method.java:580)
at org.openqa.selenium.support.pagefactory.internal.LocatingElementHandler.invoke(LocatingElementHandler.java:51)
at jdk.proxy2/jdk.proxy2.$Proxy17.click(Unknown Source)
at com.qa.gyruslearner.util.ElementUtil.doClick(ElementUtil.java:105)
at com.qa.gyruslearner.pages.LoginPage.login(LoginPage.java:165)
at com.qa.gyruslearner.testcases.TrainingTranscriptPageTestCase.pageRefresh(TrainingTranscriptPageTestCase.java:47)
at java.base/jdk.internal.reflect.DirectMethodHandleAccessor.invoke(DirectMethodHandleAccessor.java:103)
at java.base/java.lang.reflect.Method.invoke(Method.java:580)
at org.testng.internal.invokers.MethodInvocationHelper.invokeMethod(MethodInvocationHelper.java:139)
at org.testng.internal.invokers.MethodInvocationHelper.invokeMethodConsideringTimeout(MethodInvocationHelper.java:69)
at org.testng.internal.invokers.ConfigInvoker.invokeConfigurationMethod(ConfigInvoker.java:393)
at org.testng.internal.invokers.ConfigInvoker.invokeConfigurations(ConfigInvoker.java:326)
at org.testng.internal.invokers.TestInvoker.runConfigMethods(TestInvoker.java:810)
at org.testng.internal.invokers.TestInvoker.invokeMethod(TestInvoker.java:578)
at org.testng.internal.invokers.TestInvoker.invokeTestMethod(TestInvoker.java:228)
at org.testng.internal.invokers.MethodRunner.runInSequence(MethodRunner.java:63)
at org.testng.internal.invokers.TestInvoker$MethodInvocationAgent.invoke(TestInvoker.java:961)
at org.testng.internal.invokers.TestInvoker.invokeTestMethods(TestInvoker.java:201)
at org.testng.internal.invokers.TestMethodWorker.invokeTestMethods(TestMethodWorker.java:148)
at org.testng.internal.invokers.TestMethodWorker.run(TestMethodWorker.java:128)
at java.base/java.util.ArrayList.forEach(ArrayList.java:1596)
at org.testng.TestRunner.privateRun(TestRunner.java:819)
at org.testng.TestRunner.run(TestRunner.java:619)
at org.testng.SuiteRunner.runTest(SuiteRunner.java:443)
at org.testng.SuiteRunner.runSequentially(SuiteRunner.java:437)
at org.testng.SuiteRunner.privateRun(SuiteRunner.java:397)
at org.testng.SuiteRunner.run(SuiteRunner.java:336)
at org.testng.SuiteRunnerWorker.runSuite(SuiteRunnerWorker.java:52)
at org.testng.SuiteRunnerWorker.run(SuiteRunnerWorker.java:95)
at org.testng.TestNG.runSuitesSequentially(TestNG.java:1301)
at org.testng.TestNG.runSuitesLocally(TestNG.java:1228)
at org.testng.TestNG.runSuites(TestNG.java:1134)
at org.testng.TestNG.run(TestNG.java:1101)
at org.testng.remote.AbstractRemoteTestNG.run(AbstractRemoteTestNG.java:115)
at org.testng.remote.RemoteTestNG.initAndRun(RemoteTestNG.java:293)
at org.testng.remote.RemoteTestNG.main(RemoteTestNG.java:91)
]]>
            </full-stacktrace>
          </exception> <!-- org.openqa.selenium.TimeoutException -->
          <reporter-output>
          </reporter-output>
        </test-method> <!-- verifyTrainingTranscriptTitileTest -->
        <test-method is-config="true" signature="tearDown()[pri:0, instance:com.qa.gyruslearner.testcases.TrainingTranscriptPageTestCase@2a54a73f]" started-at="2026-05-13T14:24:09 IST" name="tearDown" finished-at="2026-05-13T14:24:10 IST" duration-ms="669" status="PASS">
          <reporter-output>
          </reporter-output>
        </test-method> <!-- tearDown -->
      </class> <!-- com.qa.gyruslearner.testcases.TrainingTranscriptPageTestCase -->
      <class name="com.qa.gyruslearner.testcases.IDPPageTestCase">
        <test-method is-config="true" signature="setUp()[pri:0, instance:com.qa.gyruslearner.testcases.IDPPageTestCase@fa49800]" started-at="2026-05-13T14:22:14 IST" name="setUp" finished-at="2026-05-13T14:22:29 IST" duration-ms="14712" status="PASS">
          <reporter-output>
          </reporter-output>
        </test-method> <!-- setUp -->
        <test-method is-config="true" signature="pageRefresh()[pri:0, instance:com.qa.gyruslearner.testcases.IDPPageTestCase@fa49800]" started-at="2026-05-13T14:22:29 IST" name="pageRefresh" finished-at="2026-05-13T14:22:49 IST" duration-ms="20430" status="FAIL">
          <exception class="org.openqa.selenium.TimeoutException">
            <message>
              <![CDATA[timeout: Timed out receiving message from renderer: 20.000
  (Session info: chrome=147.0.7727.138)
Build info: version: '4.27.0', revision: 'd6e718d134'
System info: os.name: 'Windows 11', os.arch: 'amd64', os.version: '10.0', java.version: '21.0.8'
Driver info: org.openqa.selenium.chrome.ChromeDriver
Command: [864803c443f20f253750b19244801ff8, clickElement {id=f.29CECC8BF59E5432C16502F9B271222C.d.DB425731CEBE35D0773DC537B8E4D824.e.17}]
Capabilities {acceptInsecureCerts: false, browserName: chrome, browserVersion: 147.0.7727.138, chrome: {chromedriverVersion: 147.0.7727.117 (474cc805edd..., userDataDir: C:\Users\DINESH~1\AppData\L...}, fedcm:accounts: true, goog:chromeOptions: {debuggerAddress: localhost:58769}, goog:processID: 21472, networkConnectionEnabled: false, pageLoadStrategy: normal, platformName: windows, proxy: Proxy(), se:cdp: ws://localhost:58769/devtoo..., se:cdpVersion: 147.0.7727.138, setWindowRect: true, strictFileInteractability: false, timeouts: {implicit: 0, pageLoad: 300000, script: 30000}, unhandledPromptBehavior: dismiss and notify, webauthn:extension:credBlob: true, webauthn:extension:largeBlob: true, webauthn:extension:minPinLength: true, webauthn:extension:prf: true, webauthn:virtualAuthenticators: true}
Element: [[ChromeDriver: chrome on windows (864803c443f20f253750b19244801ff8)] -> xpath: //*[text()='SIGN IN']]
Session ID: 864803c443f20f253750b19244801ff8]]>
            </message>
            <full-stacktrace>
              <![CDATA[org.openqa.selenium.TimeoutException: timeout: Timed out receiving message from renderer: 20.000
  (Session info: chrome=147.0.7727.138)
Build info: version: '4.27.0', revision: 'd6e718d134'
System info: os.name: 'Windows 11', os.arch: 'amd64', os.version: '10.0', java.version: '21.0.8'
Driver info: org.openqa.selenium.chrome.ChromeDriver
Command: [864803c443f20f253750b19244801ff8, clickElement {id=f.29CECC8BF59E5432C16502F9B271222C.d.DB425731CEBE35D0773DC537B8E4D824.e.17}]
Capabilities {acceptInsecureCerts: false, browserName: chrome, browserVersion: 147.0.7727.138, chrome: {chromedriverVersion: 147.0.7727.117 (474cc805edd..., userDataDir: C:\Users\DINESH~1\AppData\L...}, fedcm:accounts: true, goog:chromeOptions: {debuggerAddress: localhost:58769}, goog:processID: 21472, networkConnectionEnabled: false, pageLoadStrategy: normal, platformName: windows, proxy: Proxy(), se:cdp: ws://localhost:58769/devtoo..., se:cdpVersion: 147.0.7727.138, setWindowRect: true, strictFileInteractability: false, timeouts: {implicit: 0, pageLoad: 300000, script: 30000}, unhandledPromptBehavior: dismiss and notify, webauthn:extension:credBlob: true, webauthn:extension:largeBlob: true, webauthn:extension:minPinLength: true, webauthn:extension:prf: true, webauthn:virtualAuthenticators: true}
Element: [[ChromeDriver: chrome on windows (864803c443f20f253750b19244801ff8)] -> xpath: //*[text()='SIGN IN']]
Session ID: 864803c443f20f253750b19244801ff8
at java.base/jdk.internal.reflect.DirectConstructorHandleAccessor.newInstance(DirectConstructorHandleAccessor.java:62)
at java.base/java.lang.reflect.Constructor.newInstanceWithCaller(Constructor.java:502)
at java.base/java.lang.reflect.Constructor.newInstance(Constructor.java:486)
at org.openqa.selenium.remote.ErrorCodec.decode(ErrorCodec.java:167)
at org.openqa.selenium.remote.codec.w3c.W3CHttpResponseCodec.decode(W3CHttpResponseCodec.java:138)
at org.openqa.selenium.remote.codec.w3c.W3CHttpResponseCodec.decode(W3CHttpResponseCodec.java:50)
at org.openqa.selenium.remote.HttpCommandExecutor.execute(HttpCommandExecutor.java:190)
at org.openqa.selenium.remote.service.DriverCommandExecutor.invokeExecute(DriverCommandExecutor.java:216)
at org.openqa.selenium.remote.service.DriverCommandExecutor.execute(DriverCommandExecutor.java:174)
at org.openqa.selenium.remote.RemoteWebDriver.execute(RemoteWebDriver.java:545)
at org.openqa.selenium.remote.RemoteWebElement.execute(RemoteWebElement.java:223)
at org.openqa.selenium.remote.RemoteWebElement.click(RemoteWebElement.java:76)
at java.base/jdk.internal.reflect.DirectMethodHandleAccessor.invoke(DirectMethodHandleAccessor.java:103)
at java.base/java.lang.reflect.Method.invoke(Method.java:580)
at org.openqa.selenium.support.pagefactory.internal.LocatingElementHandler.invoke(LocatingElementHandler.java:51)
at jdk.proxy2/jdk.proxy2.$Proxy17.click(Unknown Source)
at com.qa.gyruslearner.util.ElementUtil.doClick(ElementUtil.java:105)
at com.qa.gyruslearner.pages.LoginPage.login(LoginPage.java:165)
at com.qa.gyruslearner.testcases.IDPPageTestCase.pageRefresh(IDPPageTestCase.java:89)
at java.base/jdk.internal.reflect.DirectMethodHandleAccessor.invoke(DirectMethodHandleAccessor.java:103)
at java.base/java.lang.reflect.Method.invoke(Method.java:580)
at org.testng.internal.invokers.MethodInvocationHelper.invokeMethod(MethodInvocationHelper.java:139)
at org.testng.internal.invokers.MethodInvocationHelper.invokeMethodConsideringTimeout(MethodInvocationHelper.java:69)
at org.testng.internal.invokers.ConfigInvoker.invokeConfigurationMethod(ConfigInvoker.java:393)
at org.testng.internal.invokers.ConfigInvoker.invokeConfigurations(ConfigInvoker.java:326)
at org.testng.internal.invokers.TestInvoker.runConfigMethods(TestInvoker.java:810)
at org.testng.internal.invokers.TestInvoker.invokeMethod(TestInvoker.java:578)
at org.testng.internal.invokers.TestInvoker.invokeTestMethod(TestInvoker.java:228)
at org.testng.internal.invokers.MethodRunner.runInSequence(MethodRunner.java:63)
at org.testng.internal.invokers.TestInvoker$MethodInvocationAgent.invoke(TestInvoker.java:961)
at org.testng.internal.invokers.TestInvoker.invokeTestMethods(TestInvoker.java:201)
at org.testng.internal.invokers.TestMethodWorker.invokeTestMethods(TestMethodWorker.java:148)
at org.testng.internal.invokers.TestMethodWorker.run(TestMethodWorker.java:128)
at java.base/java.util.ArrayList.forEach(ArrayList.java:1596)
at org.testng.TestRunner.privateRun(TestRunner.java:819)
at org.testng.TestRunner.run(TestRunner.java:619)
at org.testng.SuiteRunner.runTest(SuiteRunner.java:443)
at org.testng.SuiteRunner.runSequentially(SuiteRunner.java:437)
at org.testng.SuiteRunner.privateRun(SuiteRunner.java:397)
at org.testng.SuiteRunner.run(SuiteRunner.java:336)
at org.testng.SuiteRunnerWorker.runSuite(SuiteRunnerWorker.java:52)
at org.testng.SuiteRunnerWorker.run(SuiteRunnerWorker.java:95)
at org.testng.TestNG.runSuitesSequentially(TestNG.java:1301)
at org.testng.TestNG.runSuitesLocally(TestNG.java:1228)
at org.testng.TestNG.runSuites(TestNG.java:1134)
at org.testng.TestNG.run(TestNG.java:1101)
at org.testng.remote.AbstractRemoteTestNG.run(AbstractRemoteTestNG.java:115)
at org.testng.remote.RemoteTestNG.initAndRun(RemoteTestNG.java:293)
at org.testng.remote.RemoteTestNG.main(RemoteTestNG.java:91)
]]>
            </full-stacktrace>
          </exception> <!-- org.openqa.selenium.TimeoutException -->
          <reporter-output>
          </reporter-output>
        </test-method> <!-- pageRefresh -->
        <test-method signature="verifyMyLearnerLinkTest()[pri:1, instance:com.qa.gyruslearner.testcases.IDPPageTestCase@fa49800]" started-at="2026-05-13T14:22:49 IST" name="verifyMyLearnerLinkTest" finished-at="2026-05-13T14:22:49 IST" duration-ms="1" status="SKIP">
          <exception class="org.openqa.selenium.TimeoutException">
            <message>
              <![CDATA[timeout: Timed out receiving message from renderer: 20.000
  (Session info: chrome=147.0.7727.138)
Build info: version: '4.27.0', revision: 'd6e718d134'
System info: os.name: 'Windows 11', os.arch: 'amd64', os.version: '10.0', java.version: '21.0.8'
Driver info: org.openqa.selenium.chrome.ChromeDriver
Command: [864803c443f20f253750b19244801ff8, clickElement {id=f.29CECC8BF59E5432C16502F9B271222C.d.DB425731CEBE35D0773DC537B8E4D824.e.17}]
Capabilities {acceptInsecureCerts: false, browserName: chrome, browserVersion: 147.0.7727.138, chrome: {chromedriverVersion: 147.0.7727.117 (474cc805edd..., userDataDir: C:\Users\DINESH~1\AppData\L...}, fedcm:accounts: true, goog:chromeOptions: {debuggerAddress: localhost:58769}, goog:processID: 21472, networkConnectionEnabled: false, pageLoadStrategy: normal, platformName: windows, proxy: Proxy(), se:cdp: ws://localhost:58769/devtoo..., se:cdpVersion: 147.0.7727.138, setWindowRect: true, strictFileInteractability: false, timeouts: {implicit: 0, pageLoad: 300000, script: 30000}, unhandledPromptBehavior: dismiss and notify, webauthn:extension:credBlob: true, webauthn:extension:largeBlob: true, webauthn:extension:minPinLength: true, webauthn:extension:prf: true, webauthn:virtualAuthenticators: true}
Element: [[ChromeDriver: chrome on windows (864803c443f20f253750b19244801ff8)] -> xpath: //*[text()='SIGN IN']]
Session ID: 864803c443f20f253750b19244801ff8]]>
            </message>
            <full-stacktrace>
              <![CDATA[org.openqa.selenium.TimeoutException: timeout: Timed out receiving message from renderer: 20.000
  (Session info: chrome=147.0.7727.138)
Build info: version: '4.27.0', revision: 'd6e718d134'
System info: os.name: 'Windows 11', os.arch: 'amd64', os.version: '10.0', java.version: '21.0.8'
Driver info: org.openqa.selenium.chrome.ChromeDriver
Command: [864803c443f20f253750b19244801ff8, clickElement {id=f.29CECC8BF59E5432C16502F9B271222C.d.DB425731CEBE35D0773DC537B8E4D824.e.17}]
Capabilities {acceptInsecureCerts: false, browserName: chrome, browserVersion: 147.0.7727.138, chrome: {chromedriverVersion: 147.0.7727.117 (474cc805edd..., userDataDir: C:\Users\DINESH~1\AppData\L...}, fedcm:accounts: true, goog:chromeOptions: {debuggerAddress: localhost:58769}, goog:processID: 21472, networkConnectionEnabled: false, pageLoadStrategy: normal, platformName: windows, proxy: Proxy(), se:cdp: ws://localhost:58769/devtoo..., se:cdpVersion: 147.0.7727.138, setWindowRect: true, strictFileInteractability: false, timeouts: {implicit: 0, pageLoad: 300000, script: 30000}, unhandledPromptBehavior: dismiss and notify, webauthn:extension:credBlob: true, webauthn:extension:largeBlob: true, webauthn:extension:minPinLength: true, webauthn:extension:prf: true, webauthn:virtualAuthenticators: true}
Element: [[ChromeDriver: chrome on windows (864803c443f20f253750b19244801ff8)] -> xpath: //*[text()='SIGN IN']]
Session ID: 864803c443f20f253750b19244801ff8
at java.base/jdk.internal.reflect.DirectConstructorHandleAccessor.newInstance(DirectConstructorHandleAccessor.java:62)
at java.base/java.lang.reflect.Constructor.newInstanceWithCaller(Constructor.java:502)
at java.base/java.lang.reflect.Constructor.newInstance(Constructor.java:486)
at org.openqa.selenium.remote.ErrorCodec.decode(ErrorCodec.java:167)
at org.openqa.selenium.remote.codec.w3c.W3CHttpResponseCodec.decode(W3CHttpResponseCodec.java:138)
at org.openqa.selenium.remote.codec.w3c.W3CHttpResponseCodec.decode(W3CHttpResponseCodec.java:50)
at org.openqa.selenium.remote.HttpCommandExecutor.execute(HttpCommandExecutor.java:190)
at org.openqa.selenium.remote.service.DriverCommandExecutor.invokeExecute(DriverCommandExecutor.java:216)
at org.openqa.selenium.remote.service.DriverCommandExecutor.execute(DriverCommandExecutor.java:174)
at org.openqa.selenium.remote.RemoteWebDriver.execute(RemoteWebDriver.java:545)
at org.openqa.selenium.remote.RemoteWebElement.execute(RemoteWebElement.java:223)
at org.openqa.selenium.remote.RemoteWebElement.click(RemoteWebElement.java:76)
[...]
at org.testng.internal.invokers.TestInvoker.invokeMethod(TestInvoker.java:578)
at org.testng.internal.invokers.TestInvoker.invokeTestMethod(TestInvoker.java:228)
at org.testng.internal.invokers.MethodRunner.runInSequence(MethodRunner.java:63)
at org.testng.internal.invokers.TestInvoker$MethodInvocationAgent.invoke(TestInvoker.java:961)
at org.testng.internal.invokers.TestInvoker.invokeTestMethods(TestInvoker.java:201)
at org.testng.internal.invokers.TestMethodWorker.invokeTestMethods(TestMethodWorker.java:148)
at org.testng.internal.invokers.TestMethodWorker.run(TestMethodWorker.java:128)
at java.base/java.util.ArrayList.forEach(ArrayList.java:1596)
at org.testng.TestRunner.privateRun(TestRunner.java:819)
at org.testng.TestRunner.run(TestRunner.java:619)
at org.testng.SuiteRunner.runTest(SuiteRunner.java:443)
at org.testng.SuiteRunner.runSequentially(SuiteRunner.java:437)
at org.testng.SuiteRunner.privateRun(SuiteRunner.java:397)
at org.testng.SuiteRunner.run(SuiteRunner.java:336)
at org.testng.SuiteRunnerWorker.runSuite(SuiteRunnerWorker.java:52)
at org.testng.SuiteRunnerWorker.run(SuiteRunnerWorker.java:95)
at org.testng.TestNG.runSuitesSequentially(TestNG.java:1301)
at org.testng.TestNG.runSuitesLocally(TestNG.java:1228)
at org.testng.TestNG.runSuites(TestNG.java:1134)
at org.testng.TestNG.run(TestNG.java:1101)
at org.testng.remote.AbstractRemoteTestNG.run(AbstractRemoteTestNG.java:115)
at org.testng.remote.RemoteTestNG.initAndRun(RemoteTestNG.java:293)
at org.testng.remote.RemoteTestNG.main(RemoteTestNG.java:91)
]]>
            </full-stacktrace>
          </exception> <!-- org.openqa.selenium.TimeoutException -->
          <reporter-output>
          </reporter-output>
        </test-method> <!-- pageRefresh -->
        <test-method signature="verifyMyEnrollmentUrlTest()[pri:1, instance:com.qa.gyruslearner.testcases.MyEnrollmentPageTestCase@71238fc2]" started-at="2026-05-13T14:23:26 IST" name="verifyMyEnrollmentUrlTest" finished-at="2026-05-13T14:23:26 IST" duration-ms="0" status="SKIP">
          <exception class="org.openqa.selenium.TimeoutException">
            <message>
              <![CDATA[timeout: Timed out receiving message from renderer: 20.000
  (Session info: chrome=147.0.7727.138)
Build info: version: '4.27.0', revision: 'd6e718d134'
System info: os.name: 'Windows 11', os.arch: 'amd64', os.version: '10.0', java.version: '21.0.8'
Driver info: org.openqa.selenium.chrome.ChromeDriver
Command: [ae5fe99a57d9687ba30342267000730c, clickElement {id=f.C957605219A207CCE7254FAD8A0076A8.d.48331E1F701DF579EE2A56CACC881D77.e.17}]
Capabilities {acceptInsecureCerts: false, browserName: chrome, browserVersion: 147.0.7727.138, chrome: {chromedriverVersion: 147.0.7727.117 (474cc805edd..., userDataDir: C:\Users\DINESH~1\AppData\L...}, fedcm:accounts: true, goog:chromeOptions: {debuggerAddress: localhost:51456}, goog:processID: 16688, networkConnectionEnabled: false, pageLoadStrategy: normal, platformName: windows, proxy: Proxy(), se:cdp: ws://localhost:51456/devtoo..., se:cdpVersion: 147.0.7727.138, setWindowRect: true, strictFileInteractability: false, timeouts: {implicit: 0, pageLoad: 300000, script: 30000}, unhandledPromptBehavior: dismiss and notify, webauthn:extension:credBlob: true, webauthn:extension:largeBlob: true, webauthn:extension:minPinLength: true, webauthn:extension:prf: true, webauthn:virtualAuthenticators: true}
Element: [[ChromeDriver: chrome on windows (ae5fe99a57d9687ba30342267000730c)] -> xpath: //*[text()='SIGN IN']]
Session ID: ae5fe99a57d9687ba30342267000730c]]>
            </message>
            <full-stacktrace>
              <![CDATA[org.openqa.selenium.TimeoutException: timeout: Timed out receiving message from renderer: 20.000
  (Session info: chrome=147.0.7727.138)
Build info: version: '4.27.0', revision: 'd6e718d134'
System info: os.name: 'Windows 11', os.arch: 'amd64', os.version: '10.0', java.version: '21.0.8'
Driver info: org.openqa.selenium.chrome.ChromeDriver
Command: [ae5fe99a57d9687ba30342267000730c, clickElement {id=f.C957605219A207CCE7254FAD8A0076A8.d.48331E1F701DF579EE2A56CACC881D77.e.17}]
Capabilities {acceptInsecureCerts: false, browserName: chrome, browserVersion: 147.0.7727.138, chrome: {chromedriverVersion: 147.0.7727.117 (474cc805edd..., userDataDir: C:\Users\DINESH~1\AppData\L...}, fedcm:accounts: true, goog:chromeOptions: {debuggerAddress: localhost:51456}, goog:processID: 16688, networkConnectionEnabled: false, pageLoadStrategy: normal, platformName: windows, proxy: Proxy(), se:cdp: ws://localhost:51456/devtoo..., se:cdpVersion: 147.0.7727.138, setWindowRect: true, strictFileInteractability: false, timeouts: {implicit: 0, pageLoad: 300000, script: 30000}, unhandledPromptBehavior: dismiss and notify, webauthn:extension:credBlob: true, webauthn:extension:largeBlob: true, webauthn:extension:minPinLength: true, webauthn:extension:prf: true, webauthn:virtualAuthenticators: true}
Element: [[ChromeDriver: chrome on windows (ae5fe99a57d9687ba30342267000730c)] -> xpath: //*[text()='SIGN IN']]
Session ID: ae5fe99a57d9687ba30342267000730c
at java.base/jdk.internal.reflect.DirectConstructorHandleAccessor.newInstance(DirectConstructorHandleAccessor.java:62)
at java.base/java.lang.reflect.Constructor.newInstanceWithCaller(Constructor.java:502)
at java.base/java.lang.reflect.Constructor.newInstance(Constructor.java:486)
at org.openqa.selenium.remote.ErrorCodec.decode(ErrorCodec.java:167)
at org.openqa.selenium.remote.codec.w3c.W3CHttpResponseCodec.decode(W3CHttpResponseCodec.java:138)
at org.openqa.selenium.remote.codec.w3c.W3CHttpResponseCodec.decode(W3CHttpResponseCodec.java:50)
at org.openqa.selenium.remote.HttpCommandExecutor.execute(HttpCommandExecutor.java:190)
at org.openqa.selenium.remote.service.DriverCommandExecutor.invokeExecute(DriverCommandExecutor.java:216)
at org.openqa.selenium.remote.service.DriverCommandExecutor.execute(DriverCommandExecutor.java:174)
at org.openqa.selenium.remote.RemoteWebDriver.execute(RemoteWebDriver.java:545)
at org.openqa.selenium.remote.RemoteWebElement.execute(RemoteWebElement.java:223)
at org.openqa.selenium.remote.RemoteWebElement.click(RemoteWebElement.java:76)
at java.base/jdk.internal.reflect.DirectMethodHandleAccessor.invoke(DirectMethodHandleAccessor.java:103)
at java.base/java.lang.reflect.Method.invoke(Method.java:580)
at org.openqa.selenium.support.pagefactory.internal.LocatingElementHandler.invoke(LocatingElementHandler.java:51)
at jdk.proxy2/jdk.proxy2.$Proxy17.click(Unknown Source)
at com.qa.gyruslearner.util.ElementUtil.doClick(ElementUtil.java:105)
at com.qa.gyruslearner.pages.LoginPage.login(LoginPage.java:165)
at com.qa.gyruslearner.testcases.MyEnrollmentPageTestCase.pageRefresh(MyEnrollmentPageTestCase.java:48)
at java.base/jdk.internal.reflect.DirectMethodHandleAccessor.invoke(DirectMethodHandleAccessor.java:103)
at java.base/java.lang.reflect.Method.invoke(Method.java:580)
at org.testng.internal.invokers.MethodInvocationHelper.invokeMethod(MethodInvocationHelper.java:139)
at org.testng.internal.invokers.MethodInvocationHelper.invokeMethodConsideringTimeout(MethodInvocationHelper.java:69)
at org.testng.internal.invokers.ConfigInvoker.invokeConfigurationMethod(ConfigInvoker.java:393)
at org.testng.internal.invokers.ConfigInvoker.invokeConfigurations(ConfigInvoker.java:326)
at org.testng.internal.invokers.TestInvoker.runConfigMethods(TestInvoker.java:810)
at org.testng.internal.invokers.TestInvoker.invokeMethod(TestInvoker.java:578)
at org.testng.internal.invokers.TestInvoker.invokeTestMethod(TestInvoker.java:228)
at org.testng.internal.invokers.MethodRunner.runInSequence(MethodRunner.java:63)
at org.testng.internal.invokers.TestInvoker$MethodInvocationAgent.invoke(TestInvoker.java:961)
at org.testng.internal.invokers.TestInvoker.invokeTestMethods(TestInvoker.java:201)
at org.testng.internal.invokers.TestMethodWorker.invokeTestMethods(TestMethodWorker.java:148)
at org.testng.internal.invokers.TestMethodWorker.run(TestMethodWorker.java:128)
at java.base/java.util.ArrayList.forEach(ArrayList.java:1596)
at org.testng.TestRunner.privateRun(TestRunner.java:819)
at org.testng.TestRunner.run(TestRunner.java:619)
at org.testng.SuiteRunner.runTest(SuiteRunner.java:443)
at org.testng.SuiteRunner.runSequentially(SuiteRunner.java:437)
at org.testng.SuiteRunner.privateRun(SuiteRunner.java:397)
at org.testng.SuiteRunner.run(SuiteRunner.java:336)
at org.testng.SuiteRunnerWorker.runSuite(SuiteRunnerWorker.java:52)
at org.testng.SuiteRunnerWorker.run(SuiteRunnerWorker.java:95)
at org.testng.TestNG.runSuitesSequentially(TestNG.java:1301)
at org.testng.TestNG.runSuitesLocally(TestNG.java:1228)
at org.testng.TestNG.runSuites(TestNG.java:1134)
at org.testng.TestNG.run(TestNG.java:1101)
at org.testng.remote.AbstractRemoteTestNG.run(AbstractRemoteTestNG.java:115)
at org.testng.remote.RemoteTestNG.initAndRun(RemoteTestNG.java:293)
at org.testng.remote.RemoteTestNG.main(RemoteTestNG.java:91)
]]>
            </full-stacktrace>
          </exception> <!-- org.openqa.selenium.TimeoutException -->
          <reporter-output>
          </reporter-output>
        </test-method> <!-- verifyMyEnrollmentUrlTest -->
        <test-method is-config="true" signature="pageRefresh()[pri:0, instance:com.qa.gyruslearner.testcases.MyEnrollmentPageTestCase@71238fc2]" started-at="2026-05-13T14:23:26 IST" name="pageRefresh" finished-at="2026-05-13T14:23:26 IST" duration-ms="82" status="PASS">
          <reporter-output>
          </reporter-output>
        </test-method> <!-- pageRefresh -->
        <test-method signature="verifyMyEndrollmentTitileTest()[pri:2, instance:com.qa.gyruslearner.testcases.MyEnrollmentPageTestCase@71238fc2]" started-at="2026-05-13T14:23:26 IST" name="verifyMyEndrollmentTitileTest" finished-at="2026-05-13T14:23:26 IST" duration-ms="0" status="SKIP">
          <exception class="org.openqa.selenium.TimeoutException">
            <message>
              <![CDATA[timeout: Timed out receiving message from renderer: 20.000
  (Session info: chrome=147.0.7727.138)
Build info: version: '4.27.0', revision: 'd6e718d134'
System info: os.name: 'Windows 11', os.arch: 'amd64', os.version: '10.0', java.version: '21.0.8'
Driver info: org.openqa.selenium.chrome.ChromeDriver
Command: [ae5fe99a57d9687ba30342267000730c, clickElement {id=f.C957605219A207CCE7254FAD8A0076A8.d.48331E1F701DF579EE2A56CACC881D77.e.17}]
Capabilities {acceptInsecureCerts: false, browserName: chrome, browserVersion: 147.0.7727.138, chrome: {chromedriverVersion: 147.0.7727.117 (474cc805edd..., userDataDir: C:\Users\DINESH~1\AppData\L...}, fedcm:accounts: true, goog:chromeOptions: {debuggerAddress: localhost:51456}, goog:processID: 16688, networkConnectionEnabled: false, pageLoadStrategy: normal, platformName: windows, proxy: Proxy(), se:cdp: ws://localhost:51456/devtoo..., se:cdpVersion: 147.0.7727.138, setWindowRect: true, strictFileInteractability: false, timeouts: {implicit: 0, pageLoad: 300000, script: 30000}, unhandledPromptBehavior: dismiss and notify, webauthn:extension:credBlob: true, webauthn:extension:largeBlob: true, webauthn:extension:minPinLength: true, webauthn:extension:prf: true, webauthn:virtualAuthenticators: true}
Element: [[ChromeDriver: chrome on windows (ae5fe99a57d9687ba30342267000730c)] -> xpath: //*[text()='SIGN IN']]
Session ID: ae5fe99a57d9687ba30342267000730c]]>
            </message>
            <full-stacktrace>
              <![CDATA[org.openqa.selenium.TimeoutException: timeout: Timed out receiving message from renderer: 20.000
  (Session info: chrome=147.0.7727.138)
Build info: version: '4.27.0', revision: 'd6e718d134'
System info: os.name: 'Windows 11', os.arch: 'amd64', os.version: '10.0', java.version: '21.0.8'
Driver info: org.openqa.selenium.chrome.ChromeDriver
Command: [ae5fe99a57d9687ba30342267000730c, clickElement {id=f.C957605219A207CCE7254FAD8A0076A8.d.48331E1F701DF579EE2A56CACC881D77.e.17}]
Capabilities {acceptInsecureCerts: false, browserName: chrome, browserVersion: 147.0.7727.138, chrome: {chromedriverVersion: 147.0.7727.117 (474cc805edd..., userDataDir: C:\Users\DINESH~1\AppData\L...}, fedcm:accounts: true, goog:chromeOptions: {debuggerAddress: localhost:51456}, goog:processID: 16688, networkConnectionEnabled: false, pageLoadStrategy: normal, platformName: windows, proxy: Proxy(), se:cdp: ws://localhost:51456/devtoo..., se:cdpVersion: 147.0.7727.138, setWindowRect: true, strictFileInteractability: false, timeouts: {implicit: 0, pageLoad: 300000, script: 30000}, unhandledPromptBehavior: dismiss and notify, webauthn:extension:credBlob: true, webauthn:extension:largeBlob: true, webauthn:extension:minPinLength: true, webauthn:extension:prf: true, webauthn:virtualAuthenticators: true}
Element: [[ChromeDriver: chrome on windows (ae5fe99a57d9687ba30342267000730c)] -> xpath: //*[text()='SIGN IN']]
Session ID: ae5fe99a57d9687ba30342267000730c
at java.base/jdk.internal.reflect.DirectConstructorHandleAccessor.newInstance(DirectConstructorHandleAccessor.java:62)
at java.base/java.lang.reflect.Constructor.newInstanceWithCaller(Constructor.java:502)
at java.base/java.lang.reflect.Constructor.newInstance(Constructor.java:486)
at org.openqa.selenium.remote.ErrorCodec.decode(ErrorCodec.java:167)
at org.openqa.selenium.remote.codec.w3c.W3CHttpResponseCodec.decode(W3CHttpResponseCodec.java:138)
at org.openqa.selenium.remote.codec.w3c.W3CHttpResponseCodec.decode(W3CHttpResponseCodec.java:50)
at org.openqa.selenium.remote.HttpCommandExecutor.execute(HttpCommandExecutor.java:190)
at org.openqa.selenium.remote.service.DriverCommandExecutor.invokeExecute(DriverCommandExecutor.java:216)
at org.openqa.selenium.remote.service.DriverCommandExecutor.execute(DriverCommandExecutor.java:174)
at org.openqa.selenium.remote.RemoteWebDriver.execute(RemoteWebDriver.java:545)
at org.openqa.selenium.remote.RemoteWebElement.execute(RemoteWebElement.java:223)
at org.openqa.selenium.remote.RemoteWebElement.click(RemoteWebElement.java:76)
at java.base/jdk.internal.reflect.DirectMethodHandleAccessor.invoke(DirectMethodHandleAccessor.java:103)
at java.base/java.lang.reflect.Method.invoke(Method.java:580)
at org.openqa.selenium.support.pagefactory.internal.LocatingElementHandler.invoke(LocatingElementHandler.java:51)
at jdk.proxy2/jdk.proxy2.$Proxy17.click(Unknown Source)
at com.qa.gyruslearner.util.ElementUtil.doClick(ElementUtil.java:105)
at com.qa.gyruslearner.pages.LoginPage.login(LoginPage.java:165)
at com.qa.gyruslearner.testcases.MyEnrollmentPageTestCase.pageRefresh(MyEnrollmentPageTestCase.java:48)
at java.base/jdk.internal.reflect.DirectMethodHandleAccessor.invoke(DirectMethodHandleAccessor.java:103)
at java.base/java.lang.reflect.Method.invoke(Method.java:580)
at org.testng.internal.invokers.MethodInvocationHelper.invokeMethod(MethodInvocationHelper.java:139)
at org.testng.internal.invokers.MethodInvocationHelper.invokeMethodConsideringTimeout(MethodInvocationHelper.java:69)
at org.testng.internal.invokers.ConfigInvoker.invokeConfigurationMethod(ConfigInvoker.java:393)
at org.testng.internal.invokers.ConfigInvoker.invokeConfigurations(ConfigInvoker.java:326)
at org.testng.internal.invokers.TestInvoker.runConfigMethods(TestInvoker.java:810)
at org.testng.internal.invokers.TestInvoker.invokeMethod(TestInvoker.java:578)
at org.testng.internal.invokers.TestInvoker.invokeTestMethod(TestInvoker.java:228)
at org.testng.internal.invokers.MethodRunner.runInSequence(MethodRunner.java:63)
at org.testng.internal.invokers.TestInvoker$MethodInvocationAgent.invoke(TestInvoker.java:961)
at org.testng.internal.invokers.TestInvoker.invokeTestMethods(TestInvoker.java:201)
at org.testng.internal.invokers.TestMethodWorker.invokeTestMethods(TestMethodWorker.java:148)
at org.testng.internal.invokers.TestMethodWorker.run(TestMethodWorker.java:128)
at java.base/java.util.ArrayList.forEach(ArrayList.java:1596)
at org.testng.TestRunner.privateRun(TestRunner.java:819)
at org.testng.TestRunner.run(TestRunner.java:619)
at org.testng.SuiteRunner.runTest(SuiteRunner.java:443)
at org.testng.SuiteRunner.runSequentially(SuiteRunner.java:437)
at org.testng.SuiteRunner.privateRun(SuiteRunner.java:397)
at org.testng.SuiteRunner.run(SuiteRunner.java:336)
at org.testng.SuiteRunnerWorker.runSuite(SuiteRunnerWorker.java:52)
at org.testng.SuiteRunnerWorker.run(SuiteRunnerWorker.java:95)
at org.testng.TestNG.runSuitesSequentially(TestNG.java:1301)
at org.testng.TestNG.runSuitesLocally(TestNG.java:1228)
at org.testng.TestNG.runSuites(TestNG.java:1134)
at org.testng.TestNG.run(TestNG.java:1101)
at org.testng.remote.AbstractRemoteTestNG.run(AbstractRemoteTestNG.java:115)
at org.testng.remote.RemoteTestNG.initAndRun(RemoteTestNG.java:293)
at org.testng.remote.RemoteTestNG.main(RemoteTestNG.java:91)
]]>
            </full-stacktrace>
          </exception> <!-- org.openqa.selenium.TimeoutException -->
          <reporter-output>
          </reporter-output>
        </test-method> <!-- verifyMyEndrollmentTitileTest -->
        <test-method is-config="true" signature="tearDown()[pri:0, instance:com.qa.gyruslearner.testcases.MyEnrollmentPageTestCase@71238fc2]" started-at="2026-05-13T14:23:26 IST" name="tearDown" finished-at="2026-05-13T14:23:26 IST" duration-ms="386" status="PASS">
          <reporter-output>
          </reporter-output>
        </test-method> <!-- tearDown -->
      </class> <!-- com.qa.gyruslearner.testcases.MyEnrollmentPageTestCase -->
      <class name="com.qa.gyruslearner.testcases.MyEvaluationsPageTestCase">
        <test-method is-config="true" signature="setUp()[pri:0, instance:com.qa.gyruslearner.testcases.MyEvaluationsPageTestCase@505fc5a4]" started-at="2026-05-13T14:25:47 IST" name="setUp" finished-at="2026-05-13T14:26:01 IST" duration-ms="14531" status="PASS">
          <reporter-output>
          </reporter-output>
        </test-method> <!-- setUp -->
        <test-method is-config="true" signature="pageRefresh()[pri:0, instance:com.qa.gyruslearner.testcases.MyEvaluationsPageTestCase@505fc5a4]" started-at="2026-05-13T14:26:01 IST" name="pageRefresh" finished-at="2026-05-13T14:26:15 IST" duration-ms="14253" status="PASS">
          <reporter-output>
          </reporter-output>
        </test-method> <!-- pageRefresh -->
        <test-method signature="verifyMyEvaluationsUrlTest()[pri:1, instance:com.qa.gyruslearner.testcases.MyEvaluationsPageTestCase@505fc5a4]" started-at="2026-05-13T14:26:15 IST" name="verifyMyEvaluationsUrlTest" finished-at="2026-05-13T14:26:35 IST" duration-ms="19504" status="PASS">
          <reporter-output>
          </reporter-output>
        </test-method> <!-- verifyMyEvaluationsUrlTest -->
        <test-method is-config="true" signature="pageRefresh()[pri:0, instance:com.qa.gyruslearner.testcases.MyEvaluationsPageTestCase@505fc5a4]" started-at="2026-05-13T14:26:35 IST" name="pageRefresh" finished-at="2026-05-13T14:26:35 IST" duration-ms="85" status="PASS">
          <reporter-output>
          </reporter-output>
        </test-method> <!-- pageRefresh -->
        <test-method signature="verifyMyEvaluationsTitileTest()[pri:2, instance:com.qa.gyruslearner.testcases.MyEvaluationsPageTestCase@505fc5a4]" started-at="2026-05-13T14:26:35 IST" name="verifyMyEvaluationsTitileTest" finished-at="2026-05-13T14:26:37 IST" duration-ms="1490" status="PASS">
          <reporter-output>
          </reporter-output>
        </test-method> <!-- verifyMyEvaluationsTitileTest -->
        <test-method is-config="true" signature="tearDown()[pri:0, instance:com.qa.gyruslearner.testcases.MyEvaluationsPageTestCase@505fc5a4]" started-at="2026-05-13T14:26:37 IST" name="tearDown" finished-at="2026-05-13T14:26:37 IST" duration-ms="467" status="PASS">
          <reporter-output>
          </reporter-output>
        </test-method> <!-- tearDown -->
      </class> <!-- com.qa.gyruslearner.testcases.MyEvaluationsPageTestCase -->
    </test> <!-- Automation Smoke Testing -->
  </suite> <!-- Gyrus Automation Suite -->
</testng-results>
