<?xml version="1.0" encoding="UTF-8"?>
<testng-results ignored="0" total="6" passed="6" failed="0" skipped="0">
  <reporter-output>
  </reporter-output>
  <suite started-at="2026-03-28T03:38:40 IST" name="Default suite" finished-at="2026-03-28T03:42:00 IST" duration-ms="199749">
    <groups>
    </groups>
    <test started-at="2026-03-28T03:38:40 IST" name="Default test" finished-at="2026-03-28T03:42:00 IST" duration-ms="199749">
      <class name="com.qa.gyruslearner.testcases.IDPPageTestCase">
        <test-method is-config="true" signature="setUp()[pri:0, instance:com.qa.gyruslearner.testcases.IDPPageTestCase@4218d6a3]" started-at="2026-03-28T03:38:40 IST" name="setUp" finished-at="2026-03-28T03:38:46 IST" duration-ms="5763" status="PASS">
          <reporter-output>
          </reporter-output>
        </test-method> <!-- setUp -->
        <test-method is-config="true" signature="pageRefresh()[pri:0, instance:com.qa.gyruslearner.testcases.IDPPageTestCase@4218d6a3]" started-at="2026-03-28T03:38:46 IST" name="pageRefresh" finished-at="2026-03-28T03:38:46 IST" duration-ms="364" status="PASS">
          <reporter-output>
          </reporter-output>
        </test-method> <!-- pageRefresh -->
        <test-method signature="verifyMyLearnerLinkTest()[pri:1, instance:com.qa.gyruslearner.testcases.IDPPageTestCase@4218d6a3]" started-at="2026-03-28T03:38:46 IST" name="verifyMyLearnerLinkTest" finished-at="2026-03-28T03:38:54 IST" duration-ms="7686" status="PASS">
          <reporter-output>
          </reporter-output>
        </test-method> <!-- verifyMyLearnerLinkTest -->
        <test-method is-config="true" signature="pageRefresh()[pri:0, instance:com.qa.gyruslearner.testcases.IDPPageTestCase@4218d6a3]" started-at="2026-03-28T03:38:54 IST" name="pageRefresh" finished-at="2026-03-28T03:38:54 IST" duration-ms="20" status="PASS">
          <reporter-output>
          </reporter-output>
        </test-method> <!-- pageRefresh -->
        <test-method signature="verifyidpUrlTest()[pri:2, instance:com.qa.gyruslearner.testcases.IDPPageTestCase@4218d6a3]" started-at="2026-03-28T03:38:54 IST" name="verifyidpUrlTest" finished-at="2026-03-28T03:38:55 IST" duration-ms="927" status="PASS">
          <reporter-output>
          </reporter-output>
        </test-method> <!-- verifyidpUrlTest -->
        <test-method is-config="true" signature="pageRefresh()[pri:0, instance:com.qa.gyruslearner.testcases.IDPPageTestCase@4218d6a3]" started-at="2026-03-28T03:38:55 IST" name="pageRefresh" finished-at="2026-03-28T03:38:55 IST" duration-ms="126" status="PASS">
          <reporter-output>
          </reporter-output>
        </test-method> <!-- pageRefresh -->
        <test-method signature="verifyIDPPageTitileTest()[pri:3, instance:com.qa.gyruslearner.testcases.IDPPageTestCase@4218d6a3]" started-at="2026-03-28T03:38:55 IST" name="verifyIDPPageTitileTest" finished-at="2026-03-28T03:38:56 IST" duration-ms="1087" status="PASS">
          <reporter-output>
          </reporter-output>
        </test-method> <!-- verifyIDPPageTitileTest -->
        <test-method is-config="true" signature="pageRefresh()[pri:0, instance:com.qa.gyruslearner.testcases.IDPPageTestCase@4218d6a3]" started-at="2026-03-28T03:38:56 IST" name="pageRefresh" finished-at="2026-03-28T03:38:56 IST" duration-ms="19" status="PASS">
          <reporter-output>
          </reporter-output>
        </test-method> <!-- pageRefresh -->
        <test-method signature="verifyIDPHeaderPageTitleTest()[pri:5, instance:com.qa.gyruslearner.testcases.IDPPageTestCase@4218d6a3]" started-at="2026-03-28T03:38:56 IST" name="verifyIDPHeaderPageTitleTest" finished-at="2026-03-28T03:38:56 IST" duration-ms="118" status="PASS">
          <reporter-output>
          </reporter-output>
        </test-method> <!-- verifyIDPHeaderPageTitleTest -->
        <test-method is-config="true" signature="pageRefresh()[pri:0, instance:com.qa.gyruslearner.testcases.IDPPageTestCase@4218d6a3]" started-at="2026-03-28T03:38:56 IST" name="pageRefresh" finished-at="2026-03-28T03:38:56 IST" duration-ms="16" status="PASS">
          <reporter-output>
          </reporter-output>
        </test-method> <!-- pageRefresh -->
        <test-method signature="verifyAllCardLoadedAndCountTest()[pri:6, instance:com.qa.gyruslearner.testcases.IDPPageTestCase@4218d6a3]" started-at="2026-03-28T03:38:56 IST" name="verifyAllCardLoadedAndCountTest" finished-at="2026-03-28T03:40:58 IST" duration-ms="121957" status="PASS">
          <reporter-output>
          </reporter-output>
        </test-method> <!-- verifyAllCardLoadedAndCountTest -->
        <test-method is-config="true" signature="pageRefresh()[pri:0, instance:com.qa.gyruslearner.testcases.IDPPageTestCase@4218d6a3]" started-at="2026-03-28T03:40:58 IST" name="pageRefresh" finished-at="2026-03-28T03:40:58 IST" duration-ms="14" status="PASS">
          <reporter-output>
          </reporter-output>
        </test-method> <!-- pageRefresh -->
        <test-method signature="verifyAllElearningQuickFilterTest()[pri:7, instance:com.qa.gyruslearner.testcases.IDPPageTestCase@4218d6a3]" started-at="2026-03-28T03:40:58 IST" name="verifyAllElearningQuickFilterTest" finished-at="2026-03-28T03:41:59 IST" duration-ms="61064" status="PASS">
          <reporter-output>
          </reporter-output>
        </test-method> <!-- verifyAllElearningQuickFilterTest -->
        <test-method is-config="true" signature="tearDown()[pri:0, instance:com.qa.gyruslearner.testcases.IDPPageTestCase@4218d6a3]" started-at="2026-03-28T03:41:59 IST" name="tearDown" finished-at="2026-03-28T03:42:00 IST" duration-ms="506" status="PASS">
          <reporter-output>
          </reporter-output>
        </test-method> <!-- tearDown -->
      </class> <!-- com.qa.gyruslearner.testcases.IDPPageTestCase -->
    </test> <!-- Default test -->
  </suite> <!-- Default suite -->
</testng-results>
