<?xml version="1.0" encoding="UTF-8"?>
<testng-results ignored="0" total="4" passed="4" failed="0" skipped="0">
  <reporter-output>
  </reporter-output>
  <suite started-at="2025-09-10T18:22:29 IST" name="Default suite" finished-at="2025-09-10T18:22:54 IST" duration-ms="24376">
    <groups>
    </groups>
    <test started-at="2025-09-10T18:22:29 IST" name="Default test" finished-at="2025-09-10T18:22:54 IST" duration-ms="24376">
      <class name="com.qa.gyruslearner.testcases.DashboardPageTestCase">
        <test-method is-config="true" signature="setUp()[pri:0, instance:com.qa.gyruslearner.testcases.DashboardPageTestCase@a1153bc]" started-at="2025-09-10T18:22:29 IST" name="setUp" finished-at="2025-09-10T18:22:36 IST" duration-ms="6233" status="PASS">
          <reporter-output>
          </reporter-output>
        </test-method> <!-- setUp -->
        <test-method signature="dashBoardUrlTest()[pri:1, instance:com.qa.gyruslearner.testcases.DashboardPageTestCase@a1153bc]" started-at="2025-09-10T18:22:36 IST" name="dashBoardUrlTest" finished-at="2025-09-10T18:22:43 IST" duration-ms="7824" status="PASS">
          <reporter-output>
          </reporter-output>
        </test-method> <!-- dashBoardUrlTest -->
        <test-method signature="dashBoardPageTitleTest()[pri:2, instance:com.qa.gyruslearner.testcases.DashboardPageTestCase@a1153bc]" started-at="2025-09-10T18:22:43 IST" name="dashBoardPageTitleTest" finished-at="2025-09-10T18:22:46 IST" duration-ms="2786" status="PASS">
          <reporter-output>
          </reporter-output>
        </test-method> <!-- dashBoardPageTitleTest -->
        <test-method signature="VerifyCompanyLogoInDashBoardTest()[pri:3, instance:com.qa.gyruslearner.testcases.DashboardPageTestCase@a1153bc]" started-at="2025-09-10T18:22:46 IST" name="VerifyCompanyLogoInDashBoardTest" finished-at="2025-09-10T18:22:46 IST" duration-ms="36" status="PASS">
          <reporter-output>
          </reporter-output>
        </test-method> <!-- VerifyCompanyLogoInDashBoardTest -->
        <test-method signature="verifyWelcomeHeadertextTest()[pri:4, instance:com.qa.gyruslearner.testcases.DashboardPageTestCase@a1153bc]" started-at="2025-09-10T18:22:46 IST" name="verifyWelcomeHeadertextTest" finished-at="2025-09-10T18:22:53 IST" duration-ms="6598" status="PASS">
          <reporter-output>
          </reporter-output>
        </test-method> <!-- verifyWelcomeHeadertextTest -->
        <test-method is-config="true" signature="tearDown()[pri:0, instance:com.qa.gyruslearner.testcases.DashboardPageTestCase@a1153bc]" started-at="2025-09-10T18:22:53 IST" name="tearDown" finished-at="2025-09-10T18:22:54 IST" duration-ms="846" status="PASS">
          <reporter-output>
          </reporter-output>
        </test-method> <!-- tearDown -->
      </class> <!-- com.qa.gyruslearner.testcases.DashboardPageTestCase -->
    </test> <!-- Default test -->
  </suite> <!-- Default suite -->
</testng-results>
