<?xml version="1.0" encoding="UTF-8"?>
<testng-results ignored="0" total="7" passed="7" failed="0" skipped="0">
  <reporter-output>
  </reporter-output>
  <suite started-at="2025-09-05T18:24:57 IST" name="Default suite" finished-at="2025-09-05T18:25:14 IST" duration-ms="17508">
    <groups>
    </groups>
    <test started-at="2025-09-05T18:24:57 IST" name="Default test" finished-at="2025-09-05T18:25:14 IST" duration-ms="17508">
      <class name="com.qa.gyruslearner.testcases.ChangePasswordPageTestCase">
        <test-method is-config="true" signature="setUp()[pri:0, instance:com.qa.gyruslearner.testcases.ChangePasswordPageTestCase@4218d6a3]" started-at="2025-09-05T18:24:57 IST" name="setUp" finished-at="2025-09-05T18:25:01 IST" duration-ms="4350" status="PASS">
          <reporter-output>
          </reporter-output>
        </test-method> <!-- setUp -->
        <test-method signature="changePasswordUrlTest()[pri:1, instance:com.qa.gyruslearner.testcases.ChangePasswordPageTestCase@4218d6a3]" started-at="2025-09-05T18:25:01 IST" name="changePasswordUrlTest" finished-at="2025-09-05T18:25:04 IST" duration-ms="3428" status="PASS">
          <reporter-output>
          </reporter-output>
        </test-method> <!-- changePasswordUrlTest -->
        <test-method signature="verifyChangePasswordPanelTitleTest()[pri:3, instance:com.qa.gyruslearner.testcases.ChangePasswordPageTestCase@4218d6a3]" started-at="2025-09-05T18:25:04 IST" name="verifyChangePasswordPanelTitleTest" finished-at="2025-09-05T18:25:04 IST" depends-on-methods="com.qa.gyruslearner.testcases.ChangePasswordPageTestCase.changePasswordUrlTest" duration-ms="30" status="PASS">
          <reporter-output>
          </reporter-output>
        </test-method> <!-- verifyChangePasswordPanelTitleTest -->
        <test-method signature="verifyChangePasswordPageUIElementsTest()[pri:4, instance:com.qa.gyruslearner.testcases.ChangePasswordPageTestCase@4218d6a3]" started-at="2025-09-05T18:25:04 IST" name="verifyChangePasswordPageUIElementsTest" finished-at="2025-09-05T18:25:05 IST" depends-on-methods="com.qa.gyruslearner.testcases.ChangePasswordPageTestCase.changePasswordUrlTest" duration-ms="155" status="PASS">
          <reporter-output>
          </reporter-output>
        </test-method> <!-- verifyChangePasswordPageUIElementsTest -->
        <test-method signature="VerifyWrongCurrentPasswordTest()[pri:6, instance:com.qa.gyruslearner.testcases.ChangePasswordPageTestCase@4218d6a3]" started-at="2025-09-05T18:25:05 IST" name="VerifyWrongCurrentPasswordTest" finished-at="2025-09-05T18:25:08 IST" depends-on-methods="com.qa.gyruslearner.testcases.ChangePasswordPageTestCase.changePasswordUrlTest" duration-ms="2904" status="PASS">
          <reporter-output>
          </reporter-output>
        </test-method> <!-- VerifyWrongCurrentPasswordTest -->
        <test-method signature="verifyErrorForMismatchedPasswordsTest()[pri:7, instance:com.qa.gyruslearner.testcases.ChangePasswordPageTestCase@4218d6a3]" started-at="2025-09-05T18:25:08 IST" name="verifyErrorForMismatchedPasswordsTest" finished-at="2025-09-05T18:25:10 IST" depends-on-methods="com.qa.gyruslearner.testcases.ChangePasswordPageTestCase.changePasswordUrlTest" duration-ms="2968" status="PASS">
          <reporter-output>
          </reporter-output>
        </test-method> <!-- verifyErrorForMismatchedPasswordsTest -->
        <test-method signature="verifyCurrentAndNewPasswordAreSameTest()[pri:8, instance:com.qa.gyruslearner.testcases.ChangePasswordPageTestCase@4218d6a3]" started-at="2025-09-05T18:25:11 IST" name="verifyCurrentAndNewPasswordAreSameTest" finished-at="2025-09-05T18:25:11 IST" depends-on-methods="com.qa.gyruslearner.testcases.ChangePasswordPageTestCase.changePasswordUrlTest" duration-ms="631" status="PASS">
          <reporter-output>
          </reporter-output>
        </test-method> <!-- verifyCurrentAndNewPasswordAreSameTest -->
        <test-method signature="verifySignOutFunctionalityTest()[pri:9, instance:com.qa.gyruslearner.testcases.ChangePasswordPageTestCase@4218d6a3]" started-at="2025-09-05T18:25:11 IST" name="verifySignOutFunctionalityTest" finished-at="2025-09-05T18:25:14 IST" depends-on-methods="com.qa.gyruslearner.testcases.ChangePasswordPageTestCase.changePasswordUrlTest" duration-ms="2772" status="PASS">
          <reporter-output>
          </reporter-output>
        </test-method> <!-- verifySignOutFunctionalityTest -->
        <test-method is-config="true" signature="tearDown()[pri:0, instance:com.qa.gyruslearner.testcases.ChangePasswordPageTestCase@4218d6a3]" started-at="2025-09-05T18:25:14 IST" name="tearDown" finished-at="2025-09-05T18:25:14 IST" duration-ms="196" status="PASS">
          <reporter-output>
          </reporter-output>
        </test-method> <!-- tearDown -->
      </class> <!-- com.qa.gyruslearner.testcases.ChangePasswordPageTestCase -->
    </test> <!-- Default test -->
  </suite> <!-- Default suite -->
</testng-results>
