<?xml version="1.0" encoding="UTF-8"?>
<testng-results ignored="0" total="7" passed="7" failed="0" skipped="0">
  <reporter-output>
  </reporter-output>
  <suite started-at="2026-04-07T19:09:41 IST" name="Default suite" finished-at="2026-04-07T19:11:10 IST" duration-ms="89393">
    <groups>
    </groups>
    <test started-at="2026-04-07T19:09:41 IST" name="Default test" finished-at="2026-04-07T19:11:10 IST" duration-ms="89393">
      <class name="com.qa.gyruslearner.testcases.IDPPageTestCase">
        <test-method is-config="true" signature="setUp()[pri:0, instance:com.qa.gyruslearner.testcases.IDPPageTestCase@4e096385]" started-at="2026-04-07T19:09:41 IST" name="setUp" finished-at="2026-04-07T19:09:48 IST" duration-ms="7421" status="PASS">
          <reporter-output>
          </reporter-output>
        </test-method> <!-- setUp -->
        <test-method is-config="true" signature="pageRefresh()[pri:0, instance:com.qa.gyruslearner.testcases.IDPPageTestCase@4e096385]" started-at="2026-04-07T19:09:48 IST" name="pageRefresh" finished-at="2026-04-07T19:09:53 IST" duration-ms="5075" status="PASS">
          <reporter-output>
          </reporter-output>
        </test-method> <!-- pageRefresh -->
        <test-method signature="verifyMyLearnerLinkTest()[pri:1, instance:com.qa.gyruslearner.testcases.IDPPageTestCase@4e096385]" started-at="2026-04-07T19:09:53 IST" name="verifyMyLearnerLinkTest" finished-at="2026-04-07T19:09:56 IST" duration-ms="2460" status="PASS">
          <reporter-output>
          </reporter-output>
        </test-method> <!-- verifyMyLearnerLinkTest -->
        <test-method is-config="true" signature="pageRefresh()[pri:0, instance:com.qa.gyruslearner.testcases.IDPPageTestCase@4e096385]" started-at="2026-04-07T19:09:56 IST" name="pageRefresh" finished-at="2026-04-07T19:09:56 IST" duration-ms="44" status="PASS">
          <reporter-output>
          </reporter-output>
        </test-method> <!-- pageRefresh -->
        <test-method signature="verifyidpUrlTest()[pri:2, instance:com.qa.gyruslearner.testcases.IDPPageTestCase@4e096385]" started-at="2026-04-07T19:09:56 IST" name="verifyidpUrlTest" finished-at="2026-04-07T19:10:28 IST" depends-on-methods="com.qa.gyruslearner.testcases.IDPPageTestCase.verifyMyLearnerLinkTest" duration-ms="31991" status="PASS">
          <reporter-output>
          </reporter-output>
        </test-method> <!-- verifyidpUrlTest -->
        <test-method is-config="true" signature="pageRefresh()[pri:0, instance:com.qa.gyruslearner.testcases.IDPPageTestCase@4e096385]" started-at="2026-04-07T19:10:28 IST" name="pageRefresh" finished-at="2026-04-07T19:10:28 IST" duration-ms="149" status="PASS">
          <reporter-output>
          </reporter-output>
        </test-method> <!-- pageRefresh -->
        <test-method signature="verifyIDPPageTitileTest()[pri:3, instance:com.qa.gyruslearner.testcases.IDPPageTestCase@4e096385]" started-at="2026-04-07T19:10:28 IST" name="verifyIDPPageTitileTest" finished-at="2026-04-07T19:10:29 IST" duration-ms="1303" status="PASS">
          <reporter-output>
          </reporter-output>
        </test-method> <!-- verifyIDPPageTitileTest -->
        <test-method is-config="true" signature="pageRefresh()[pri:0, instance:com.qa.gyruslearner.testcases.IDPPageTestCase@4e096385]" started-at="2026-04-07T19:10:29 IST" name="pageRefresh" finished-at="2026-04-07T19:10:29 IST" duration-ms="10" status="PASS">
          <reporter-output>
          </reporter-output>
        </test-method> <!-- pageRefresh -->
        <test-method signature="verifyIDPHeaderPageTitleTest()[pri:5, instance:com.qa.gyruslearner.testcases.IDPPageTestCase@4e096385]" started-at="2026-04-07T19:10:29 IST" name="verifyIDPHeaderPageTitleTest" finished-at="2026-04-07T19:10:29 IST" duration-ms="85" status="PASS">
          <reporter-output>
          </reporter-output>
        </test-method> <!-- verifyIDPHeaderPageTitleTest -->
        <test-method is-config="true" signature="pageRefresh()[pri:0, instance:com.qa.gyruslearner.testcases.IDPPageTestCase@4e096385]" started-at="2026-04-07T19:10:29 IST" name="pageRefresh" finished-at="2026-04-07T19:10:29 IST" duration-ms="18" status="PASS">
          <reporter-output>
          </reporter-output>
        </test-method> <!-- pageRefresh -->
        <test-method signature="verifyAssessmentsQuickFilterTest()[pri:9, instance:com.qa.gyruslearner.testcases.IDPPageTestCase@4e096385]" started-at="2026-04-07T19:10:29 IST" name="verifyAssessmentsQuickFilterTest" finished-at="2026-04-07T19:10:45 IST" duration-ms="15175" status="PASS">
          <reporter-output>
          </reporter-output>
        </test-method> <!-- verifyAssessmentsQuickFilterTest -->
        <test-method is-config="true" signature="pageRefresh()[pri:0, instance:com.qa.gyruslearner.testcases.IDPPageTestCase@4e096385]" started-at="2026-04-07T19:10:45 IST" name="pageRefresh" finished-at="2026-04-07T19:10:45 IST" duration-ms="11" status="PASS">
          <reporter-output>
          </reporter-output>
        </test-method> <!-- pageRefresh -->
        <test-method signature="verifyCertificationQuickFilterTest()[pri:10, instance:com.qa.gyruslearner.testcases.IDPPageTestCase@4e096385]" started-at="2026-04-07T19:10:45 IST" name="verifyCertificationQuickFilterTest" finished-at="2026-04-07T19:10:58 IST" duration-ms="13628" status="PASS">
          <reporter-output>
          </reporter-output>
        </test-method> <!-- verifyCertificationQuickFilterTest -->
        <test-method is-config="true" signature="pageRefresh()[pri:0, instance:com.qa.gyruslearner.testcases.IDPPageTestCase@4e096385]" started-at="2026-04-07T19:10:58 IST" name="pageRefresh" finished-at="2026-04-07T19:10:58 IST" duration-ms="8" status="PASS">
          <reporter-output>
          </reporter-output>
        </test-method> <!-- pageRefresh -->
        <test-method signature="verifyQuickFilterDailgoBoxTest()[pri:12, instance:com.qa.gyruslearner.testcases.IDPPageTestCase@4e096385]" started-at="2026-04-07T19:10:58 IST" name="verifyQuickFilterDailgoBoxTest" finished-at="2026-04-07T19:11:10 IST" duration-ms="11375" status="PASS">
          <reporter-output>
          </reporter-output>
        </test-method> <!-- verifyQuickFilterDailgoBoxTest -->
        <test-method is-config="true" signature="tearDown()[pri:0, instance:com.qa.gyruslearner.testcases.IDPPageTestCase@4e096385]" started-at="2026-04-07T19:11:10 IST" name="tearDown" finished-at="2026-04-07T19:11:10 IST" duration-ms="515" status="PASS">
          <reporter-output>
          </reporter-output>
        </test-method> <!-- tearDown -->
      </class> <!-- com.qa.gyruslearner.testcases.IDPPageTestCase -->
    </test> <!-- Default test -->
  </suite> <!-- Default suite -->
</testng-results>
