<?xml version="1.0" encoding="UTF-8"?>
<testng-results ignored="0" total="2" passed="2" failed="0" skipped="0">
  <reporter-output>
  </reporter-output>
  <suite started-at="2025-09-01T18:34:15 IST" name="Default suite" finished-at="2025-09-01T18:34:24 IST" duration-ms="9339">
    <groups>
    </groups>
    <test started-at="2025-09-01T18:34:15 IST" name="Default test" finished-at="2025-09-01T18:34:24 IST" duration-ms="9339">
      <class name="com.qa.gyruslearner.testcases.LoginPageTestCase">
        <test-method is-config="true" signature="setUp()[pri:0, instance:com.qa.gyruslearner.testcases.LoginPageTestCase@48f2bd5b]" started-at="2025-09-01T18:34:15 IST" name="setUp" finished-at="2025-09-01T18:34:21 IST" duration-ms="5956" status="PASS">
          <reporter-output>
          </reporter-output>
        </test-method> <!-- setUp -->
        <test-method signature="LoginPageTitleTest()[pri:1, instance:com.qa.gyruslearner.testcases.LoginPageTestCase@48f2bd5b]" started-at="2025-09-01T18:34:21 IST" name="LoginPageTitleTest" finished-at="2025-09-01T18:34:21 IST" duration-ms="29" status="PASS">
          <reporter-output>
          </reporter-output>
        </test-method> <!-- LoginPageTitleTest -->
        <test-method signature="LoginPageUrlTest()[pri:2, instance:com.qa.gyruslearner.testcases.LoginPageTestCase@48f2bd5b]" started-at="2025-09-01T18:34:21 IST" name="LoginPageUrlTest" finished-at="2025-09-01T18:34:24 IST" duration-ms="3021" status="PASS">
          <reporter-output>
          </reporter-output>
        </test-method> <!-- LoginPageUrlTest -->
        <test-method is-config="true" signature="tearDown()[pri:0, instance:com.qa.gyruslearner.testcases.LoginPageTestCase@48f2bd5b]" started-at="2025-09-01T18:34:24 IST" name="tearDown" finished-at="2025-09-01T18:34:24 IST" duration-ms="287" status="PASS">
          <reporter-output>
          </reporter-output>
        </test-method> <!-- tearDown -->
      </class> <!-- com.qa.gyruslearner.testcases.LoginPageTestCase -->
    </test> <!-- Default test -->
  </suite> <!-- Default suite -->
</testng-results>
