<?xml version="1.0" encoding="UTF-8"?>
<testng-results ignored="0" total="9" passed="9" failed="0" skipped="0">
  <reporter-output>
  </reporter-output>
  <suite started-at="2026-02-17T19:10:46 IST" name="Default suite" finished-at="2026-02-17T19:11:16 IST" duration-ms="29684">
    <groups>
    </groups>
    <test started-at="2026-02-17T19:10:46 IST" name="Default test" finished-at="2026-02-17T19:11:16 IST" duration-ms="29684">
      <class name="com.qa.gyruslearner.testcases.DashboardPageTestCase">
        <test-method is-config="true" signature="setUp()[pri:0, instance:com.qa.gyruslearner.testcases.DashboardPageTestCase@71d44a3]" started-at="2026-02-17T19:10:47 IST" name="setUp" finished-at="2026-02-17T19:10:53 IST" duration-ms="6861" status="PASS">
          <reporter-output>
          </reporter-output>
        </test-method> <!-- setUp -->
        <test-method is-config="true" signature="pageRefresh()[pri:0, instance:com.qa.gyruslearner.testcases.DashboardPageTestCase@71d44a3]" started-at="2026-02-17T19:10:53 IST" name="pageRefresh" finished-at="2026-02-17T19:10:59 IST" duration-ms="5242" status="PASS">
          <reporter-output>
          </reporter-output>
        </test-method> <!-- pageRefresh -->
        <test-method signature="dashBoardUrlTest()[pri:1, instance:com.qa.gyruslearner.testcases.DashboardPageTestCase@71d44a3]" started-at="2026-02-17T19:10:59 IST" name="dashBoardUrlTest" finished-at="2026-02-17T19:10:59 IST" duration-ms="50" status="PASS">
          <reporter-output>
          </reporter-output>
        </test-method> <!-- dashBoardUrlTest -->
        <test-method is-config="true" signature="pageRefresh()[pri:0, instance:com.qa.gyruslearner.testcases.DashboardPageTestCase@71d44a3]" started-at="2026-02-17T19:10:59 IST" name="pageRefresh" finished-at="2026-02-17T19:10:59 IST" duration-ms="11" status="PASS">
          <reporter-output>
          </reporter-output>
        </test-method> <!-- pageRefresh -->
        <test-method signature="dashBoardPageTitleTest()[pri:2, instance:com.qa.gyruslearner.testcases.DashboardPageTestCase@71d44a3]" started-at="2026-02-17T19:10:59 IST" name="dashBoardPageTitleTest" finished-at="2026-02-17T19:11:00 IST" duration-ms="1065" status="PASS">
          <reporter-output>
          </reporter-output>
        </test-method> <!-- dashBoardPageTitleTest -->
        <test-method is-config="true" signature="pageRefresh()[pri:0, instance:com.qa.gyruslearner.testcases.DashboardPageTestCase@71d44a3]" started-at="2026-02-17T19:11:00 IST" name="pageRefresh" finished-at="2026-02-17T19:11:00 IST" duration-ms="8" status="PASS">
          <reporter-output>
          </reporter-output>
        </test-method> <!-- pageRefresh -->
        <test-method signature="VerifyCompanyLogoInDashBoardTest()[pri:3, instance:com.qa.gyruslearner.testcases.DashboardPageTestCase@71d44a3]" started-at="2026-02-17T19:11:00 IST" name="VerifyCompanyLogoInDashBoardTest" finished-at="2026-02-17T19:11:03 IST" duration-ms="3483" status="PASS">
          <reporter-output>
          </reporter-output>
        </test-method> <!-- VerifyCompanyLogoInDashBoardTest -->
        <test-method is-config="true" signature="pageRefresh()[pri:0, instance:com.qa.gyruslearner.testcases.DashboardPageTestCase@71d44a3]" started-at="2026-02-17T19:11:03 IST" name="pageRefresh" finished-at="2026-02-17T19:11:03 IST" duration-ms="9" status="PASS">
          <reporter-output>
          </reporter-output>
        </test-method> <!-- pageRefresh -->
        <test-method signature="verifyWelcomeHeadertextTest()[pri:4, instance:com.qa.gyruslearner.testcases.DashboardPageTestCase@71d44a3]" started-at="2026-02-17T19:11:03 IST" name="verifyWelcomeHeadertextTest" finished-at="2026-02-17T19:11:06 IST" duration-ms="2196" status="PASS">
          <reporter-output>
          </reporter-output>
        </test-method> <!-- verifyWelcomeHeadertextTest -->
        <test-method is-config="true" signature="pageRefresh()[pri:0, instance:com.qa.gyruslearner.testcases.DashboardPageTestCase@71d44a3]" started-at="2026-02-17T19:11:06 IST" name="pageRefresh" finished-at="2026-02-17T19:11:06 IST" duration-ms="11" status="PASS">
          <reporter-output>
          </reporter-output>
        </test-method> <!-- pageRefresh -->
        <test-method signature="verifyCalenderDisplayTest()[pri:8, instance:com.qa.gyruslearner.testcases.DashboardPageTestCase@71d44a3]" started-at="2026-02-17T19:11:06 IST" name="verifyCalenderDisplayTest" finished-at="2026-02-17T19:11:06 IST" duration-ms="51" status="PASS">
          <reporter-output>
          </reporter-output>
        </test-method> <!-- verifyCalenderDisplayTest -->
        <test-method is-config="true" signature="pageRefresh()[pri:0, instance:com.qa.gyruslearner.testcases.DashboardPageTestCase@71d44a3]" started-at="2026-02-17T19:11:06 IST" name="pageRefresh" finished-at="2026-02-17T19:11:06 IST" duration-ms="9" status="PASS">
          <reporter-output>
          </reporter-output>
        </test-method> <!-- pageRefresh -->
        <test-method signature="verifyNotificationPopUpTest()[pri:9, instance:com.qa.gyruslearner.testcases.DashboardPageTestCase@71d44a3]" started-at="2026-02-17T19:11:06 IST" name="verifyNotificationPopUpTest" finished-at="2026-02-17T19:11:06 IST" duration-ms="833" status="PASS">
          <reporter-output>
          </reporter-output>
        </test-method> <!-- verifyNotificationPopUpTest -->
        <test-method is-config="true" signature="pageRefresh()[pri:0, instance:com.qa.gyruslearner.testcases.DashboardPageTestCase@71d44a3]" started-at="2026-02-17T19:11:06 IST" name="pageRefresh" finished-at="2026-02-17T19:11:06 IST" duration-ms="15" status="PASS">
          <reporter-output>
          </reporter-output>
        </test-method> <!-- pageRefresh -->
        <test-method signature="verifyProfilePopUpTest()[pri:10, instance:com.qa.gyruslearner.testcases.DashboardPageTestCase@71d44a3]" started-at="2026-02-17T19:11:06 IST" name="verifyProfilePopUpTest" finished-at="2026-02-17T19:11:07 IST" duration-ms="646" status="PASS">
          <reporter-output>
          </reporter-output>
        </test-method> <!-- verifyProfilePopUpTest -->
        <test-method is-config="true" signature="pageRefresh()[pri:0, instance:com.qa.gyruslearner.testcases.DashboardPageTestCase@71d44a3]" started-at="2026-02-17T19:11:07 IST" name="pageRefresh" finished-at="2026-02-17T19:11:07 IST" duration-ms="13" status="PASS">
          <reporter-output>
          </reporter-output>
        </test-method> <!-- pageRefresh -->
        <test-method signature="verifyStatisticsDisplayed()[pri:12, instance:com.qa.gyruslearner.testcases.DashboardPageTestCase@71d44a3]" started-at="2026-02-17T19:11:07 IST" name="verifyStatisticsDisplayed" finished-at="2026-02-17T19:11:08 IST" duration-ms="619" status="PASS">
          <reporter-output>
          </reporter-output>
        </test-method> <!-- verifyStatisticsDisplayed -->
        <test-method is-config="true" signature="pageRefresh()[pri:0, instance:com.qa.gyruslearner.testcases.DashboardPageTestCase@71d44a3]" started-at="2026-02-17T19:11:08 IST" name="pageRefresh" finished-at="2026-02-17T19:11:08 IST" duration-ms="13" status="PASS">
          <reporter-output>
          </reporter-output>
        </test-method> <!-- pageRefresh -->
        <test-method signature="verifyStatisticsWithFilters()[pri:13, instance:com.qa.gyruslearner.testcases.DashboardPageTestCase@71d44a3]" started-at="2026-02-17T19:11:08 IST" name="verifyStatisticsWithFilters" finished-at="2026-02-17T19:11:16 IST" duration-ms="8008" status="PASS">
          <reporter-output>
          </reporter-output>
        </test-method> <!-- verifyStatisticsWithFilters -->
        <test-method is-config="true" signature="tearDown()[pri:0, instance:com.qa.gyruslearner.testcases.DashboardPageTestCase@71d44a3]" started-at="2026-02-17T19:11:16 IST" name="tearDown" finished-at="2026-02-17T19:11:16 IST" duration-ms="416" status="PASS">
          <reporter-output>
          </reporter-output>
        </test-method> <!-- tearDown -->
      </class> <!-- com.qa.gyruslearner.testcases.DashboardPageTestCase -->
    </test> <!-- Default test -->
  </suite> <!-- Default suite -->
</testng-results>
