<?xml version="1.0" encoding="UTF-8"?>
<testng-results ignored="0" total="13" passed="13" failed="0" skipped="0">
  <reporter-output>
  </reporter-output>
  <suite started-at="2026-03-19T10:30:06 IST" name="Default suite" finished-at="2026-03-19T10:30:29 IST" duration-ms="23299">
    <groups>
    </groups>
    <test started-at="2026-03-19T10:30:06 IST" name="Default test" finished-at="2026-03-19T10:30:29 IST" duration-ms="23299">
      <class name="com.qa.gyruslearner.testcases.MyProfilePageTestCase">
        <test-method is-config="true" signature="setUp()[pri:0, instance:com.qa.gyruslearner.testcases.MyProfilePageTestCase@4802796d]" started-at="2026-03-19T10:30:06 IST" name="setUp" finished-at="2026-03-19T10:30:11 IST" duration-ms="4924" status="PASS">
          <reporter-output>
          </reporter-output>
        </test-method> <!-- setUp -->
        <test-method is-config="true" signature="pageRefresh()[pri:0, instance:com.qa.gyruslearner.testcases.MyProfilePageTestCase@4802796d]" started-at="2026-03-19T10:30:11 IST" name="pageRefresh" finished-at="2026-03-19T10:30:21 IST" duration-ms="9778" status="PASS">
          <reporter-output>
          </reporter-output>
        </test-method> <!-- pageRefresh -->
        <test-method signature="myProfileUrlTest()[pri:1, instance:com.qa.gyruslearner.testcases.MyProfilePageTestCase@4802796d]" started-at="2026-03-19T10:30:21 IST" name="myProfileUrlTest" finished-at="2026-03-19T10:30:21 IST" duration-ms="147" status="PASS">
          <reporter-output>
          </reporter-output>
        </test-method> <!-- myProfileUrlTest -->
        <test-method is-config="true" signature="pageRefresh()[pri:0, instance:com.qa.gyruslearner.testcases.MyProfilePageTestCase@4802796d]" started-at="2026-03-19T10:30:21 IST" name="pageRefresh" finished-at="2026-03-19T10:30:21 IST" duration-ms="120" status="PASS">
          <reporter-output>
          </reporter-output>
        </test-method> <!-- pageRefresh -->
        <test-method signature="myprofileTitleTest()[pri:2, instance:com.qa.gyruslearner.testcases.MyProfilePageTestCase@4802796d]" started-at="2026-03-19T10:30:21 IST" name="myprofileTitleTest" finished-at="2026-03-19T10:30:22 IST" duration-ms="1058" status="PASS">
          <reporter-output>
          </reporter-output>
        </test-method> <!-- myprofileTitleTest -->
        <test-method is-config="true" signature="pageRefresh()[pri:0, instance:com.qa.gyruslearner.testcases.MyProfilePageTestCase@4802796d]" started-at="2026-03-19T10:30:22 IST" name="pageRefresh" finished-at="2026-03-19T10:30:22 IST" duration-ms="24" status="PASS">
          <reporter-output>
          </reporter-output>
        </test-method> <!-- pageRefresh -->
        <test-method signature="verifyUserProfileDetails()[pri:3, instance:com.qa.gyruslearner.testcases.MyProfilePageTestCase@4802796d]" started-at="2026-03-19T10:30:22 IST" name="verifyUserProfileDetails" finished-at="2026-03-19T10:30:23 IST" duration-ms="225" status="PASS">
          <reporter-output>
          </reporter-output>
        </test-method> <!-- verifyUserProfileDetails -->
        <test-method is-config="true" signature="pageRefresh()[pri:0, instance:com.qa.gyruslearner.testcases.MyProfilePageTestCase@4802796d]" started-at="2026-03-19T10:30:23 IST" name="pageRefresh" finished-at="2026-03-19T10:30:23 IST" duration-ms="16" status="PASS">
          <reporter-output>
          </reporter-output>
        </test-method> <!-- pageRefresh -->
        <test-method signature="verifyProfileImage()[pri:4, instance:com.qa.gyruslearner.testcases.MyProfilePageTestCase@4802796d]" started-at="2026-03-19T10:30:23 IST" name="verifyProfileImage" finished-at="2026-03-19T10:30:23 IST" duration-ms="41" status="PASS">
          <reporter-output>
          </reporter-output>
        </test-method> <!-- verifyProfileImage -->
        <test-method is-config="true" signature="pageRefresh()[pri:0, instance:com.qa.gyruslearner.testcases.MyProfilePageTestCase@4802796d]" started-at="2026-03-19T10:30:23 IST" name="pageRefresh" finished-at="2026-03-19T10:30:23 IST" duration-ms="15" status="PASS">
          <reporter-output>
          </reporter-output>
        </test-method> <!-- pageRefresh -->
        <test-method signature="verifyQRCodeDisplayed()[pri:5, instance:com.qa.gyruslearner.testcases.MyProfilePageTestCase@4802796d]" started-at="2026-03-19T10:30:23 IST" name="verifyQRCodeDisplayed" finished-at="2026-03-19T10:30:23 IST" duration-ms="26" status="PASS">
          <reporter-output>
          </reporter-output>
        </test-method> <!-- verifyQRCodeDisplayed -->
        <test-method is-config="true" signature="pageRefresh()[pri:0, instance:com.qa.gyruslearner.testcases.MyProfilePageTestCase@4802796d]" started-at="2026-03-19T10:30:23 IST" name="pageRefresh" finished-at="2026-03-19T10:30:23 IST" duration-ms="13" status="PASS">
          <reporter-output>
          </reporter-output>
        </test-method> <!-- pageRefresh -->
        <test-method signature="verifyEditProfilePanelExpandCollapse()[pri:6, instance:com.qa.gyruslearner.testcases.MyProfilePageTestCase@4802796d]" started-at="2026-03-19T10:30:23 IST" name="verifyEditProfilePanelExpandCollapse" finished-at="2026-03-19T10:30:23 IST" duration-ms="530" status="PASS">
          <reporter-output>
          </reporter-output>
        </test-method> <!-- verifyEditProfilePanelExpandCollapse -->
        <test-method is-config="true" signature="pageRefresh()[pri:0, instance:com.qa.gyruslearner.testcases.MyProfilePageTestCase@4802796d]" started-at="2026-03-19T10:30:23 IST" name="pageRefresh" finished-at="2026-03-19T10:30:23 IST" duration-ms="16" status="PASS">
          <reporter-output>
          </reporter-output>
        </test-method> <!-- pageRefresh -->
        <test-method signature="verifySecurityPanelExpandCollapse()[pri:7, instance:com.qa.gyruslearner.testcases.MyProfilePageTestCase@4802796d]" started-at="2026-03-19T10:30:23 IST" name="verifySecurityPanelExpandCollapse" finished-at="2026-03-19T10:30:24 IST" duration-ms="727" status="PASS">
          <reporter-output>
          </reporter-output>
        </test-method> <!-- verifySecurityPanelExpandCollapse -->
        <test-method is-config="true" signature="pageRefresh()[pri:0, instance:com.qa.gyruslearner.testcases.MyProfilePageTestCase@4802796d]" started-at="2026-03-19T10:30:24 IST" name="pageRefresh" finished-at="2026-03-19T10:30:24 IST" duration-ms="12" status="PASS">
          <reporter-output>
          </reporter-output>
        </test-method> <!-- pageRefresh -->
        <test-method signature="verifyCFR21SecurityPanelExpandCollapse()[pri:8, instance:com.qa.gyruslearner.testcases.MyProfilePageTestCase@4802796d]" started-at="2026-03-19T10:30:24 IST" name="verifyCFR21SecurityPanelExpandCollapse" finished-at="2026-03-19T10:30:25 IST" duration-ms="629" status="PASS">
          <reporter-output>
          </reporter-output>
        </test-method> <!-- verifyCFR21SecurityPanelExpandCollapse -->
        <test-method is-config="true" signature="pageRefresh()[pri:0, instance:com.qa.gyruslearner.testcases.MyProfilePageTestCase@4802796d]" started-at="2026-03-19T10:30:25 IST" name="pageRefresh" finished-at="2026-03-19T10:30:25 IST" duration-ms="31" status="PASS">
          <reporter-output>
          </reporter-output>
        </test-method> <!-- pageRefresh -->
        <test-method signature="verifyTimeZoneSettingsPanelExpandCollapse()[pri:9, instance:com.qa.gyruslearner.testcases.MyProfilePageTestCase@4802796d]" started-at="2026-03-19T10:30:25 IST" name="verifyTimeZoneSettingsPanelExpandCollapse" finished-at="2026-03-19T10:30:25 IST" duration-ms="636" status="PASS">
          <reporter-output>
          </reporter-output>
        </test-method> <!-- verifyTimeZoneSettingsPanelExpandCollapse -->
        <test-method is-config="true" signature="pageRefresh()[pri:0, instance:com.qa.gyruslearner.testcases.MyProfilePageTestCase@4802796d]" started-at="2026-03-19T10:30:25 IST" name="pageRefresh" finished-at="2026-03-19T10:30:25 IST" duration-ms="15" status="PASS">
          <reporter-output>
          </reporter-output>
        </test-method> <!-- pageRefresh -->
        <test-method signature="verifyThemePanelExpandCollapse()[pri:10, instance:com.qa.gyruslearner.testcases.MyProfilePageTestCase@4802796d]" started-at="2026-03-19T10:30:25 IST" name="verifyThemePanelExpandCollapse" finished-at="2026-03-19T10:30:26 IST" duration-ms="532" status="PASS">
          <reporter-output>
          </reporter-output>
        </test-method> <!-- verifyThemePanelExpandCollapse -->
        <test-method is-config="true" signature="pageRefresh()[pri:0, instance:com.qa.gyruslearner.testcases.MyProfilePageTestCase@4802796d]" started-at="2026-03-19T10:30:26 IST" name="pageRefresh" finished-at="2026-03-19T10:30:26 IST" duration-ms="13" status="PASS">
          <reporter-output>
          </reporter-output>
        </test-method> <!-- pageRefresh -->
        <test-method signature="verifyLanguageDropdown()[pri:11, instance:com.qa.gyruslearner.testcases.MyProfilePageTestCase@4802796d]" started-at="2026-03-19T10:30:26 IST" name="verifyLanguageDropdown" finished-at="2026-03-19T10:30:26 IST" duration-ms="50" status="PASS">
          <reporter-output>
          </reporter-output>
        </test-method> <!-- verifyLanguageDropdown -->
        <test-method is-config="true" signature="pageRefresh()[pri:0, instance:com.qa.gyruslearner.testcases.MyProfilePageTestCase@4802796d]" started-at="2026-03-19T10:30:26 IST" name="pageRefresh" finished-at="2026-03-19T10:30:26 IST" duration-ms="16" status="PASS">
          <reporter-output>
          </reporter-output>
        </test-method> <!-- pageRefresh -->
        <test-method signature="verifyDateFormaDropdown()[pri:12, instance:com.qa.gyruslearner.testcases.MyProfilePageTestCase@4802796d]" started-at="2026-03-19T10:30:26 IST" name="verifyDateFormaDropdown" finished-at="2026-03-19T10:30:26 IST" duration-ms="84" status="PASS">
          <reporter-output>
          </reporter-output>
        </test-method> <!-- verifyDateFormaDropdown -->
        <test-method is-config="true" signature="pageRefresh()[pri:0, instance:com.qa.gyruslearner.testcases.MyProfilePageTestCase@4802796d]" started-at="2026-03-19T10:30:26 IST" name="pageRefresh" finished-at="2026-03-19T10:30:26 IST" duration-ms="13" status="PASS">
          <reporter-output>
          </reporter-output>
        </test-method> <!-- pageRefresh -->
        <test-method signature="verifyCFR21SecurityTest()[pri:14, instance:com.qa.gyruslearner.testcases.MyProfilePageTestCase@4802796d]" started-at="2026-03-19T10:30:26 IST" name="verifyCFR21SecurityTest" finished-at="2026-03-19T10:30:29 IST" duration-ms="3064" status="PASS">
          <reporter-output>
          </reporter-output>
        </test-method> <!-- verifyCFR21SecurityTest -->
        <test-method is-config="true" signature="tearDown()[pri:0, instance:com.qa.gyruslearner.testcases.MyProfilePageTestCase@4802796d]" started-at="2026-03-19T10:30:29 IST" name="tearDown" finished-at="2026-03-19T10:30:29 IST" duration-ms="421" status="PASS">
          <reporter-output>
          </reporter-output>
        </test-method> <!-- tearDown -->
      </class> <!-- com.qa.gyruslearner.testcases.MyProfilePageTestCase -->
    </test> <!-- Default test -->
  </suite> <!-- Default suite -->
</testng-results>
