<?xml version="1.0" encoding="UTF-8"?>
<testng-results ignored="0" total="6" passed="6" failed="0" skipped="0">
  <reporter-output>
  </reporter-output>
  <suite started-at="2026-04-09T23:55:47 IST" name="Default suite" finished-at="2026-04-09T23:57:52 IST" duration-ms="125921">
    <groups>
    </groups>
    <test started-at="2026-04-09T23:55:47 IST" name="Default test" finished-at="2026-04-09T23:57:52 IST" duration-ms="125921">
      <class name="com.qa.gyruslearner.testcases.IDPPageTestCase">
        <test-method is-config="true" signature="setUp()[pri:0, instance:com.qa.gyruslearner.testcases.IDPPageTestCase@1a4013]" started-at="2026-04-09T23:55:47 IST" name="setUp" finished-at="2026-04-09T23:56:03 IST" duration-ms="15980" status="PASS">
          <reporter-output>
          </reporter-output>
        </test-method> <!-- setUp -->
        <test-method is-config="true" signature="pageRefresh()[pri:0, instance:com.qa.gyruslearner.testcases.IDPPageTestCase@1a4013]" started-at="2026-04-09T23:56:03 IST" name="pageRefresh" finished-at="2026-04-09T23:56:16 IST" duration-ms="13073" status="PASS">
          <reporter-output>
          </reporter-output>
        </test-method> <!-- pageRefresh -->
        <test-method signature="verifyMyLearnerLinkTest()[pri:1, instance:com.qa.gyruslearner.testcases.IDPPageTestCase@1a4013]" started-at="2026-04-09T23:56:16 IST" name="verifyMyLearnerLinkTest" finished-at="2026-04-09T23:56:20 IST" duration-ms="4206" status="PASS">
          <reporter-output>
          </reporter-output>
        </test-method> <!-- verifyMyLearnerLinkTest -->
        <test-method is-config="true" signature="pageRefresh()[pri:0, instance:com.qa.gyruslearner.testcases.IDPPageTestCase@1a4013]" started-at="2026-04-09T23:56:20 IST" name="pageRefresh" finished-at="2026-04-09T23:56:20 IST" duration-ms="100" status="PASS">
          <reporter-output>
          </reporter-output>
        </test-method> <!-- pageRefresh -->
        <test-method signature="verifyidpUrlTest()[pri:2, instance:com.qa.gyruslearner.testcases.IDPPageTestCase@1a4013]" started-at="2026-04-09T23:56:20 IST" name="verifyidpUrlTest" finished-at="2026-04-09T23:56:21 IST" depends-on-methods="com.qa.gyruslearner.testcases.IDPPageTestCase.verifyMyLearnerLinkTest" duration-ms="842" status="PASS">
          <reporter-output>
          </reporter-output>
        </test-method> <!-- verifyidpUrlTest -->
        <test-method is-config="true" signature="pageRefresh()[pri:0, instance:com.qa.gyruslearner.testcases.IDPPageTestCase@1a4013]" started-at="2026-04-09T23:56:21 IST" name="pageRefresh" finished-at="2026-04-09T23:56:21 IST" duration-ms="34" status="PASS">
          <reporter-output>
          </reporter-output>
        </test-method> <!-- pageRefresh -->
        <test-method signature="verifyIDPPageTitileTest()[pri:3, instance:com.qa.gyruslearner.testcases.IDPPageTestCase@1a4013]" started-at="2026-04-09T23:56:21 IST" name="verifyIDPPageTitileTest" finished-at="2026-04-09T23:56:22 IST" duration-ms="1046" status="PASS">
          <reporter-output>
          </reporter-output>
        </test-method> <!-- verifyIDPPageTitileTest -->
        <test-method is-config="true" signature="pageRefresh()[pri:0, instance:com.qa.gyruslearner.testcases.IDPPageTestCase@1a4013]" started-at="2026-04-09T23:56:22 IST" name="pageRefresh" finished-at="2026-04-09T23:56:22 IST" duration-ms="14" status="PASS">
          <reporter-output>
          </reporter-output>
        </test-method> <!-- pageRefresh -->
        <test-method signature="verifyIDPHeaderPageTitleTest()[pri:5, instance:com.qa.gyruslearner.testcases.IDPPageTestCase@1a4013]" started-at="2026-04-09T23:56:22 IST" name="verifyIDPHeaderPageTitleTest" finished-at="2026-04-09T23:56:22 IST" duration-ms="94" status="PASS">
          <reporter-output>
          </reporter-output>
        </test-method> <!-- verifyIDPHeaderPageTitleTest -->
        <test-method is-config="true" signature="pageRefresh()[pri:0, instance:com.qa.gyruslearner.testcases.IDPPageTestCase@1a4013]" started-at="2026-04-09T23:56:22 IST" name="pageRefresh" finished-at="2026-04-09T23:56:22 IST" duration-ms="18" status="PASS">
          <reporter-output>
          </reporter-output>
        </test-method> <!-- pageRefresh -->
        <test-method signature="verifyQuickFilterDailgoBoxTest()[pri:12, instance:com.qa.gyruslearner.testcases.IDPPageTestCase@1a4013]" started-at="2026-04-09T23:56:22 IST" name="verifyQuickFilterDailgoBoxTest" finished-at="2026-04-09T23:56:35 IST" duration-ms="12940" status="PASS">
          <reporter-output>
          </reporter-output>
        </test-method> <!-- verifyQuickFilterDailgoBoxTest -->
        <test-method is-config="true" signature="pageRefresh()[pri:0, instance:com.qa.gyruslearner.testcases.IDPPageTestCase@1a4013]" started-at="2026-04-09T23:56:36 IST" name="pageRefresh" finished-at="2026-04-09T23:56:36 IST" duration-ms="14" status="PASS">
          <reporter-output>
          </reporter-output>
        </test-method> <!-- pageRefresh -->
        <test-method signature="verifySearchFunctionality(java.lang.String,java.lang.String,java.lang.String)[pri:24, instance:com.qa.gyruslearner.testcases.IDPPageTestCase@1a4013]" started-at="2026-04-09T23:56:36 IST" name="verifySearchFunctionality" data-provider="getSearchTestData" finished-at="2026-04-09T23:57:52 IST" duration-ms="76139" status="PASS">
          <params>
            <param index="0">
              <value>
                <![CDATA[TEST01 Document by org -SU1-T354]]>
              </value>
            </param>
            <param index="1">
              <value>
                <![CDATA[jhjghfjhgjfhgj]]>
              </value>
            </param>
            <param index="2">
              <value>
                <![CDATA[Test]]>
              </value>
            </param>
          </params>
          <reporter-output>
          </reporter-output>
        </test-method> <!-- verifySearchFunctionality -->
        <test-method is-config="true" signature="tearDown()[pri:0, instance:com.qa.gyruslearner.testcases.IDPPageTestCase@1a4013]" started-at="2026-04-09T23:57:52 IST" name="tearDown" finished-at="2026-04-09T23:57:52 IST" duration-ms="562" status="PASS">
          <reporter-output>
          </reporter-output>
        </test-method> <!-- tearDown -->
      </class> <!-- com.qa.gyruslearner.testcases.IDPPageTestCase -->
    </test> <!-- Default test -->
  </suite> <!-- Default suite -->
</testng-results>
