<?xml version="1.0" encoding="UTF-8"?>
<testng-results ignored="0" total="12" passed="12" failed="0" skipped="0">
  <reporter-output>
  </reporter-output>
  <suite started-at="2025-09-17T11:42:13 IST" name="Default suite" finished-at="2025-09-17T11:42:52 IST" duration-ms="39155">
    <groups>
    </groups>
    <test started-at="2025-09-17T11:42:13 IST" name="Default test" finished-at="2025-09-17T11:42:52 IST" duration-ms="39155">
      <class name="com.qa.gyruslearner.testcases.DashboardPageTestCase">
        <test-method is-config="true" signature="setUp()[pri:0, instance:com.qa.gyruslearner.testcases.DashboardPageTestCase@73a1e9a9]" started-at="2025-09-17T11:42:13 IST" name="setUp" finished-at="2025-09-17T11:42:19 IST" duration-ms="6793" status="PASS">
          <reporter-output>
          </reporter-output>
        </test-method> <!-- setUp -->
        <test-method is-config="true" signature="pageRefresh()[pri:0, instance:com.qa.gyruslearner.testcases.DashboardPageTestCase@73a1e9a9]" started-at="2025-09-17T11:42:19 IST" name="pageRefresh" finished-at="2025-09-17T11:42:20 IST" duration-ms="282" status="PASS">
          <reporter-output>
          </reporter-output>
        </test-method> <!-- pageRefresh -->
        <test-method signature="dashBoardUrlTest()[pri:1, instance:com.qa.gyruslearner.testcases.DashboardPageTestCase@73a1e9a9]" started-at="2025-09-17T11:42:20 IST" name="dashBoardUrlTest" finished-at="2025-09-17T11:42:26 IST" duration-ms="5747" status="PASS">
          <reporter-output>
          </reporter-output>
        </test-method> <!-- dashBoardUrlTest -->
        <test-method is-config="true" signature="pageRefresh()[pri:0, instance:com.qa.gyruslearner.testcases.DashboardPageTestCase@73a1e9a9]" started-at="2025-09-17T11:42:26 IST" name="pageRefresh" finished-at="2025-09-17T11:42:26 IST" duration-ms="10" status="PASS">
          <reporter-output>
          </reporter-output>
        </test-method> <!-- pageRefresh -->
        <test-method signature="dashBoardPageTitleTest()[pri:2, instance:com.qa.gyruslearner.testcases.DashboardPageTestCase@73a1e9a9]" started-at="2025-09-17T11:42:26 IST" name="dashBoardPageTitleTest" finished-at="2025-09-17T11:42:28 IST" duration-ms="2647" status="PASS">
          <reporter-output>
          </reporter-output>
        </test-method> <!-- dashBoardPageTitleTest -->
        <test-method is-config="true" signature="pageRefresh()[pri:0, instance:com.qa.gyruslearner.testcases.DashboardPageTestCase@73a1e9a9]" started-at="2025-09-17T11:42:28 IST" name="pageRefresh" finished-at="2025-09-17T11:42:28 IST" duration-ms="21" status="PASS">
          <reporter-output>
          </reporter-output>
        </test-method> <!-- pageRefresh -->
        <test-method signature="VerifyCompanyLogoInDashBoardTest()[pri:3, instance:com.qa.gyruslearner.testcases.DashboardPageTestCase@73a1e9a9]" started-at="2025-09-17T11:42:28 IST" name="VerifyCompanyLogoInDashBoardTest" finished-at="2025-09-17T11:42:28 IST" duration-ms="42" status="PASS">
          <reporter-output>
          </reporter-output>
        </test-method> <!-- VerifyCompanyLogoInDashBoardTest -->
        <test-method is-config="true" signature="pageRefresh()[pri:0, instance:com.qa.gyruslearner.testcases.DashboardPageTestCase@73a1e9a9]" started-at="2025-09-17T11:42:28 IST" name="pageRefresh" finished-at="2025-09-17T11:42:28 IST" duration-ms="11" status="PASS">
          <reporter-output>
          </reporter-output>
        </test-method> <!-- pageRefresh -->
        <test-method signature="verifyWelcomeHeadertextTest()[pri:4, instance:com.qa.gyruslearner.testcases.DashboardPageTestCase@73a1e9a9]" started-at="2025-09-17T11:42:28 IST" name="verifyWelcomeHeadertextTest" finished-at="2025-09-17T11:42:33 IST" duration-ms="5060" status="PASS">
          <reporter-output>
          </reporter-output>
        </test-method> <!-- verifyWelcomeHeadertextTest -->
        <test-method is-config="true" signature="pageRefresh()[pri:0, instance:com.qa.gyruslearner.testcases.DashboardPageTestCase@73a1e9a9]" started-at="2025-09-17T11:42:33 IST" name="pageRefresh" finished-at="2025-09-17T11:42:33 IST" duration-ms="5" status="PASS">
          <reporter-output>
          </reporter-output>
        </test-method> <!-- pageRefresh -->
        <test-method signature="verifyHeaderIconsFunctionality()[pri:6, instance:com.qa.gyruslearner.testcases.DashboardPageTestCase@73a1e9a9]" started-at="2025-09-17T11:42:33 IST" name="verifyHeaderIconsFunctionality" finished-at="2025-09-17T11:42:34 IST" duration-ms="846" status="PASS">
          <reporter-output>
          </reporter-output>
        </test-method> <!-- verifyHeaderIconsFunctionality -->
        <test-method is-config="true" signature="pageRefresh()[pri:0, instance:com.qa.gyruslearner.testcases.DashboardPageTestCase@73a1e9a9]" started-at="2025-09-17T11:42:34 IST" name="pageRefresh" finished-at="2025-09-17T11:42:34 IST" duration-ms="9" status="PASS">
          <reporter-output>
          </reporter-output>
        </test-method> <!-- pageRefresh -->
        <test-method signature="verifyCartPopUpTest()[pri:7, instance:com.qa.gyruslearner.testcases.DashboardPageTestCase@73a1e9a9]" started-at="2025-09-17T11:42:34 IST" name="verifyCartPopUpTest" finished-at="2025-09-17T11:42:35 IST" duration-ms="993" status="PASS">
          <reporter-output>
          </reporter-output>
        </test-method> <!-- verifyCartPopUpTest -->
        <test-method is-config="true" signature="pageRefresh()[pri:0, instance:com.qa.gyruslearner.testcases.DashboardPageTestCase@73a1e9a9]" started-at="2025-09-17T11:42:35 IST" name="pageRefresh" finished-at="2025-09-17T11:42:35 IST" duration-ms="11" status="PASS">
          <reporter-output>
          </reporter-output>
        </test-method> <!-- pageRefresh -->
        <test-method signature="verifyCalenderDisplayTest()[pri:8, instance:com.qa.gyruslearner.testcases.DashboardPageTestCase@73a1e9a9]" started-at="2025-09-17T11:42:35 IST" name="verifyCalenderDisplayTest" finished-at="2025-09-17T11:42:35 IST" duration-ms="61" status="PASS">
          <reporter-output>
          </reporter-output>
        </test-method> <!-- verifyCalenderDisplayTest -->
        <test-method is-config="true" signature="pageRefresh()[pri:0, instance:com.qa.gyruslearner.testcases.DashboardPageTestCase@73a1e9a9]" started-at="2025-09-17T11:42:35 IST" name="pageRefresh" finished-at="2025-09-17T11:42:35 IST" duration-ms="11" status="PASS">
          <reporter-output>
          </reporter-output>
        </test-method> <!-- pageRefresh -->
        <test-method signature="verifyNotificationPopUpTest()[pri:9, instance:com.qa.gyruslearner.testcases.DashboardPageTestCase@73a1e9a9]" started-at="2025-09-17T11:42:35 IST" name="verifyNotificationPopUpTest" finished-at="2025-09-17T11:42:36 IST" duration-ms="926" status="PASS">
          <reporter-output>
          </reporter-output>
        </test-method> <!-- verifyNotificationPopUpTest -->
        <test-method is-config="true" signature="pageRefresh()[pri:0, instance:com.qa.gyruslearner.testcases.DashboardPageTestCase@73a1e9a9]" started-at="2025-09-17T11:42:36 IST" name="pageRefresh" finished-at="2025-09-17T11:42:36 IST" duration-ms="20" status="PASS">
          <reporter-output>
          </reporter-output>
        </test-method> <!-- pageRefresh -->
        <test-method signature="verifyProfilePopUpTest()[pri:10, instance:com.qa.gyruslearner.testcases.DashboardPageTestCase@73a1e9a9]" started-at="2025-09-17T11:42:36 IST" name="verifyProfilePopUpTest" finished-at="2025-09-17T11:42:37 IST" duration-ms="495" status="PASS">
          <reporter-output>
          </reporter-output>
        </test-method> <!-- verifyProfilePopUpTest -->
        <test-method is-config="true" signature="pageRefresh()[pri:0, instance:com.qa.gyruslearner.testcases.DashboardPageTestCase@73a1e9a9]" started-at="2025-09-17T11:42:37 IST" name="pageRefresh" finished-at="2025-09-17T11:42:37 IST" duration-ms="13" status="PASS">
          <reporter-output>
          </reporter-output>
        </test-method> <!-- pageRefresh -->
        <test-method signature="verifyQuickLinksPopupTest()[pri:11, instance:com.qa.gyruslearner.testcases.DashboardPageTestCase@73a1e9a9]" started-at="2025-09-17T11:42:37 IST" name="verifyQuickLinksPopupTest" finished-at="2025-09-17T11:42:38 IST" duration-ms="890" status="PASS">
          <reporter-output>
          </reporter-output>
        </test-method> <!-- verifyQuickLinksPopupTest -->
        <test-method is-config="true" signature="pageRefresh()[pri:0, instance:com.qa.gyruslearner.testcases.DashboardPageTestCase@73a1e9a9]" started-at="2025-09-17T11:42:38 IST" name="pageRefresh" finished-at="2025-09-17T11:42:38 IST" duration-ms="10" status="PASS">
          <reporter-output>
          </reporter-output>
        </test-method> <!-- pageRefresh -->
        <test-method signature="verifyStatisticsDisplayed()[pri:12, instance:com.qa.gyruslearner.testcases.DashboardPageTestCase@73a1e9a9]" started-at="2025-09-17T11:42:38 IST" name="verifyStatisticsDisplayed" finished-at="2025-09-17T11:42:45 IST" duration-ms="7634" status="PASS">
          <reporter-output>
          </reporter-output>
        </test-method> <!-- verifyStatisticsDisplayed -->
        <test-method is-config="true" signature="pageRefresh()[pri:0, instance:com.qa.gyruslearner.testcases.DashboardPageTestCase@73a1e9a9]" started-at="2025-09-17T11:42:45 IST" name="pageRefresh" finished-at="2025-09-17T11:42:45 IST" duration-ms="6" status="PASS">
          <reporter-output>
          </reporter-output>
        </test-method> <!-- pageRefresh -->
        <test-method signature="verifyStatisticsWithFilters()[pri:13, instance:com.qa.gyruslearner.testcases.DashboardPageTestCase@73a1e9a9]" started-at="2025-09-17T11:42:45 IST" name="verifyStatisticsWithFilters" finished-at="2025-09-17T11:42:52 IST" duration-ms="6292" status="PASS">
          <reporter-output>
          </reporter-output>
        </test-method> <!-- verifyStatisticsWithFilters -->
        <test-method is-config="true" signature="tearDown()[pri:0, instance:com.qa.gyruslearner.testcases.DashboardPageTestCase@73a1e9a9]" started-at="2025-09-17T11:42:52 IST" name="tearDown" finished-at="2025-09-17T11:42:52 IST" duration-ms="226" status="PASS">
          <reporter-output>
          </reporter-output>
        </test-method> <!-- tearDown -->
      </class> <!-- com.qa.gyruslearner.testcases.DashboardPageTestCase -->
    </test> <!-- Default test -->
  </suite> <!-- Default suite -->
</testng-results>
