<?xml version="1.0" encoding="UTF-8"?>
<testng-results ignored="0" total="8" passed="6" failed="2" skipped="0">
  <reporter-output>
  </reporter-output>
  <suite started-at="2026-04-21T14:34:04 IST" name="Default suite" finished-at="2026-04-21T14:38:52 IST" duration-ms="288290">
    <groups>
      <group name="regression">
        <method signature="IDPPageTestCase.verifyMyLearnerLinkTest()[pri:1, instance:com.qa.gyruslearner.testcases.IDPPageTestCase@732c2a62]" name="verifyMyLearnerLinkTest" class="com.qa.gyruslearner.testcases.IDPPageTestCase"/>
        <method signature="IDPPageTestCase.VerifyIdealCoachTextTest()[pri:23, instance:com.qa.gyruslearner.testcases.IDPPageTestCase@732c2a62]" name="VerifyIdealCoachTextTest" class="com.qa.gyruslearner.testcases.IDPPageTestCase"/>
      </group> <!-- regression -->
      <group name="smoke">
        <method signature="IDPPageTestCase.verifyidpUrlTest()[pri:2, instance:com.qa.gyruslearner.testcases.IDPPageTestCase@732c2a62]" name="verifyidpUrlTest" class="com.qa.gyruslearner.testcases.IDPPageTestCase"/>
        <method signature="IDPPageTestCase.verifyIDPHeaderPageTitleTest()[pri:4, instance:com.qa.gyruslearner.testcases.IDPPageTestCase@732c2a62]" name="verifyIDPHeaderPageTitleTest" class="com.qa.gyruslearner.testcases.IDPPageTestCase"/>
        <method signature="IDPPageTestCase.verifyAllCardLoadedAndCountTest()[pri:5, instance:com.qa.gyruslearner.testcases.IDPPageTestCase@732c2a62]" name="verifyAllCardLoadedAndCountTest" class="com.qa.gyruslearner.testcases.IDPPageTestCase"/>
        <method signature="IDPPageTestCase.verifyAllCardsStatusAndpercentageTest()[pri:6, instance:com.qa.gyruslearner.testcases.IDPPageTestCase@732c2a62]" name="verifyAllCardsStatusAndpercentageTest" class="com.qa.gyruslearner.testcases.IDPPageTestCase"/>
        <method signature="IDPPageTestCase.verifySearchFunctionality(java.lang.String,java.lang.String,java.lang.String)[pri:24, instance:com.qa.gyruslearner.testcases.IDPPageTestCase@732c2a62]" name="verifySearchFunctionality" class="com.qa.gyruslearner.testcases.IDPPageTestCase"/>
        <method signature="IDPPageTestCase.verifyIDPPageTitileTest()[pri:3, instance:com.qa.gyruslearner.testcases.IDPPageTestCase@732c2a62]" name="verifyIDPPageTitileTest" class="com.qa.gyruslearner.testcases.IDPPageTestCase"/>
      </group> <!-- smoke -->
    </groups>
    <test started-at="2026-04-21T14:34:04 IST" name="Default test" finished-at="2026-04-21T14:38:52 IST" duration-ms="288290">
      <class name="com.qa.gyruslearner.testcases.IDPPageTestCase">
        <test-method is-config="true" signature="setUp()[pri:0, instance:com.qa.gyruslearner.testcases.IDPPageTestCase@732c2a62]" started-at="2026-04-21T14:34:04 IST" name="setUp" finished-at="2026-04-21T14:34:20 IST" duration-ms="15719" status="PASS">
          <reporter-output>
          </reporter-output>
        </test-method> <!-- setUp -->
        <test-method is-config="true" signature="pageRefresh()[pri:0, instance:com.qa.gyruslearner.testcases.IDPPageTestCase@732c2a62]" started-at="2026-04-21T14:34:20 IST" name="pageRefresh" finished-at="2026-04-21T14:34:33 IST" duration-ms="13564" status="PASS">
          <reporter-output>
          </reporter-output>
        </test-method> <!-- pageRefresh -->
        <test-method signature="verifyMyLearnerLinkTest()[pri:1, instance:com.qa.gyruslearner.testcases.IDPPageTestCase@732c2a62]" started-at="2026-04-21T14:34:33 IST" name="verifyMyLearnerLinkTest" finished-at="2026-04-21T14:34:36 IST" duration-ms="2933" status="PASS">
          <reporter-output>
          </reporter-output>
        </test-method> <!-- verifyMyLearnerLinkTest -->
        <test-method is-config="true" signature="pageRefresh()[pri:0, instance:com.qa.gyruslearner.testcases.IDPPageTestCase@732c2a62]" started-at="2026-04-21T14:34:36 IST" name="pageRefresh" finished-at="2026-04-21T14:34:36 IST" duration-ms="23" status="PASS">
          <reporter-output>
          </reporter-output>
        </test-method> <!-- pageRefresh -->
        <test-method signature="verifyidpUrlTest()[pri:2, instance:com.qa.gyruslearner.testcases.IDPPageTestCase@732c2a62]" started-at="2026-04-21T14:34:36 IST" name="verifyidpUrlTest" finished-at="2026-04-21T14:34:39 IST" depends-on-methods="com.qa.gyruslearner.testcases.IDPPageTestCase.verifyMyLearnerLinkTest" duration-ms="3051" status="PASS">
          <reporter-output>
          </reporter-output>
        </test-method> <!-- verifyidpUrlTest -->
        <test-method is-config="true" signature="pageRefresh()[pri:0, instance:com.qa.gyruslearner.testcases.IDPPageTestCase@732c2a62]" started-at="2026-04-21T14:34:39 IST" name="pageRefresh" finished-at="2026-04-21T14:34:39 IST" duration-ms="38" status="PASS">
          <reporter-output>
          </reporter-output>
        </test-method> <!-- pageRefresh -->
        <test-method signature="verifyIDPPageTitileTest()[pri:3, instance:com.qa.gyruslearner.testcases.IDPPageTestCase@732c2a62]" started-at="2026-04-21T14:34:39 IST" name="verifyIDPPageTitileTest" finished-at="2026-04-21T14:34:40 IST" duration-ms="1074" status="PASS">
          <reporter-output>
          </reporter-output>
        </test-method> <!-- verifyIDPPageTitileTest -->
        <test-method is-config="true" signature="pageRefresh()[pri:0, instance:com.qa.gyruslearner.testcases.IDPPageTestCase@732c2a62]" started-at="2026-04-21T14:34:40 IST" name="pageRefresh" finished-at="2026-04-21T14:34:40 IST" duration-ms="29" status="PASS">
          <reporter-output>
          </reporter-output>
        </test-method> <!-- pageRefresh -->
        <test-method signature="verifyIDPHeaderPageTitleTest()[pri:4, instance:com.qa.gyruslearner.testcases.IDPPageTestCase@732c2a62]" started-at="2026-04-21T14:34:40 IST" name="verifyIDPHeaderPageTitleTest" finished-at="2026-04-21T14:34:41 IST" duration-ms="160" status="PASS">
          <reporter-output>
          </reporter-output>
        </test-method> <!-- verifyIDPHeaderPageTitleTest -->
        <test-method is-config="true" signature="pageRefresh()[pri:0, instance:com.qa.gyruslearner.testcases.IDPPageTestCase@732c2a62]" started-at="2026-04-21T14:34:41 IST" name="pageRefresh" finished-at="2026-04-21T14:34:41 IST" duration-ms="65" status="PASS">
          <reporter-output>
          </reporter-output>
        </test-method> <!-- pageRefresh -->
        <test-method signature="verifyAllCardLoadedAndCountTest()[pri:5, instance:com.qa.gyruslearner.testcases.IDPPageTestCase@732c2a62]" started-at="2026-04-21T14:34:41 IST" name="verifyAllCardLoadedAndCountTest" finished-at="2026-04-21T14:36:22 IST" duration-ms="101192" status="PASS">
          <reporter-output>
          </reporter-output>
        </test-method> <!-- verifyAllCardLoadedAndCountTest -->
        <test-method is-config="true" signature="pageRefresh()[pri:0, instance:com.qa.gyruslearner.testcases.IDPPageTestCase@732c2a62]" started-at="2026-04-21T14:36:22 IST" name="pageRefresh" finished-at="2026-04-21T14:36:22 IST" duration-ms="18" status="PASS">
          <reporter-output>
          </reporter-output>
        </test-method> <!-- pageRefresh -->
        <test-method signature="verifyAllCardsStatusAndpercentageTest()[pri:6, instance:com.qa.gyruslearner.testcases.IDPPageTestCase@732c2a62]" started-at="2026-04-21T14:36:22 IST" name="verifyAllCardsStatusAndpercentageTest" finished-at="2026-04-21T14:37:00 IST" depends-on-methods="com.qa.gyruslearner.testcases.IDPPageTestCase.verifyAllCardLoadedAndCountTest" duration-ms="38394" status="FAIL">
          <exception class="java.lang.AssertionError">
            <message>
              <![CDATA[The following asserts failed:
❌ Not Started but 100% : Test03Assessment,
❌ Not Started but 100% : Test04Assessment,
❌ Not Started but 100% : Test05Assessment]]>
            </message>
            <full-stacktrace>
              <![CDATA[java.lang.AssertionError: The following asserts failed:
❌ Not Started but 100% : Test03Assessment,
❌ Not Started but 100% : Test04Assessment,
❌ Not Started but 100% : Test05Assessment
at org.testng.asserts.SoftAssert.assertAll(SoftAssert.java:46)
at org.testng.asserts.SoftAssert.assertAll(SoftAssert.java:30)
at com.qa.gyruslearner.testcases.IDPPageTestCase.verifyAllCardsStatusAndpercentageTest(IDPPageTestCase.java:167)
at java.base/jdk.internal.reflect.DirectMethodHandleAccessor.invoke(DirectMethodHandleAccessor.java:103)
at java.base/java.lang.reflect.Method.invoke(Method.java:580)
at org.testng.internal.invokers.MethodInvocationHelper.invokeMethod(MethodInvocationHelper.java:139)
at org.testng.internal.invokers.TestInvoker.invokeMethod(TestInvoker.java:664)
at org.testng.internal.invokers.TestInvoker.invokeTestMethod(TestInvoker.java:228)
at org.testng.internal.invokers.MethodRunner.runInSequence(MethodRunner.java:63)
at org.testng.internal.invokers.TestInvoker$MethodInvocationAgent.invoke(TestInvoker.java:961)
at org.testng.internal.invokers.TestInvoker.invokeTestMethods(TestInvoker.java:201)
at org.testng.internal.invokers.TestMethodWorker.invokeTestMethods(TestMethodWorker.java:148)
at org.testng.internal.invokers.TestMethodWorker.run(TestMethodWorker.java:128)
at java.base/java.util.ArrayList.forEach(ArrayList.java:1596)
at org.testng.TestRunner.privateRun(TestRunner.java:819)
at org.testng.TestRunner.run(TestRunner.java:619)
at org.testng.SuiteRunner.runTest(SuiteRunner.java:443)
at org.testng.SuiteRunner.runSequentially(SuiteRunner.java:437)
at org.testng.SuiteRunner.privateRun(SuiteRunner.java:397)
at org.testng.SuiteRunner.run(SuiteRunner.java:336)
at org.testng.SuiteRunnerWorker.runSuite(SuiteRunnerWorker.java:52)
at org.testng.SuiteRunnerWorker.run(SuiteRunnerWorker.java:95)
at org.testng.TestNG.runSuitesSequentially(TestNG.java:1301)
at org.testng.TestNG.runSuitesLocally(TestNG.java:1228)
at org.testng.TestNG.runSuites(TestNG.java:1134)
at org.testng.TestNG.run(TestNG.java:1101)
at org.testng.remote.AbstractRemoteTestNG.run(AbstractRemoteTestNG.java:115)
at org.testng.remote.RemoteTestNG.initAndRun(RemoteTestNG.java:293)
at org.testng.remote.RemoteTestNG.main(RemoteTestNG.java:91)
]]>
            </full-stacktrace>
          </exception> <!-- java.lang.AssertionError -->
          <reporter-output>
          </reporter-output>
        </test-method> <!-- verifyAllCardsStatusAndpercentageTest -->
        <test-method is-config="true" signature="pageRefresh()[pri:0, instance:com.qa.gyruslearner.testcases.IDPPageTestCase@732c2a62]" started-at="2026-04-21T14:37:00 IST" name="pageRefresh" finished-at="2026-04-21T14:37:00 IST" duration-ms="14" status="PASS">
          <reporter-output>
          </reporter-output>
        </test-method> <!-- pageRefresh -->
        <test-method signature="VerifyIdealCoachTextTest()[pri:23, instance:com.qa.gyruslearner.testcases.IDPPageTestCase@732c2a62]" started-at="2026-04-21T14:37:00 IST" name="VerifyIdealCoachTextTest" finished-at="2026-04-21T14:37:23 IST" duration-ms="22792" status="FAIL">
          <exception class="org.openqa.selenium.TimeoutException">
            <message>
              <![CDATA[Expected condition failed: waiting for visibility of [[ChromeDriver: chrome on windows (9a6e09655cac1bcc41ec83031054380a)] -> xpath: //div[contains(@class,'idea-hint-popup-box')]//p] (tried for 20 second(s) with 500 milliseconds interval)
Build info: version: '4.27.0', revision: 'd6e718d134'
System info: os.name: 'Windows 11', os.arch: 'amd64', os.version: '10.0', java.version: '21.0.8'
Driver info: org.openqa.selenium.chrome.ChromeDriver
Capabilities {acceptInsecureCerts: false, browserName: chrome, browserVersion: 147.0.7727.56, chrome: {chromedriverVersion: 147.0.7727.57 (b4f28b5637d0..., userDataDir: C:\Users\DINESH~1\AppData\L...}, fedcm:accounts: true, goog:chromeOptions: {debuggerAddress: localhost:49844}, goog:processID: 18152, networkConnectionEnabled: false, pageLoadStrategy: normal, platformName: windows, proxy: Proxy(), se:cdp: ws://localhost:49844/devtoo..., se:cdpVersion: 147.0.7727.56, setWindowRect: true, strictFileInteractability: false, timeouts: {implicit: 0, pageLoad: 300000, script: 30000}, unhandledPromptBehavior: dismiss and notify, webauthn:extension:credBlob: true, webauthn:extension:largeBlob: true, webauthn:extension:minPinLength: true, webauthn:extension:prf: true, webauthn:virtualAuthenticators: true}
Session ID: 9a6e09655cac1bcc41ec83031054380a]]>
            </message>
            <full-stacktrace>
              <![CDATA[org.openqa.selenium.TimeoutException: Expected condition failed: waiting for visibility of [[ChromeDriver: chrome on windows (9a6e09655cac1bcc41ec83031054380a)] -> xpath: //div[contains(@class,'idea-hint-popup-box')]//p] (tried for 20 second(s) with 500 milliseconds interval)
Build info: version: '4.27.0', revision: 'd6e718d134'
System info: os.name: 'Windows 11', os.arch: 'amd64', os.version: '10.0', java.version: '21.0.8'
Driver info: org.openqa.selenium.chrome.ChromeDriver
Capabilities {acceptInsecureCerts: false, browserName: chrome, browserVersion: 147.0.7727.56, chrome: {chromedriverVersion: 147.0.7727.57 (b4f28b5637d0..., userDataDir: C:\Users\DINESH~1\AppData\L...}, fedcm:accounts: true, goog:chromeOptions: {debuggerAddress: localhost:49844}, goog:processID: 18152, networkConnectionEnabled: false, pageLoadStrategy: normal, platformName: windows, proxy: Proxy(), se:cdp: ws://localhost:49844/devtoo..., se:cdpVersion: 147.0.7727.56, setWindowRect: true, strictFileInteractability: false, timeouts: {implicit: 0, pageLoad: 300000, script: 30000}, unhandledPromptBehavior: dismiss and notify, webauthn:extension:credBlob: true, webauthn:extension:largeBlob: true, webauthn:extension:minPinLength: true, webauthn:extension:prf: true, webauthn:virtualAuthenticators: true}
Session ID: 9a6e09655cac1bcc41ec83031054380a
at org.openqa.selenium.support.ui.WebDriverWait.timeoutException(WebDriverWait.java:84)
at org.openqa.selenium.support.ui.FluentWait.until(FluentWait.java:228)
at com.qa.gyruslearner.util.ElementUtil.visibleElementWhenReady(ElementUtil.java:160)
at com.qa.gyruslearner.pages.IDPPage.getIdeaCoachText(IDPPage.java:297)
at com.qa.gyruslearner.testcases.IDPPageTestCase.VerifyIdealCoachTextTest(IDPPageTestCase.java:678)
at java.base/jdk.internal.reflect.DirectMethodHandleAccessor.invoke(DirectMethodHandleAccessor.java:103)
at java.base/java.lang.reflect.Method.invoke(Method.java:580)
at org.testng.internal.invokers.MethodInvocationHelper.invokeMethod(MethodInvocationHelper.java:139)
at org.testng.internal.invokers.TestInvoker.invokeMethod(TestInvoker.java:664)
at org.testng.internal.invokers.TestInvoker.invokeTestMethod(TestInvoker.java:228)
at org.testng.internal.invokers.MethodRunner.runInSequence(MethodRunner.java:63)
at org.testng.internal.invokers.TestInvoker$MethodInvocationAgent.invoke(TestInvoker.java:961)
at org.testng.internal.invokers.TestInvoker.invokeTestMethods(TestInvoker.java:201)
at org.testng.internal.invokers.TestMethodWorker.invokeTestMethods(TestMethodWorker.java:148)
at org.testng.internal.invokers.TestMethodWorker.run(TestMethodWorker.java:128)
at java.base/java.util.ArrayList.forEach(ArrayList.java:1596)
at org.testng.TestRunner.privateRun(TestRunner.java:819)
at org.testng.TestRunner.run(TestRunner.java:619)
at org.testng.SuiteRunner.runTest(SuiteRunner.java:443)
at org.testng.SuiteRunner.runSequentially(SuiteRunner.java:437)
at org.testng.SuiteRunner.privateRun(SuiteRunner.java:397)
at org.testng.SuiteRunner.run(SuiteRunner.java:336)
at org.testng.SuiteRunnerWorker.runSuite(SuiteRunnerWorker.java:52)
at org.testng.SuiteRunnerWorker.run(SuiteRunnerWorker.java:95)
at org.testng.TestNG.runSuitesSequentially(TestNG.java:1301)
at org.testng.TestNG.runSuitesLocally(TestNG.java:1228)
at org.testng.TestNG.runSuites(TestNG.java:1134)
at org.testng.TestNG.run(TestNG.java:1101)
at org.testng.remote.AbstractRemoteTestNG.run(AbstractRemoteTestNG.java:115)
at org.testng.remote.RemoteTestNG.initAndRun(RemoteTestNG.java:293)
at org.testng.remote.RemoteTestNG.main(RemoteTestNG.java:91)
]]>
            </full-stacktrace>
          </exception> <!-- org.openqa.selenium.TimeoutException -->
          <reporter-output>
          </reporter-output>
        </test-method> <!-- VerifyIdealCoachTextTest -->
        <test-method is-config="true" signature="pageRefresh()[pri:0, instance:com.qa.gyruslearner.testcases.IDPPageTestCase@732c2a62]" started-at="2026-04-21T14:37:24 IST" name="pageRefresh" finished-at="2026-04-21T14:37:24 IST" duration-ms="8" status="PASS">
          <reporter-output>
          </reporter-output>
        </test-method> <!-- pageRefresh -->
        <test-method signature="verifySearchFunctionality(java.lang.String,java.lang.String,java.lang.String)[pri:24, instance:com.qa.gyruslearner.testcases.IDPPageTestCase@732c2a62]" started-at="2026-04-21T14:37:24 IST" name="verifySearchFunctionality" data-provider="getSearchTestData" finished-at="2026-04-21T14:38:52 IST" duration-ms="87861" status="PASS">
          <params>
            <param index="0">
              <value>
                <![CDATA[TEST01 Document by org -SU1-T354]]>
              </value>
            </param>
            <param index="1">
              <value>
                <![CDATA[jhjghfjhgjfhgj]]>
              </value>
            </param>
            <param index="2">
              <value>
                <![CDATA[Test]]>
              </value>
            </param>
          </params>
          <reporter-output>
          </reporter-output>
        </test-method> <!-- verifySearchFunctionality -->
        <test-method is-config="true" signature="tearDown()[pri:0, instance:com.qa.gyruslearner.testcases.IDPPageTestCase@732c2a62]" started-at="2026-04-21T14:38:52 IST" name="tearDown" finished-at="2026-04-21T14:38:52 IST" duration-ms="586" status="PASS">
          <reporter-output>
          </reporter-output>
        </test-method> <!-- tearDown -->
      </class> <!-- com.qa.gyruslearner.testcases.IDPPageTestCase -->
    </test> <!-- Default test -->
  </suite> <!-- Default suite -->
</testng-results>
