<?xml version="1.0" encoding="UTF-8"?>
<testng-results ignored="0" total="1" passed="1" failed="0" skipped="0">
  <reporter-output>
  </reporter-output>
  <suite started-at="2025-11-17T12:00:52 IST" name="Default suite" finished-at="2025-11-17T12:01:16 IST" duration-ms="23927">
    <groups>
    </groups>
    <test started-at="2025-11-17T12:00:52 IST" name="Default test" finished-at="2025-11-17T12:01:16 IST" duration-ms="23927">
      <class name="com.qa.gyruslearner.testcases.MyProfilePageTestCase">
        <test-method is-config="true" signature="setUp()[pri:0, instance:com.qa.gyruslearner.testcases.MyProfilePageTestCase@1aafa419]" started-at="2025-11-17T12:00:52 IST" name="setUp" finished-at="2025-11-17T12:00:56 IST" duration-ms="4002" status="PASS">
          <reporter-output>
          </reporter-output>
        </test-method> <!-- setUp -->
        <test-method is-config="true" signature="pageRefresh()[pri:0, instance:com.qa.gyruslearner.testcases.MyProfilePageTestCase@1aafa419]" started-at="2025-11-17T12:00:56 IST" name="pageRefresh" finished-at="2025-11-17T12:01:15 IST" duration-ms="19704" status="PASS">
          <reporter-output>
          </reporter-output>
        </test-method> <!-- pageRefresh -->
        <test-method signature="myProfileUrlTest()[pri:1, instance:com.qa.gyruslearner.testcases.MyProfilePageTestCase@1aafa419]" started-at="2025-11-17T12:01:15 IST" name="myProfileUrlTest" finished-at="2025-11-17T12:01:15 IST" duration-ms="36" status="PASS">
          <reporter-output>
          </reporter-output>
        </test-method> <!-- myProfileUrlTest -->
        <test-method is-config="true" signature="tearDown()[pri:0, instance:com.qa.gyruslearner.testcases.MyProfilePageTestCase@1aafa419]" started-at="2025-11-17T12:01:15 IST" name="tearDown" finished-at="2025-11-17T12:01:16 IST" duration-ms="151" status="PASS">
          <reporter-output>
          </reporter-output>
        </test-method> <!-- tearDown -->
      </class> <!-- com.qa.gyruslearner.testcases.MyProfilePageTestCase -->
    </test> <!-- Default test -->
  </suite> <!-- Default suite -->
</testng-results>
