<?xml version="1.0" encoding="UTF-8"?>
<testng-results ignored="0" total="6" passed="6" failed="0" skipped="0">
  <reporter-output>
  </reporter-output>
  <suite started-at="2026-02-20T10:05:37 IST" name="Default suite" finished-at="2026-02-20T10:06:03 IST" duration-ms="25805">
    <groups>
    </groups>
    <test started-at="2026-02-20T10:05:37 IST" name="Default test" finished-at="2026-02-20T10:06:03 IST" duration-ms="25805">
      <class name="com.qa.gyruslearner.testcases.MyProfilePageTestCase">
        <test-method is-config="true" signature="setUp()[pri:0, instance:com.qa.gyruslearner.testcases.MyProfilePageTestCase@235834f2]" started-at="2026-02-20T10:05:37 IST" name="setUp" finished-at="2026-02-20T10:05:43 IST" duration-ms="5476" status="PASS">
          <reporter-output>
          </reporter-output>
        </test-method> <!-- setUp -->
        <test-method is-config="true" signature="pageRefresh()[pri:0, instance:com.qa.gyruslearner.testcases.MyProfilePageTestCase@235834f2]" started-at="2026-02-20T10:05:43 IST" name="pageRefresh" finished-at="2026-02-20T10:05:52 IST" duration-ms="9369" status="PASS">
          <reporter-output>
          </reporter-output>
        </test-method> <!-- pageRefresh -->
        <test-method signature="myProfileUrlTest()[pri:1, instance:com.qa.gyruslearner.testcases.MyProfilePageTestCase@235834f2]" started-at="2026-02-20T10:05:52 IST" name="myProfileUrlTest" finished-at="2026-02-20T10:05:52 IST" duration-ms="116" status="PASS">
          <reporter-output>
          </reporter-output>
        </test-method> <!-- myProfileUrlTest -->
        <test-method is-config="true" signature="pageRefresh()[pri:0, instance:com.qa.gyruslearner.testcases.MyProfilePageTestCase@235834f2]" started-at="2026-02-20T10:05:52 IST" name="pageRefresh" finished-at="2026-02-20T10:05:53 IST" duration-ms="40" status="PASS">
          <reporter-output>
          </reporter-output>
        </test-method> <!-- pageRefresh -->
        <test-method signature="myprofileTitleTest()[pri:2, instance:com.qa.gyruslearner.testcases.MyProfilePageTestCase@235834f2]" started-at="2026-02-20T10:05:53 IST" name="myprofileTitleTest" finished-at="2026-02-20T10:05:54 IST" duration-ms="1074" status="PASS">
          <reporter-output>
          </reporter-output>
        </test-method> <!-- myprofileTitleTest -->
        <test-method is-config="true" signature="pageRefresh()[pri:0, instance:com.qa.gyruslearner.testcases.MyProfilePageTestCase@235834f2]" started-at="2026-02-20T10:05:54 IST" name="pageRefresh" finished-at="2026-02-20T10:05:54 IST" duration-ms="22" status="PASS">
          <reporter-output>
          </reporter-output>
        </test-method> <!-- pageRefresh -->
        <test-method signature="verifyUserProfileDetails()[pri:3, instance:com.qa.gyruslearner.testcases.MyProfilePageTestCase@235834f2]" started-at="2026-02-20T10:05:54 IST" name="verifyUserProfileDetails" finished-at="2026-02-20T10:05:54 IST" duration-ms="219" status="PASS">
          <reporter-output>
          </reporter-output>
        </test-method> <!-- verifyUserProfileDetails -->
        <test-method is-config="true" signature="pageRefresh()[pri:0, instance:com.qa.gyruslearner.testcases.MyProfilePageTestCase@235834f2]" started-at="2026-02-20T10:05:54 IST" name="pageRefresh" finished-at="2026-02-20T10:05:54 IST" duration-ms="14" status="PASS">
          <reporter-output>
          </reporter-output>
        </test-method> <!-- pageRefresh -->
        <test-method signature="verifyProfileImage()[pri:4, instance:com.qa.gyruslearner.testcases.MyProfilePageTestCase@235834f2]" started-at="2026-02-20T10:05:54 IST" name="verifyProfileImage" finished-at="2026-02-20T10:05:59 IST" duration-ms="5534" status="PASS">
          <reporter-output>
          </reporter-output>
        </test-method> <!-- verifyProfileImage -->
        <test-method is-config="true" signature="pageRefresh()[pri:0, instance:com.qa.gyruslearner.testcases.MyProfilePageTestCase@235834f2]" started-at="2026-02-20T10:05:59 IST" name="pageRefresh" finished-at="2026-02-20T10:05:59 IST" duration-ms="60" status="PASS">
          <reporter-output>
          </reporter-output>
        </test-method> <!-- pageRefresh -->
        <test-method signature="verifyQRCodeDisplayed()[pri:5, instance:com.qa.gyruslearner.testcases.MyProfilePageTestCase@235834f2]" started-at="2026-02-20T10:05:59 IST" name="verifyQRCodeDisplayed" finished-at="2026-02-20T10:05:59 IST" duration-ms="24" status="PASS">
          <reporter-output>
          </reporter-output>
        </test-method> <!-- verifyQRCodeDisplayed -->
        <test-method is-config="true" signature="pageRefresh()[pri:0, instance:com.qa.gyruslearner.testcases.MyProfilePageTestCase@235834f2]" started-at="2026-02-20T10:05:59 IST" name="pageRefresh" finished-at="2026-02-20T10:06:00 IST" duration-ms="13" status="PASS">
          <reporter-output>
          </reporter-output>
        </test-method> <!-- pageRefresh -->
        <test-method signature="verifyBackToDashboardLink()[pri:6, instance:com.qa.gyruslearner.testcases.MyProfilePageTestCase@235834f2]" started-at="2026-02-20T10:06:00 IST" name="verifyBackToDashboardLink" finished-at="2026-02-20T10:06:03 IST" duration-ms="3497" status="PASS">
          <reporter-output>
          </reporter-output>
        </test-method> <!-- verifyBackToDashboardLink -->
        <test-method is-config="true" signature="tearDown()[pri:0, instance:com.qa.gyruslearner.testcases.MyProfilePageTestCase@235834f2]" started-at="2026-02-20T10:06:03 IST" name="tearDown" finished-at="2026-02-20T10:06:03 IST" duration-ms="269" status="PASS">
          <reporter-output>
          </reporter-output>
        </test-method> <!-- tearDown -->
      </class> <!-- com.qa.gyruslearner.testcases.MyProfilePageTestCase -->
    </test> <!-- Default test -->
  </suite> <!-- Default suite -->
</testng-results>
