<?xml version="1.0" encoding="UTF-8"?>
<testng-results ignored="0" total="3" passed="3" failed="0" skipped="0">
  <reporter-output>
  </reporter-output>
  <suite started-at="2026-03-23T11:04:56 IST" name="Default suite" finished-at="2026-03-23T11:05:09 IST" duration-ms="13258">
    <groups>
    </groups>
    <test started-at="2026-03-23T11:04:56 IST" name="Default test" finished-at="2026-03-23T11:05:09 IST" duration-ms="13258">
      <class name="com.qa.gyruslearner.testcases.DashboardPageTestCase">
        <test-method is-config="true" signature="setUp()[pri:0, instance:com.qa.gyruslearner.testcases.DashboardPageTestCase@71d44a3]" started-at="2026-03-23T11:04:56 IST" name="setUp" finished-at="2026-03-23T11:05:00 IST" duration-ms="4438" status="PASS">
          <reporter-output>
          </reporter-output>
        </test-method> <!-- setUp -->
        <test-method is-config="true" signature="pageRefresh()[pri:0, instance:com.qa.gyruslearner.testcases.DashboardPageTestCase@71d44a3]" started-at="2026-03-23T11:05:00 IST" name="pageRefresh" finished-at="2026-03-23T11:05:00 IST" duration-ms="307" status="PASS">
          <reporter-output>
          </reporter-output>
        </test-method> <!-- pageRefresh -->
        <test-method signature="dashBoardUrlTest()[pri:1, instance:com.qa.gyruslearner.testcases.DashboardPageTestCase@71d44a3]" started-at="2026-03-23T11:05:00 IST" name="dashBoardUrlTest" finished-at="2026-03-23T11:05:05 IST" duration-ms="4914" status="PASS">
          <reporter-output>
          </reporter-output>
        </test-method> <!-- dashBoardUrlTest -->
        <test-method is-config="true" signature="pageRefresh()[pri:0, instance:com.qa.gyruslearner.testcases.DashboardPageTestCase@71d44a3]" started-at="2026-03-23T11:05:05 IST" name="pageRefresh" finished-at="2026-03-23T11:05:05 IST" duration-ms="7" status="PASS">
          <reporter-output>
          </reporter-output>
        </test-method> <!-- pageRefresh -->
        <test-method signature="dashBoardPageTitleTest()[pri:2, instance:com.qa.gyruslearner.testcases.DashboardPageTestCase@71d44a3]" started-at="2026-03-23T11:05:05 IST" name="dashBoardPageTitleTest" finished-at="2026-03-23T11:05:05 IST" duration-ms="11" status="PASS">
          <reporter-output>
          </reporter-output>
        </test-method> <!-- dashBoardPageTitleTest -->
        <test-method is-config="true" signature="pageRefresh()[pri:0, instance:com.qa.gyruslearner.testcases.DashboardPageTestCase@71d44a3]" started-at="2026-03-23T11:05:05 IST" name="pageRefresh" finished-at="2026-03-23T11:05:05 IST" duration-ms="9" status="PASS">
          <reporter-output>
          </reporter-output>
        </test-method> <!-- pageRefresh -->
        <test-method signature="VerifyCompanyLogoInDashBoardTest()[pri:3, instance:com.qa.gyruslearner.testcases.DashboardPageTestCase@71d44a3]" started-at="2026-03-23T11:05:05 IST" name="VerifyCompanyLogoInDashBoardTest" finished-at="2026-03-23T11:05:09 IST" duration-ms="3183" status="PASS">
          <reporter-output>
          </reporter-output>
        </test-method> <!-- VerifyCompanyLogoInDashBoardTest -->
        <test-method is-config="true" signature="tearDown()[pri:0, instance:com.qa.gyruslearner.testcases.DashboardPageTestCase@71d44a3]" started-at="2026-03-23T11:05:09 IST" name="tearDown" finished-at="2026-03-23T11:05:09 IST" duration-ms="305" status="PASS">
          <reporter-output>
          </reporter-output>
        </test-method> <!-- tearDown -->
      </class> <!-- com.qa.gyruslearner.testcases.DashboardPageTestCase -->
    </test> <!-- Default test -->
  </suite> <!-- Default suite -->
</testng-results>
