<?xml version="1.0" encoding="UTF-8"?>
<testng-results ignored="0" total="20" passed="17" failed="3" skipped="0">
  <reporter-output>
  </reporter-output>
  <suite started-at="2026-04-09T02:39:25 IST" name="Default suite" finished-at="2026-04-09T02:41:17 IST" duration-ms="112246">
    <groups>
    </groups>
    <test started-at="2026-04-09T02:39:25 IST" name="Default test" finished-at="2026-04-09T02:41:17 IST" duration-ms="112246">
      <class name="com.qa.gyruslearner.testcases.DashboardPageTestCase">
        <test-method is-config="true" signature="setUp()[pri:0, instance:com.qa.gyruslearner.testcases.DashboardPageTestCase@67080771]" started-at="2026-04-09T02:39:25 IST" name="setUp" finished-at="2026-04-09T02:39:30 IST" duration-ms="5106" status="PASS">
          <reporter-output>
          </reporter-output>
        </test-method> <!-- setUp -->
        <test-method is-config="true" signature="pageRefresh()[pri:0, instance:com.qa.gyruslearner.testcases.DashboardPageTestCase@67080771]" started-at="2026-04-09T02:39:30 IST" name="pageRefresh" finished-at="2026-04-09T02:39:35 IST" duration-ms="5080" status="PASS">
          <reporter-output>
          </reporter-output>
        </test-method> <!-- pageRefresh -->
        <test-method signature="dashBoardUrlTest()[pri:1, instance:com.qa.gyruslearner.testcases.DashboardPageTestCase@67080771]" started-at="2026-04-09T02:39:35 IST" name="dashBoardUrlTest" finished-at="2026-04-09T02:39:35 IST" duration-ms="80" status="PASS">
          <reporter-output>
          </reporter-output>
        </test-method> <!-- dashBoardUrlTest -->
        <test-method is-config="true" signature="pageRefresh()[pri:0, instance:com.qa.gyruslearner.testcases.DashboardPageTestCase@67080771]" started-at="2026-04-09T02:39:35 IST" name="pageRefresh" finished-at="2026-04-09T02:39:35 IST" duration-ms="19" status="PASS">
          <reporter-output>
          </reporter-output>
        </test-method> <!-- pageRefresh -->
        <test-method signature="dashBoardPageTitleTest()[pri:2, instance:com.qa.gyruslearner.testcases.DashboardPageTestCase@67080771]" started-at="2026-04-09T02:39:35 IST" name="dashBoardPageTitleTest" finished-at="2026-04-09T02:39:35 IST" duration-ms="16" status="PASS">
          <reporter-output>
          </reporter-output>
        </test-method> <!-- dashBoardPageTitleTest -->
        <test-method is-config="true" signature="pageRefresh()[pri:0, instance:com.qa.gyruslearner.testcases.DashboardPageTestCase@67080771]" started-at="2026-04-09T02:39:35 IST" name="pageRefresh" finished-at="2026-04-09T02:39:35 IST" duration-ms="8" status="PASS">
          <reporter-output>
          </reporter-output>
        </test-method> <!-- pageRefresh -->
        <test-method signature="VerifyCompanyLogoInDashBoardTest()[pri:3, instance:com.qa.gyruslearner.testcases.DashboardPageTestCase@67080771]" started-at="2026-04-09T02:39:35 IST" name="VerifyCompanyLogoInDashBoardTest" finished-at="2026-04-09T02:39:37 IST" duration-ms="1855" status="PASS">
          <reporter-output>
          </reporter-output>
        </test-method> <!-- VerifyCompanyLogoInDashBoardTest -->
        <test-method is-config="true" signature="pageRefresh()[pri:0, instance:com.qa.gyruslearner.testcases.DashboardPageTestCase@67080771]" started-at="2026-04-09T02:39:37 IST" name="pageRefresh" finished-at="2026-04-09T02:39:37 IST" duration-ms="18" status="PASS">
          <reporter-output>
          </reporter-output>
        </test-method> <!-- pageRefresh -->
        <test-method signature="verifyWelcomeHeadertextAndSlidersTest()[pri:4, instance:com.qa.gyruslearner.testcases.DashboardPageTestCase@67080771]" started-at="2026-04-09T02:39:37 IST" name="verifyWelcomeHeadertextAndSlidersTest" finished-at="2026-04-09T02:40:06 IST" duration-ms="28613" status="FAIL">
          <exception class="org.openqa.selenium.TimeoutException">
            <message>
              <![CDATA[Expected condition failed: waiting for com.qa.gyruslearner.testcases.DashboardPageTestCase$$Lambda/0x0000014981262188@51bde877 (tried for 15 second(s) with 500 milliseconds interval)
Build info: version: '4.27.0', revision: 'd6e718d134'
System info: os.name: 'Windows 11', os.arch: 'amd64', os.version: '10.0', java.version: '21.0.8'
Driver info: org.openqa.selenium.chrome.ChromeDriver
Capabilities {acceptInsecureCerts: false, browserName: chrome, browserVersion: 146.0.7680.165, chrome: {chromedriverVersion: 146.0.7680.165 (4b989da09e1..., userDataDir: C:\Users\DINESH~1\AppData\L...}, fedcm:accounts: true, goog:chromeOptions: {debuggerAddress: localhost:56709}, goog:processID: 8404, networkConnectionEnabled: false, pageLoadStrategy: normal, platformName: windows, proxy: Proxy(), se:cdp: ws://localhost:56709/devtoo..., se:cdpVersion: 146.0.7680.165, setWindowRect: true, strictFileInteractability: false, timeouts: {implicit: 0, pageLoad: 300000, script: 30000}, unhandledPromptBehavior: dismiss and notify, webauthn:extension:credBlob: true, webauthn:extension:largeBlob: true, webauthn:extension:minPinLength: true, webauthn:extension:prf: true, webauthn:virtualAuthenticators: true}
Session ID: d8cf4cba26d19fd2eb35a8b2ba537f09]]>
            </message>
            <full-stacktrace>
              <![CDATA[org.openqa.selenium.TimeoutException: Expected condition failed: waiting for com.qa.gyruslearner.testcases.DashboardPageTestCase$$Lambda/0x0000014981262188@51bde877 (tried for 15 second(s) with 500 milliseconds interval)
Build info: version: '4.27.0', revision: 'd6e718d134'
System info: os.name: 'Windows 11', os.arch: 'amd64', os.version: '10.0', java.version: '21.0.8'
Driver info: org.openqa.selenium.chrome.ChromeDriver
Capabilities {acceptInsecureCerts: false, browserName: chrome, browserVersion: 146.0.7680.165, chrome: {chromedriverVersion: 146.0.7680.165 (4b989da09e1..., userDataDir: C:\Users\DINESH~1\AppData\L...}, fedcm:accounts: true, goog:chromeOptions: {debuggerAddress: localhost:56709}, goog:processID: 8404, networkConnectionEnabled: false, pageLoadStrategy: normal, platformName: windows, proxy: Proxy(), se:cdp: ws://localhost:56709/devtoo..., se:cdpVersion: 146.0.7680.165, setWindowRect: true, strictFileInteractability: false, timeouts: {implicit: 0, pageLoad: 300000, script: 30000}, unhandledPromptBehavior: dismiss and notify, webauthn:extension:credBlob: true, webauthn:extension:largeBlob: true, webauthn:extension:minPinLength: true, webauthn:extension:prf: true, webauthn:virtualAuthenticators: true}
Session ID: d8cf4cba26d19fd2eb35a8b2ba537f09
at org.openqa.selenium.support.ui.WebDriverWait.timeoutException(WebDriverWait.java:84)
at org.openqa.selenium.support.ui.FluentWait.until(FluentWait.java:228)
at com.qa.gyruslearner.testcases.DashboardPageTestCase.verifyWelcomeHeadertextAndSlidersTest(DashboardPageTestCase.java:96)
at java.base/jdk.internal.reflect.DirectMethodHandleAccessor.invoke(DirectMethodHandleAccessor.java:103)
at java.base/java.lang.reflect.Method.invoke(Method.java:580)
at org.testng.internal.invokers.MethodInvocationHelper.invokeMethod(MethodInvocationHelper.java:139)
at org.testng.internal.invokers.TestInvoker.invokeMethod(TestInvoker.java:664)
at org.testng.internal.invokers.TestInvoker.invokeTestMethod(TestInvoker.java:228)
at org.testng.internal.invokers.MethodRunner.runInSequence(MethodRunner.java:63)
at org.testng.internal.invokers.TestInvoker$MethodInvocationAgent.invoke(TestInvoker.java:961)
at org.testng.internal.invokers.TestInvoker.invokeTestMethods(TestInvoker.java:201)
at org.testng.internal.invokers.TestMethodWorker.invokeTestMethods(TestMethodWorker.java:148)
at org.testng.internal.invokers.TestMethodWorker.run(TestMethodWorker.java:128)
at java.base/java.util.ArrayList.forEach(ArrayList.java:1596)
at org.testng.TestRunner.privateRun(TestRunner.java:819)
at org.testng.TestRunner.run(TestRunner.java:619)
at org.testng.SuiteRunner.runTest(SuiteRunner.java:443)
at org.testng.SuiteRunner.runSequentially(SuiteRunner.java:437)
at org.testng.SuiteRunner.privateRun(SuiteRunner.java:397)
at org.testng.SuiteRunner.run(SuiteRunner.java:336)
at org.testng.SuiteRunnerWorker.runSuite(SuiteRunnerWorker.java:52)
at org.testng.SuiteRunnerWorker.run(SuiteRunnerWorker.java:95)
at org.testng.TestNG.runSuitesSequentially(TestNG.java:1301)
at org.testng.TestNG.runSuitesLocally(TestNG.java:1228)
at org.testng.TestNG.runSuites(TestNG.java:1134)
at org.testng.TestNG.run(TestNG.java:1101)
at org.testng.remote.AbstractRemoteTestNG.run(AbstractRemoteTestNG.java:115)
at org.testng.remote.RemoteTestNG.initAndRun(RemoteTestNG.java:293)
at org.testng.remote.RemoteTestNG.main(RemoteTestNG.java:91)
]]>
            </full-stacktrace>
          </exception> <!-- org.openqa.selenium.TimeoutException -->
          <reporter-output>
          </reporter-output>
        </test-method> <!-- verifyWelcomeHeadertextAndSlidersTest -->
        <test-method is-config="true" signature="pageRefresh()[pri:0, instance:com.qa.gyruslearner.testcases.DashboardPageTestCase@67080771]" started-at="2026-04-09T02:40:06 IST" name="pageRefresh" finished-at="2026-04-09T02:40:06 IST" duration-ms="6" status="PASS">
          <reporter-output>
          </reporter-output>
        </test-method> <!-- pageRefresh -->
        <test-method signature="verifyCalenderDisplayTest()[pri:5, instance:com.qa.gyruslearner.testcases.DashboardPageTestCase@67080771]" started-at="2026-04-09T02:40:06 IST" name="verifyCalenderDisplayTest" finished-at="2026-04-09T02:40:09 IST" duration-ms="3253" status="PASS">
          <reporter-output>
          </reporter-output>
        </test-method> <!-- verifyCalenderDisplayTest -->
        <test-method is-config="true" signature="pageRefresh()[pri:0, instance:com.qa.gyruslearner.testcases.DashboardPageTestCase@67080771]" started-at="2026-04-09T02:40:09 IST" name="pageRefresh" finished-at="2026-04-09T02:40:09 IST" duration-ms="27" status="PASS">
          <reporter-output>
          </reporter-output>
        </test-method> <!-- pageRefresh -->
        <test-method signature="verifyProfilePopUpTest()[pri:6, instance:com.qa.gyruslearner.testcases.DashboardPageTestCase@67080771]" started-at="2026-04-09T02:40:09 IST" name="verifyProfilePopUpTest" finished-at="2026-04-09T02:40:10 IST" duration-ms="538" status="PASS">
          <reporter-output>
          </reporter-output>
        </test-method> <!-- verifyProfilePopUpTest -->
        <test-method is-config="true" signature="pageRefresh()[pri:0, instance:com.qa.gyruslearner.testcases.DashboardPageTestCase@67080771]" started-at="2026-04-09T02:40:10 IST" name="pageRefresh" finished-at="2026-04-09T02:40:10 IST" duration-ms="9" status="PASS">
          <reporter-output>
          </reporter-output>
        </test-method> <!-- pageRefresh -->
        <test-method signature="verifyQuickLinksTest()[pri:7, instance:com.qa.gyruslearner.testcases.DashboardPageTestCase@67080771]" started-at="2026-04-09T02:40:10 IST" name="verifyQuickLinksTest" finished-at="2026-04-09T02:40:11 IST" duration-ms="810" status="PASS">
          <reporter-output>
          </reporter-output>
        </test-method> <!-- verifyQuickLinksTest -->
        <test-method is-config="true" signature="pageRefresh()[pri:0, instance:com.qa.gyruslearner.testcases.DashboardPageTestCase@67080771]" started-at="2026-04-09T02:40:11 IST" name="pageRefresh" finished-at="2026-04-09T02:40:11 IST" duration-ms="12" status="PASS">
          <reporter-output>
          </reporter-output>
        </test-method> <!-- pageRefresh -->
        <test-method signature="verifyStatisticsDisplayed()[pri:8, instance:com.qa.gyruslearner.testcases.DashboardPageTestCase@67080771]" started-at="2026-04-09T02:40:11 IST" name="verifyStatisticsDisplayed" finished-at="2026-04-09T02:40:11 IST" duration-ms="332" status="PASS">
          <reporter-output>
          </reporter-output>
        </test-method> <!-- verifyStatisticsDisplayed -->
        <test-method is-config="true" signature="pageRefresh()[pri:0, instance:com.qa.gyruslearner.testcases.DashboardPageTestCase@67080771]" started-at="2026-04-09T02:40:11 IST" name="pageRefresh" finished-at="2026-04-09T02:40:11 IST" duration-ms="19" status="PASS">
          <reporter-output>
          </reporter-output>
        </test-method> <!-- pageRefresh -->
        <test-method signature="verifyStatisticsWithFilters()[pri:9, instance:com.qa.gyruslearner.testcases.DashboardPageTestCase@67080771]" started-at="2026-04-09T02:40:11 IST" name="verifyStatisticsWithFilters" finished-at="2026-04-09T02:40:14 IST" duration-ms="2605" status="PASS">
          <reporter-output>
          </reporter-output>
        </test-method> <!-- verifyStatisticsWithFilters -->
        <test-method is-config="true" signature="pageRefresh()[pri:0, instance:com.qa.gyruslearner.testcases.DashboardPageTestCase@67080771]" started-at="2026-04-09T02:40:14 IST" name="pageRefresh" finished-at="2026-04-09T02:40:14 IST" duration-ms="38" status="PASS">
          <reporter-output>
          </reporter-output>
        </test-method> <!-- pageRefresh -->
        <test-method signature="verifyLearningStatusInProgressDataTest()[pri:11, instance:com.qa.gyruslearner.testcases.DashboardPageTestCase@67080771]" started-at="2026-04-09T02:40:14 IST" name="verifyLearningStatusInProgressDataTest" finished-at="2026-04-09T02:40:45 IST" duration-ms="31109" status="FAIL">
          <exception class="java.lang.AssertionError">
            <message>
              <![CDATA[The following asserts failed:
❌ Status In progress  but  0% : 0303 Non Sequence with Learner choice.,
❌ Type Label missing: 0303 Non Sequence with Learner choice.,
❌ Status In progress  but  100% : 1203 Non Sequence with Learner choice.,
❌ Type Label missing: 1203 Non Sequence with Learner choice.]]>
            </message>
            <full-stacktrace>
              <![CDATA[java.lang.AssertionError: The following asserts failed:
❌ Status In progress  but  0% : 0303 Non Sequence with Learner choice.,
❌ Type Label missing: 0303 Non Sequence with Learner choice.,
❌ Status In progress  but  100% : 1203 Non Sequence with Learner choice.,
❌ Type Label missing: 1203 Non Sequence with Learner choice.
at org.testng.asserts.SoftAssert.assertAll(SoftAssert.java:46)
at org.testng.asserts.SoftAssert.assertAll(SoftAssert.java:30)
at com.qa.gyruslearner.pages.DashboardPage.validateLearningInProgressCards(DashboardPage.java:646)
at com.qa.gyruslearner.testcases.DashboardPageTestCase.verifyLearningStatusInProgressDataTest(DashboardPageTestCase.java:240)
at java.base/jdk.internal.reflect.DirectMethodHandleAccessor.invoke(DirectMethodHandleAccessor.java:103)
at java.base/java.lang.reflect.Method.invoke(Method.java:580)
at org.testng.internal.invokers.MethodInvocationHelper.invokeMethod(MethodInvocationHelper.java:139)
at org.testng.internal.invokers.TestInvoker.invokeMethod(TestInvoker.java:664)
at org.testng.internal.invokers.TestInvoker.invokeTestMethod(TestInvoker.java:228)
at org.testng.internal.invokers.MethodRunner.runInSequence(MethodRunner.java:63)
at org.testng.internal.invokers.TestInvoker$MethodInvocationAgent.invoke(TestInvoker.java:961)
at org.testng.internal.invokers.TestInvoker.invokeTestMethods(TestInvoker.java:201)
at org.testng.internal.invokers.TestMethodWorker.invokeTestMethods(TestMethodWorker.java:148)
at org.testng.internal.invokers.TestMethodWorker.run(TestMethodWorker.java:128)
at java.base/java.util.ArrayList.forEach(ArrayList.java:1596)
at org.testng.TestRunner.privateRun(TestRunner.java:819)
at org.testng.TestRunner.run(TestRunner.java:619)
at org.testng.SuiteRunner.runTest(SuiteRunner.java:443)
at org.testng.SuiteRunner.runSequentially(SuiteRunner.java:437)
at org.testng.SuiteRunner.privateRun(SuiteRunner.java:397)
at org.testng.SuiteRunner.run(SuiteRunner.java:336)
at org.testng.SuiteRunnerWorker.runSuite(SuiteRunnerWorker.java:52)
at org.testng.SuiteRunnerWorker.run(SuiteRunnerWorker.java:95)
at org.testng.TestNG.runSuitesSequentially(TestNG.java:1301)
at org.testng.TestNG.runSuitesLocally(TestNG.java:1228)
at org.testng.TestNG.runSuites(TestNG.java:1134)
at org.testng.TestNG.run(TestNG.java:1101)
at org.testng.remote.AbstractRemoteTestNG.run(AbstractRemoteTestNG.java:115)
at org.testng.remote.RemoteTestNG.initAndRun(RemoteTestNG.java:293)
at org.testng.remote.RemoteTestNG.main(RemoteTestNG.java:91)
]]>
            </full-stacktrace>
          </exception> <!-- java.lang.AssertionError -->
          <reporter-output>
          </reporter-output>
        </test-method> <!-- verifyLearningStatusInProgressDataTest -->
        <test-method is-config="true" signature="pageRefresh()[pri:0, instance:com.qa.gyruslearner.testcases.DashboardPageTestCase@67080771]" started-at="2026-04-09T02:40:45 IST" name="pageRefresh" finished-at="2026-04-09T02:40:45 IST" duration-ms="14" status="PASS">
          <reporter-output>
          </reporter-output>
        </test-method> <!-- pageRefresh -->
        <test-method signature="verifyLearningStatusNotStartedDataTest()[pri:12, instance:com.qa.gyruslearner.testcases.DashboardPageTestCase@67080771]" started-at="2026-04-09T02:40:45 IST" name="verifyLearningStatusNotStartedDataTest" finished-at="2026-04-09T02:40:49 IST" duration-ms="4560" status="FAIL">
          <exception class="java.lang.AssertionError">
            <message>
              <![CDATA[The following asserts failed:
❌ Training  Image is missing in card  1 : % external link with required approval completion]]>
            </message>
            <full-stacktrace>
              <![CDATA[java.lang.AssertionError: The following asserts failed:
❌ Training  Image is missing in card  1 : % external link with required approval completion
at org.testng.asserts.SoftAssert.assertAll(SoftAssert.java:46)
at org.testng.asserts.SoftAssert.assertAll(SoftAssert.java:30)
at com.qa.gyruslearner.pages.DashboardPage.validateLearningNotStartedCards(DashboardPage.java:762)
at com.qa.gyruslearner.testcases.DashboardPageTestCase.verifyLearningStatusNotStartedDataTest(DashboardPageTestCase.java:252)
at java.base/jdk.internal.reflect.DirectMethodHandleAccessor.invoke(DirectMethodHandleAccessor.java:103)
at java.base/java.lang.reflect.Method.invoke(Method.java:580)
at org.testng.internal.invokers.MethodInvocationHelper.invokeMethod(MethodInvocationHelper.java:139)
at org.testng.internal.invokers.TestInvoker.invokeMethod(TestInvoker.java:664)
at org.testng.internal.invokers.TestInvoker.invokeTestMethod(TestInvoker.java:228)
at org.testng.internal.invokers.MethodRunner.runInSequence(MethodRunner.java:63)
at org.testng.internal.invokers.TestInvoker$MethodInvocationAgent.invoke(TestInvoker.java:961)
at org.testng.internal.invokers.TestInvoker.invokeTestMethods(TestInvoker.java:201)
at org.testng.internal.invokers.TestMethodWorker.invokeTestMethods(TestMethodWorker.java:148)
at org.testng.internal.invokers.TestMethodWorker.run(TestMethodWorker.java:128)
at java.base/java.util.ArrayList.forEach(ArrayList.java:1596)
at org.testng.TestRunner.privateRun(TestRunner.java:819)
at org.testng.TestRunner.run(TestRunner.java:619)
at org.testng.SuiteRunner.runTest(SuiteRunner.java:443)
at org.testng.SuiteRunner.runSequentially(SuiteRunner.java:437)
at org.testng.SuiteRunner.privateRun(SuiteRunner.java:397)
at org.testng.SuiteRunner.run(SuiteRunner.java:336)
at org.testng.SuiteRunnerWorker.runSuite(SuiteRunnerWorker.java:52)
at org.testng.SuiteRunnerWorker.run(SuiteRunnerWorker.java:95)
at org.testng.TestNG.runSuitesSequentially(TestNG.java:1301)
at org.testng.TestNG.runSuitesLocally(TestNG.java:1228)
at org.testng.TestNG.runSuites(TestNG.java:1134)
at org.testng.TestNG.run(TestNG.java:1101)
at org.testng.remote.AbstractRemoteTestNG.run(AbstractRemoteTestNG.java:115)
at org.testng.remote.RemoteTestNG.initAndRun(RemoteTestNG.java:293)
at org.testng.remote.RemoteTestNG.main(RemoteTestNG.java:91)
]]>
            </full-stacktrace>
          </exception> <!-- java.lang.AssertionError -->
          <reporter-output>
          </reporter-output>
        </test-method> <!-- verifyLearningStatusNotStartedDataTest -->
        <test-method is-config="true" signature="pageRefresh()[pri:0, instance:com.qa.gyruslearner.testcases.DashboardPageTestCase@67080771]" started-at="2026-04-09T02:40:49 IST" name="pageRefresh" finished-at="2026-04-09T02:40:49 IST" duration-ms="8" status="PASS">
          <reporter-output>
          </reporter-output>
        </test-method> <!-- pageRefresh -->
        <test-method signature="verifyMySheduleDataTest()[pri:13, instance:com.qa.gyruslearner.testcases.DashboardPageTestCase@67080771]" started-at="2026-04-09T02:40:49 IST" name="verifyMySheduleDataTest" finished-at="2026-04-09T02:40:50 IST" duration-ms="352" status="PASS">
          <reporter-output>
          </reporter-output>
        </test-method> <!-- verifyMySheduleDataTest -->
        <test-method is-config="true" signature="pageRefresh()[pri:0, instance:com.qa.gyruslearner.testcases.DashboardPageTestCase@67080771]" started-at="2026-04-09T02:40:50 IST" name="pageRefresh" finished-at="2026-04-09T02:40:50 IST" duration-ms="10" status="PASS">
          <reporter-output>
          </reporter-output>
        </test-method> <!-- pageRefresh -->
        <test-method signature="verifyAssignedTrainingsRecentlyAssignedDataTest()[pri:14, instance:com.qa.gyruslearner.testcases.DashboardPageTestCase@67080771]" started-at="2026-04-09T02:40:50 IST" name="verifyAssignedTrainingsRecentlyAssignedDataTest" finished-at="2026-04-09T02:40:51 IST" duration-ms="1571" status="PASS">
          <reporter-output>
          </reporter-output>
        </test-method> <!-- verifyAssignedTrainingsRecentlyAssignedDataTest -->
        <test-method is-config="true" signature="pageRefresh()[pri:0, instance:com.qa.gyruslearner.testcases.DashboardPageTestCase@67080771]" started-at="2026-04-09T02:40:51 IST" name="pageRefresh" finished-at="2026-04-09T02:40:51 IST" duration-ms="7" status="PASS">
          <reporter-output>
          </reporter-output>
        </test-method> <!-- pageRefresh -->
        <test-method signature="verifyAssignedTrainingsDueDataTest()[pri:15, instance:com.qa.gyruslearner.testcases.DashboardPageTestCase@67080771]" started-at="2026-04-09T02:40:51 IST" name="verifyAssignedTrainingsDueDataTest" finished-at="2026-04-09T02:41:01 IST" duration-ms="10268" status="PASS">
          <reporter-output>
          </reporter-output>
        </test-method> <!-- verifyAssignedTrainingsDueDataTest -->
        <test-method is-config="true" signature="pageRefresh()[pri:0, instance:com.qa.gyruslearner.testcases.DashboardPageTestCase@67080771]" started-at="2026-04-09T02:41:01 IST" name="pageRefresh" finished-at="2026-04-09T02:41:01 IST" duration-ms="9" status="PASS">
          <reporter-output>
          </reporter-output>
        </test-method> <!-- pageRefresh -->
        <test-method signature="verifyAssignedTrainingsOverDueDataTest()[pri:16, instance:com.qa.gyruslearner.testcases.DashboardPageTestCase@67080771]" started-at="2026-04-09T02:41:01 IST" name="verifyAssignedTrainingsOverDueDataTest" finished-at="2026-04-09T02:41:06 IST" duration-ms="4051" status="PASS">
          <reporter-output>
          </reporter-output>
        </test-method> <!-- verifyAssignedTrainingsOverDueDataTest -->
        <test-method is-config="true" signature="pageRefresh()[pri:0, instance:com.qa.gyruslearner.testcases.DashboardPageTestCase@67080771]" started-at="2026-04-09T02:41:06 IST" name="pageRefresh" finished-at="2026-04-09T02:41:06 IST" duration-ms="12" status="PASS">
          <reporter-output>
          </reporter-output>
        </test-method> <!-- pageRefresh -->
        <test-method signature="verifyRecentBadgesDataTest()[pri:17, instance:com.qa.gyruslearner.testcases.DashboardPageTestCase@67080771]" started-at="2026-04-09T02:41:06 IST" name="verifyRecentBadgesDataTest" finished-at="2026-04-09T02:41:06 IST" duration-ms="203" status="PASS">
          <reporter-output>
          </reporter-output>
        </test-method> <!-- verifyRecentBadgesDataTest -->
        <test-method is-config="true" signature="pageRefresh()[pri:0, instance:com.qa.gyruslearner.testcases.DashboardPageTestCase@67080771]" started-at="2026-04-09T02:41:06 IST" name="pageRefresh" finished-at="2026-04-09T02:41:06 IST" duration-ms="7" status="PASS">
          <reporter-output>
          </reporter-output>
        </test-method> <!-- pageRefresh -->
        <test-method signature="verifyLeaderboardDataTest()[pri:18, instance:com.qa.gyruslearner.testcases.DashboardPageTestCase@67080771]" started-at="2026-04-09T02:41:06 IST" name="verifyLeaderboardDataTest" finished-at="2026-04-09T02:41:06 IST" duration-ms="176" status="PASS">
          <reporter-output>
          </reporter-output>
        </test-method> <!-- verifyLeaderboardDataTest -->
        <test-method is-config="true" signature="pageRefresh()[pri:0, instance:com.qa.gyruslearner.testcases.DashboardPageTestCase@67080771]" started-at="2026-04-09T02:41:06 IST" name="pageRefresh" finished-at="2026-04-09T02:41:06 IST" duration-ms="9" status="PASS">
          <reporter-output>
          </reporter-output>
        </test-method> <!-- pageRefresh -->
        <test-method signature="verifyActivityFeedsDataTest()[pri:19, instance:com.qa.gyruslearner.testcases.DashboardPageTestCase@67080771]" started-at="2026-04-09T02:41:06 IST" name="verifyActivityFeedsDataTest" finished-at="2026-04-09T02:41:15 IST" duration-ms="8647" status="PASS">
          <reporter-output>
          </reporter-output>
        </test-method> <!-- verifyActivityFeedsDataTest -->
        <test-method is-config="true" signature="pageRefresh()[pri:0, instance:com.qa.gyruslearner.testcases.DashboardPageTestCase@67080771]" started-at="2026-04-09T02:41:15 IST" name="pageRefresh" finished-at="2026-04-09T02:41:15 IST" duration-ms="9" status="PASS">
          <reporter-output>
          </reporter-output>
        </test-method> <!-- pageRefresh -->
        <test-method signature="verifyCertificationsDataTest()[pri:20, instance:com.qa.gyruslearner.testcases.DashboardPageTestCase@67080771]" started-at="2026-04-09T02:41:15 IST" name="verifyCertificationsDataTest" finished-at="2026-04-09T02:41:15 IST" duration-ms="634" status="PASS">
          <reporter-output>
          </reporter-output>
        </test-method> <!-- verifyCertificationsDataTest -->
        <test-method is-config="true" signature="pageRefresh()[pri:0, instance:com.qa.gyruslearner.testcases.DashboardPageTestCase@67080771]" started-at="2026-04-09T02:41:15 IST" name="pageRefresh" finished-at="2026-04-09T02:41:15 IST" duration-ms="6" status="PASS">
          <reporter-output>
          </reporter-output>
        </test-method> <!-- pageRefresh -->
        <test-method signature="verifymainMenuItemsDataTest()[pri:21, instance:com.qa.gyruslearner.testcases.DashboardPageTestCase@67080771]" started-at="2026-04-09T02:41:15 IST" name="verifymainMenuItemsDataTest" finished-at="2026-04-09T02:41:16 IST" duration-ms="1141" status="PASS">
          <reporter-output>
          </reporter-output>
        </test-method> <!-- verifymainMenuItemsDataTest -->
        <test-method is-config="true" signature="tearDown()[pri:0, instance:com.qa.gyruslearner.testcases.DashboardPageTestCase@67080771]" started-at="2026-04-09T02:41:16 IST" name="tearDown" finished-at="2026-04-09T02:41:17 IST" duration-ms="840" status="PASS">
          <reporter-output>
          </reporter-output>
        </test-method> <!-- tearDown -->
      </class> <!-- com.qa.gyruslearner.testcases.DashboardPageTestCase -->
    </test> <!-- Default test -->
  </suite> <!-- Default suite -->
</testng-results>
