<?xml version="1.0" encoding="UTF-8"?>
<testng-results ignored="0" total="14" passed="10" failed="4" skipped="0">
  <reporter-output>
  </reporter-output>
  <suite started-at="2026-04-03T17:41:12 IST" name="Default suite" finished-at="2026-04-03T17:45:21 IST" duration-ms="248526">
    <groups>
    </groups>
    <test started-at="2026-04-03T17:41:12 IST" name="Default test" finished-at="2026-04-03T17:45:21 IST" duration-ms="248526">
      <class name="com.qa.gyruslearner.testcases.IDPPageTestCase">
        <test-method is-config="true" signature="setUp()[pri:0, instance:com.qa.gyruslearner.testcases.IDPPageTestCase@b62d79]" started-at="2026-04-03T17:41:12 IST" name="setUp" finished-at="2026-04-03T17:41:17 IST" duration-ms="5220" status="PASS">
          <reporter-output>
          </reporter-output>
        </test-method> <!-- setUp -->
        <test-method is-config="true" signature="pageRefresh()[pri:0, instance:com.qa.gyruslearner.testcases.IDPPageTestCase@b62d79]" started-at="2026-04-03T17:41:17 IST" name="pageRefresh" finished-at="2026-04-03T17:41:24 IST" duration-ms="6652" status="PASS">
          <reporter-output>
          </reporter-output>
        </test-method> <!-- pageRefresh -->
        <test-method signature="verifyMyLearnerLinkTest()[pri:1, instance:com.qa.gyruslearner.testcases.IDPPageTestCase@b62d79]" started-at="2026-04-03T17:41:24 IST" name="verifyMyLearnerLinkTest" finished-at="2026-04-03T17:41:28 IST" duration-ms="3670" status="PASS">
          <reporter-output>
          </reporter-output>
        </test-method> <!-- verifyMyLearnerLinkTest -->
        <test-method is-config="true" signature="pageRefresh()[pri:0, instance:com.qa.gyruslearner.testcases.IDPPageTestCase@b62d79]" started-at="2026-04-03T17:41:28 IST" name="pageRefresh" finished-at="2026-04-03T17:41:28 IST" duration-ms="83" status="PASS">
          <reporter-output>
          </reporter-output>
        </test-method> <!-- pageRefresh -->
        <test-method signature="verifyidpUrlTest()[pri:2, instance:com.qa.gyruslearner.testcases.IDPPageTestCase@b62d79]" started-at="2026-04-03T17:41:28 IST" name="verifyidpUrlTest" finished-at="2026-04-03T17:41:29 IST" depends-on-methods="com.qa.gyruslearner.testcases.IDPPageTestCase.verifyMyLearnerLinkTest" duration-ms="1546" status="PASS">
          <reporter-output>
          </reporter-output>
        </test-method> <!-- verifyidpUrlTest -->
        <test-method is-config="true" signature="pageRefresh()[pri:0, instance:com.qa.gyruslearner.testcases.IDPPageTestCase@b62d79]" started-at="2026-04-03T17:41:29 IST" name="pageRefresh" finished-at="2026-04-03T17:41:29 IST" duration-ms="18" status="PASS">
          <reporter-output>
          </reporter-output>
        </test-method> <!-- pageRefresh -->
        <test-method signature="verifyIDPPageTitileTest()[pri:3, instance:com.qa.gyruslearner.testcases.IDPPageTestCase@b62d79]" started-at="2026-04-03T17:41:29 IST" name="verifyIDPPageTitileTest" finished-at="2026-04-03T17:41:30 IST" duration-ms="1038" status="PASS">
          <reporter-output>
          </reporter-output>
        </test-method> <!-- verifyIDPPageTitileTest -->
        <test-method is-config="true" signature="pageRefresh()[pri:0, instance:com.qa.gyruslearner.testcases.IDPPageTestCase@b62d79]" started-at="2026-04-03T17:41:30 IST" name="pageRefresh" finished-at="2026-04-03T17:41:30 IST" duration-ms="25" status="PASS">
          <reporter-output>
          </reporter-output>
        </test-method> <!-- pageRefresh -->
        <test-method signature="verifyIDPHeaderPageTitleTest()[pri:5, instance:com.qa.gyruslearner.testcases.IDPPageTestCase@b62d79]" started-at="2026-04-03T17:41:30 IST" name="verifyIDPHeaderPageTitleTest" finished-at="2026-04-03T17:41:31 IST" duration-ms="116" status="PASS">
          <reporter-output>
          </reporter-output>
        </test-method> <!-- verifyIDPHeaderPageTitleTest -->
        <test-method is-config="true" signature="pageRefresh()[pri:0, instance:com.qa.gyruslearner.testcases.IDPPageTestCase@b62d79]" started-at="2026-04-03T17:41:31 IST" name="pageRefresh" finished-at="2026-04-03T17:41:31 IST" duration-ms="20" status="PASS">
          <reporter-output>
          </reporter-output>
        </test-method> <!-- pageRefresh -->
        <test-method signature="verifyAssessmentsQuickFilterTest()[pri:9, instance:com.qa.gyruslearner.testcases.IDPPageTestCase@b62d79]" started-at="2026-04-03T17:41:31 IST" name="verifyAssessmentsQuickFilterTest" finished-at="2026-04-03T17:41:50 IST" duration-ms="19586" status="FAIL">
          <exception class="java.lang.AssertionError">
            <message>
              <![CDATA[The following asserts failed:
❌ Not Started but 100% : Test02 Assessment-training Details page with pass,
❌ Not Started but 100% : Test02Assessment-With pass]]>
            </message>
            <full-stacktrace>
              <![CDATA[java.lang.AssertionError: The following asserts failed:
❌ Not Started but 100% : Test02 Assessment-training Details page with pass,
❌ Not Started but 100% : Test02Assessment-With pass
at org.testng.asserts.SoftAssert.assertAll(SoftAssert.java:46)
at org.testng.asserts.SoftAssert.assertAll(SoftAssert.java:30)
at com.qa.gyruslearner.pages.IDPPage.validateStatusIDPAllCards(IDPPage.java:846)
at com.qa.gyruslearner.testcases.IDPPageTestCase.verifyAssessmentsQuickFilterTest(IDPPageTestCase.java:189)
at java.base/jdk.internal.reflect.DirectMethodHandleAccessor.invoke(DirectMethodHandleAccessor.java:103)
at java.base/java.lang.reflect.Method.invoke(Method.java:580)
at org.testng.internal.invokers.MethodInvocationHelper.invokeMethod(MethodInvocationHelper.java:139)
at org.testng.internal.invokers.TestInvoker.invokeMethod(TestInvoker.java:664)
at org.testng.internal.invokers.TestInvoker.invokeTestMethod(TestInvoker.java:228)
at org.testng.internal.invokers.MethodRunner.runInSequence(MethodRunner.java:63)
at org.testng.internal.invokers.TestInvoker$MethodInvocationAgent.invoke(TestInvoker.java:961)
at org.testng.internal.invokers.TestInvoker.invokeTestMethods(TestInvoker.java:201)
at org.testng.internal.invokers.TestMethodWorker.invokeTestMethods(TestMethodWorker.java:148)
at org.testng.internal.invokers.TestMethodWorker.run(TestMethodWorker.java:128)
at java.base/java.util.ArrayList.forEach(ArrayList.java:1596)
at org.testng.TestRunner.privateRun(TestRunner.java:819)
at org.testng.TestRunner.run(TestRunner.java:619)
at org.testng.SuiteRunner.runTest(SuiteRunner.java:443)
at org.testng.SuiteRunner.runSequentially(SuiteRunner.java:437)
at org.testng.SuiteRunner.privateRun(SuiteRunner.java:397)
at org.testng.SuiteRunner.run(SuiteRunner.java:336)
at org.testng.SuiteRunnerWorker.runSuite(SuiteRunnerWorker.java:52)
at org.testng.SuiteRunnerWorker.run(SuiteRunnerWorker.java:95)
at org.testng.TestNG.runSuitesSequentially(TestNG.java:1301)
at org.testng.TestNG.runSuitesLocally(TestNG.java:1228)
at org.testng.TestNG.runSuites(TestNG.java:1134)
at org.testng.TestNG.run(TestNG.java:1101)
at org.testng.remote.AbstractRemoteTestNG.run(AbstractRemoteTestNG.java:115)
at org.testng.remote.RemoteTestNG.initAndRun(RemoteTestNG.java:293)
at org.testng.remote.RemoteTestNG.main(RemoteTestNG.java:91)
]]>
            </full-stacktrace>
          </exception> <!-- java.lang.AssertionError -->
          <reporter-output>
          </reporter-output>
        </test-method> <!-- verifyAssessmentsQuickFilterTest -->
        <test-method is-config="true" signature="pageRefresh()[pri:0, instance:com.qa.gyruslearner.testcases.IDPPageTestCase@b62d79]" started-at="2026-04-03T17:41:50 IST" name="pageRefresh" finished-at="2026-04-03T17:41:50 IST" duration-ms="23" status="PASS">
          <reporter-output>
          </reporter-output>
        </test-method> <!-- pageRefresh -->
        <test-method signature="verifyCertificationQuickFilterTest()[pri:10, instance:com.qa.gyruslearner.testcases.IDPPageTestCase@b62d79]" started-at="2026-04-03T17:41:50 IST" name="verifyCertificationQuickFilterTest" finished-at="2026-04-03T17:42:07 IST" duration-ms="16366" status="FAIL">
          <exception class="java.lang.AssertionError">
            <message>
              <![CDATA[The following asserts failed:
❌ Recertified but 100% : Test10 Sequential Certifications-External link,
❌ Recertified but 100% : Test11 Sequential Certifications-External link]]>
            </message>
            <full-stacktrace>
              <![CDATA[java.lang.AssertionError: The following asserts failed:
❌ Recertified but 100% : Test10 Sequential Certifications-External link,
❌ Recertified but 100% : Test11 Sequential Certifications-External link
at org.testng.asserts.SoftAssert.assertAll(SoftAssert.java:46)
at org.testng.asserts.SoftAssert.assertAll(SoftAssert.java:30)
at com.qa.gyruslearner.pages.IDPPage.validateStatusIDPAllCards(IDPPage.java:846)
at com.qa.gyruslearner.testcases.IDPPageTestCase.verifyCertificationQuickFilterTest(IDPPageTestCase.java:210)
at java.base/jdk.internal.reflect.DirectMethodHandleAccessor.invoke(DirectMethodHandleAccessor.java:103)
at java.base/java.lang.reflect.Method.invoke(Method.java:580)
at org.testng.internal.invokers.MethodInvocationHelper.invokeMethod(MethodInvocationHelper.java:139)
at org.testng.internal.invokers.TestInvoker.invokeMethod(TestInvoker.java:664)
at org.testng.internal.invokers.TestInvoker.invokeTestMethod(TestInvoker.java:228)
at org.testng.internal.invokers.MethodRunner.runInSequence(MethodRunner.java:63)
at org.testng.internal.invokers.TestInvoker$MethodInvocationAgent.invoke(TestInvoker.java:961)
at org.testng.internal.invokers.TestInvoker.invokeTestMethods(TestInvoker.java:201)
at org.testng.internal.invokers.TestMethodWorker.invokeTestMethods(TestMethodWorker.java:148)
at org.testng.internal.invokers.TestMethodWorker.run(TestMethodWorker.java:128)
at java.base/java.util.ArrayList.forEach(ArrayList.java:1596)
at org.testng.TestRunner.privateRun(TestRunner.java:819)
at org.testng.TestRunner.run(TestRunner.java:619)
at org.testng.SuiteRunner.runTest(SuiteRunner.java:443)
at org.testng.SuiteRunner.runSequentially(SuiteRunner.java:437)
at org.testng.SuiteRunner.privateRun(SuiteRunner.java:397)
at org.testng.SuiteRunner.run(SuiteRunner.java:336)
at org.testng.SuiteRunnerWorker.runSuite(SuiteRunnerWorker.java:52)
at org.testng.SuiteRunnerWorker.run(SuiteRunnerWorker.java:95)
at org.testng.TestNG.runSuitesSequentially(TestNG.java:1301)
at org.testng.TestNG.runSuitesLocally(TestNG.java:1228)
at org.testng.TestNG.runSuites(TestNG.java:1134)
at org.testng.TestNG.run(TestNG.java:1101)
at org.testng.remote.AbstractRemoteTestNG.run(AbstractRemoteTestNG.java:115)
at org.testng.remote.RemoteTestNG.initAndRun(RemoteTestNG.java:293)
at org.testng.remote.RemoteTestNG.main(RemoteTestNG.java:91)
]]>
            </full-stacktrace>
          </exception> <!-- java.lang.AssertionError -->
          <reporter-output>
          </reporter-output>
        </test-method> <!-- verifyCertificationQuickFilterTest -->
        <test-method is-config="true" signature="pageRefresh()[pri:0, instance:com.qa.gyruslearner.testcases.IDPPageTestCase@b62d79]" started-at="2026-04-03T17:42:07 IST" name="pageRefresh" finished-at="2026-04-03T17:42:07 IST" duration-ms="12" status="PASS">
          <reporter-output>
          </reporter-output>
        </test-method> <!-- pageRefresh -->
        <test-method signature="verifyDocumentQuickFilterTest()[pri:11, instance:com.qa.gyruslearner.testcases.IDPPageTestCase@b62d79]" started-at="2026-04-03T17:42:07 IST" name="verifyDocumentQuickFilterTest" finished-at="2026-04-03T17:42:44 IST" duration-ms="37527" status="FAIL">
          <exception class="java.lang.AssertionError">
            <message>
              <![CDATA[The following asserts failed:
❌ Not Started but 100% : TEST01 Document T246-Navigation Control]]>
            </message>
            <full-stacktrace>
              <![CDATA[java.lang.AssertionError: The following asserts failed:
❌ Not Started but 100% : TEST01 Document T246-Navigation Control
at org.testng.asserts.SoftAssert.assertAll(SoftAssert.java:46)
at org.testng.asserts.SoftAssert.assertAll(SoftAssert.java:30)
at com.qa.gyruslearner.pages.IDPPage.validateStatusIDPAllCards(IDPPage.java:846)
at com.qa.gyruslearner.testcases.IDPPageTestCase.verifyDocumentQuickFilterTest(IDPPageTestCase.java:231)
at java.base/jdk.internal.reflect.DirectMethodHandleAccessor.invoke(DirectMethodHandleAccessor.java:103)
at java.base/java.lang.reflect.Method.invoke(Method.java:580)
at org.testng.internal.invokers.MethodInvocationHelper.invokeMethod(MethodInvocationHelper.java:139)
at org.testng.internal.invokers.TestInvoker.invokeMethod(TestInvoker.java:664)
at org.testng.internal.invokers.TestInvoker.invokeTestMethod(TestInvoker.java:228)
at org.testng.internal.invokers.MethodRunner.runInSequence(MethodRunner.java:63)
at org.testng.internal.invokers.TestInvoker$MethodInvocationAgent.invoke(TestInvoker.java:961)
at org.testng.internal.invokers.TestInvoker.invokeTestMethods(TestInvoker.java:201)
at org.testng.internal.invokers.TestMethodWorker.invokeTestMethods(TestMethodWorker.java:148)
at org.testng.internal.invokers.TestMethodWorker.run(TestMethodWorker.java:128)
at java.base/java.util.ArrayList.forEach(ArrayList.java:1596)
at org.testng.TestRunner.privateRun(TestRunner.java:819)
at org.testng.TestRunner.run(TestRunner.java:619)
at org.testng.SuiteRunner.runTest(SuiteRunner.java:443)
at org.testng.SuiteRunner.runSequentially(SuiteRunner.java:437)
at org.testng.SuiteRunner.privateRun(SuiteRunner.java:397)
at org.testng.SuiteRunner.run(SuiteRunner.java:336)
at org.testng.SuiteRunnerWorker.runSuite(SuiteRunnerWorker.java:52)
at org.testng.SuiteRunnerWorker.run(SuiteRunnerWorker.java:95)
at org.testng.TestNG.runSuitesSequentially(TestNG.java:1301)
at org.testng.TestNG.runSuitesLocally(TestNG.java:1228)
at org.testng.TestNG.runSuites(TestNG.java:1134)
at org.testng.TestNG.run(TestNG.java:1101)
at org.testng.remote.AbstractRemoteTestNG.run(AbstractRemoteTestNG.java:115)
at org.testng.remote.RemoteTestNG.initAndRun(RemoteTestNG.java:293)
at org.testng.remote.RemoteTestNG.main(RemoteTestNG.java:91)
]]>
            </full-stacktrace>
          </exception> <!-- java.lang.AssertionError -->
          <reporter-output>
          </reporter-output>
        </test-method> <!-- verifyDocumentQuickFilterTest -->
        <test-method is-config="true" signature="pageRefresh()[pri:0, instance:com.qa.gyruslearner.testcases.IDPPageTestCase@b62d79]" started-at="2026-04-03T17:42:44 IST" name="pageRefresh" finished-at="2026-04-03T17:42:44 IST" duration-ms="15" status="PASS">
          <reporter-output>
          </reporter-output>
        </test-method> <!-- pageRefresh -->
        <test-method signature="verifyQuickFilterDailgoBoxTest()[pri:12, instance:com.qa.gyruslearner.testcases.IDPPageTestCase@b62d79]" started-at="2026-04-03T17:42:44 IST" name="verifyQuickFilterDailgoBoxTest" finished-at="2026-04-03T17:42:56 IST" duration-ms="11956" status="PASS">
          <reporter-output>
          </reporter-output>
        </test-method> <!-- verifyQuickFilterDailgoBoxTest -->
        <test-method is-config="true" signature="pageRefresh()[pri:0, instance:com.qa.gyruslearner.testcases.IDPPageTestCase@b62d79]" started-at="2026-04-03T17:42:56 IST" name="pageRefresh" finished-at="2026-04-03T17:42:56 IST" duration-ms="13" status="PASS">
          <reporter-output>
          </reporter-output>
        </test-method> <!-- pageRefresh -->
        <test-method signature="verifyElearnigQuickFilterTest()[pri:13, instance:com.qa.gyruslearner.testcases.IDPPageTestCase@b62d79]" started-at="2026-04-03T17:42:56 IST" name="verifyElearnigQuickFilterTest" finished-at="2026-04-03T17:43:27 IST" depends-on-methods="com.qa.gyruslearner.testcases.IDPPageTestCase.verifyQuickFilterDailgoBoxTest" duration-ms="31063" status="PASS">
          <reporter-output>
          </reporter-output>
        </test-method> <!-- verifyElearnigQuickFilterTest -->
        <test-method is-config="true" signature="pageRefresh()[pri:0, instance:com.qa.gyruslearner.testcases.IDPPageTestCase@b62d79]" started-at="2026-04-03T17:43:27 IST" name="pageRefresh" finished-at="2026-04-03T17:43:27 IST" duration-ms="10" status="PASS">
          <reporter-output>
          </reporter-output>
        </test-method> <!-- pageRefresh -->
        <test-method signature="verifyExternalLinkQuickFilterTest()[pri:14, instance:com.qa.gyruslearner.testcases.IDPPageTestCase@b62d79]" started-at="2026-04-03T17:43:27 IST" name="verifyExternalLinkQuickFilterTest" finished-at="2026-04-03T17:43:55 IST" depends-on-methods="com.qa.gyruslearner.testcases.IDPPageTestCase.verifyQuickFilterDailgoBoxTest" duration-ms="27835" status="PASS">
          <reporter-output>
          </reporter-output>
        </test-method> <!-- verifyExternalLinkQuickFilterTest -->
        <test-method is-config="true" signature="pageRefresh()[pri:0, instance:com.qa.gyruslearner.testcases.IDPPageTestCase@b62d79]" started-at="2026-04-03T17:43:55 IST" name="pageRefresh" finished-at="2026-04-03T17:43:55 IST" duration-ms="15" status="PASS">
          <reporter-output>
          </reporter-output>
        </test-method> <!-- pageRefresh -->
        <test-method signature="verifyILTQuickFilterTest()[pri:15, instance:com.qa.gyruslearner.testcases.IDPPageTestCase@b62d79]" started-at="2026-04-03T17:43:55 IST" name="verifyILTQuickFilterTest" finished-at="2026-04-03T17:44:25 IST" depends-on-methods="com.qa.gyruslearner.testcases.IDPPageTestCase.verifyQuickFilterDailgoBoxTest" duration-ms="29599" status="PASS">
          <reporter-output>
          </reporter-output>
        </test-method> <!-- verifyILTQuickFilterTest -->
        <test-method is-config="true" signature="pageRefresh()[pri:0, instance:com.qa.gyruslearner.testcases.IDPPageTestCase@b62d79]" started-at="2026-04-03T17:44:25 IST" name="pageRefresh" finished-at="2026-04-03T17:44:25 IST" duration-ms="13" status="PASS">
          <reporter-output>
          </reporter-output>
        </test-method> <!-- pageRefresh -->
        <test-method signature="verifyLearningPathQuickFilterTest()[pri:16, instance:com.qa.gyruslearner.testcases.IDPPageTestCase@b62d79]" started-at="2026-04-03T17:44:25 IST" name="verifyLearningPathQuickFilterTest" finished-at="2026-04-03T17:44:39 IST" depends-on-methods="com.qa.gyruslearner.testcases.IDPPageTestCase.verifyQuickFilterDailgoBoxTest" duration-ms="14117" status="PASS">
          <reporter-output>
          </reporter-output>
        </test-method> <!-- verifyLearningPathQuickFilterTest -->
        <test-method is-config="true" signature="pageRefresh()[pri:0, instance:com.qa.gyruslearner.testcases.IDPPageTestCase@b62d79]" started-at="2026-04-03T17:44:39 IST" name="pageRefresh" finished-at="2026-04-03T17:44:39 IST" duration-ms="11" status="PASS">
          <reporter-output>
          </reporter-output>
        </test-method> <!-- pageRefresh -->
        <test-method signature="verifyMsTeamQuickFilterTest()[pri:17, instance:com.qa.gyruslearner.testcases.IDPPageTestCase@b62d79]" started-at="2026-04-03T17:44:39 IST" name="verifyMsTeamQuickFilterTest" finished-at="2026-04-03T17:45:02 IST" depends-on-methods="com.qa.gyruslearner.testcases.IDPPageTestCase.verifyQuickFilterDailgoBoxTest" duration-ms="22776" status="FAIL">
          <exception class="java.lang.AssertionError">
            <message>
              <![CDATA[The following asserts failed:
❌ In progress but 0% : Test01 msteam-Webinar,
❌ In progress but 0% : Test07 Msteam-with Assessment Evaluation and Associate Homework,
❌ In progress but 0% : Test22 Msteam-Normal Check]]>
            </message>
            <full-stacktrace>
              <![CDATA[java.lang.AssertionError: The following asserts failed:
❌ In progress but 0% : Test01 msteam-Webinar,
❌ In progress but 0% : Test07 Msteam-with Assessment Evaluation and Associate Homework,
❌ In progress but 0% : Test22 Msteam-Normal Check
at org.testng.asserts.SoftAssert.assertAll(SoftAssert.java:46)
at org.testng.asserts.SoftAssert.assertAll(SoftAssert.java:30)
at com.qa.gyruslearner.pages.IDPPage.validateStatusIDPAllCards(IDPPage.java:846)
at com.qa.gyruslearner.testcases.IDPPageTestCase.verifyMsTeamQuickFilterTest(IDPPageTestCase.java:391)
at java.base/jdk.internal.reflect.DirectMethodHandleAccessor.invoke(DirectMethodHandleAccessor.java:103)
at java.base/java.lang.reflect.Method.invoke(Method.java:580)
at org.testng.internal.invokers.MethodInvocationHelper.invokeMethod(MethodInvocationHelper.java:139)
at org.testng.internal.invokers.TestInvoker.invokeMethod(TestInvoker.java:664)
at org.testng.internal.invokers.TestInvoker.invokeTestMethod(TestInvoker.java:228)
at org.testng.internal.invokers.MethodRunner.runInSequence(MethodRunner.java:63)
at org.testng.internal.invokers.TestInvoker$MethodInvocationAgent.invoke(TestInvoker.java:961)
at org.testng.internal.invokers.TestInvoker.invokeTestMethods(TestInvoker.java:201)
at org.testng.internal.invokers.TestMethodWorker.invokeTestMethods(TestMethodWorker.java:148)
at org.testng.internal.invokers.TestMethodWorker.run(TestMethodWorker.java:128)
at java.base/java.util.ArrayList.forEach(ArrayList.java:1596)
at org.testng.TestRunner.privateRun(TestRunner.java:819)
at org.testng.TestRunner.run(TestRunner.java:619)
at org.testng.SuiteRunner.runTest(SuiteRunner.java:443)
at org.testng.SuiteRunner.runSequentially(SuiteRunner.java:437)
at org.testng.SuiteRunner.privateRun(SuiteRunner.java:397)
at org.testng.SuiteRunner.run(SuiteRunner.java:336)
at org.testng.SuiteRunnerWorker.runSuite(SuiteRunnerWorker.java:52)
at org.testng.SuiteRunnerWorker.run(SuiteRunnerWorker.java:95)
at org.testng.TestNG.runSuitesSequentially(TestNG.java:1301)
at org.testng.TestNG.runSuitesLocally(TestNG.java:1228)
at org.testng.TestNG.runSuites(TestNG.java:1134)
at org.testng.TestNG.run(TestNG.java:1101)
at org.testng.remote.AbstractRemoteTestNG.run(AbstractRemoteTestNG.java:115)
at org.testng.remote.RemoteTestNG.initAndRun(RemoteTestNG.java:293)
at org.testng.remote.RemoteTestNG.main(RemoteTestNG.java:91)
]]>
            </full-stacktrace>
          </exception> <!-- java.lang.AssertionError -->
          <reporter-output>
          </reporter-output>
        </test-method> <!-- verifyMsTeamQuickFilterTest -->
        <test-method is-config="true" signature="pageRefresh()[pri:0, instance:com.qa.gyruslearner.testcases.IDPPageTestCase@b62d79]" started-at="2026-04-03T17:45:02 IST" name="pageRefresh" finished-at="2026-04-03T17:45:02 IST" duration-ms="13" status="PASS">
          <reporter-output>
          </reporter-output>
        </test-method> <!-- pageRefresh -->
        <test-method signature="verifyStatusCompleteQuickFilterTest()[pri:18, instance:com.qa.gyruslearner.testcases.IDPPageTestCase@b62d79]" started-at="2026-04-03T17:45:02 IST" name="verifyStatusCompleteQuickFilterTest" finished-at="2026-04-03T17:45:17 IST" depends-on-methods="com.qa.gyruslearner.testcases.IDPPageTestCase.verifyQuickFilterDailgoBoxTest" duration-ms="15272" status="PASS">
          <reporter-output>
          </reporter-output>
        </test-method> <!-- verifyStatusCompleteQuickFilterTest -->
        <test-method is-config="true" signature="tearDown()[pri:0, instance:com.qa.gyruslearner.testcases.IDPPageTestCase@b62d79]" started-at="2026-04-03T17:45:17 IST" name="tearDown" finished-at="2026-04-03T17:45:21 IST" duration-ms="3710" status="PASS">
          <reporter-output>
          </reporter-output>
        </test-method> <!-- tearDown -->
      </class> <!-- com.qa.gyruslearner.testcases.IDPPageTestCase -->
    </test> <!-- Default test -->
  </suite> <!-- Default suite -->
</testng-results>
