<?xml version="1.0" encoding="UTF-8"?>
<testng-results ignored="0" total="77" passed="67" failed="10" skipped="0">
  <reporter-output>
  </reporter-output>
  <suite started-at="2026-04-16T09:21:21 IST" name="Gyrus Automation Suite" finished-at="2026-04-16T09:41:42 IST" duration-ms="1220983">
    <groups>
      <group name="regression">
        <method signature="IDPPageTestCase.verifyMyLearnerLinkTest()[pri:1, instance:com.qa.gyruslearner.testcases.IDPPageTestCase@7e5afaa6]" name="verifyMyLearnerLinkTest" class="com.qa.gyruslearner.testcases.IDPPageTestCase"/>
        <method signature="DashboardPageTestCase.VerifyCompanyLogoInDashBoardTest()[pri:3, instance:com.qa.gyruslearner.testcases.DashboardPageTestCase@5403f35f]" name="VerifyCompanyLogoInDashBoardTest" class="com.qa.gyruslearner.testcases.DashboardPageTestCase"/>
        <method signature="LoginPageTestCase.verifyLoginHeadertextTest()[pri:5, instance:com.qa.gyruslearner.testcases.LoginPageTestCase@3d5c822d]" name="verifyLoginHeadertextTest" class="com.qa.gyruslearner.testcases.LoginPageTestCase"/>
        <method signature="MyProfilePageTestCase.verifyQRCodeDisplayed()[pri:5, instance:com.qa.gyruslearner.testcases.MyProfilePageTestCase@483f6d77]" name="verifyQRCodeDisplayed" class="com.qa.gyruslearner.testcases.MyProfilePageTestCase"/>
        <method signature="MyProfilePageTestCase.verifyEditProfilePanelExpandCollapse()[pri:6, instance:com.qa.gyruslearner.testcases.MyProfilePageTestCase@483f6d77]" name="verifyEditProfilePanelExpandCollapse" class="com.qa.gyruslearner.testcases.MyProfilePageTestCase"/>
        <method signature="MyProfilePageTestCase.verifySecurityPanelExpandCollapse()[pri:7, instance:com.qa.gyruslearner.testcases.MyProfilePageTestCase@483f6d77]" name="verifySecurityPanelExpandCollapse" class="com.qa.gyruslearner.testcases.MyProfilePageTestCase"/>
        <method signature="DashboardPageTestCase.verifyStatisticsDisplayed()[pri:8, instance:com.qa.gyruslearner.testcases.DashboardPageTestCase@5403f35f]" name="verifyStatisticsDisplayed" class="com.qa.gyruslearner.testcases.DashboardPageTestCase"/>
        <method signature="IDPPageTestCase.verifyAllElearningQuickFilterTest()[pri:8, instance:com.qa.gyruslearner.testcases.IDPPageTestCase@7e5afaa6]" name="verifyAllElearningQuickFilterTest" class="com.qa.gyruslearner.testcases.IDPPageTestCase"/>
        <method signature="MyProfilePageTestCase.verifyCFR21SecurityPanelExpandCollapse()[pri:8, instance:com.qa.gyruslearner.testcases.MyProfilePageTestCase@483f6d77]" name="verifyCFR21SecurityPanelExpandCollapse" class="com.qa.gyruslearner.testcases.MyProfilePageTestCase"/>
        <method signature="DashboardPageTestCase.verifyStatisticsWithFilters()[pri:9, instance:com.qa.gyruslearner.testcases.DashboardPageTestCase@5403f35f]" name="verifyStatisticsWithFilters" class="com.qa.gyruslearner.testcases.DashboardPageTestCase"/>
        <method signature="IDPPageTestCase.verifyAssessmentsQuickFilterTest()[pri:9, instance:com.qa.gyruslearner.testcases.IDPPageTestCase@7e5afaa6]" name="verifyAssessmentsQuickFilterTest" class="com.qa.gyruslearner.testcases.IDPPageTestCase"/>
        <method signature="MyProfilePageTestCase.verifyTimeZoneSettingsPanelExpandCollapse()[pri:9, instance:com.qa.gyruslearner.testcases.MyProfilePageTestCase@483f6d77]" name="verifyTimeZoneSettingsPanelExpandCollapse" class="com.qa.gyruslearner.testcases.MyProfilePageTestCase"/>
        <method signature="IDPPageTestCase.verifyCertificationQuickFilterTest()[pri:10, instance:com.qa.gyruslearner.testcases.IDPPageTestCase@7e5afaa6]" name="verifyCertificationQuickFilterTest" class="com.qa.gyruslearner.testcases.IDPPageTestCase"/>
        <method signature="MyProfilePageTestCase.verifyThemePanelExpandCollapse()[pri:10, instance:com.qa.gyruslearner.testcases.MyProfilePageTestCase@483f6d77]" name="verifyThemePanelExpandCollapse" class="com.qa.gyruslearner.testcases.MyProfilePageTestCase"/>
        <method signature="DashboardPageTestCase.verifyLearningStatusInProgressDataTest()[pri:11, instance:com.qa.gyruslearner.testcases.DashboardPageTestCase@5403f35f]" name="verifyLearningStatusInProgressDataTest" class="com.qa.gyruslearner.testcases.DashboardPageTestCase"/>
        <method signature="IDPPageTestCase.verifyDocumentQuickFilterTest()[pri:11, instance:com.qa.gyruslearner.testcases.IDPPageTestCase@7e5afaa6]" name="verifyDocumentQuickFilterTest" class="com.qa.gyruslearner.testcases.IDPPageTestCase"/>
        <method signature="MyProfilePageTestCase.verifyLanguageDropdown()[pri:11, instance:com.qa.gyruslearner.testcases.MyProfilePageTestCase@483f6d77]" name="verifyLanguageDropdown" class="com.qa.gyruslearner.testcases.MyProfilePageTestCase"/>
        <method signature="DashboardPageTestCase.verifyLearningStatusNotStartedDataTest()[pri:12, instance:com.qa.gyruslearner.testcases.DashboardPageTestCase@5403f35f]" name="verifyLearningStatusNotStartedDataTest" class="com.qa.gyruslearner.testcases.DashboardPageTestCase"/>
        <method signature="IDPPageTestCase.verifyQuickFilterDailgoBoxTest()[pri:12, instance:com.qa.gyruslearner.testcases.IDPPageTestCase@7e5afaa6]" name="verifyQuickFilterDailgoBoxTest" class="com.qa.gyruslearner.testcases.IDPPageTestCase"/>
        <method signature="MyProfilePageTestCase.verifyDateFormaDropdown()[pri:12, instance:com.qa.gyruslearner.testcases.MyProfilePageTestCase@483f6d77]" name="verifyDateFormaDropdown" class="com.qa.gyruslearner.testcases.MyProfilePageTestCase"/>
        <method signature="DashboardPageTestCase.verifyMySheduleDataTest()[pri:13, instance:com.qa.gyruslearner.testcases.DashboardPageTestCase@5403f35f]" name="verifyMySheduleDataTest" class="com.qa.gyruslearner.testcases.DashboardPageTestCase"/>
        <method signature="IDPPageTestCase.verifyElearnigQuickFilterTest()[pri:13, instance:com.qa.gyruslearner.testcases.IDPPageTestCase@7e5afaa6]" name="verifyElearnigQuickFilterTest" class="com.qa.gyruslearner.testcases.IDPPageTestCase"/>
        <method signature="DashboardPageTestCase.verifyAssignedTrainingsRecentlyAssignedDataTest()[pri:14, instance:com.qa.gyruslearner.testcases.DashboardPageTestCase@5403f35f]" name="verifyAssignedTrainingsRecentlyAssignedDataTest" class="com.qa.gyruslearner.testcases.DashboardPageTestCase"/>
        <method signature="IDPPageTestCase.verifyExternalLinkQuickFilterTest()[pri:14, instance:com.qa.gyruslearner.testcases.IDPPageTestCase@7e5afaa6]" name="verifyExternalLinkQuickFilterTest" class="com.qa.gyruslearner.testcases.IDPPageTestCase"/>
        <method signature="LoginPageTestCase.verifyLastLoginAttemptMessageTest(java.lang.String,java.lang.String)[pri:14, instance:com.qa.gyruslearner.testcases.LoginPageTestCase@3d5c822d]" name="verifyLastLoginAttemptMessageTest" class="com.qa.gyruslearner.testcases.LoginPageTestCase"/>
        <method signature="DashboardPageTestCase.verifyAssignedTrainingsDueDataTest()[pri:15, instance:com.qa.gyruslearner.testcases.DashboardPageTestCase@5403f35f]" name="verifyAssignedTrainingsDueDataTest" class="com.qa.gyruslearner.testcases.DashboardPageTestCase"/>
        <method signature="IDPPageTestCase.verifyILTQuickFilterTest()[pri:15, instance:com.qa.gyruslearner.testcases.IDPPageTestCase@7e5afaa6]" name="verifyILTQuickFilterTest" class="com.qa.gyruslearner.testcases.IDPPageTestCase"/>
        <method signature="LoginPageTestCase.verifyAccountLockAfterFailedAttemptTest(java.lang.String,java.lang.String)[pri:15, instance:com.qa.gyruslearner.testcases.LoginPageTestCase@3d5c822d]" name="verifyAccountLockAfterFailedAttemptTest" class="com.qa.gyruslearner.testcases.LoginPageTestCase"/>
        <method signature="MyProfilePageTestCase.verifyTimeZoneSettingsDisplayTest()[pri:15, instance:com.qa.gyruslearner.testcases.MyProfilePageTestCase@483f6d77]" name="verifyTimeZoneSettingsDisplayTest" class="com.qa.gyruslearner.testcases.MyProfilePageTestCase"/>
        <method signature="DashboardPageTestCase.verifyAssignedTrainingsOverDueDataTest()[pri:16, instance:com.qa.gyruslearner.testcases.DashboardPageTestCase@5403f35f]" name="verifyAssignedTrainingsOverDueDataTest" class="com.qa.gyruslearner.testcases.DashboardPageTestCase"/>
        <method signature="IDPPageTestCase.verifyLearningPathQuickFilterTest()[pri:16, instance:com.qa.gyruslearner.testcases.IDPPageTestCase@7e5afaa6]" name="verifyLearningPathQuickFilterTest" class="com.qa.gyruslearner.testcases.IDPPageTestCase"/>
        <method signature="MyProfilePageTestCase.verifyTimeZoneSettingsTest()[pri:16, instance:com.qa.gyruslearner.testcases.MyProfilePageTestCase@483f6d77]" name="verifyTimeZoneSettingsTest" class="com.qa.gyruslearner.testcases.MyProfilePageTestCase"/>
        <method signature="DashboardPageTestCase.verifyRecentBadgesDataTest()[pri:17, instance:com.qa.gyruslearner.testcases.DashboardPageTestCase@5403f35f]" name="verifyRecentBadgesDataTest" class="com.qa.gyruslearner.testcases.DashboardPageTestCase"/>
        <method signature="IDPPageTestCase.verifyMsTeamQuickFilterTest()[pri:17, instance:com.qa.gyruslearner.testcases.IDPPageTestCase@7e5afaa6]" name="verifyMsTeamQuickFilterTest" class="com.qa.gyruslearner.testcases.IDPPageTestCase"/>
        <method signature="MyProfilePageTestCase.verifyThemeTest()[pri:17, instance:com.qa.gyruslearner.testcases.MyProfilePageTestCase@483f6d77]" name="verifyThemeTest" class="com.qa.gyruslearner.testcases.MyProfilePageTestCase"/>
        <method signature="DashboardPageTestCase.verifyLeaderboardDataTest()[pri:18, instance:com.qa.gyruslearner.testcases.DashboardPageTestCase@5403f35f]" name="verifyLeaderboardDataTest" class="com.qa.gyruslearner.testcases.DashboardPageTestCase"/>
        <method signature="IDPPageTestCase.verifyStatusCompleteQuickFilterTest(java.lang.String,java.lang.String)[pri:18, instance:com.qa.gyruslearner.testcases.IDPPageTestCase@7e5afaa6]" name="verifyStatusCompleteQuickFilterTest" class="com.qa.gyruslearner.testcases.IDPPageTestCase"/>
        <method signature="DashboardPageTestCase.verifyActivityFeedsDataTest()[pri:19, instance:com.qa.gyruslearner.testcases.DashboardPageTestCase@5403f35f]" name="verifyActivityFeedsDataTest" class="com.qa.gyruslearner.testcases.DashboardPageTestCase"/>
        <method signature="IDPPageTestCase.verifyRatingQuickFilterTest(java.lang.String)[pri:19, instance:com.qa.gyruslearner.testcases.IDPPageTestCase@7e5afaa6]" name="verifyRatingQuickFilterTest" class="com.qa.gyruslearner.testcases.IDPPageTestCase"/>
        <method signature="MyProfilePageTestCase.VerifyUploadhphotoTest()[pri:19, instance:com.qa.gyruslearner.testcases.MyProfilePageTestCase@483f6d77]" name="VerifyUploadhphotoTest" class="com.qa.gyruslearner.testcases.MyProfilePageTestCase"/>
        <method signature="DashboardPageTestCase.verifyCertificationsDataTest()[pri:20, instance:com.qa.gyruslearner.testcases.DashboardPageTestCase@5403f35f]" name="verifyCertificationsDataTest" class="com.qa.gyruslearner.testcases.DashboardPageTestCase"/>
        <method signature="IDPPageTestCase.verifyDueDateInQuickFilterTest(java.lang.String)[pri:20, instance:com.qa.gyruslearner.testcases.IDPPageTestCase@7e5afaa6]" name="verifyDueDateInQuickFilterTest" class="com.qa.gyruslearner.testcases.IDPPageTestCase"/>
        <method signature="DashboardPageTestCase.verifymainMenuItemsDataTest()[pri:21, instance:com.qa.gyruslearner.testcases.DashboardPageTestCase@5403f35f]" name="verifymainMenuItemsDataTest" class="com.qa.gyruslearner.testcases.DashboardPageTestCase"/>
        <method signature="IDPPageTestCase.verifyTrainingGroupInQuickFilterTest(java.lang.String,java.lang.String)[pri:21, instance:com.qa.gyruslearner.testcases.IDPPageTestCase@7e5afaa6]" name="verifyTrainingGroupInQuickFilterTest" class="com.qa.gyruslearner.testcases.IDPPageTestCase"/>
        <method signature="IDPPageTestCase.verifyCategoryInQuickFilterTest(java.lang.String)[pri:22, instance:com.qa.gyruslearner.testcases.IDPPageTestCase@7e5afaa6]" name="verifyCategoryInQuickFilterTest" class="com.qa.gyruslearner.testcases.IDPPageTestCase"/>
        <method signature="IDPPageTestCase.verifyFreeInQuickFilterTest()[pri:23, instance:com.qa.gyruslearner.testcases.IDPPageTestCase@7e5afaa6]" name="verifyFreeInQuickFilterTest" class="com.qa.gyruslearner.testcases.IDPPageTestCase"/>
        <method signature="IDPPageTestCase.VerifyIdealCoachTextTest()[pri:24, instance:com.qa.gyruslearner.testcases.IDPPageTestCase@7e5afaa6]" name="VerifyIdealCoachTextTest" class="com.qa.gyruslearner.testcases.IDPPageTestCase"/>
        <method signature="LoginPageTestCase.isCompanyLogoExitsTest()[pri:3, instance:com.qa.gyruslearner.testcases.LoginPageTestCase@3d5c822d]" name="isCompanyLogoExitsTest" class="com.qa.gyruslearner.testcases.LoginPageTestCase"/>
        <method signature="LoginPageTestCase.isBackGroundImageExitsTest()[pri:4, instance:com.qa.gyruslearner.testcases.LoginPageTestCase@3d5c822d]" name="isBackGroundImageExitsTest" class="com.qa.gyruslearner.testcases.LoginPageTestCase"/>
        <method signature="LoginPageTestCase.verifyForgotPasswordTest()[pri:8, instance:com.qa.gyruslearner.testcases.LoginPageTestCase@3d5c822d]" name="verifyForgotPasswordTest" class="com.qa.gyruslearner.testcases.LoginPageTestCase"/>
        <method signature="LoginPageTestCase.verifySignUplinkButtonTest()[pri:9, instance:com.qa.gyruslearner.testcases.LoginPageTestCase@3d5c822d]" name="verifySignUplinkButtonTest" class="com.qa.gyruslearner.testcases.LoginPageTestCase"/>
        <method signature="LoginPageTestCase.verifyPasswordFieldEncryptedTest()[pri:10, instance:com.qa.gyruslearner.testcases.LoginPageTestCase@3d5c822d]" name="verifyPasswordFieldEncryptedTest" class="com.qa.gyruslearner.testcases.LoginPageTestCase"/>
        <method signature="LoginPageTestCase.verifyFirstTimeLoginRedirectsToChangePasswordTest(java.lang.String,java.lang.String)[pri:11, instance:com.qa.gyruslearner.testcases.LoginPageTestCase@3d5c822d]" name="verifyFirstTimeLoginRedirectsToChangePasswordTest" class="com.qa.gyruslearner.testcases.LoginPageTestCase"/>
        <method signature="LoginPageTestCase.verifyValidUserNameAndWrongPassTest(java.lang.String,java.lang.String)[pri:12, instance:com.qa.gyruslearner.testcases.LoginPageTestCase@3d5c822d]" name="verifyValidUserNameAndWrongPassTest" class="com.qa.gyruslearner.testcases.LoginPageTestCase"/>
        <method signature="LoginPageTestCase.verifyWrongUserNameAndValidPassTest(java.lang.String,java.lang.String)[pri:13, instance:com.qa.gyruslearner.testcases.LoginPageTestCase@3d5c822d]" name="verifyWrongUserNameAndValidPassTest" class="com.qa.gyruslearner.testcases.LoginPageTestCase"/>
      </group> <!-- regression -->
      <group name="smoke">
        <method signature="DashboardPageTestCase.dashBoardUrlTest()[pri:1, instance:com.qa.gyruslearner.testcases.DashboardPageTestCase@5403f35f]" name="dashBoardUrlTest" class="com.qa.gyruslearner.testcases.DashboardPageTestCase"/>
        <method signature="MyProfilePageTestCase.myProfileUrlTest()[pri:1, instance:com.qa.gyruslearner.testcases.MyProfilePageTestCase@483f6d77]" name="myProfileUrlTest" class="com.qa.gyruslearner.testcases.MyProfilePageTestCase"/>
        <method signature="DashboardPageTestCase.dashBoardPageTitleTest()[pri:2, instance:com.qa.gyruslearner.testcases.DashboardPageTestCase@5403f35f]" name="dashBoardPageTitleTest" class="com.qa.gyruslearner.testcases.DashboardPageTestCase"/>
        <method signature="IDPPageTestCase.verifyidpUrlTest()[pri:2, instance:com.qa.gyruslearner.testcases.IDPPageTestCase@7e5afaa6]" name="verifyidpUrlTest" class="com.qa.gyruslearner.testcases.IDPPageTestCase"/>
        <method signature="MyProfilePageTestCase.myprofileTitleTest()[pri:2, instance:com.qa.gyruslearner.testcases.MyProfilePageTestCase@483f6d77]" name="myprofileTitleTest" class="com.qa.gyruslearner.testcases.MyProfilePageTestCase"/>
        <method signature="IDPPageTestCase.verifyIDPPageTitileTest()[pri:3, instance:com.qa.gyruslearner.testcases.IDPPageTestCase@7e5afaa6]" name="verifyIDPPageTitileTest" class="com.qa.gyruslearner.testcases.IDPPageTestCase"/>
        <method signature="MyProfilePageTestCase.verifyUserProfileDetails()[pri:3, instance:com.qa.gyruslearner.testcases.MyProfilePageTestCase@483f6d77]" name="verifyUserProfileDetails" class="com.qa.gyruslearner.testcases.MyProfilePageTestCase"/>
        <method signature="DashboardPageTestCase.verifyWelcomeHeadertextAndSlidersTest()[pri:4, instance:com.qa.gyruslearner.testcases.DashboardPageTestCase@5403f35f]" name="verifyWelcomeHeadertextAndSlidersTest" class="com.qa.gyruslearner.testcases.DashboardPageTestCase"/>
        <method signature="MyProfilePageTestCase.verifyProfileImage()[pri:4, instance:com.qa.gyruslearner.testcases.MyProfilePageTestCase@483f6d77]" name="verifyProfileImage" class="com.qa.gyruslearner.testcases.MyProfilePageTestCase"/>
        <method signature="DashboardPageTestCase.verifyCalenderDisplayTest()[pri:5, instance:com.qa.gyruslearner.testcases.DashboardPageTestCase@5403f35f]" name="verifyCalenderDisplayTest" class="com.qa.gyruslearner.testcases.DashboardPageTestCase"/>
        <method signature="IDPPageTestCase.verifyIDPHeaderPageTitleTest()[pri:5, instance:com.qa.gyruslearner.testcases.IDPPageTestCase@7e5afaa6]" name="verifyIDPHeaderPageTitleTest" class="com.qa.gyruslearner.testcases.IDPPageTestCase"/>
        <method signature="DashboardPageTestCase.verifyProfilePopUpTest()[pri:6, instance:com.qa.gyruslearner.testcases.DashboardPageTestCase@5403f35f]" name="verifyProfilePopUpTest" class="com.qa.gyruslearner.testcases.DashboardPageTestCase"/>
        <method signature="IDPPageTestCase.verifyAllCardLoadedAndCountTest()[pri:6, instance:com.qa.gyruslearner.testcases.IDPPageTestCase@7e5afaa6]" name="verifyAllCardLoadedAndCountTest" class="com.qa.gyruslearner.testcases.IDPPageTestCase"/>
        <method signature="DashboardPageTestCase.verifyQuickLinksTest()[pri:7, instance:com.qa.gyruslearner.testcases.DashboardPageTestCase@5403f35f]" name="verifyQuickLinksTest" class="com.qa.gyruslearner.testcases.DashboardPageTestCase"/>
        <method signature="IDPPageTestCase.verifyAllCardsStatusAndpercentageTest()[pri:7, instance:com.qa.gyruslearner.testcases.IDPPageTestCase@7e5afaa6]" name="verifyAllCardsStatusAndpercentageTest" class="com.qa.gyruslearner.testcases.IDPPageTestCase"/>
        <method signature="MyProfilePageTestCase.verifyBackToDashboardLink()[pri:18, instance:com.qa.gyruslearner.testcases.MyProfilePageTestCase@483f6d77]" name="verifyBackToDashboardLink" class="com.qa.gyruslearner.testcases.MyProfilePageTestCase"/>
        <method signature="IDPPageTestCase.verifySearchFunctionality(java.lang.String,java.lang.String,java.lang.String)[pri:25, instance:com.qa.gyruslearner.testcases.IDPPageTestCase@7e5afaa6]" name="verifySearchFunctionality" class="com.qa.gyruslearner.testcases.IDPPageTestCase"/>
        <method signature="LoginPageTestCase.LoginPageTitleTest()[pri:1, instance:com.qa.gyruslearner.testcases.LoginPageTestCase@3d5c822d]" name="LoginPageTitleTest" class="com.qa.gyruslearner.testcases.LoginPageTestCase"/>
        <method signature="LoginPageTestCase.LoginPageUrlTest()[pri:2, instance:com.qa.gyruslearner.testcases.LoginPageTestCase@3d5c822d]" name="LoginPageUrlTest" class="com.qa.gyruslearner.testcases.LoginPageTestCase"/>
        <method signature="LoginPageTestCase.verifyUsernameAndPasswordFieldsTest()[pri:6, instance:com.qa.gyruslearner.testcases.LoginPageTestCase@3d5c822d]" name="verifyUsernameAndPasswordFieldsTest" class="com.qa.gyruslearner.testcases.LoginPageTestCase"/>
        <method signature="LoginPageTestCase.isSingInbuttonExitsAndEnableTest()[pri:7, instance:com.qa.gyruslearner.testcases.LoginPageTestCase@3d5c822d]" name="isSingInbuttonExitsAndEnableTest" class="com.qa.gyruslearner.testcases.LoginPageTestCase"/>
        <method signature="LoginPageTestCase.verifyValidLoginTest(java.lang.String,java.lang.String)[pri:16, instance:com.qa.gyruslearner.testcases.LoginPageTestCase@3d5c822d]" name="verifyValidLoginTest" class="com.qa.gyruslearner.testcases.LoginPageTestCase"/>
      </group> <!-- smoke -->
    </groups>
    <test started-at="2026-04-16T09:21:21 IST" name="Automation Smoke Testing" finished-at="2026-04-16T09:41:42 IST" duration-ms="1220983">
      <class name="com.qa.gyruslearner.testcases.MyProfilePageTestCase">
        <test-method is-config="true" signature="setUp()[pri:0, instance:com.qa.gyruslearner.testcases.MyProfilePageTestCase@483f6d77]" started-at="2026-04-16T09:23:57 IST" name="setUp" finished-at="2026-04-16T09:24:11 IST" duration-ms="14241" status="PASS">
          <reporter-output>
          </reporter-output>
        </test-method> <!-- setUp -->
        <test-method is-config="true" signature="pageRefresh()[pri:0, instance:com.qa.gyruslearner.testcases.MyProfilePageTestCase@483f6d77]" started-at="2026-04-16T09:24:11 IST" name="pageRefresh" finished-at="2026-04-16T09:24:31 IST" duration-ms="19906" status="PASS">
          <reporter-output>
          </reporter-output>
        </test-method> <!-- pageRefresh -->
        <test-method signature="myProfileUrlTest()[pri:1, instance:com.qa.gyruslearner.testcases.MyProfilePageTestCase@483f6d77]" started-at="2026-04-16T09:24:31 IST" name="myProfileUrlTest" finished-at="2026-04-16T09:24:32 IST" duration-ms="353" status="PASS">
          <reporter-output>
          </reporter-output>
        </test-method> <!-- myProfileUrlTest -->
        <test-method is-config="true" signature="pageRefresh()[pri:0, instance:com.qa.gyruslearner.testcases.MyProfilePageTestCase@483f6d77]" started-at="2026-04-16T09:24:32 IST" name="pageRefresh" finished-at="2026-04-16T09:24:32 IST" duration-ms="8" status="PASS">
          <reporter-output>
          </reporter-output>
        </test-method> <!-- pageRefresh -->
        <test-method signature="myprofileTitleTest()[pri:2, instance:com.qa.gyruslearner.testcases.MyProfilePageTestCase@483f6d77]" started-at="2026-04-16T09:24:32 IST" name="myprofileTitleTest" finished-at="2026-04-16T09:24:33 IST" duration-ms="1034" status="PASS">
          <reporter-output>
          </reporter-output>
        </test-method> <!-- myprofileTitleTest -->
        <test-method is-config="true" signature="pageRefresh()[pri:0, instance:com.qa.gyruslearner.testcases.MyProfilePageTestCase@483f6d77]" started-at="2026-04-16T09:24:33 IST" name="pageRefresh" finished-at="2026-04-16T09:24:33 IST" duration-ms="9" status="PASS">
          <reporter-output>
          </reporter-output>
        </test-method> <!-- pageRefresh -->
        <test-method signature="verifyUserProfileDetails()[pri:3, instance:com.qa.gyruslearner.testcases.MyProfilePageTestCase@483f6d77]" started-at="2026-04-16T09:24:33 IST" name="verifyUserProfileDetails" finished-at="2026-04-16T09:24:33 IST" duration-ms="154" status="PASS">
          <reporter-output>
          </reporter-output>
        </test-method> <!-- verifyUserProfileDetails -->
        <test-method is-config="true" signature="pageRefresh()[pri:0, instance:com.qa.gyruslearner.testcases.MyProfilePageTestCase@483f6d77]" started-at="2026-04-16T09:24:33 IST" name="pageRefresh" finished-at="2026-04-16T09:24:33 IST" duration-ms="8" status="PASS">
          <reporter-output>
          </reporter-output>
        </test-method> <!-- pageRefresh -->
        <test-method signature="verifyProfileImage()[pri:4, instance:com.qa.gyruslearner.testcases.MyProfilePageTestCase@483f6d77]" started-at="2026-04-16T09:24:33 IST" name="verifyProfileImage" finished-at="2026-04-16T09:24:33 IST" duration-ms="408" status="PASS">
          <reporter-output>
          </reporter-output>
        </test-method> <!-- verifyProfileImage -->
        <test-method is-config="true" signature="pageRefresh()[pri:0, instance:com.qa.gyruslearner.testcases.MyProfilePageTestCase@483f6d77]" started-at="2026-04-16T09:24:33 IST" name="pageRefresh" finished-at="2026-04-16T09:24:33 IST" duration-ms="11" status="PASS">
          <reporter-output>
          </reporter-output>
        </test-method> <!-- pageRefresh -->
        <test-method signature="verifyQRCodeDisplayed()[pri:5, instance:com.qa.gyruslearner.testcases.MyProfilePageTestCase@483f6d77]" started-at="2026-04-16T09:24:33 IST" name="verifyQRCodeDisplayed" finished-at="2026-04-16T09:24:53 IST" duration-ms="20083" status="FAIL">
          <exception class="org.openqa.selenium.TimeoutException">
            <message>
              <![CDATA[Expected condition failed: waiting for visibility of Proxy element for: DefaultElementLocator 'By.xpath: //*[@alt='Profile QR']' (tried for 10 second(s) with 500 milliseconds interval)]]>
            </message>
            <full-stacktrace>
              <![CDATA[org.openqa.selenium.TimeoutException: Expected condition failed: waiting for visibility of Proxy element for: DefaultElementLocator 'By.xpath: //*[@alt='Profile QR']' (tried for 10 second(s) with 500 milliseconds interval)
at org.openqa.selenium.support.ui.WebDriverWait.timeoutException(WebDriverWait.java:84)
at org.openqa.selenium.support.ui.FluentWait.until(FluentWait.java:228)
at com.qa.gyruslearner.util.ElementUtil.visibleElementWhenReady(ElementUtil.java:160)
at com.qa.gyruslearner.pages.MyProfilePage.isProfileQRDisplayed(MyProfilePage.java:275)
at com.qa.gyruslearner.testcases.MyProfilePageTestCase.verifyQRCodeDisplayed(MyProfilePageTestCase.java:117)
at java.base/jdk.internal.reflect.DirectMethodHandleAccessor.invoke(DirectMethodHandleAccessor.java:103)
at java.base/java.lang.reflect.Method.invoke(Method.java:580)
at org.testng.internal.invokers.MethodInvocationHelper.invokeMethod(MethodInvocationHelper.java:139)
at org.testng.internal.invokers.TestInvoker.invokeMethod(TestInvoker.java:664)
at org.testng.internal.invokers.TestInvoker.invokeTestMethod(TestInvoker.java:228)
at org.testng.internal.invokers.MethodRunner.runInSequence(MethodRunner.java:63)
at org.testng.internal.invokers.TestInvoker$MethodInvocationAgent.invoke(TestInvoker.java:961)
at org.testng.internal.invokers.TestInvoker.invokeTestMethods(TestInvoker.java:201)
at org.testng.internal.invokers.TestMethodWorker.invokeTestMethods(TestMethodWorker.java:148)
at org.testng.internal.invokers.TestMethodWorker.run(TestMethodWorker.java:128)
at java.base/java.util.ArrayList.forEach(ArrayList.java:1596)
at org.testng.TestRunner.privateRun(TestRunner.java:819)
at org.testng.TestRunner.run(TestRunner.java:619)
at org.testng.SuiteRunner.runTest(SuiteRunner.java:443)
at org.testng.SuiteRunner.runSequentially(SuiteRunner.java:437)
at org.testng.SuiteRunner.privateRun(SuiteRunner.java:397)
at org.testng.SuiteRunner.run(SuiteRunner.java:336)
at org.testng.SuiteRunnerWorker.runSuite(SuiteRunnerWorker.java:52)
at org.testng.SuiteRunnerWorker.run(SuiteRunnerWorker.java:95)
at org.testng.TestNG.runSuitesSequentially(TestNG.java:1301)
at org.testng.TestNG.runSuitesLocally(TestNG.java:1228)
at org.testng.TestNG.runSuites(TestNG.java:1134)
at org.testng.TestNG.run(TestNG.java:1101)
at org.testng.remote.AbstractRemoteTestNG.run(AbstractRemoteTestNG.java:115)
at org.testng.remote.RemoteTestNG.initAndRun(RemoteTestNG.java:293)
at org.testng.remote.RemoteTestNG.main(RemoteTestNG.java:91)
Caused by: org.openqa.selenium.NoSuchElementException: no such element: Unable to locate element: {"method":"xpath","selector":"//*[@alt='Profile QR']"}
  (Session info: chrome=147.0.7727.56)
For documentation on this error, please visit: https://www.selenium.dev/documentation/webdriver/troubleshooting/errors#no-such-element-exception
Build info: version: '4.27.0', revision: 'd6e718d134'
System info: os.name: 'Windows 11', os.arch: 'amd64', os.version: '10.0', java.version: '21.0.8'
Driver info: org.openqa.selenium.chrome.ChromeDriver
Command: [a3ab5ffddd9a2a37e91cc9413459efb4, findElement {using=xpath, value=//*[@alt='Profile QR']}]
Capabilities {acceptInsecureCerts: false, browserName: chrome, browserVersion: 147.0.7727.56, chrome: {chromedriverVersion: 147.0.7727.57 (b4f28b5637d0..., userDataDir: C:\Users\DINESH~1\AppData\L...}, fedcm:accounts: true, goog:chromeOptions: {debuggerAddress: localhost:59420}, goog:processID: 6636, networkConnectionEnabled: false, pageLoadStrategy: normal, platformName: windows, proxy: Proxy(), se:cdp: ws://localhost:59420/devtoo..., se:cdpVersion: 147.0.7727.56, setWindowRect: true, strictFileInteractability: false, timeouts: {implicit: 0, pageLoad: 300000, script: 30000}, unhandledPromptBehavior: dismiss and notify, webauthn:extension:credBlob: true, webauthn:extension:largeBlob: true, webauthn:extension:minPinLength: true, webauthn:extension:prf: true, webauthn:virtualAuthenticators: true}
Session ID: a3ab5ffddd9a2a37e91cc9413459efb4
at java.base/jdk.internal.reflect.DirectConstructorHandleAccessor.newInstance(DirectConstructorHandleAccessor.java:62)
at java.base/java.lang.reflect.Constructor.newInstanceWithCaller(Constructor.java:502)
at java.base/java.lang.reflect.Constructor.newInstance(Constructor.java:486)
at org.openqa.selenium.remote.ErrorCodec.decode(ErrorCodec.java:167)
at org.openqa.selenium.remote.codec.w3c.W3CHttpResponseCodec.decode(W3CHttpResponseCodec.java:138)
at org.openqa.selenium.remote.codec.w3c.W3CHttpResponseCodec.decode(W3CHttpResponseCodec.java:50)
at org.openqa.selenium.remote.HttpCommandExecutor.execute(HttpCommandExecutor.java:190)
at org.openqa.selenium.remote.service.DriverCommandExecutor.invokeExecute(DriverCommandExecutor.java:216)
at org.openqa.selenium.remote.service.DriverCommandExecutor.execute(DriverCommandExecutor.java:174)
at org.openqa.selenium.remote.RemoteWebDriver.execute(RemoteWebDriver.java:545)
at org.openqa.selenium.remote.ElementLocation$ElementFinder$2.findElement(ElementLocation.java:165)
at org.openqa.selenium.remote.ElementLocation.findElement(ElementLocation.java:59)
at org.openqa.selenium.remote.RemoteWebDriver.findElement(RemoteWebDriver.java:368)
at org.openqa.selenium.remote.RemoteWebDriver.findElement(RemoteWebDriver.java:362)
at org.openqa.selenium.support.pagefactory.DefaultElementLocator.findElement(DefaultElementLocator.java:68)
at org.openqa.selenium.support.pagefactory.internal.LocatingElementHandler.invoke(LocatingElementHandler.java:38)
at jdk.proxy2/jdk.proxy2.$Proxy17.isDisplayed(Unknown Source)
at org.openqa.selenium.support.ui.ExpectedConditions.elementIfVisible(ExpectedConditions.java:304)
at org.openqa.selenium.support.ui.ExpectedConditions$10.apply(ExpectedConditions.java:290)
at org.openqa.selenium.support.ui.ExpectedConditions$10.apply(ExpectedConditions.java:287)
at org.openqa.selenium.support.ui.FluentWait.until(FluentWait.java:203)
... 29 more
]]>
            </full-stacktrace>
          </exception> <!-- org.openqa.selenium.TimeoutException -->
          <reporter-output>
          </reporter-output>
        </test-method> <!-- verifyQRCodeDisplayed -->
        <test-method is-config="true" signature="pageRefresh()[pri:0, instance:com.qa.gyruslearner.testcases.MyProfilePageTestCase@483f6d77]" started-at="2026-04-16T09:24:53 IST" name="pageRefresh" finished-at="2026-04-16T09:24:53 IST" duration-ms="9" status="PASS">
          <reporter-output>
          </reporter-output>
        </test-method> <!-- pageRefresh -->
        <test-method signature="verifyEditProfilePanelExpandCollapse()[pri:6, instance:com.qa.gyruslearner.testcases.MyProfilePageTestCase@483f6d77]" started-at="2026-04-16T09:24:53 IST" name="verifyEditProfilePanelExpandCollapse" finished-at="2026-04-16T09:24:54 IST" duration-ms="295" status="PASS">
          <reporter-output>
          </reporter-output>
        </test-method> <!-- verifyEditProfilePanelExpandCollapse -->
        <test-method is-config="true" signature="pageRefresh()[pri:0, instance:com.qa.gyruslearner.testcases.MyProfilePageTestCase@483f6d77]" started-at="2026-04-16T09:24:54 IST" name="pageRefresh" finished-at="2026-04-16T09:24:54 IST" duration-ms="12" status="PASS">
          <reporter-output>
          </reporter-output>
        </test-method> <!-- pageRefresh -->
        <test-method signature="verifySecurityPanelExpandCollapse()[pri:7, instance:com.qa.gyruslearner.testcases.MyProfilePageTestCase@483f6d77]" started-at="2026-04-16T09:24:54 IST" name="verifySecurityPanelExpandCollapse" finished-at="2026-04-16T09:24:54 IST" duration-ms="269" status="PASS">
          <reporter-output>
          </reporter-output>
        </test-method> <!-- verifySecurityPanelExpandCollapse -->
        <test-method is-config="true" signature="pageRefresh()[pri:0, instance:com.qa.gyruslearner.testcases.MyProfilePageTestCase@483f6d77]" started-at="2026-04-16T09:24:54 IST" name="pageRefresh" finished-at="2026-04-16T09:24:54 IST" duration-ms="10" status="PASS">
          <reporter-output>
          </reporter-output>
        </test-method> <!-- pageRefresh -->
        <test-method signature="verifyCFR21SecurityPanelExpandCollapse()[pri:8, instance:com.qa.gyruslearner.testcases.MyProfilePageTestCase@483f6d77]" started-at="2026-04-16T09:24:54 IST" name="verifyCFR21SecurityPanelExpandCollapse" finished-at="2026-04-16T09:24:54 IST" duration-ms="247" status="PASS">
          <reporter-output>
          </reporter-output>
        </test-method> <!-- verifyCFR21SecurityPanelExpandCollapse -->
        <test-method is-config="true" signature="pageRefresh()[pri:0, instance:com.qa.gyruslearner.testcases.MyProfilePageTestCase@483f6d77]" started-at="2026-04-16T09:24:54 IST" name="pageRefresh" finished-at="2026-04-16T09:24:54 IST" duration-ms="10" status="PASS">
          <reporter-output>
          </reporter-output>
        </test-method> <!-- pageRefresh -->
        <test-method signature="verifyTimeZoneSettingsPanelExpandCollapse()[pri:9, instance:com.qa.gyruslearner.testcases.MyProfilePageTestCase@483f6d77]" started-at="2026-04-16T09:24:54 IST" name="verifyTimeZoneSettingsPanelExpandCollapse" finished-at="2026-04-16T09:24:55 IST" duration-ms="265" status="PASS">
          <reporter-output>
          </reporter-output>
        </test-method> <!-- verifyTimeZoneSettingsPanelExpandCollapse -->
        <test-method is-config="true" signature="pageRefresh()[pri:0, instance:com.qa.gyruslearner.testcases.MyProfilePageTestCase@483f6d77]" started-at="2026-04-16T09:24:55 IST" name="pageRefresh" finished-at="2026-04-16T09:24:55 IST" duration-ms="9" status="PASS">
          <reporter-output>
          </reporter-output>
        </test-method> <!-- pageRefresh -->
        <test-method signature="verifyThemePanelExpandCollapse()[pri:10, instance:com.qa.gyruslearner.testcases.MyProfilePageTestCase@483f6d77]" started-at="2026-04-16T09:24:55 IST" name="verifyThemePanelExpandCollapse" finished-at="2026-04-16T09:24:55 IST" duration-ms="217" status="PASS">
          <reporter-output>
          </reporter-output>
        </test-method> <!-- verifyThemePanelExpandCollapse -->
        <test-method is-config="true" signature="pageRefresh()[pri:0, instance:com.qa.gyruslearner.testcases.MyProfilePageTestCase@483f6d77]" started-at="2026-04-16T09:24:55 IST" name="pageRefresh" finished-at="2026-04-16T09:24:55 IST" duration-ms="12" status="PASS">
          <reporter-output>
          </reporter-output>
        </test-method> <!-- pageRefresh -->
        <test-method signature="verifyLanguageDropdown()[pri:11, instance:com.qa.gyruslearner.testcases.MyProfilePageTestCase@483f6d77]" started-at="2026-04-16T09:24:55 IST" name="verifyLanguageDropdown" finished-at="2026-04-16T09:24:55 IST" duration-ms="36" status="PASS">
          <reporter-output>
          </reporter-output>
        </test-method> <!-- verifyLanguageDropdown -->
        <test-method is-config="true" signature="pageRefresh()[pri:0, instance:com.qa.gyruslearner.testcases.MyProfilePageTestCase@483f6d77]" started-at="2026-04-16T09:24:55 IST" name="pageRefresh" finished-at="2026-04-16T09:24:55 IST" duration-ms="7" status="PASS">
          <reporter-output>
          </reporter-output>
        </test-method> <!-- pageRefresh -->
        <test-method signature="verifyDateFormaDropdown()[pri:12, instance:com.qa.gyruslearner.testcases.MyProfilePageTestCase@483f6d77]" started-at="2026-04-16T09:24:55 IST" name="verifyDateFormaDropdown" finished-at="2026-04-16T09:24:55 IST" duration-ms="40" status="PASS">
          <reporter-output>
          </reporter-output>
        </test-method> <!-- verifyDateFormaDropdown -->
        <test-method is-config="true" signature="pageRefresh()[pri:0, instance:com.qa.gyruslearner.testcases.MyProfilePageTestCase@483f6d77]" started-at="2026-04-16T09:24:55 IST" name="pageRefresh" finished-at="2026-04-16T09:24:55 IST" duration-ms="9" status="PASS">
          <reporter-output>
          </reporter-output>
        </test-method> <!-- pageRefresh -->
        <test-method signature="verifyTimeZoneSettingsDisplayTest()[pri:15, instance:com.qa.gyruslearner.testcases.MyProfilePageTestCase@483f6d77]" started-at="2026-04-16T09:24:55 IST" name="verifyTimeZoneSettingsDisplayTest" finished-at="2026-04-16T09:24:55 IST" duration-ms="210" status="PASS">
          <reporter-output>
          </reporter-output>
        </test-method> <!-- verifyTimeZoneSettingsDisplayTest -->
        <test-method is-config="true" signature="pageRefresh()[pri:0, instance:com.qa.gyruslearner.testcases.MyProfilePageTestCase@483f6d77]" started-at="2026-04-16T09:24:55 IST" name="pageRefresh" finished-at="2026-04-16T09:24:55 IST" duration-ms="9" status="PASS">
          <reporter-output>
          </reporter-output>
        </test-method> <!-- pageRefresh -->
        <test-method signature="verifyTimeZoneSettingsTest()[pri:16, instance:com.qa.gyruslearner.testcases.MyProfilePageTestCase@483f6d77]" started-at="2026-04-16T09:24:55 IST" name="verifyTimeZoneSettingsTest" finished-at="2026-04-16T09:24:59 IST" depends-on-methods="com.qa.gyruslearner.testcases.MyProfilePageTestCase.verifyTimeZoneSettingsDisplayTest" duration-ms="3779" status="PASS">
          <reporter-output>
          </reporter-output>
        </test-method> <!-- verifyTimeZoneSettingsTest -->
        <test-method is-config="true" signature="pageRefresh()[pri:0, instance:com.qa.gyruslearner.testcases.MyProfilePageTestCase@483f6d77]" started-at="2026-04-16T09:24:59 IST" name="pageRefresh" finished-at="2026-04-16T09:24:59 IST" duration-ms="11" status="PASS">
          <reporter-output>
          </reporter-output>
        </test-method> <!-- pageRefresh -->
        <test-method signature="verifyThemeTest()[pri:17, instance:com.qa.gyruslearner.testcases.MyProfilePageTestCase@483f6d77]" started-at="2026-04-16T09:24:59 IST" name="verifyThemeTest" finished-at="2026-04-16T09:25:00 IST" duration-ms="1139" status="FAIL">
          <exception class="java.lang.AssertionError">
            <message>
              <![CDATA[Theme section did not expand expected [true] but found [false]]]>
            </message>
            <full-stacktrace>
              <![CDATA[java.lang.AssertionError: Theme section did not expand expected [true] but found [false]
at org.testng.Assert.fail(Assert.java:111)
at org.testng.Assert.failNotEquals(Assert.java:1578)
at org.testng.Assert.assertTrue(Assert.java:57)
at com.qa.gyruslearner.testcases.MyProfilePageTestCase.verifyThemeTest(MyProfilePageTestCase.java:301)
at java.base/jdk.internal.reflect.DirectMethodHandleAccessor.invoke(DirectMethodHandleAccessor.java:103)
at java.base/java.lang.reflect.Method.invoke(Method.java:580)
at org.testng.internal.invokers.MethodInvocationHelper.invokeMethod(MethodInvocationHelper.java:139)
at org.testng.internal.invokers.TestInvoker.invokeMethod(TestInvoker.java:664)
at org.testng.internal.invokers.TestInvoker.invokeTestMethod(TestInvoker.java:228)
at org.testng.internal.invokers.MethodRunner.runInSequence(MethodRunner.java:63)
at org.testng.internal.invokers.TestInvoker$MethodInvocationAgent.invoke(TestInvoker.java:961)
at org.testng.internal.invokers.TestInvoker.invokeTestMethods(TestInvoker.java:201)
at org.testng.internal.invokers.TestMethodWorker.invokeTestMethods(TestMethodWorker.java:148)
at org.testng.internal.invokers.TestMethodWorker.run(TestMethodWorker.java:128)
at java.base/java.util.ArrayList.forEach(ArrayList.java:1596)
at org.testng.TestRunner.privateRun(TestRunner.java:819)
at org.testng.TestRunner.run(TestRunner.java:619)
at org.testng.SuiteRunner.runTest(SuiteRunner.java:443)
at org.testng.SuiteRunner.runSequentially(SuiteRunner.java:437)
at org.testng.SuiteRunner.privateRun(SuiteRunner.java:397)
at org.testng.SuiteRunner.run(SuiteRunner.java:336)
at org.testng.SuiteRunnerWorker.runSuite(SuiteRunnerWorker.java:52)
at org.testng.SuiteRunnerWorker.run(SuiteRunnerWorker.java:95)
at org.testng.TestNG.runSuitesSequentially(TestNG.java:1301)
at org.testng.TestNG.runSuitesLocally(TestNG.java:1228)
at org.testng.TestNG.runSuites(TestNG.java:1134)
at org.testng.TestNG.run(TestNG.java:1101)
at org.testng.remote.AbstractRemoteTestNG.run(AbstractRemoteTestNG.java:115)
at org.testng.remote.RemoteTestNG.initAndRun(RemoteTestNG.java:293)
at org.testng.remote.RemoteTestNG.main(RemoteTestNG.java:91)
]]>
            </full-stacktrace>
          </exception> <!-- java.lang.AssertionError -->
          <reporter-output>
          </reporter-output>
        </test-method> <!-- verifyThemeTest -->
        <test-method is-config="true" signature="pageRefresh()[pri:0, instance:com.qa.gyruslearner.testcases.MyProfilePageTestCase@483f6d77]" started-at="2026-04-16T09:25:00 IST" name="pageRefresh" finished-at="2026-04-16T09:25:00 IST" duration-ms="17" status="PASS">
          <reporter-output>
          </reporter-output>
        </test-method> <!-- pageRefresh -->
        <test-method signature="verifyBackToDashboardLink()[pri:18, instance:com.qa.gyruslearner.testcases.MyProfilePageTestCase@483f6d77]" started-at="2026-04-16T09:25:00 IST" name="verifyBackToDashboardLink" finished-at="2026-04-16T09:25:03 IST" duration-ms="3362" status="PASS">
          <reporter-output>
          </reporter-output>
        </test-method> <!-- verifyBackToDashboardLink -->
        <test-method is-config="true" signature="pageRefresh()[pri:0, instance:com.qa.gyruslearner.testcases.MyProfilePageTestCase@483f6d77]" started-at="2026-04-16T09:25:03 IST" name="pageRefresh" finished-at="2026-04-16T09:25:04 IST" duration-ms="291" status="PASS">
          <reporter-output>
          </reporter-output>
        </test-method> <!-- pageRefresh -->
        <test-method signature="VerifyUploadhphotoTest()[pri:19, instance:com.qa.gyruslearner.testcases.MyProfilePageTestCase@483f6d77]" started-at="2026-04-16T09:25:04 IST" name="VerifyUploadhphotoTest" finished-at="2026-04-16T09:25:12 IST" duration-ms="7775" status="PASS">
          <reporter-output>
          </reporter-output>
        </test-method> <!-- VerifyUploadhphotoTest -->
        <test-method is-config="true" signature="tearDown()[pri:0, instance:com.qa.gyruslearner.testcases.MyProfilePageTestCase@483f6d77]" started-at="2026-04-16T09:25:12 IST" name="tearDown" finished-at="2026-04-16T09:25:12 IST" duration-ms="282" status="PASS">
          <reporter-output>
          </reporter-output>
        </test-method> <!-- tearDown -->
      </class> <!-- com.qa.gyruslearner.testcases.MyProfilePageTestCase -->
      <class name="com.qa.gyruslearner.testcases.IDPPageTestCase">
        <test-method is-config="true" signature="setUp()[pri:0, instance:com.qa.gyruslearner.testcases.IDPPageTestCase@7e5afaa6]" started-at="2026-04-16T09:25:12 IST" name="setUp" finished-at="2026-04-16T09:25:25 IST" duration-ms="13639" status="PASS">
          <reporter-output>
          </reporter-output>
        </test-method> <!-- setUp -->
        <test-method is-config="true" signature="pageRefresh()[pri:0, instance:com.qa.gyruslearner.testcases.IDPPageTestCase@7e5afaa6]" started-at="2026-04-16T09:25:25 IST" name="pageRefresh" finished-at="2026-04-16T09:25:26 IST" duration-ms="310" status="PASS">
          <reporter-output>
          </reporter-output>
        </test-method> <!-- pageRefresh -->
        <test-method signature="verifyMyLearnerLinkTest()[pri:1, instance:com.qa.gyruslearner.testcases.IDPPageTestCase@7e5afaa6]" started-at="2026-04-16T09:25:26 IST" name="verifyMyLearnerLinkTest" finished-at="2026-04-16T09:25:44 IST" duration-ms="18041" status="PASS">
          <reporter-output>
          </reporter-output>
        </test-method> <!-- verifyMyLearnerLinkTest -->
        <test-method is-config="true" signature="pageRefresh()[pri:0, instance:com.qa.gyruslearner.testcases.IDPPageTestCase@7e5afaa6]" started-at="2026-04-16T09:25:44 IST" name="pageRefresh" finished-at="2026-04-16T09:25:44 IST" duration-ms="11" status="PASS">
          <reporter-output>
          </reporter-output>
        </test-method> <!-- pageRefresh -->
        <test-method signature="verifyidpUrlTest()[pri:2, instance:com.qa.gyruslearner.testcases.IDPPageTestCase@7e5afaa6]" started-at="2026-04-16T09:25:44 IST" name="verifyidpUrlTest" finished-at="2026-04-16T09:25:45 IST" depends-on-methods="com.qa.gyruslearner.testcases.IDPPageTestCase.verifyMyLearnerLinkTest" duration-ms="1513" status="PASS">
          <reporter-output>
          </reporter-output>
        </test-method> <!-- verifyidpUrlTest -->
        <test-method is-config="true" signature="pageRefresh()[pri:0, instance:com.qa.gyruslearner.testcases.IDPPageTestCase@7e5afaa6]" started-at="2026-04-16T09:25:45 IST" name="pageRefresh" finished-at="2026-04-16T09:25:45 IST" duration-ms="17" status="PASS">
          <reporter-output>
          </reporter-output>
        </test-method> <!-- pageRefresh -->
        <test-method signature="verifyIDPPageTitileTest()[pri:3, instance:com.qa.gyruslearner.testcases.IDPPageTestCase@7e5afaa6]" started-at="2026-04-16T09:25:45 IST" name="verifyIDPPageTitileTest" finished-at="2026-04-16T09:25:46 IST" duration-ms="1048" status="PASS">
          <reporter-output>
          </reporter-output>
        </test-method> <!-- verifyIDPPageTitileTest -->
        <test-method is-config="true" signature="pageRefresh()[pri:0, instance:com.qa.gyruslearner.testcases.IDPPageTestCase@7e5afaa6]" started-at="2026-04-16T09:25:46 IST" name="pageRefresh" finished-at="2026-04-16T09:25:46 IST" duration-ms="10" status="PASS">
          <reporter-output>
          </reporter-output>
        </test-method> <!-- pageRefresh -->
        <test-method signature="verifyIDPHeaderPageTitleTest()[pri:5, instance:com.qa.gyruslearner.testcases.IDPPageTestCase@7e5afaa6]" started-at="2026-04-16T09:25:46 IST" name="verifyIDPHeaderPageTitleTest" finished-at="2026-04-16T09:25:47 IST" duration-ms="76" status="PASS">
          <reporter-output>
          </reporter-output>
        </test-method> <!-- verifyIDPHeaderPageTitleTest -->
        <test-method is-config="true" signature="pageRefresh()[pri:0, instance:com.qa.gyruslearner.testcases.IDPPageTestCase@7e5afaa6]" started-at="2026-04-16T09:25:47 IST" name="pageRefresh" finished-at="2026-04-16T09:25:47 IST" duration-ms="11" status="PASS">
          <reporter-output>
          </reporter-output>
        </test-method> <!-- pageRefresh -->
        <test-method signature="verifyAllCardLoadedAndCountTest()[pri:6, instance:com.qa.gyruslearner.testcases.IDPPageTestCase@7e5afaa6]" started-at="2026-04-16T09:25:47 IST" name="verifyAllCardLoadedAndCountTest" finished-at="2026-04-16T09:27:32 IST" duration-ms="105703" status="PASS">
          <reporter-output>
          </reporter-output>
        </test-method> <!-- verifyAllCardLoadedAndCountTest -->
        <test-method is-config="true" signature="pageRefresh()[pri:0, instance:com.qa.gyruslearner.testcases.IDPPageTestCase@7e5afaa6]" started-at="2026-04-16T09:27:32 IST" name="pageRefresh" finished-at="2026-04-16T09:27:32 IST" duration-ms="11" status="PASS">
          <reporter-output>
          </reporter-output>
        </test-method> <!-- pageRefresh -->
        <test-method signature="verifyAllCardsStatusAndpercentageTest()[pri:7, instance:com.qa.gyruslearner.testcases.IDPPageTestCase@7e5afaa6]" started-at="2026-04-16T09:27:32 IST" name="verifyAllCardsStatusAndpercentageTest" finished-at="2026-04-16T09:28:09 IST" depends-on-methods="com.qa.gyruslearner.testcases.IDPPageTestCase.verifyAllCardLoadedAndCountTest" duration-ms="37157" status="FAIL">
          <exception class="java.lang.AssertionError">
            <message>
              <![CDATA[The following asserts failed:
❌ Not Started but 100% : Test03Assessment,
❌ Not Started but 100% : Test04Assessment,
❌ Not Started but 100% : Test05Assessment]]>
            </message>
            <full-stacktrace>
              <![CDATA[java.lang.AssertionError: The following asserts failed:
❌ Not Started but 100% : Test03Assessment,
❌ Not Started but 100% : Test04Assessment,
❌ Not Started but 100% : Test05Assessment
at org.testng.asserts.SoftAssert.assertAll(SoftAssert.java:46)
at org.testng.asserts.SoftAssert.assertAll(SoftAssert.java:30)
at com.qa.gyruslearner.testcases.IDPPageTestCase.verifyAllCardsStatusAndpercentageTest(IDPPageTestCase.java:186)
at java.base/jdk.internal.reflect.DirectMethodHandleAccessor.invoke(DirectMethodHandleAccessor.java:103)
at java.base/java.lang.reflect.Method.invoke(Method.java:580)
at org.testng.internal.invokers.MethodInvocationHelper.invokeMethod(MethodInvocationHelper.java:139)
at org.testng.internal.invokers.TestInvoker.invokeMethod(TestInvoker.java:664)
at org.testng.internal.invokers.TestInvoker.invokeTestMethod(TestInvoker.java:228)
at org.testng.internal.invokers.MethodRunner.runInSequence(MethodRunner.java:63)
at org.testng.internal.invokers.TestInvoker$MethodInvocationAgent.invoke(TestInvoker.java:961)
at org.testng.internal.invokers.TestInvoker.invokeTestMethods(TestInvoker.java:201)
at org.testng.internal.invokers.TestMethodWorker.invokeTestMethods(TestMethodWorker.java:148)
at org.testng.internal.invokers.TestMethodWorker.run(TestMethodWorker.java:128)
at java.base/java.util.ArrayList.forEach(ArrayList.java:1596)
at org.testng.TestRunner.privateRun(TestRunner.java:819)
at org.testng.TestRunner.run(TestRunner.java:619)
at org.testng.SuiteRunner.runTest(SuiteRunner.java:443)
at org.testng.SuiteRunner.runSequentially(SuiteRunner.java:437)
at org.testng.SuiteRunner.privateRun(SuiteRunner.java:397)
at org.testng.SuiteRunner.run(SuiteRunner.java:336)
at org.testng.SuiteRunnerWorker.runSuite(SuiteRunnerWorker.java:52)
at org.testng.SuiteRunnerWorker.run(SuiteRunnerWorker.java:95)
at org.testng.TestNG.runSuitesSequentially(TestNG.java:1301)
at org.testng.TestNG.runSuitesLocally(TestNG.java:1228)
at org.testng.TestNG.runSuites(TestNG.java:1134)
at org.testng.TestNG.run(TestNG.java:1101)
at org.testng.remote.AbstractRemoteTestNG.run(AbstractRemoteTestNG.java:115)
at org.testng.remote.RemoteTestNG.initAndRun(RemoteTestNG.java:293)
at org.testng.remote.RemoteTestNG.main(RemoteTestNG.java:91)
]]>
            </full-stacktrace>
          </exception> <!-- java.lang.AssertionError -->
          <reporter-output>
          </reporter-output>
        </test-method> <!-- verifyAllCardsStatusAndpercentageTest -->
        <test-method is-config="true" signature="pageRefresh()[pri:0, instance:com.qa.gyruslearner.testcases.IDPPageTestCase@7e5afaa6]" started-at="2026-04-16T09:28:10 IST" name="pageRefresh" finished-at="2026-04-16T09:28:10 IST" duration-ms="13" status="PASS">
          <reporter-output>
          </reporter-output>
        </test-method> <!-- pageRefresh -->
        <test-method signature="verifyAllElearningQuickFilterTest()[pri:8, instance:com.qa.gyruslearner.testcases.IDPPageTestCase@7e5afaa6]" started-at="2026-04-16T09:28:10 IST" name="verifyAllElearningQuickFilterTest" finished-at="2026-04-16T09:28:49 IST" duration-ms="39620" status="PASS">
          <reporter-output>
          </reporter-output>
        </test-method> <!-- verifyAllElearningQuickFilterTest -->
        <test-method is-config="true" signature="pageRefresh()[pri:0, instance:com.qa.gyruslearner.testcases.IDPPageTestCase@7e5afaa6]" started-at="2026-04-16T09:28:49 IST" name="pageRefresh" finished-at="2026-04-16T09:28:49 IST" duration-ms="95" status="PASS">
          <reporter-output>
          </reporter-output>
        </test-method> <!-- pageRefresh -->
        <test-method signature="verifyAssessmentsQuickFilterTest()[pri:9, instance:com.qa.gyruslearner.testcases.IDPPageTestCase@7e5afaa6]" started-at="2026-04-16T09:28:49 IST" name="verifyAssessmentsQuickFilterTest" finished-at="2026-04-16T09:29:15 IST" duration-ms="25763" status="FAIL">
          <exception class="java.lang.AssertionError">
            <message>
              <![CDATA[The following asserts failed:
❌ Not Started but 100% : Test03Assessment,
❌ Not Started but 100% : Test04Assessment,
❌ Not Started but 100% : Test05Assessment,
❌ Not Started but 100% : Test03Assessment,
❌ Not Started but 100% : Test04Assessment,
❌ Not Started but 100% : Test05Assessment]]>
            </message>
            <full-stacktrace>
              <![CDATA[java.lang.AssertionError: The following asserts failed:
❌ Not Started but 100% : Test03Assessment,
❌ Not Started but 100% : Test04Assessment,
❌ Not Started but 100% : Test05Assessment,
❌ Not Started but 100% : Test03Assessment,
❌ Not Started but 100% : Test04Assessment,
❌ Not Started but 100% : Test05Assessment
at org.testng.asserts.SoftAssert.assertAll(SoftAssert.java:46)
at org.testng.asserts.SoftAssert.assertAll(SoftAssert.java:30)
at com.qa.gyruslearner.testcases.IDPPageTestCase.verifyAssessmentsQuickFilterTest(IDPPageTestCase.java:247)
at java.base/jdk.internal.reflect.DirectMethodHandleAccessor.invoke(DirectMethodHandleAccessor.java:103)
at java.base/java.lang.reflect.Method.invoke(Method.java:580)
at org.testng.internal.invokers.MethodInvocationHelper.invokeMethod(MethodInvocationHelper.java:139)
at org.testng.internal.invokers.TestInvoker.invokeMethod(TestInvoker.java:664)
at org.testng.internal.invokers.TestInvoker.invokeTestMethod(TestInvoker.java:228)
at org.testng.internal.invokers.MethodRunner.runInSequence(MethodRunner.java:63)
at org.testng.internal.invokers.TestInvoker$MethodInvocationAgent.invoke(TestInvoker.java:961)
at org.testng.internal.invokers.TestInvoker.invokeTestMethods(TestInvoker.java:201)
at org.testng.internal.invokers.TestMethodWorker.invokeTestMethods(TestMethodWorker.java:148)
at org.testng.internal.invokers.TestMethodWorker.run(TestMethodWorker.java:128)
at java.base/java.util.ArrayList.forEach(ArrayList.java:1596)
at org.testng.TestRunner.privateRun(TestRunner.java:819)
at org.testng.TestRunner.run(TestRunner.java:619)
at org.testng.SuiteRunner.runTest(SuiteRunner.java:443)
at org.testng.SuiteRunner.runSequentially(SuiteRunner.java:437)
at org.testng.SuiteRunner.privateRun(SuiteRunner.java:397)
at org.testng.SuiteRunner.run(SuiteRunner.java:336)
at org.testng.SuiteRunnerWorker.runSuite(SuiteRunnerWorker.java:52)
at org.testng.SuiteRunnerWorker.run(SuiteRunnerWorker.java:95)
at org.testng.TestNG.runSuitesSequentially(TestNG.java:1301)
at org.testng.TestNG.runSuitesLocally(TestNG.java:1228)
at org.testng.TestNG.runSuites(TestNG.java:1134)
at org.testng.TestNG.run(TestNG.java:1101)
at org.testng.remote.AbstractRemoteTestNG.run(AbstractRemoteTestNG.java:115)
at org.testng.remote.RemoteTestNG.initAndRun(RemoteTestNG.java:293)
at org.testng.remote.RemoteTestNG.main(RemoteTestNG.java:91)
]]>
            </full-stacktrace>
          </exception> <!-- java.lang.AssertionError -->
          <reporter-output>
          </reporter-output>
        </test-method> <!-- verifyAssessmentsQuickFilterTest -->
        <test-method is-config="true" signature="pageRefresh()[pri:0, instance:com.qa.gyruslearner.testcases.IDPPageTestCase@7e5afaa6]" started-at="2026-04-16T09:29:15 IST" name="pageRefresh" finished-at="2026-04-16T09:29:15 IST" duration-ms="9" status="PASS">
          <reporter-output>
          </reporter-output>
        </test-method> <!-- pageRefresh -->
        <test-method signature="verifyCertificationQuickFilterTest()[pri:10, instance:com.qa.gyruslearner.testcases.IDPPageTestCase@7e5afaa6]" started-at="2026-04-16T09:29:15 IST" name="verifyCertificationQuickFilterTest" finished-at="2026-04-16T09:29:30 IST" duration-ms="14626" status="PASS">
          <reporter-output>
          </reporter-output>
        </test-method> <!-- verifyCertificationQuickFilterTest -->
        <test-method is-config="true" signature="pageRefresh()[pri:0, instance:com.qa.gyruslearner.testcases.IDPPageTestCase@7e5afaa6]" started-at="2026-04-16T09:29:30 IST" name="pageRefresh" finished-at="2026-04-16T09:29:30 IST" duration-ms="8" status="PASS">
          <reporter-output>
          </reporter-output>
        </test-method> <!-- pageRefresh -->
        <test-method signature="verifyDocumentQuickFilterTest()[pri:11, instance:com.qa.gyruslearner.testcases.IDPPageTestCase@7e5afaa6]" started-at="2026-04-16T09:29:30 IST" name="verifyDocumentQuickFilterTest" finished-at="2026-04-16T09:29:49 IST" duration-ms="19072" status="PASS">
          <reporter-output>
          </reporter-output>
        </test-method> <!-- verifyDocumentQuickFilterTest -->
        <test-method is-config="true" signature="pageRefresh()[pri:0, instance:com.qa.gyruslearner.testcases.IDPPageTestCase@7e5afaa6]" started-at="2026-04-16T09:29:49 IST" name="pageRefresh" finished-at="2026-04-16T09:29:49 IST" duration-ms="7" status="PASS">
          <reporter-output>
          </reporter-output>
        </test-method> <!-- pageRefresh -->
        <test-method signature="verifyQuickFilterDailgoBoxTest()[pri:12, instance:com.qa.gyruslearner.testcases.IDPPageTestCase@7e5afaa6]" started-at="2026-04-16T09:29:49 IST" name="verifyQuickFilterDailgoBoxTest" finished-at="2026-04-16T09:30:00 IST" duration-ms="11194" status="PASS">
          <reporter-output>
          </reporter-output>
        </test-method> <!-- verifyQuickFilterDailgoBoxTest -->
        <test-method is-config="true" signature="pageRefresh()[pri:0, instance:com.qa.gyruslearner.testcases.IDPPageTestCase@7e5afaa6]" started-at="2026-04-16T09:30:00 IST" name="pageRefresh" finished-at="2026-04-16T09:30:00 IST" duration-ms="9" status="PASS">
          <reporter-output>
          </reporter-output>
        </test-method> <!-- pageRefresh -->
        <test-method signature="verifyElearnigQuickFilterTest()[pri:13, instance:com.qa.gyruslearner.testcases.IDPPageTestCase@7e5afaa6]" started-at="2026-04-16T09:30:00 IST" name="verifyElearnigQuickFilterTest" finished-at="2026-04-16T09:30:45 IST" depends-on-methods="com.qa.gyruslearner.testcases.IDPPageTestCase.verifyQuickFilterDailgoBoxTest" duration-ms="44959" status="PASS">
          <reporter-output>
          </reporter-output>
        </test-method> <!-- verifyElearnigQuickFilterTest -->
        <test-method is-config="true" signature="pageRefresh()[pri:0, instance:com.qa.gyruslearner.testcases.IDPPageTestCase@7e5afaa6]" started-at="2026-04-16T09:30:45 IST" name="pageRefresh" finished-at="2026-04-16T09:30:45 IST" duration-ms="12" status="PASS">
          <reporter-output>
          </reporter-output>
        </test-method> <!-- pageRefresh -->
        <test-method signature="verifyExternalLinkQuickFilterTest()[pri:14, instance:com.qa.gyruslearner.testcases.IDPPageTestCase@7e5afaa6]" started-at="2026-04-16T09:30:45 IST" name="verifyExternalLinkQuickFilterTest" finished-at="2026-04-16T09:31:07 IST" depends-on-methods="com.qa.gyruslearner.testcases.IDPPageTestCase.verifyQuickFilterDailgoBoxTest" duration-ms="21760" status="PASS">
          <reporter-output>
          </reporter-output>
        </test-method> <!-- verifyExternalLinkQuickFilterTest -->
        <test-method is-config="true" signature="pageRefresh()[pri:0, instance:com.qa.gyruslearner.testcases.IDPPageTestCase@7e5afaa6]" started-at="2026-04-16T09:31:07 IST" name="pageRefresh" finished-at="2026-04-16T09:31:07 IST" duration-ms="9" status="PASS">
          <reporter-output>
          </reporter-output>
        </test-method> <!-- pageRefresh -->
        <test-method signature="verifyILTQuickFilterTest()[pri:15, instance:com.qa.gyruslearner.testcases.IDPPageTestCase@7e5afaa6]" started-at="2026-04-16T09:31:07 IST" name="verifyILTQuickFilterTest" finished-at="2026-04-16T09:31:44 IST" depends-on-methods="com.qa.gyruslearner.testcases.IDPPageTestCase.verifyQuickFilterDailgoBoxTest" duration-ms="36419" status="PASS">
          <reporter-output>
          </reporter-output>
        </test-method> <!-- verifyILTQuickFilterTest -->
        <test-method is-config="true" signature="pageRefresh()[pri:0, instance:com.qa.gyruslearner.testcases.IDPPageTestCase@7e5afaa6]" started-at="2026-04-16T09:31:44 IST" name="pageRefresh" finished-at="2026-04-16T09:31:44 IST" duration-ms="9" status="PASS">
          <reporter-output>
          </reporter-output>
        </test-method> <!-- pageRefresh -->
        <test-method signature="verifyLearningPathQuickFilterTest()[pri:16, instance:com.qa.gyruslearner.testcases.IDPPageTestCase@7e5afaa6]" started-at="2026-04-16T09:31:44 IST" name="verifyLearningPathQuickFilterTest" finished-at="2026-04-16T09:32:04 IST" depends-on-methods="com.qa.gyruslearner.testcases.IDPPageTestCase.verifyQuickFilterDailgoBoxTest" duration-ms="20494" status="PASS">
          <reporter-output>
          </reporter-output>
        </test-method> <!-- verifyLearningPathQuickFilterTest -->
        <test-method is-config="true" signature="pageRefresh()[pri:0, instance:com.qa.gyruslearner.testcases.IDPPageTestCase@7e5afaa6]" started-at="2026-04-16T09:32:04 IST" name="pageRefresh" finished-at="2026-04-16T09:32:04 IST" duration-ms="8" status="PASS">
          <reporter-output>
          </reporter-output>
        </test-method> <!-- pageRefresh -->
        <test-method signature="verifyMsTeamQuickFilterTest()[pri:17, instance:com.qa.gyruslearner.testcases.IDPPageTestCase@7e5afaa6]" started-at="2026-04-16T09:32:04 IST" name="verifyMsTeamQuickFilterTest" finished-at="2026-04-16T09:32:20 IST" depends-on-methods="com.qa.gyruslearner.testcases.IDPPageTestCase.verifyQuickFilterDailgoBoxTest" duration-ms="15608" status="PASS">
          <reporter-output>
          </reporter-output>
        </test-method> <!-- verifyMsTeamQuickFilterTest -->
        <test-method is-config="true" signature="pageRefresh()[pri:0, instance:com.qa.gyruslearner.testcases.IDPPageTestCase@7e5afaa6]" started-at="2026-04-16T09:32:20 IST" name="pageRefresh" finished-at="2026-04-16T09:32:20 IST" duration-ms="6" status="PASS">
          <reporter-output>
          </reporter-output>
        </test-method> <!-- pageRefresh -->
        <test-method signature="verifyStatusCompleteQuickFilterTest(java.lang.String,java.lang.String)[pri:18, instance:com.qa.gyruslearner.testcases.IDPPageTestCase@7e5afaa6]" started-at="2026-04-16T09:32:20 IST" name="verifyStatusCompleteQuickFilterTest" data-provider="getQuickFilterStatuSheetData" finished-at="2026-04-16T09:32:48 IST" depends-on-methods="com.qa.gyruslearner.testcases.IDPPageTestCase.verifyQuickFilterDailgoBoxTest" duration-ms="28393" status="FAIL">
          <params>
            <param index="0">
              <value>
                <![CDATA[Completed]]>
              </value>
            </param>
            <param index="1">
              <value>
                <![CDATA[In Progress]]>
              </value>
            </param>
          </params>
          <exception class="java.lang.AssertionError">
            <message>
              <![CDATA[The following asserts failed:
❌ Unexpected status: Certified | Training: 0605_Certi,
❌ Unexpected status: Recertified | Training: Test02 Non-Sequential,
❌ Unexpected status: Recertified | Training: Test03 Sequential,
❌ Unexpected status: Recertified | Training: Test04 Learner To Choose Trainings,
❌ Unexpected status: Recertified | Training: Test05 Sequential]]>
            </message>
            <full-stacktrace>
              <![CDATA[java.lang.AssertionError: The following asserts failed:
❌ Unexpected status: Certified | Training: 0605_Certi,
❌ Unexpected status: Recertified | Training: Test02 Non-Sequential,
❌ Unexpected status: Recertified | Training: Test03 Sequential,
❌ Unexpected status: Recertified | Training: Test04 Learner To Choose Trainings,
❌ Unexpected status: Recertified | Training: Test05 Sequential
at org.testng.asserts.SoftAssert.assertAll(SoftAssert.java:46)
at org.testng.asserts.SoftAssert.assertAll(SoftAssert.java:30)
at com.qa.gyruslearner.testcases.IDPPageTestCase.verifyStatusCompleteQuickFilterTest(IDPPageTestCase.java:518)
at java.base/jdk.internal.reflect.DirectMethodHandleAccessor.invoke(DirectMethodHandleAccessor.java:103)
at java.base/java.lang.reflect.Method.invoke(Method.java:580)
at org.testng.internal.invokers.MethodInvocationHelper.invokeMethod(MethodInvocationHelper.java:139)
at org.testng.internal.invokers.TestInvoker.invokeMethod(TestInvoker.java:664)
at org.testng.internal.invokers.TestInvoker.invokeTestMethod(TestInvoker.java:228)
at org.testng.internal.invokers.MethodRunner.runInSequence(MethodRunner.java:63)
at org.testng.internal.invokers.TestInvoker$MethodInvocationAgent.invoke(TestInvoker.java:961)
at org.testng.internal.invokers.TestInvoker.invokeTestMethods(TestInvoker.java:201)
at org.testng.internal.invokers.TestMethodWorker.invokeTestMethods(TestMethodWorker.java:148)
at org.testng.internal.invokers.TestMethodWorker.run(TestMethodWorker.java:128)
at java.base/java.util.ArrayList.forEach(ArrayList.java:1596)
at org.testng.TestRunner.privateRun(TestRunner.java:819)
at org.testng.TestRunner.run(TestRunner.java:619)
at org.testng.SuiteRunner.runTest(SuiteRunner.java:443)
at org.testng.SuiteRunner.runSequentially(SuiteRunner.java:437)
at org.testng.SuiteRunner.privateRun(SuiteRunner.java:397)
at org.testng.SuiteRunner.run(SuiteRunner.java:336)
at org.testng.SuiteRunnerWorker.runSuite(SuiteRunnerWorker.java:52)
at org.testng.SuiteRunnerWorker.run(SuiteRunnerWorker.java:95)
at org.testng.TestNG.runSuitesSequentially(TestNG.java:1301)
at org.testng.TestNG.runSuitesLocally(TestNG.java:1228)
at org.testng.TestNG.runSuites(TestNG.java:1134)
at org.testng.TestNG.run(TestNG.java:1101)
at org.testng.remote.AbstractRemoteTestNG.run(AbstractRemoteTestNG.java:115)
at org.testng.remote.RemoteTestNG.initAndRun(RemoteTestNG.java:293)
at org.testng.remote.RemoteTestNG.main(RemoteTestNG.java:91)
]]>
            </full-stacktrace>
          </exception> <!-- java.lang.AssertionError -->
          <reporter-output>
          </reporter-output>
        </test-method> <!-- verifyStatusCompleteQuickFilterTest -->
        <test-method is-config="true" signature="pageRefresh()[pri:0, instance:com.qa.gyruslearner.testcases.IDPPageTestCase@7e5afaa6]" started-at="2026-04-16T09:32:49 IST" name="pageRefresh" finished-at="2026-04-16T09:32:49 IST" duration-ms="14" status="PASS">
          <reporter-output>
          </reporter-output>
        </test-method> <!-- pageRefresh -->
        <test-method signature="verifyRatingQuickFilterTest(java.lang.String)[pri:19, instance:com.qa.gyruslearner.testcases.IDPPageTestCase@7e5afaa6]" started-at="2026-04-16T09:32:49 IST" name="verifyRatingQuickFilterTest" data-provider="getQucikFilterRatingTestData" finished-at="2026-04-16T09:33:10 IST" depends-on-methods="com.qa.gyruslearner.testcases.IDPPageTestCase.verifyQuickFilterDailgoBoxTest" duration-ms="21810" status="PASS">
          <params>
            <param index="0">
              <value>
                <![CDATA[4 stars]]>
              </value>
            </param>
          </params>
          <reporter-output>
          </reporter-output>
        </test-method> <!-- verifyRatingQuickFilterTest -->
        <test-method is-config="true" signature="pageRefresh()[pri:0, instance:com.qa.gyruslearner.testcases.IDPPageTestCase@7e5afaa6]" started-at="2026-04-16T09:33:10 IST" name="pageRefresh" finished-at="2026-04-16T09:33:10 IST" duration-ms="16" status="PASS">
          <reporter-output>
          </reporter-output>
        </test-method> <!-- pageRefresh -->
        <test-method signature="verifyDueDateInQuickFilterTest(java.lang.String)[pri:20, instance:com.qa.gyruslearner.testcases.IDPPageTestCase@7e5afaa6]" started-at="2026-04-16T09:33:10 IST" name="verifyDueDateInQuickFilterTest" data-provider="getQucikFilterDueDateTestData" finished-at="2026-04-16T09:33:57 IST" depends-on-methods="com.qa.gyruslearner.testcases.IDPPageTestCase.verifyQuickFilterDailgoBoxTest" duration-ms="46984" status="FAIL">
          <params>
            <param index="0">
              <value>
                <![CDATA[Overdue]]>
              </value>
            </param>
          </params>
          <exception class="java.lang.AssertionError">
            <message>
              <![CDATA[The following asserts failed:
❌ Due Date Label missing: 0509 lpath]]>
            </message>
            <full-stacktrace>
              <![CDATA[java.lang.AssertionError: The following asserts failed:
❌ Due Date Label missing: 0509 lpath
at org.testng.asserts.SoftAssert.assertAll(SoftAssert.java:46)
at org.testng.asserts.SoftAssert.assertAll(SoftAssert.java:30)
at com.qa.gyruslearner.testcases.IDPPageTestCase.verifyDueDateInQuickFilterTest(IDPPageTestCase.java:591)
at java.base/jdk.internal.reflect.DirectMethodHandleAccessor.invoke(DirectMethodHandleAccessor.java:103)
at java.base/java.lang.reflect.Method.invoke(Method.java:580)
at org.testng.internal.invokers.MethodInvocationHelper.invokeMethod(MethodInvocationHelper.java:139)
at org.testng.internal.invokers.TestInvoker.invokeMethod(TestInvoker.java:664)
at org.testng.internal.invokers.TestInvoker.invokeTestMethod(TestInvoker.java:228)
at org.testng.internal.invokers.MethodRunner.runInSequence(MethodRunner.java:63)
at org.testng.internal.invokers.TestInvoker$MethodInvocationAgent.invoke(TestInvoker.java:961)
at org.testng.internal.invokers.TestInvoker.invokeTestMethods(TestInvoker.java:201)
at org.testng.internal.invokers.TestMethodWorker.invokeTestMethods(TestMethodWorker.java:148)
at org.testng.internal.invokers.TestMethodWorker.run(TestMethodWorker.java:128)
at java.base/java.util.ArrayList.forEach(ArrayList.java:1596)
at org.testng.TestRunner.privateRun(TestRunner.java:819)
at org.testng.TestRunner.run(TestRunner.java:619)
at org.testng.SuiteRunner.runTest(SuiteRunner.java:443)
at org.testng.SuiteRunner.runSequentially(SuiteRunner.java:437)
at org.testng.SuiteRunner.privateRun(SuiteRunner.java:397)
at org.testng.SuiteRunner.run(SuiteRunner.java:336)
at org.testng.SuiteRunnerWorker.runSuite(SuiteRunnerWorker.java:52)
at org.testng.SuiteRunnerWorker.run(SuiteRunnerWorker.java:95)
at org.testng.TestNG.runSuitesSequentially(TestNG.java:1301)
at org.testng.TestNG.runSuitesLocally(TestNG.java:1228)
at org.testng.TestNG.runSuites(TestNG.java:1134)
at org.testng.TestNG.run(TestNG.java:1101)
at org.testng.remote.AbstractRemoteTestNG.run(AbstractRemoteTestNG.java:115)
at org.testng.remote.RemoteTestNG.initAndRun(RemoteTestNG.java:293)
at org.testng.remote.RemoteTestNG.main(RemoteTestNG.java:91)
]]>
            </full-stacktrace>
          </exception> <!-- java.lang.AssertionError -->
          <reporter-output>
          </reporter-output>
        </test-method> <!-- verifyDueDateInQuickFilterTest -->
        <test-method is-config="true" signature="pageRefresh()[pri:0, instance:com.qa.gyruslearner.testcases.IDPPageTestCase@7e5afaa6]" started-at="2026-04-16T09:33:58 IST" name="pageRefresh" finished-at="2026-04-16T09:33:58 IST" duration-ms="21" status="PASS">
          <reporter-output>
          </reporter-output>
        </test-method> <!-- pageRefresh -->
        <test-method signature="verifyTrainingGroupInQuickFilterTest(java.lang.String,java.lang.String)[pri:21, instance:com.qa.gyruslearner.testcases.IDPPageTestCase@7e5afaa6]" started-at="2026-04-16T09:33:58 IST" name="verifyTrainingGroupInQuickFilterTest" data-provider="getQuickFilterGroupTestData" finished-at="2026-04-16T09:34:36 IST" depends-on-methods="com.qa.gyruslearner.testcases.IDPPageTestCase.verifyQuickFilterDailgoBoxTest" duration-ms="37997" status="PASS">
          <params>
            <param index="0">
              <value>
                <![CDATA[E-Learning]]>
              </value>
            </param>
            <param index="1">
              <value>
                <![CDATA[External Link]]>
              </value>
            </param>
          </params>
          <reporter-output>
          </reporter-output>
        </test-method> <!-- verifyTrainingGroupInQuickFilterTest -->
        <test-method is-config="true" signature="pageRefresh()[pri:0, instance:com.qa.gyruslearner.testcases.IDPPageTestCase@7e5afaa6]" started-at="2026-04-16T09:34:36 IST" name="pageRefresh" finished-at="2026-04-16T09:34:36 IST" duration-ms="13" status="PASS">
          <reporter-output>
          </reporter-output>
        </test-method> <!-- pageRefresh -->
        <test-method signature="verifyCategoryInQuickFilterTest(java.lang.String)[pri:22, instance:com.qa.gyruslearner.testcases.IDPPageTestCase@7e5afaa6]" started-at="2026-04-16T09:34:36 IST" name="verifyCategoryInQuickFilterTest" data-provider="getQuickFilterCetegoryTestData" finished-at="2026-04-16T09:35:05 IST" depends-on-methods="com.qa.gyruslearner.testcases.IDPPageTestCase.verifyQuickFilterDailgoBoxTest" duration-ms="29258" status="PASS">
          <params>
            <param index="0">
              <value>
                <![CDATA[Business Skills]]>
              </value>
            </param>
          </params>
          <reporter-output>
          </reporter-output>
        </test-method> <!-- verifyCategoryInQuickFilterTest -->
        <test-method is-config="true" signature="pageRefresh()[pri:0, instance:com.qa.gyruslearner.testcases.IDPPageTestCase@7e5afaa6]" started-at="2026-04-16T09:35:05 IST" name="pageRefresh" finished-at="2026-04-16T09:35:05 IST" duration-ms="15" status="PASS">
          <reporter-output>
          </reporter-output>
        </test-method> <!-- pageRefresh -->
        <test-method signature="verifyFreeInQuickFilterTest()[pri:23, instance:com.qa.gyruslearner.testcases.IDPPageTestCase@7e5afaa6]" started-at="2026-04-16T09:35:05 IST" name="verifyFreeInQuickFilterTest" finished-at="2026-04-16T09:39:27 IST" depends-on-methods="com.qa.gyruslearner.testcases.IDPPageTestCase.verifyQuickFilterDailgoBoxTest" duration-ms="261205" status="FAIL">
          <exception class="java.lang.AssertionError">
            <message>
              <![CDATA[The following asserts failed:
❌ Not Started but 100% : Test03Assessment,
❌ Not Started but 100% : Test04Assessment,
❌ Not Started but 100% : Test05Assessment]]>
            </message>
            <full-stacktrace>
              <![CDATA[java.lang.AssertionError: The following asserts failed:
❌ Not Started but 100% : Test03Assessment,
❌ Not Started but 100% : Test04Assessment,
❌ Not Started but 100% : Test05Assessment
at org.testng.asserts.SoftAssert.assertAll(SoftAssert.java:46)
at org.testng.asserts.SoftAssert.assertAll(SoftAssert.java:30)
at com.qa.gyruslearner.testcases.IDPPageTestCase.verifyFreeInQuickFilterTest(IDPPageTestCase.java:697)
at java.base/jdk.internal.reflect.DirectMethodHandleAccessor.invoke(DirectMethodHandleAccessor.java:103)
at java.base/java.lang.reflect.Method.invoke(Method.java:580)
at org.testng.internal.invokers.MethodInvocationHelper.invokeMethod(MethodInvocationHelper.java:139)
at org.testng.internal.invokers.TestInvoker.invokeMethod(TestInvoker.java:664)
at org.testng.internal.invokers.TestInvoker.invokeTestMethod(TestInvoker.java:228)
at org.testng.internal.invokers.MethodRunner.runInSequence(MethodRunner.java:63)
at org.testng.internal.invokers.TestInvoker$MethodInvocationAgent.invoke(TestInvoker.java:961)
at org.testng.internal.invokers.TestInvoker.invokeTestMethods(TestInvoker.java:201)
at org.testng.internal.invokers.TestMethodWorker.invokeTestMethods(TestMethodWorker.java:148)
at org.testng.internal.invokers.TestMethodWorker.run(TestMethodWorker.java:128)
at java.base/java.util.ArrayList.forEach(ArrayList.java:1596)
at org.testng.TestRunner.privateRun(TestRunner.java:819)
at org.testng.TestRunner.run(TestRunner.java:619)
at org.testng.SuiteRunner.runTest(SuiteRunner.java:443)
at org.testng.SuiteRunner.runSequentially(SuiteRunner.java:437)
at org.testng.SuiteRunner.privateRun(SuiteRunner.java:397)
at org.testng.SuiteRunner.run(SuiteRunner.java:336)
at org.testng.SuiteRunnerWorker.runSuite(SuiteRunnerWorker.java:52)
at org.testng.SuiteRunnerWorker.run(SuiteRunnerWorker.java:95)
at org.testng.TestNG.runSuitesSequentially(TestNG.java:1301)
at org.testng.TestNG.runSuitesLocally(TestNG.java:1228)
at org.testng.TestNG.runSuites(TestNG.java:1134)
at org.testng.TestNG.run(TestNG.java:1101)
at org.testng.remote.AbstractRemoteTestNG.run(AbstractRemoteTestNG.java:115)
at org.testng.remote.RemoteTestNG.initAndRun(RemoteTestNG.java:293)
at org.testng.remote.RemoteTestNG.main(RemoteTestNG.java:91)
]]>
            </full-stacktrace>
          </exception> <!-- java.lang.AssertionError -->
          <reporter-output>
          </reporter-output>
        </test-method> <!-- verifyFreeInQuickFilterTest -->
        <test-method is-config="true" signature="pageRefresh()[pri:0, instance:com.qa.gyruslearner.testcases.IDPPageTestCase@7e5afaa6]" started-at="2026-04-16T09:39:28 IST" name="pageRefresh" finished-at="2026-04-16T09:39:29 IST" duration-ms="670" status="PASS">
          <reporter-output>
          </reporter-output>
        </test-method> <!-- pageRefresh -->
        <test-method signature="VerifyIdealCoachTextTest()[pri:24, instance:com.qa.gyruslearner.testcases.IDPPageTestCase@7e5afaa6]" started-at="2026-04-16T09:39:29 IST" name="VerifyIdealCoachTextTest" finished-at="2026-04-16T09:39:46 IST" duration-ms="17698" status="FAIL">
          <exception class="org.openqa.selenium.TimeoutException">
            <message>
              <![CDATA[Expected condition failed: waiting for visibility of [[ChromeDriver: chrome on windows (7509ae41c901ca35c0c41fb36125852a)] -> xpath: //i[contains(@class,'k-i-l-idea-gi text-primary')]] (tried for 15 second(s) with 500 milliseconds interval)
Build info: version: '4.27.0', revision: 'd6e718d134'
System info: os.name: 'Windows 11', os.arch: 'amd64', os.version: '10.0', java.version: '21.0.8'
Driver info: org.openqa.selenium.chrome.ChromeDriver
Capabilities {acceptInsecureCerts: false, browserName: chrome, browserVersion: 147.0.7727.56, chrome: {chromedriverVersion: 147.0.7727.57 (b4f28b5637d0..., userDataDir: C:\Users\DINESH~1\AppData\L...}, fedcm:accounts: true, goog:chromeOptions: {debuggerAddress: localhost:59000}, goog:processID: 16616, networkConnectionEnabled: false, pageLoadStrategy: normal, platformName: windows, proxy: Proxy(), se:cdp: ws://localhost:59000/devtoo..., se:cdpVersion: 147.0.7727.56, setWindowRect: true, strictFileInteractability: false, timeouts: {implicit: 0, pageLoad: 300000, script: 30000}, unhandledPromptBehavior: dismiss and notify, webauthn:extension:credBlob: true, webauthn:extension:largeBlob: true, webauthn:extension:minPinLength: true, webauthn:extension:prf: true, webauthn:virtualAuthenticators: true}
Session ID: 7509ae41c901ca35c0c41fb36125852a]]>
            </message>
            <full-stacktrace>
              <![CDATA[org.openqa.selenium.TimeoutException: Expected condition failed: waiting for visibility of [[ChromeDriver: chrome on windows (7509ae41c901ca35c0c41fb36125852a)] -> xpath: //i[contains(@class,'k-i-l-idea-gi text-primary')]] (tried for 15 second(s) with 500 milliseconds interval)
Build info: version: '4.27.0', revision: 'd6e718d134'
System info: os.name: 'Windows 11', os.arch: 'amd64', os.version: '10.0', java.version: '21.0.8'
Driver info: org.openqa.selenium.chrome.ChromeDriver
[...]
          <reporter-output>
          </reporter-output>
        </test-method> <!-- dashBoardPageTitleTest -->
        <test-method is-config="true" signature="pageRefresh()[pri:0, instance:com.qa.gyruslearner.testcases.DashboardPageTestCase@5403f35f]" started-at="2026-04-16T09:22:16 IST" name="pageRefresh" finished-at="2026-04-16T09:22:16 IST" duration-ms="8" status="PASS">
          <reporter-output>
          </reporter-output>
        </test-method> <!-- pageRefresh -->
        <test-method signature="VerifyCompanyLogoInDashBoardTest()[pri:3, instance:com.qa.gyruslearner.testcases.DashboardPageTestCase@5403f35f]" started-at="2026-04-16T09:22:16 IST" name="VerifyCompanyLogoInDashBoardTest" finished-at="2026-04-16T09:22:18 IST" duration-ms="1625" status="FAIL">
          <exception class="java.lang.AssertionError">
            <message>
              <![CDATA[Company logo Images is not Loaded  on the DashBoard page! expected [true] but found [false]]]>
            </message>
            <full-stacktrace>
              <![CDATA[java.lang.AssertionError: Company logo Images is not Loaded  on the DashBoard page! expected [true] but found [false]
at org.testng.Assert.fail(Assert.java:111)
at org.testng.Assert.failNotEquals(Assert.java:1578)
at org.testng.Assert.assertTrue(Assert.java:57)
at com.qa.gyruslearner.testcases.DashboardPageTestCase.VerifyCompanyLogoInDashBoardTest(DashboardPageTestCase.java:75)
at java.base/jdk.internal.reflect.DirectMethodHandleAccessor.invoke(DirectMethodHandleAccessor.java:103)
at java.base/java.lang.reflect.Method.invoke(Method.java:580)
at org.testng.internal.invokers.MethodInvocationHelper.invokeMethod(MethodInvocationHelper.java:139)
at org.testng.internal.invokers.TestInvoker.invokeMethod(TestInvoker.java:664)
at org.testng.internal.invokers.TestInvoker.invokeTestMethod(TestInvoker.java:228)
at org.testng.internal.invokers.MethodRunner.runInSequence(MethodRunner.java:63)
at org.testng.internal.invokers.TestInvoker$MethodInvocationAgent.invoke(TestInvoker.java:961)
at org.testng.internal.invokers.TestInvoker.invokeTestMethods(TestInvoker.java:201)
at org.testng.internal.invokers.TestMethodWorker.invokeTestMethods(TestMethodWorker.java:148)
at org.testng.internal.invokers.TestMethodWorker.run(TestMethodWorker.java:128)
at java.base/java.util.ArrayList.forEach(ArrayList.java:1596)
at org.testng.TestRunner.privateRun(TestRunner.java:819)
at org.testng.TestRunner.run(TestRunner.java:619)
at org.testng.SuiteRunner.runTest(SuiteRunner.java:443)
at org.testng.SuiteRunner.runSequentially(SuiteRunner.java:437)
at org.testng.SuiteRunner.privateRun(SuiteRunner.java:397)
at org.testng.SuiteRunner.run(SuiteRunner.java:336)
at org.testng.SuiteRunnerWorker.runSuite(SuiteRunnerWorker.java:52)
at org.testng.SuiteRunnerWorker.run(SuiteRunnerWorker.java:95)
at org.testng.TestNG.runSuitesSequentially(TestNG.java:1301)
at org.testng.TestNG.runSuitesLocally(TestNG.java:1228)
at org.testng.TestNG.runSuites(TestNG.java:1134)
at org.testng.TestNG.run(TestNG.java:1101)
at org.testng.remote.AbstractRemoteTestNG.run(AbstractRemoteTestNG.java:115)
at org.testng.remote.RemoteTestNG.initAndRun(RemoteTestNG.java:293)
at org.testng.remote.RemoteTestNG.main(RemoteTestNG.java:91)
]]>
            </full-stacktrace>
          </exception> <!-- java.lang.AssertionError -->
          <reporter-output>
          </reporter-output>
        </test-method> <!-- VerifyCompanyLogoInDashBoardTest -->
        <test-method is-config="true" signature="pageRefresh()[pri:0, instance:com.qa.gyruslearner.testcases.DashboardPageTestCase@5403f35f]" started-at="2026-04-16T09:22:18 IST" name="pageRefresh" finished-at="2026-04-16T09:22:18 IST" duration-ms="13" status="PASS">
          <reporter-output>
          </reporter-output>
        </test-method> <!-- pageRefresh -->
        <test-method signature="verifyWelcomeHeadertextAndSlidersTest()[pri:4, instance:com.qa.gyruslearner.testcases.DashboardPageTestCase@5403f35f]" started-at="2026-04-16T09:22:18 IST" name="verifyWelcomeHeadertextAndSlidersTest" finished-at="2026-04-16T09:22:41 IST" duration-ms="22776" status="PASS">
          <reporter-output>
          </reporter-output>
        </test-method> <!-- verifyWelcomeHeadertextAndSlidersTest -->
        <test-method is-config="true" signature="pageRefresh()[pri:0, instance:com.qa.gyruslearner.testcases.DashboardPageTestCase@5403f35f]" started-at="2026-04-16T09:22:41 IST" name="pageRefresh" finished-at="2026-04-16T09:22:41 IST" duration-ms="95" status="PASS">
          <reporter-output>
          </reporter-output>
        </test-method> <!-- pageRefresh -->
        <test-method signature="verifyCalenderDisplayTest()[pri:5, instance:com.qa.gyruslearner.testcases.DashboardPageTestCase@5403f35f]" started-at="2026-04-16T09:22:41 IST" name="verifyCalenderDisplayTest" finished-at="2026-04-16T09:22:43 IST" duration-ms="2404" status="PASS">
          <reporter-output>
          </reporter-output>
        </test-method> <!-- verifyCalenderDisplayTest -->
        <test-method is-config="true" signature="pageRefresh()[pri:0, instance:com.qa.gyruslearner.testcases.DashboardPageTestCase@5403f35f]" started-at="2026-04-16T09:22:43 IST" name="pageRefresh" finished-at="2026-04-16T09:22:43 IST" duration-ms="34" status="PASS">
          <reporter-output>
          </reporter-output>
        </test-method> <!-- pageRefresh -->
        <test-method signature="verifyProfilePopUpTest()[pri:6, instance:com.qa.gyruslearner.testcases.DashboardPageTestCase@5403f35f]" started-at="2026-04-16T09:22:43 IST" name="verifyProfilePopUpTest" finished-at="2026-04-16T09:22:44 IST" duration-ms="554" status="PASS">
          <reporter-output>
          </reporter-output>
        </test-method> <!-- verifyProfilePopUpTest -->
        <test-method is-config="true" signature="pageRefresh()[pri:0, instance:com.qa.gyruslearner.testcases.DashboardPageTestCase@5403f35f]" started-at="2026-04-16T09:22:44 IST" name="pageRefresh" finished-at="2026-04-16T09:22:44 IST" duration-ms="5" status="PASS">
          <reporter-output>
          </reporter-output>
        </test-method> <!-- pageRefresh -->
        <test-method signature="verifyQuickLinksTest()[pri:7, instance:com.qa.gyruslearner.testcases.DashboardPageTestCase@5403f35f]" started-at="2026-04-16T09:22:44 IST" name="verifyQuickLinksTest" finished-at="2026-04-16T09:22:44 IST" duration-ms="520" status="PASS">
          <reporter-output>
          </reporter-output>
        </test-method> <!-- verifyQuickLinksTest -->
        <test-method is-config="true" signature="pageRefresh()[pri:0, instance:com.qa.gyruslearner.testcases.DashboardPageTestCase@5403f35f]" started-at="2026-04-16T09:22:44 IST" name="pageRefresh" finished-at="2026-04-16T09:22:44 IST" duration-ms="8" status="PASS">
          <reporter-output>
          </reporter-output>
        </test-method> <!-- pageRefresh -->
        <test-method signature="verifyStatisticsDisplayed()[pri:8, instance:com.qa.gyruslearner.testcases.DashboardPageTestCase@5403f35f]" started-at="2026-04-16T09:22:44 IST" name="verifyStatisticsDisplayed" finished-at="2026-04-16T09:23:06 IST" duration-ms="21700" status="PASS">
          <reporter-output>
          </reporter-output>
        </test-method> <!-- verifyStatisticsDisplayed -->
        <test-method is-config="true" signature="pageRefresh()[pri:0, instance:com.qa.gyruslearner.testcases.DashboardPageTestCase@5403f35f]" started-at="2026-04-16T09:23:06 IST" name="pageRefresh" finished-at="2026-04-16T09:23:06 IST" duration-ms="5" status="PASS">
          <reporter-output>
          </reporter-output>
        </test-method> <!-- pageRefresh -->
        <test-method signature="verifyStatisticsWithFilters()[pri:9, instance:com.qa.gyruslearner.testcases.DashboardPageTestCase@5403f35f]" started-at="2026-04-16T09:23:06 IST" name="verifyStatisticsWithFilters" finished-at="2026-04-16T09:23:12 IST" duration-ms="5917" status="PASS">
          <reporter-output>
          </reporter-output>
        </test-method> <!-- verifyStatisticsWithFilters -->
        <test-method is-config="true" signature="pageRefresh()[pri:0, instance:com.qa.gyruslearner.testcases.DashboardPageTestCase@5403f35f]" started-at="2026-04-16T09:23:12 IST" name="pageRefresh" finished-at="2026-04-16T09:23:12 IST" duration-ms="7" status="PASS">
          <reporter-output>
          </reporter-output>
        </test-method> <!-- pageRefresh -->
        <test-method signature="verifyLearningStatusInProgressDataTest()[pri:11, instance:com.qa.gyruslearner.testcases.DashboardPageTestCase@5403f35f]" started-at="2026-04-16T09:23:12 IST" name="verifyLearningStatusInProgressDataTest" finished-at="2026-04-16T09:23:13 IST" duration-ms="1600" status="PASS">
          <reporter-output>
          </reporter-output>
        </test-method> <!-- verifyLearningStatusInProgressDataTest -->
        <test-method is-config="true" signature="pageRefresh()[pri:0, instance:com.qa.gyruslearner.testcases.DashboardPageTestCase@5403f35f]" started-at="2026-04-16T09:23:13 IST" name="pageRefresh" finished-at="2026-04-16T09:23:13 IST" duration-ms="6" status="PASS">
          <reporter-output>
          </reporter-output>
        </test-method> <!-- pageRefresh -->
        <test-method signature="verifyLearningStatusNotStartedDataTest()[pri:12, instance:com.qa.gyruslearner.testcases.DashboardPageTestCase@5403f35f]" started-at="2026-04-16T09:23:13 IST" name="verifyLearningStatusNotStartedDataTest" finished-at="2026-04-16T09:23:18 IST" duration-ms="4509" status="PASS">
          <reporter-output>
          </reporter-output>
        </test-method> <!-- verifyLearningStatusNotStartedDataTest -->
        <test-method is-config="true" signature="pageRefresh()[pri:0, instance:com.qa.gyruslearner.testcases.DashboardPageTestCase@5403f35f]" started-at="2026-04-16T09:23:18 IST" name="pageRefresh" finished-at="2026-04-16T09:23:18 IST" duration-ms="5" status="PASS">
          <reporter-output>
          </reporter-output>
        </test-method> <!-- pageRefresh -->
        <test-method signature="verifyMySheduleDataTest()[pri:13, instance:com.qa.gyruslearner.testcases.DashboardPageTestCase@5403f35f]" started-at="2026-04-16T09:23:18 IST" name="verifyMySheduleDataTest" finished-at="2026-04-16T09:23:28 IST" duration-ms="10364" status="PASS">
          <reporter-output>
          </reporter-output>
        </test-method> <!-- verifyMySheduleDataTest -->
        <test-method is-config="true" signature="pageRefresh()[pri:0, instance:com.qa.gyruslearner.testcases.DashboardPageTestCase@5403f35f]" started-at="2026-04-16T09:23:28 IST" name="pageRefresh" finished-at="2026-04-16T09:23:28 IST" duration-ms="6" status="PASS">
          <reporter-output>
          </reporter-output>
        </test-method> <!-- pageRefresh -->
        <test-method signature="verifyAssignedTrainingsRecentlyAssignedDataTest()[pri:14, instance:com.qa.gyruslearner.testcases.DashboardPageTestCase@5403f35f]" started-at="2026-04-16T09:23:28 IST" name="verifyAssignedTrainingsRecentlyAssignedDataTest" finished-at="2026-04-16T09:23:30 IST" duration-ms="2124" status="FAIL">
          <exception class="java.lang.AssertionError">
            <message>
              <![CDATA[The following asserts failed:
❌ Not Started but 100% : Test05Assessment]]>
            </message>
            <full-stacktrace>
              <![CDATA[java.lang.AssertionError: The following asserts failed:
❌ Not Started but 100% : Test05Assessment
at org.testng.asserts.SoftAssert.assertAll(SoftAssert.java:46)
at org.testng.asserts.SoftAssert.assertAll(SoftAssert.java:30)
at com.qa.gyruslearner.pages.DashboardPage.validateAssignedTrainingsRecentlyAssignedCards(DashboardPage.java:970)
at com.qa.gyruslearner.testcases.DashboardPageTestCase.verifyAssignedTrainingsRecentlyAssignedDataTest(DashboardPageTestCase.java:273)
at java.base/jdk.internal.reflect.DirectMethodHandleAccessor.invoke(DirectMethodHandleAccessor.java:103)
at java.base/java.lang.reflect.Method.invoke(Method.java:580)
at org.testng.internal.invokers.MethodInvocationHelper.invokeMethod(MethodInvocationHelper.java:139)
at org.testng.internal.invokers.TestInvoker.invokeMethod(TestInvoker.java:664)
at org.testng.internal.invokers.TestInvoker.invokeTestMethod(TestInvoker.java:228)
at org.testng.internal.invokers.MethodRunner.runInSequence(MethodRunner.java:63)
at org.testng.internal.invokers.TestInvoker$MethodInvocationAgent.invoke(TestInvoker.java:961)
at org.testng.internal.invokers.TestInvoker.invokeTestMethods(TestInvoker.java:201)
at org.testng.internal.invokers.TestMethodWorker.invokeTestMethods(TestMethodWorker.java:148)
at org.testng.internal.invokers.TestMethodWorker.run(TestMethodWorker.java:128)
at java.base/java.util.ArrayList.forEach(ArrayList.java:1596)
at org.testng.TestRunner.privateRun(TestRunner.java:819)
at org.testng.TestRunner.run(TestRunner.java:619)
at org.testng.SuiteRunner.runTest(SuiteRunner.java:443)
at org.testng.SuiteRunner.runSequentially(SuiteRunner.java:437)
at org.testng.SuiteRunner.privateRun(SuiteRunner.java:397)
at org.testng.SuiteRunner.run(SuiteRunner.java:336)
at org.testng.SuiteRunnerWorker.runSuite(SuiteRunnerWorker.java:52)
at org.testng.SuiteRunnerWorker.run(SuiteRunnerWorker.java:95)
at org.testng.TestNG.runSuitesSequentially(TestNG.java:1301)
at org.testng.TestNG.runSuitesLocally(TestNG.java:1228)
at org.testng.TestNG.runSuites(TestNG.java:1134)
at org.testng.TestNG.run(TestNG.java:1101)
at org.testng.remote.AbstractRemoteTestNG.run(AbstractRemoteTestNG.java:115)
at org.testng.remote.RemoteTestNG.initAndRun(RemoteTestNG.java:293)
at org.testng.remote.RemoteTestNG.main(RemoteTestNG.java:91)
]]>
            </full-stacktrace>
          </exception> <!-- java.lang.AssertionError -->
          <reporter-output>
          </reporter-output>
        </test-method> <!-- verifyAssignedTrainingsRecentlyAssignedDataTest -->
        <test-method is-config="true" signature="pageRefresh()[pri:0, instance:com.qa.gyruslearner.testcases.DashboardPageTestCase@5403f35f]" started-at="2026-04-16T09:23:31 IST" name="pageRefresh" finished-at="2026-04-16T09:23:31 IST" duration-ms="8" status="PASS">
          <reporter-output>
          </reporter-output>
        </test-method> <!-- pageRefresh -->
        <test-method signature="verifyAssignedTrainingsDueDataTest()[pri:15, instance:com.qa.gyruslearner.testcases.DashboardPageTestCase@5403f35f]" started-at="2026-04-16T09:23:31 IST" name="verifyAssignedTrainingsDueDataTest" finished-at="2026-04-16T09:23:41 IST" duration-ms="10201" status="PASS">
          <reporter-output>
          </reporter-output>
        </test-method> <!-- verifyAssignedTrainingsDueDataTest -->
        <test-method is-config="true" signature="pageRefresh()[pri:0, instance:com.qa.gyruslearner.testcases.DashboardPageTestCase@5403f35f]" started-at="2026-04-16T09:23:41 IST" name="pageRefresh" finished-at="2026-04-16T09:23:41 IST" duration-ms="8" status="PASS">
          <reporter-output>
          </reporter-output>
        </test-method> <!-- pageRefresh -->
        <test-method signature="verifyAssignedTrainingsOverDueDataTest()[pri:16, instance:com.qa.gyruslearner.testcases.DashboardPageTestCase@5403f35f]" started-at="2026-04-16T09:23:41 IST" name="verifyAssignedTrainingsOverDueDataTest" finished-at="2026-04-16T09:23:45 IST" duration-ms="4155" status="PASS">
          <reporter-output>
          </reporter-output>
        </test-method> <!-- verifyAssignedTrainingsOverDueDataTest -->
        <test-method is-config="true" signature="pageRefresh()[pri:0, instance:com.qa.gyruslearner.testcases.DashboardPageTestCase@5403f35f]" started-at="2026-04-16T09:23:45 IST" name="pageRefresh" finished-at="2026-04-16T09:23:45 IST" duration-ms="4" status="PASS">
          <reporter-output>
          </reporter-output>
        </test-method> <!-- pageRefresh -->
        <test-method signature="verifyRecentBadgesDataTest()[pri:17, instance:com.qa.gyruslearner.testcases.DashboardPageTestCase@5403f35f]" started-at="2026-04-16T09:23:45 IST" name="verifyRecentBadgesDataTest" finished-at="2026-04-16T09:23:45 IST" duration-ms="153" status="PASS">
          <reporter-output>
          </reporter-output>
        </test-method> <!-- verifyRecentBadgesDataTest -->
        <test-method is-config="true" signature="pageRefresh()[pri:0, instance:com.qa.gyruslearner.testcases.DashboardPageTestCase@5403f35f]" started-at="2026-04-16T09:23:45 IST" name="pageRefresh" finished-at="2026-04-16T09:23:45 IST" duration-ms="5" status="PASS">
          <reporter-output>
          </reporter-output>
        </test-method> <!-- pageRefresh -->
        <test-method signature="verifyLeaderboardDataTest()[pri:18, instance:com.qa.gyruslearner.testcases.DashboardPageTestCase@5403f35f]" started-at="2026-04-16T09:23:45 IST" name="verifyLeaderboardDataTest" finished-at="2026-04-16T09:23:45 IST" duration-ms="94" status="PASS">
          <reporter-output>
          </reporter-output>
        </test-method> <!-- verifyLeaderboardDataTest -->
        <test-method is-config="true" signature="pageRefresh()[pri:0, instance:com.qa.gyruslearner.testcases.DashboardPageTestCase@5403f35f]" started-at="2026-04-16T09:23:45 IST" name="pageRefresh" finished-at="2026-04-16T09:23:45 IST" duration-ms="4" status="PASS">
          <reporter-output>
          </reporter-output>
        </test-method> <!-- pageRefresh -->
        <test-method signature="verifyActivityFeedsDataTest()[pri:19, instance:com.qa.gyruslearner.testcases.DashboardPageTestCase@5403f35f]" started-at="2026-04-16T09:23:45 IST" name="verifyActivityFeedsDataTest" finished-at="2026-04-16T09:23:54 IST" duration-ms="9113" status="PASS">
          <reporter-output>
          </reporter-output>
        </test-method> <!-- verifyActivityFeedsDataTest -->
        <test-method is-config="true" signature="pageRefresh()[pri:0, instance:com.qa.gyruslearner.testcases.DashboardPageTestCase@5403f35f]" started-at="2026-04-16T09:23:54 IST" name="pageRefresh" finished-at="2026-04-16T09:23:54 IST" duration-ms="6" status="PASS">
          <reporter-output>
          </reporter-output>
        </test-method> <!-- pageRefresh -->
        <test-method signature="verifyCertificationsDataTest()[pri:20, instance:com.qa.gyruslearner.testcases.DashboardPageTestCase@5403f35f]" started-at="2026-04-16T09:23:54 IST" name="verifyCertificationsDataTest" finished-at="2026-04-16T09:23:56 IST" duration-ms="1241" status="PASS">
          <reporter-output>
          </reporter-output>
        </test-method> <!-- verifyCertificationsDataTest -->
        <test-method is-config="true" signature="pageRefresh()[pri:0, instance:com.qa.gyruslearner.testcases.DashboardPageTestCase@5403f35f]" started-at="2026-04-16T09:23:56 IST" name="pageRefresh" finished-at="2026-04-16T09:23:56 IST" duration-ms="7" status="PASS">
          <reporter-output>
          </reporter-output>
        </test-method> <!-- pageRefresh -->
        <test-method signature="verifymainMenuItemsDataTest()[pri:21, instance:com.qa.gyruslearner.testcases.DashboardPageTestCase@5403f35f]" started-at="2026-04-16T09:23:56 IST" name="verifymainMenuItemsDataTest" finished-at="2026-04-16T09:23:57 IST" duration-ms="1216" status="PASS">
          <reporter-output>
          </reporter-output>
        </test-method> <!-- verifymainMenuItemsDataTest -->
        <test-method is-config="true" signature="tearDown()[pri:0, instance:com.qa.gyruslearner.testcases.DashboardPageTestCase@5403f35f]" started-at="2026-04-16T09:23:57 IST" name="tearDown" finished-at="2026-04-16T09:23:57 IST" duration-ms="291" status="PASS">
          <reporter-output>
          </reporter-output>
        </test-method> <!-- tearDown -->
      </class> <!-- com.qa.gyruslearner.testcases.DashboardPageTestCase -->
    </test> <!-- Automation Smoke Testing -->
  </suite> <!-- Gyrus Automation Suite -->
</testng-results>
