<?xml version="1.0" encoding="UTF-8"?>
<testng-results ignored="0" total="19" passed="19" failed="0" skipped="0">
  <reporter-output>
  </reporter-output>
  <suite started-at="2026-03-25T23:02:39 IST" name="Default suite" finished-at="2026-03-25T23:03:38 IST" duration-ms="59651">
    <groups>
    </groups>
    <test started-at="2026-03-25T23:02:39 IST" name="Default test" finished-at="2026-03-25T23:03:38 IST" duration-ms="59651">
      <class name="com.qa.gyruslearner.testcases.DashboardPageTestCase">
        <test-method is-config="true" signature="setUp()[pri:0, instance:com.qa.gyruslearner.testcases.DashboardPageTestCase@33d512c1]" started-at="2026-03-25T23:02:39 IST" name="setUp" finished-at="2026-03-25T23:02:44 IST" duration-ms="5522" status="PASS">
          <reporter-output>
          </reporter-output>
        </test-method> <!-- setUp -->
        <test-method is-config="true" signature="pageRefresh()[pri:0, instance:com.qa.gyruslearner.testcases.DashboardPageTestCase@33d512c1]" started-at="2026-03-25T23:02:44 IST" name="pageRefresh" finished-at="2026-03-25T23:02:44 IST" duration-ms="352" status="PASS">
          <reporter-output>
          </reporter-output>
        </test-method> <!-- pageRefresh -->
        <test-method signature="dashBoardUrlTest()[pri:1, instance:com.qa.gyruslearner.testcases.DashboardPageTestCase@33d512c1]" started-at="2026-03-25T23:02:44 IST" name="dashBoardUrlTest" finished-at="2026-03-25T23:02:49 IST" duration-ms="4938" status="PASS">
          <reporter-output>
          </reporter-output>
        </test-method> <!-- dashBoardUrlTest -->
        <test-method is-config="true" signature="pageRefresh()[pri:0, instance:com.qa.gyruslearner.testcases.DashboardPageTestCase@33d512c1]" started-at="2026-03-25T23:02:49 IST" name="pageRefresh" finished-at="2026-03-25T23:02:49 IST" duration-ms="18" status="PASS">
          <reporter-output>
          </reporter-output>
        </test-method> <!-- pageRefresh -->
        <test-method signature="dashBoardPageTitleTest()[pri:2, instance:com.qa.gyruslearner.testcases.DashboardPageTestCase@33d512c1]" started-at="2026-03-25T23:02:49 IST" name="dashBoardPageTitleTest" finished-at="2026-03-25T23:02:49 IST" duration-ms="19" status="PASS">
          <reporter-output>
          </reporter-output>
        </test-method> <!-- dashBoardPageTitleTest -->
        <test-method is-config="true" signature="pageRefresh()[pri:0, instance:com.qa.gyruslearner.testcases.DashboardPageTestCase@33d512c1]" started-at="2026-03-25T23:02:49 IST" name="pageRefresh" finished-at="2026-03-25T23:02:49 IST" duration-ms="11" status="PASS">
          <reporter-output>
          </reporter-output>
        </test-method> <!-- pageRefresh -->
        <test-method signature="VerifyCompanyLogoInDashBoardTest()[pri:3, instance:com.qa.gyruslearner.testcases.DashboardPageTestCase@33d512c1]" started-at="2026-03-25T23:02:49 IST" name="VerifyCompanyLogoInDashBoardTest" finished-at="2026-03-25T23:02:52 IST" duration-ms="2550" status="PASS">
          <reporter-output>
          </reporter-output>
        </test-method> <!-- VerifyCompanyLogoInDashBoardTest -->
        <test-method is-config="true" signature="pageRefresh()[pri:0, instance:com.qa.gyruslearner.testcases.DashboardPageTestCase@33d512c1]" started-at="2026-03-25T23:02:52 IST" name="pageRefresh" finished-at="2026-03-25T23:02:52 IST" duration-ms="27" status="PASS">
          <reporter-output>
          </reporter-output>
        </test-method> <!-- pageRefresh -->
        <test-method signature="verifyWelcomeHeadertextTest()[pri:4, instance:com.qa.gyruslearner.testcases.DashboardPageTestCase@33d512c1]" started-at="2026-03-25T23:02:52 IST" name="verifyWelcomeHeadertextTest" finished-at="2026-03-25T23:02:53 IST" duration-ms="947" status="PASS">
          <reporter-output>
          </reporter-output>
        </test-method> <!-- verifyWelcomeHeadertextTest -->
        <test-method is-config="true" signature="pageRefresh()[pri:0, instance:com.qa.gyruslearner.testcases.DashboardPageTestCase@33d512c1]" started-at="2026-03-25T23:02:53 IST" name="pageRefresh" finished-at="2026-03-25T23:02:53 IST" duration-ms="20" status="PASS">
          <reporter-output>
          </reporter-output>
        </test-method> <!-- pageRefresh -->
        <test-method signature="verifyCalenderDisplayTest()[pri:5, instance:com.qa.gyruslearner.testcases.DashboardPageTestCase@33d512c1]" started-at="2026-03-25T23:02:53 IST" name="verifyCalenderDisplayTest" finished-at="2026-03-25T23:02:56 IST" duration-ms="3415" status="PASS">
          <reporter-output>
          </reporter-output>
        </test-method> <!-- verifyCalenderDisplayTest -->
        <test-method is-config="true" signature="pageRefresh()[pri:0, instance:com.qa.gyruslearner.testcases.DashboardPageTestCase@33d512c1]" started-at="2026-03-25T23:02:56 IST" name="pageRefresh" finished-at="2026-03-25T23:02:57 IST" duration-ms="36" status="PASS">
          <reporter-output>
          </reporter-output>
        </test-method> <!-- pageRefresh -->
        <test-method signature="verifyProfilePopUpTest()[pri:6, instance:com.qa.gyruslearner.testcases.DashboardPageTestCase@33d512c1]" started-at="2026-03-25T23:02:57 IST" name="verifyProfilePopUpTest" finished-at="2026-03-25T23:02:58 IST" duration-ms="1155" status="PASS">
          <reporter-output>
          </reporter-output>
        </test-method> <!-- verifyProfilePopUpTest -->
        <test-method is-config="true" signature="pageRefresh()[pri:0, instance:com.qa.gyruslearner.testcases.DashboardPageTestCase@33d512c1]" started-at="2026-03-25T23:02:58 IST" name="pageRefresh" finished-at="2026-03-25T23:02:58 IST" duration-ms="9" status="PASS">
          <reporter-output>
          </reporter-output>
        </test-method> <!-- pageRefresh -->
        <test-method signature="verifyQuickLinksTest()[pri:7, instance:com.qa.gyruslearner.testcases.DashboardPageTestCase@33d512c1]" started-at="2026-03-25T23:02:58 IST" name="verifyQuickLinksTest" finished-at="2026-03-25T23:03:00 IST" duration-ms="2000" status="PASS">
          <reporter-output>
          </reporter-output>
        </test-method> <!-- verifyQuickLinksTest -->
        <test-method is-config="true" signature="pageRefresh()[pri:0, instance:com.qa.gyruslearner.testcases.DashboardPageTestCase@33d512c1]" started-at="2026-03-25T23:03:00 IST" name="pageRefresh" finished-at="2026-03-25T23:03:00 IST" duration-ms="22" status="PASS">
          <reporter-output>
          </reporter-output>
        </test-method> <!-- pageRefresh -->
        <test-method signature="verifyStatisticsDisplayed()[pri:8, instance:com.qa.gyruslearner.testcases.DashboardPageTestCase@33d512c1]" started-at="2026-03-25T23:03:00 IST" name="verifyStatisticsDisplayed" finished-at="2026-03-25T23:03:01 IST" duration-ms="939" status="PASS">
          <reporter-output>
          </reporter-output>
        </test-method> <!-- verifyStatisticsDisplayed -->
        <test-method is-config="true" signature="pageRefresh()[pri:0, instance:com.qa.gyruslearner.testcases.DashboardPageTestCase@33d512c1]" started-at="2026-03-25T23:03:01 IST" name="pageRefresh" finished-at="2026-03-25T23:03:01 IST" duration-ms="30" status="PASS">
          <reporter-output>
          </reporter-output>
        </test-method> <!-- pageRefresh -->
        <test-method signature="verifyStatisticsWithFilters()[pri:9, instance:com.qa.gyruslearner.testcases.DashboardPageTestCase@33d512c1]" started-at="2026-03-25T23:03:01 IST" name="verifyStatisticsWithFilters" finished-at="2026-03-25T23:03:05 IST" duration-ms="4790" status="PASS">
          <reporter-output>
          </reporter-output>
        </test-method> <!-- verifyStatisticsWithFilters -->
        <test-method is-config="true" signature="pageRefresh()[pri:0, instance:com.qa.gyruslearner.testcases.DashboardPageTestCase@33d512c1]" started-at="2026-03-25T23:03:05 IST" name="pageRefresh" finished-at="2026-03-25T23:03:05 IST" duration-ms="9" status="PASS">
          <reporter-output>
          </reporter-output>
        </test-method> <!-- pageRefresh -->
        <test-method signature="verifyLearningStatusInProgressDataTest()[pri:11, instance:com.qa.gyruslearner.testcases.DashboardPageTestCase@33d512c1]" started-at="2026-03-25T23:03:05 IST" name="verifyLearningStatusInProgressDataTest" finished-at="2026-03-25T23:03:07 IST" duration-ms="1572" status="PASS">
          <reporter-output>
          </reporter-output>
        </test-method> <!-- verifyLearningStatusInProgressDataTest -->
        <test-method is-config="true" signature="pageRefresh()[pri:0, instance:com.qa.gyruslearner.testcases.DashboardPageTestCase@33d512c1]" started-at="2026-03-25T23:03:07 IST" name="pageRefresh" finished-at="2026-03-25T23:03:07 IST" duration-ms="8" status="PASS">
          <reporter-output>
          </reporter-output>
        </test-method> <!-- pageRefresh -->
        <test-method signature="verifyLearningStatusNotStartedDataTest()[pri:12, instance:com.qa.gyruslearner.testcases.DashboardPageTestCase@33d512c1]" started-at="2026-03-25T23:03:07 IST" name="verifyLearningStatusNotStartedDataTest" finished-at="2026-03-25T23:03:11 IST" duration-ms="3922" status="PASS">
          <reporter-output>
          </reporter-output>
        </test-method> <!-- verifyLearningStatusNotStartedDataTest -->
        <test-method is-config="true" signature="pageRefresh()[pri:0, instance:com.qa.gyruslearner.testcases.DashboardPageTestCase@33d512c1]" started-at="2026-03-25T23:03:11 IST" name="pageRefresh" finished-at="2026-03-25T23:03:11 IST" duration-ms="9" status="PASS">
          <reporter-output>
          </reporter-output>
        </test-method> <!-- pageRefresh -->
        <test-method signature="verifyMySheduleDataTest()[pri:13, instance:com.qa.gyruslearner.testcases.DashboardPageTestCase@33d512c1]" started-at="2026-03-25T23:03:11 IST" name="verifyMySheduleDataTest" finished-at="2026-03-25T23:03:21 IST" duration-ms="10301" status="PASS">
          <reporter-output>
          </reporter-output>
        </test-method> <!-- verifyMySheduleDataTest -->
        <test-method is-config="true" signature="pageRefresh()[pri:0, instance:com.qa.gyruslearner.testcases.DashboardPageTestCase@33d512c1]" started-at="2026-03-25T23:03:21 IST" name="pageRefresh" finished-at="2026-03-25T23:03:21 IST" duration-ms="10" status="PASS">
          <reporter-output>
          </reporter-output>
        </test-method> <!-- pageRefresh -->
        <test-method signature="verifyAssignedTrainingsRecentlyAssignedDataTest()[pri:14, instance:com.qa.gyruslearner.testcases.DashboardPageTestCase@33d512c1]" started-at="2026-03-25T23:03:21 IST" name="verifyAssignedTrainingsRecentlyAssignedDataTest" finished-at="2026-03-25T23:03:22 IST" duration-ms="624" status="PASS">
          <reporter-output>
          </reporter-output>
        </test-method> <!-- verifyAssignedTrainingsRecentlyAssignedDataTest -->
        <test-method is-config="true" signature="pageRefresh()[pri:0, instance:com.qa.gyruslearner.testcases.DashboardPageTestCase@33d512c1]" started-at="2026-03-25T23:03:22 IST" name="pageRefresh" finished-at="2026-03-25T23:03:22 IST" duration-ms="7" status="PASS">
          <reporter-output>
          </reporter-output>
        </test-method> <!-- pageRefresh -->
        <test-method signature="verifyAssignedTrainingsDueDataTest()[pri:15, instance:com.qa.gyruslearner.testcases.DashboardPageTestCase@33d512c1]" started-at="2026-03-25T23:03:22 IST" name="verifyAssignedTrainingsDueDataTest" finished-at="2026-03-25T23:03:32 IST" duration-ms="10170" status="PASS">
          <reporter-output>
          </reporter-output>
        </test-method> <!-- verifyAssignedTrainingsDueDataTest -->
        <test-method is-config="true" signature="pageRefresh()[pri:0, instance:com.qa.gyruslearner.testcases.DashboardPageTestCase@33d512c1]" started-at="2026-03-25T23:03:32 IST" name="pageRefresh" finished-at="2026-03-25T23:03:32 IST" duration-ms="7" status="PASS">
          <reporter-output>
          </reporter-output>
        </test-method> <!-- pageRefresh -->
        <test-method signature="verifyAssignedTrainingsOverDueDataTest()[pri:16, instance:com.qa.gyruslearner.testcases.DashboardPageTestCase@33d512c1]" started-at="2026-03-25T23:03:32 IST" name="verifyAssignedTrainingsOverDueDataTest" finished-at="2026-03-25T23:03:36 IST" duration-ms="3600" status="PASS">
          <reporter-output>
          </reporter-output>
        </test-method> <!-- verifyAssignedTrainingsOverDueDataTest -->
        <test-method is-config="true" signature="pageRefresh()[pri:0, instance:com.qa.gyruslearner.testcases.DashboardPageTestCase@33d512c1]" started-at="2026-03-25T23:03:36 IST" name="pageRefresh" finished-at="2026-03-25T23:03:36 IST" duration-ms="7" status="PASS">
          <reporter-output>
          </reporter-output>
        </test-method> <!-- pageRefresh -->
        <test-method signature="verifyRecentBadgesDataTest()[pri:17, instance:com.qa.gyruslearner.testcases.DashboardPageTestCase@33d512c1]" started-at="2026-03-25T23:03:36 IST" name="verifyRecentBadgesDataTest" finished-at="2026-03-25T23:03:36 IST" duration-ms="188" status="PASS">
          <reporter-output>
          </reporter-output>
        </test-method> <!-- verifyRecentBadgesDataTest -->
        <test-method is-config="true" signature="pageRefresh()[pri:0, instance:com.qa.gyruslearner.testcases.DashboardPageTestCase@33d512c1]" started-at="2026-03-25T23:03:36 IST" name="pageRefresh" finished-at="2026-03-25T23:03:36 IST" duration-ms="10" status="PASS">
          <reporter-output>
          </reporter-output>
        </test-method> <!-- pageRefresh -->
        <test-method signature="verifyLeaderboardDataTest()[pri:18, instance:com.qa.gyruslearner.testcases.DashboardPageTestCase@33d512c1]" started-at="2026-03-25T23:03:36 IST" name="verifyLeaderboardDataTest" finished-at="2026-03-25T23:03:36 IST" duration-ms="248" status="PASS">
          <reporter-output>
          </reporter-output>
        </test-method> <!-- verifyLeaderboardDataTest -->
        <test-method is-config="true" signature="pageRefresh()[pri:0, instance:com.qa.gyruslearner.testcases.DashboardPageTestCase@33d512c1]" started-at="2026-03-25T23:03:36 IST" name="pageRefresh" finished-at="2026-03-25T23:03:36 IST" duration-ms="8" status="PASS">
          <reporter-output>
          </reporter-output>
        </test-method> <!-- pageRefresh -->
        <test-method signature="verifyActivityFeedsDataTest()[pri:19, instance:com.qa.gyruslearner.testcases.DashboardPageTestCase@33d512c1]" started-at="2026-03-25T23:03:36 IST" name="verifyActivityFeedsDataTest" finished-at="2026-03-25T23:03:37 IST" duration-ms="884" status="PASS">
          <reporter-output>
          </reporter-output>
        </test-method> <!-- verifyActivityFeedsDataTest -->
        <test-method is-config="true" signature="pageRefresh()[pri:0, instance:com.qa.gyruslearner.testcases.DashboardPageTestCase@33d512c1]" started-at="2026-03-25T23:03:37 IST" name="pageRefresh" finished-at="2026-03-25T23:03:37 IST" duration-ms="8" status="PASS">
          <reporter-output>
          </reporter-output>
        </test-method> <!-- pageRefresh -->
        <test-method signature="verifyCertificationsDataTest()[pri:20, instance:com.qa.gyruslearner.testcases.DashboardPageTestCase@33d512c1]" started-at="2026-03-25T23:03:37 IST" name="verifyCertificationsDataTest" finished-at="2026-03-25T23:03:38 IST" duration-ms="894" status="PASS">
          <reporter-output>
          </reporter-output>
        </test-method> <!-- verifyCertificationsDataTest -->
        <test-method is-config="true" signature="tearDown()[pri:0, instance:com.qa.gyruslearner.testcases.DashboardPageTestCase@33d512c1]" started-at="2026-03-25T23:03:38 IST" name="tearDown" finished-at="2026-03-25T23:03:38 IST" duration-ms="250" status="PASS">
          <reporter-output>
          </reporter-output>
        </test-method> <!-- tearDown -->
      </class> <!-- com.qa.gyruslearner.testcases.DashboardPageTestCase -->
    </test> <!-- Default test -->
  </suite> <!-- Default suite -->
</testng-results>
