<?xml version="1.0" encoding="UTF-8"?>
<testng-results ignored="0" total="12" passed="12" failed="0" skipped="0">
  <reporter-output>
  </reporter-output>
  <suite started-at="2026-03-24T18:46:53 IST" name="Default suite" finished-at="2026-03-24T18:47:46 IST" duration-ms="53076">
    <groups>
    </groups>
    <test started-at="2026-03-24T18:46:53 IST" name="Default test" finished-at="2026-03-24T18:47:46 IST" duration-ms="53076">
      <class name="com.qa.gyruslearner.testcases.DashboardPageTestCase">
        <test-method is-config="true" signature="setUp()[pri:0, instance:com.qa.gyruslearner.testcases.DashboardPageTestCase@65fb9ffc]" started-at="2026-03-24T18:46:53 IST" name="setUp" finished-at="2026-03-24T18:46:58 IST" duration-ms="4732" status="PASS">
          <reporter-output>
          </reporter-output>
        </test-method> <!-- setUp -->
        <test-method is-config="true" signature="pageRefresh()[pri:0, instance:com.qa.gyruslearner.testcases.DashboardPageTestCase@65fb9ffc]" started-at="2026-03-24T18:46:58 IST" name="pageRefresh" finished-at="2026-03-24T18:47:17 IST" duration-ms="18816" status="PASS">
          <reporter-output>
          </reporter-output>
        </test-method> <!-- pageRefresh -->
        <test-method signature="dashBoardUrlTest()[pri:1, instance:com.qa.gyruslearner.testcases.DashboardPageTestCase@65fb9ffc]" started-at="2026-03-24T18:47:17 IST" name="dashBoardUrlTest" finished-at="2026-03-24T18:47:17 IST" duration-ms="61" status="PASS">
          <reporter-output>
          </reporter-output>
        </test-method> <!-- dashBoardUrlTest -->
        <test-method is-config="true" signature="pageRefresh()[pri:0, instance:com.qa.gyruslearner.testcases.DashboardPageTestCase@65fb9ffc]" started-at="2026-03-24T18:47:17 IST" name="pageRefresh" finished-at="2026-03-24T18:47:17 IST" duration-ms="45" status="PASS">
          <reporter-output>
          </reporter-output>
        </test-method> <!-- pageRefresh -->
        <test-method signature="dashBoardPageTitleTest()[pri:2, instance:com.qa.gyruslearner.testcases.DashboardPageTestCase@65fb9ffc]" started-at="2026-03-24T18:47:17 IST" name="dashBoardPageTitleTest" finished-at="2026-03-24T18:47:17 IST" duration-ms="19" status="PASS">
          <reporter-output>
          </reporter-output>
        </test-method> <!-- dashBoardPageTitleTest -->
        <test-method is-config="true" signature="pageRefresh()[pri:0, instance:com.qa.gyruslearner.testcases.DashboardPageTestCase@65fb9ffc]" started-at="2026-03-24T18:47:17 IST" name="pageRefresh" finished-at="2026-03-24T18:47:17 IST" duration-ms="13" status="PASS">
          <reporter-output>
          </reporter-output>
        </test-method> <!-- pageRefresh -->
        <test-method signature="VerifyCompanyLogoInDashBoardTest()[pri:3, instance:com.qa.gyruslearner.testcases.DashboardPageTestCase@65fb9ffc]" started-at="2026-03-24T18:47:17 IST" name="VerifyCompanyLogoInDashBoardTest" finished-at="2026-03-24T18:47:20 IST" duration-ms="2969" status="PASS">
          <reporter-output>
          </reporter-output>
        </test-method> <!-- VerifyCompanyLogoInDashBoardTest -->
        <test-method is-config="true" signature="pageRefresh()[pri:0, instance:com.qa.gyruslearner.testcases.DashboardPageTestCase@65fb9ffc]" started-at="2026-03-24T18:47:20 IST" name="pageRefresh" finished-at="2026-03-24T18:47:20 IST" duration-ms="8" status="PASS">
          <reporter-output>
          </reporter-output>
        </test-method> <!-- pageRefresh -->
        <test-method signature="verifyWelcomeHeadertextTest()[pri:4, instance:com.qa.gyruslearner.testcases.DashboardPageTestCase@65fb9ffc]" started-at="2026-03-24T18:47:20 IST" name="verifyWelcomeHeadertextTest" finished-at="2026-03-24T18:47:21 IST" duration-ms="882" status="PASS">
          <reporter-output>
          </reporter-output>
        </test-method> <!-- verifyWelcomeHeadertextTest -->
        <test-method is-config="true" signature="pageRefresh()[pri:0, instance:com.qa.gyruslearner.testcases.DashboardPageTestCase@65fb9ffc]" started-at="2026-03-24T18:47:21 IST" name="pageRefresh" finished-at="2026-03-24T18:47:21 IST" duration-ms="15" status="PASS">
          <reporter-output>
          </reporter-output>
        </test-method> <!-- pageRefresh -->
        <test-method signature="verifyCalenderDisplayTest()[pri:5, instance:com.qa.gyruslearner.testcases.DashboardPageTestCase@65fb9ffc]" started-at="2026-03-24T18:47:21 IST" name="verifyCalenderDisplayTest" finished-at="2026-03-24T18:47:24 IST" duration-ms="3274" status="PASS">
          <reporter-output>
          </reporter-output>
        </test-method> <!-- verifyCalenderDisplayTest -->
        <test-method is-config="true" signature="pageRefresh()[pri:0, instance:com.qa.gyruslearner.testcases.DashboardPageTestCase@65fb9ffc]" started-at="2026-03-24T18:47:24 IST" name="pageRefresh" finished-at="2026-03-24T18:47:24 IST" duration-ms="19" status="PASS">
          <reporter-output>
          </reporter-output>
        </test-method> <!-- pageRefresh -->
        <test-method signature="verifyProfilePopUpTest()[pri:6, instance:com.qa.gyruslearner.testcases.DashboardPageTestCase@65fb9ffc]" started-at="2026-03-24T18:47:24 IST" name="verifyProfilePopUpTest" finished-at="2026-03-24T18:47:25 IST" duration-ms="828" status="PASS">
          <reporter-output>
          </reporter-output>
        </test-method> <!-- verifyProfilePopUpTest -->
        <test-method is-config="true" signature="pageRefresh()[pri:0, instance:com.qa.gyruslearner.testcases.DashboardPageTestCase@65fb9ffc]" started-at="2026-03-24T18:47:25 IST" name="pageRefresh" finished-at="2026-03-24T18:47:25 IST" duration-ms="7" status="PASS">
          <reporter-output>
          </reporter-output>
        </test-method> <!-- pageRefresh -->
        <test-method signature="verifyQuickLinksTest()[pri:7, instance:com.qa.gyruslearner.testcases.DashboardPageTestCase@65fb9ffc]" started-at="2026-03-24T18:47:25 IST" name="verifyQuickLinksTest" finished-at="2026-03-24T18:47:27 IST" duration-ms="2348" status="PASS">
          <reporter-output>
          </reporter-output>
        </test-method> <!-- verifyQuickLinksTest -->
        <test-method is-config="true" signature="pageRefresh()[pri:0, instance:com.qa.gyruslearner.testcases.DashboardPageTestCase@65fb9ffc]" started-at="2026-03-24T18:47:27 IST" name="pageRefresh" finished-at="2026-03-24T18:47:27 IST" duration-ms="13" status="PASS">
          <reporter-output>
          </reporter-output>
        </test-method> <!-- pageRefresh -->
        <test-method signature="verifyStatisticsDisplayed()[pri:8, instance:com.qa.gyruslearner.testcases.DashboardPageTestCase@65fb9ffc]" started-at="2026-03-24T18:47:27 IST" name="verifyStatisticsDisplayed" finished-at="2026-03-24T18:47:28 IST" duration-ms="432" status="PASS">
          <reporter-output>
          </reporter-output>
        </test-method> <!-- verifyStatisticsDisplayed -->
        <test-method is-config="true" signature="pageRefresh()[pri:0, instance:com.qa.gyruslearner.testcases.DashboardPageTestCase@65fb9ffc]" started-at="2026-03-24T18:47:28 IST" name="pageRefresh" finished-at="2026-03-24T18:47:28 IST" duration-ms="6" status="PASS">
          <reporter-output>
          </reporter-output>
        </test-method> <!-- pageRefresh -->
        <test-method signature="verifyStatisticsWithFilters()[pri:9, instance:com.qa.gyruslearner.testcases.DashboardPageTestCase@65fb9ffc]" started-at="2026-03-24T18:47:28 IST" name="verifyStatisticsWithFilters" finished-at="2026-03-24T18:47:37 IST" duration-ms="9817" status="PASS">
          <reporter-output>
          </reporter-output>
        </test-method> <!-- verifyStatisticsWithFilters -->
        <test-method is-config="true" signature="pageRefresh()[pri:0, instance:com.qa.gyruslearner.testcases.DashboardPageTestCase@65fb9ffc]" started-at="2026-03-24T18:47:37 IST" name="pageRefresh" finished-at="2026-03-24T18:47:37 IST" duration-ms="8" status="PASS">
          <reporter-output>
          </reporter-output>
        </test-method> <!-- pageRefresh -->
        <test-method signature="verifyLearningStatusInProgressDataTest()[pri:11, instance:com.qa.gyruslearner.testcases.DashboardPageTestCase@65fb9ffc]" started-at="2026-03-24T18:47:37 IST" name="verifyLearningStatusInProgressDataTest" finished-at="2026-03-24T18:47:40 IST" duration-ms="2262" status="PASS">
          <reporter-output>
          </reporter-output>
        </test-method> <!-- verifyLearningStatusInProgressDataTest -->
        <test-method is-config="true" signature="pageRefresh()[pri:0, instance:com.qa.gyruslearner.testcases.DashboardPageTestCase@65fb9ffc]" started-at="2026-03-24T18:47:40 IST" name="pageRefresh" finished-at="2026-03-24T18:47:40 IST" duration-ms="5" status="PASS">
          <reporter-output>
          </reporter-output>
        </test-method> <!-- pageRefresh -->
        <test-method signature="verifyLearningStatusNotStartedDataTest()[pri:12, instance:com.qa.gyruslearner.testcases.DashboardPageTestCase@65fb9ffc]" started-at="2026-03-24T18:47:40 IST" name="verifyLearningStatusNotStartedDataTest" finished-at="2026-03-24T18:47:45 IST" duration-ms="5799" status="PASS">
          <reporter-output>
          </reporter-output>
        </test-method> <!-- verifyLearningStatusNotStartedDataTest -->
        <test-method is-config="true" signature="pageRefresh()[pri:0, instance:com.qa.gyruslearner.testcases.DashboardPageTestCase@65fb9ffc]" started-at="2026-03-24T18:47:45 IST" name="pageRefresh" finished-at="2026-03-24T18:47:45 IST" duration-ms="6" status="PASS">
          <reporter-output>
          </reporter-output>
        </test-method> <!-- pageRefresh -->
        <test-method signature="verifyMySheduleDataTest()[pri:13, instance:com.qa.gyruslearner.testcases.DashboardPageTestCase@65fb9ffc]" started-at="2026-03-24T18:47:45 IST" name="verifyMySheduleDataTest" finished-at="2026-03-24T18:47:46 IST" duration-ms="372" status="PASS">
          <reporter-output>
          </reporter-output>
        </test-method> <!-- verifyMySheduleDataTest -->
        <test-method is-config="true" signature="tearDown()[pri:0, instance:com.qa.gyruslearner.testcases.DashboardPageTestCase@65fb9ffc]" started-at="2026-03-24T18:47:46 IST" name="tearDown" finished-at="2026-03-24T18:47:46 IST" duration-ms="209" status="PASS">
          <reporter-output>
          </reporter-output>
        </test-method> <!-- tearDown -->
      </class> <!-- com.qa.gyruslearner.testcases.DashboardPageTestCase -->
    </test> <!-- Default test -->
  </suite> <!-- Default suite -->
</testng-results>
