<?xml version="1.0" encoding="UTF-8"?>
<testng-results ignored="0" total="16" passed="16" failed="0" skipped="0">
  <reporter-output>
  </reporter-output>
  <suite started-at="2025-09-09T18:56:45 IST" name="Default suite" finished-at="2025-09-09T18:57:32 IST" duration-ms="46301">
    <groups>
    </groups>
    <test started-at="2025-09-09T18:56:45 IST" name="Default test" finished-at="2025-09-09T18:57:32 IST" duration-ms="46301">
      <class name="com.qa.gyruslearner.testcases.LoginPageTestCase">
        <test-method is-config="true" signature="setUp()[pri:0, instance:com.qa.gyruslearner.testcases.LoginPageTestCase@34123d65]" started-at="2025-09-09T18:56:45 IST" name="setUp" finished-at="2025-09-09T18:56:51 IST" duration-ms="5886" status="PASS">
          <reporter-output>
          </reporter-output>
        </test-method> <!-- setUp -->
        <test-method is-config="true" signature="goToLoginPage()[pri:0, instance:com.qa.gyruslearner.testcases.LoginPageTestCase@34123d65]" started-at="2025-09-09T18:56:51 IST" name="goToLoginPage" finished-at="2025-09-09T18:56:52 IST" duration-ms="480" status="PASS">
          <reporter-output>
          </reporter-output>
        </test-method> <!-- goToLoginPage -->
        <test-method signature="LoginPageTitleTest()[pri:1, instance:com.qa.gyruslearner.testcases.LoginPageTestCase@34123d65]" started-at="2025-09-09T18:56:52 IST" name="LoginPageTitleTest" description="TC_LOGIN_001 : Verify the page title matches expected." finished-at="2025-09-09T18:56:52 IST" duration-ms="32" status="PASS">
          <reporter-output>
          </reporter-output>
        </test-method> <!-- LoginPageTitleTest -->
        <test-method is-config="true" signature="goToLoginPage()[pri:0, instance:com.qa.gyruslearner.testcases.LoginPageTestCase@34123d65]" started-at="2025-09-09T18:56:52 IST" name="goToLoginPage" finished-at="2025-09-09T18:56:53 IST" duration-ms="734" status="PASS">
          <reporter-output>
          </reporter-output>
        </test-method> <!-- goToLoginPage -->
        <test-method signature="LoginPageUrlTest()[pri:2, instance:com.qa.gyruslearner.testcases.LoginPageTestCase@34123d65]" started-at="2025-09-09T18:56:53 IST" name="LoginPageUrlTest" description="TC_LOGIN_002 :Verify the Login Page URL matches the expected." finished-at="2025-09-09T18:56:53 IST" duration-ms="19" status="PASS">
          <reporter-output>
          </reporter-output>
        </test-method> <!-- LoginPageUrlTest -->
        <test-method is-config="true" signature="goToLoginPage()[pri:0, instance:com.qa.gyruslearner.testcases.LoginPageTestCase@34123d65]" started-at="2025-09-09T18:56:53 IST" name="goToLoginPage" finished-at="2025-09-09T18:56:53 IST" duration-ms="436" status="PASS">
          <reporter-output>
          </reporter-output>
        </test-method> <!-- goToLoginPage -->
        <test-method signature="isCompanyLogoExitsTest()[pri:3, instance:com.qa.gyruslearner.testcases.LoginPageTestCase@34123d65]" started-at="2025-09-09T18:56:53 IST" name="isCompanyLogoExitsTest" description="TC_LOGIN_003 : Verify company  logo presence" finished-at="2025-09-09T18:56:53 IST" duration-ms="39" status="PASS">
          <reporter-output>
          </reporter-output>
        </test-method> <!-- isCompanyLogoExitsTest -->
        <test-method is-config="true" signature="goToLoginPage()[pri:0, instance:com.qa.gyruslearner.testcases.LoginPageTestCase@34123d65]" started-at="2025-09-09T18:56:53 IST" name="goToLoginPage" finished-at="2025-09-09T18:56:53 IST" duration-ms="438" status="PASS">
          <reporter-output>
          </reporter-output>
        </test-method> <!-- goToLoginPage -->
        <test-method signature="isBackGroundImageExitsTest()[pri:4, instance:com.qa.gyruslearner.testcases.LoginPageTestCase@34123d65]" started-at="2025-09-09T18:56:53 IST" name="isBackGroundImageExitsTest" description="TC_LOGIN_004 : Verify BackGround Image presence" finished-at="2025-09-09T18:56:54 IST" duration-ms="27" status="PASS">
          <reporter-output>
          </reporter-output>
        </test-method> <!-- isBackGroundImageExitsTest -->
        <test-method is-config="true" signature="goToLoginPage()[pri:0, instance:com.qa.gyruslearner.testcases.LoginPageTestCase@34123d65]" started-at="2025-09-09T18:56:54 IST" name="goToLoginPage" finished-at="2025-09-09T18:56:54 IST" duration-ms="480" status="PASS">
          <reporter-output>
          </reporter-output>
        </test-method> <!-- goToLoginPage -->
        <test-method signature="verifyLoginHeadertextTest()[pri:5, instance:com.qa.gyruslearner.testcases.LoginPageTestCase@34123d65]" started-at="2025-09-09T18:56:54 IST" name="verifyLoginHeadertextTest" description="TC_LOGIN_005 : Verify that the Login header is displayed on the login page." finished-at="2025-09-09T18:56:54 IST" duration-ms="51" status="PASS">
          <reporter-output>
          </reporter-output>
        </test-method> <!-- verifyLoginHeadertextTest -->
        <test-method is-config="true" signature="goToLoginPage()[pri:0, instance:com.qa.gyruslearner.testcases.LoginPageTestCase@34123d65]" started-at="2025-09-09T18:56:54 IST" name="goToLoginPage" finished-at="2025-09-09T18:56:54 IST" duration-ms="432" status="PASS">
          <reporter-output>
          </reporter-output>
        </test-method> <!-- goToLoginPage -->
        <test-method signature="verifyUsernameAndPasswordFieldsTest()[pri:6, instance:com.qa.gyruslearner.testcases.LoginPageTestCase@34123d65]" started-at="2025-09-09T18:56:54 IST" name="verifyUsernameAndPasswordFieldsTest" description="TC_LOGIN_006: Verify Username and Password fields is display and Enable. " finished-at="2025-09-09T18:56:55 IST" duration-ms="84" status="PASS">
          <reporter-output>
          </reporter-output>
        </test-method> <!-- verifyUsernameAndPasswordFieldsTest -->
        <test-method is-config="true" signature="goToLoginPage()[pri:0, instance:com.qa.gyruslearner.testcases.LoginPageTestCase@34123d65]" started-at="2025-09-09T18:56:55 IST" name="goToLoginPage" finished-at="2025-09-09T18:56:55 IST" duration-ms="453" status="PASS">
          <reporter-output>
          </reporter-output>
        </test-method> <!-- goToLoginPage -->
        <test-method signature="isSingInbuttonExitsAndEnableTest()[pri:7, instance:com.qa.gyruslearner.testcases.LoginPageTestCase@34123d65]" started-at="2025-09-09T18:56:55 IST" name="isSingInbuttonExitsAndEnableTest" finished-at="2025-09-09T18:56:55 IST" duration-ms="66" status="PASS">
          <reporter-output>
          </reporter-output>
        </test-method> <!-- isSingInbuttonExitsAndEnableTest -->
        <test-method is-config="true" signature="goToLoginPage()[pri:0, instance:com.qa.gyruslearner.testcases.LoginPageTestCase@34123d65]" started-at="2025-09-09T18:56:55 IST" name="goToLoginPage" finished-at="2025-09-09T18:56:56 IST" duration-ms="438" status="PASS">
          <reporter-output>
          </reporter-output>
        </test-method> <!-- goToLoginPage -->
        <test-method signature="verifyForgotPasswordTest()[pri:8, instance:com.qa.gyruslearner.testcases.LoginPageTestCase@34123d65]" started-at="2025-09-09T18:56:56 IST" name="verifyForgotPasswordTest" finished-at="2025-09-09T18:56:56 IST" duration-ms="43" status="PASS">
          <reporter-output>
          </reporter-output>
        </test-method> <!-- verifyForgotPasswordTest -->
        <test-method is-config="true" signature="goToLoginPage()[pri:0, instance:com.qa.gyruslearner.testcases.LoginPageTestCase@34123d65]" started-at="2025-09-09T18:56:56 IST" name="goToLoginPage" finished-at="2025-09-09T18:56:56 IST" duration-ms="448" status="PASS">
          <reporter-output>
          </reporter-output>
        </test-method> <!-- goToLoginPage -->
        <test-method signature="verifySignUplinkButtonTest()[pri:9, instance:com.qa.gyruslearner.testcases.LoginPageTestCase@34123d65]" started-at="2025-09-09T18:56:56 IST" name="verifySignUplinkButtonTest" finished-at="2025-09-09T18:56:56 IST" duration-ms="50" status="PASS">
          <reporter-output>
          </reporter-output>
        </test-method> <!-- verifySignUplinkButtonTest -->
        <test-method is-config="true" signature="goToLoginPage()[pri:0, instance:com.qa.gyruslearner.testcases.LoginPageTestCase@34123d65]" started-at="2025-09-09T18:56:56 IST" name="goToLoginPage" finished-at="2025-09-09T18:56:57 IST" duration-ms="456" status="PASS">
          <reporter-output>
          </reporter-output>
        </test-method> <!-- goToLoginPage -->
        <test-method signature="verifyPasswordFieldEncryptedTest()[pri:10, instance:com.qa.gyruslearner.testcases.LoginPageTestCase@34123d65]" started-at="2025-09-09T18:56:57 IST" name="verifyPasswordFieldEncryptedTest" finished-at="2025-09-09T18:56:57 IST" duration-ms="141" status="PASS">
          <reporter-output>
          </reporter-output>
        </test-method> <!-- verifyPasswordFieldEncryptedTest -->
        <test-method is-config="true" signature="goToLoginPage()[pri:0, instance:com.qa.gyruslearner.testcases.LoginPageTestCase@34123d65]" started-at="2025-09-09T18:56:57 IST" name="goToLoginPage" finished-at="2025-09-09T18:56:57 IST" duration-ms="480" status="PASS">
          <reporter-output>
          </reporter-output>
        </test-method> <!-- goToLoginPage -->
        <test-method signature="verifyFirstTimeLoginRedirectsToChangePasswordTest()[pri:11, instance:com.qa.gyruslearner.testcases.LoginPageTestCase@34123d65]" started-at="2025-09-09T18:56:57 IST" name="verifyFirstTimeLoginRedirectsToChangePasswordTest" finished-at="2025-09-09T18:57:08 IST" duration-ms="10756" status="PASS">
          <reporter-output>
          </reporter-output>
        </test-method> <!-- verifyFirstTimeLoginRedirectsToChangePasswordTest -->
        <test-method is-config="true" signature="goToLoginPage()[pri:0, instance:com.qa.gyruslearner.testcases.LoginPageTestCase@34123d65]" started-at="2025-09-09T18:57:08 IST" name="goToLoginPage" finished-at="2025-09-09T18:57:08 IST" duration-ms="441" status="PASS">
          <reporter-output>
          </reporter-output>
        </test-method> <!-- goToLoginPage -->
        <test-method signature="verifyValidUserNameAndWrongPassTest1()[pri:12, instance:com.qa.gyruslearner.testcases.LoginPageTestCase@34123d65]" started-at="2025-09-09T18:57:08 IST" name="verifyValidUserNameAndWrongPassTest1" finished-at="2025-09-09T18:57:09 IST" duration-ms="751" status="PASS">
          <reporter-output>
          </reporter-output>
        </test-method> <!-- verifyValidUserNameAndWrongPassTest1 -->
        <test-method is-config="true" signature="goToLoginPage()[pri:0, instance:com.qa.gyruslearner.testcases.LoginPageTestCase@34123d65]" started-at="2025-09-09T18:57:09 IST" name="goToLoginPage" finished-at="2025-09-09T18:57:10 IST" duration-ms="430" status="PASS">
          <reporter-output>
          </reporter-output>
        </test-method> <!-- goToLoginPage -->
        <test-method signature="verifyWrongUserNameAndValidPassTest()[pri:13, instance:com.qa.gyruslearner.testcases.LoginPageTestCase@34123d65]" started-at="2025-09-09T18:57:10 IST" name="verifyWrongUserNameAndValidPassTest" finished-at="2025-09-09T18:57:15 IST" duration-ms="5271" status="PASS">
          <reporter-output>
          </reporter-output>
        </test-method> <!-- verifyWrongUserNameAndValidPassTest -->
        <test-method is-config="true" signature="goToLoginPage()[pri:0, instance:com.qa.gyruslearner.testcases.LoginPageTestCase@34123d65]" started-at="2025-09-09T18:57:15 IST" name="goToLoginPage" finished-at="2025-09-09T18:57:15 IST" duration-ms="456" status="PASS">
          <reporter-output>
          </reporter-output>
        </test-method> <!-- goToLoginPage -->
        <test-method signature="verifyLastLoginAttemptMessage()[pri:14, instance:com.qa.gyruslearner.testcases.LoginPageTestCase@34123d65]" started-at="2025-09-09T18:57:15 IST" name="verifyLastLoginAttemptMessage" finished-at="2025-09-09T18:57:19 IST" duration-ms="3725" status="PASS">
          <reporter-output>
          </reporter-output>
        </test-method> <!-- verifyLastLoginAttemptMessage -->
        <test-method is-config="true" signature="goToLoginPage()[pri:0, instance:com.qa.gyruslearner.testcases.LoginPageTestCase@34123d65]" started-at="2025-09-09T18:57:19 IST" name="goToLoginPage" finished-at="2025-09-09T18:57:19 IST" duration-ms="453" status="PASS">
          <reporter-output>
          </reporter-output>
        </test-method> <!-- goToLoginPage -->
        <test-method signature="verifyAccountLockAfterFailedAttemptTest()[pri:15, instance:com.qa.gyruslearner.testcases.LoginPageTestCase@34123d65]" started-at="2025-09-09T18:57:19 IST" name="verifyAccountLockAfterFailedAttemptTest" finished-at="2025-09-09T18:57:21 IST" duration-ms="1205" status="PASS">
          <reporter-output>
          </reporter-output>
        </test-method> <!-- verifyAccountLockAfterFailedAttemptTest -->
        <test-method is-config="true" signature="goToLoginPage()[pri:0, instance:com.qa.gyruslearner.testcases.LoginPageTestCase@34123d65]" started-at="2025-09-09T18:57:21 IST" name="goToLoginPage" finished-at="2025-09-09T18:57:21 IST" duration-ms="449" status="PASS">
          <reporter-output>
          </reporter-output>
        </test-method> <!-- goToLoginPage -->
        <test-method signature="verifyValidLoginTest()[pri:16, instance:com.qa.gyruslearner.testcases.LoginPageTestCase@34123d65]" started-at="2025-09-09T18:57:21 IST" name="verifyValidLoginTest" finished-at="2025-09-09T18:57:31 IST" duration-ms="10263" status="PASS">
          <reporter-output>
          </reporter-output>
        </test-method> <!-- verifyValidLoginTest -->
        <test-method is-config="true" signature="tearDown()[pri:0, instance:com.qa.gyruslearner.testcases.LoginPageTestCase@34123d65]" started-at="2025-09-09T18:57:31 IST" name="tearDown" finished-at="2025-09-09T18:57:32 IST" duration-ms="306" status="PASS">
          <reporter-output>
          </reporter-output>
        </test-method> <!-- tearDown -->
      </class> <!-- com.qa.gyruslearner.testcases.LoginPageTestCase -->
    </test> <!-- Default test -->
  </suite> <!-- Default suite -->
</testng-results>
