<?xml version="1.0" encoding="UTF-8"?>
<testng-results ignored="0" total="12" passed="11" failed="1" skipped="0">
  <reporter-output>
  </reporter-output>
  <suite started-at="2025-11-10T17:26:37 IST" name="Default suite" finished-at="2025-11-10T17:27:29 IST" duration-ms="52328">
    <groups>
    </groups>
    <test started-at="2025-11-10T17:26:37 IST" name="Default test" finished-at="2025-11-10T17:27:29 IST" duration-ms="52328">
      <class name="com.qa.gyruslearner.testcases.DashboardPageTestCase">
        <test-method is-config="true" signature="setUp()[pri:0, instance:com.qa.gyruslearner.testcases.DashboardPageTestCase@73a1e9a9]" started-at="2025-11-10T17:26:37 IST" name="setUp" finished-at="2025-11-10T17:26:44 IST" duration-ms="7066" status="PASS">
          <reporter-output>
          </reporter-output>
        </test-method> <!-- setUp -->
        <test-method is-config="true" signature="pageRefresh()[pri:0, instance:com.qa.gyruslearner.testcases.DashboardPageTestCase@73a1e9a9]" started-at="2025-11-10T17:26:44 IST" name="pageRefresh" finished-at="2025-11-10T17:26:44 IST" duration-ms="430" status="PASS">
          <reporter-output>
          </reporter-output>
        </test-method> <!-- pageRefresh -->
        <test-method signature="dashBoardUrlTest()[pri:1, instance:com.qa.gyruslearner.testcases.DashboardPageTestCase@73a1e9a9]" started-at="2025-11-10T17:26:44 IST" name="dashBoardUrlTest" finished-at="2025-11-10T17:26:50 IST" duration-ms="5572" status="PASS">
          <reporter-output>
          </reporter-output>
        </test-method> <!-- dashBoardUrlTest -->
        <test-method is-config="true" signature="pageRefresh()[pri:0, instance:com.qa.gyruslearner.testcases.DashboardPageTestCase@73a1e9a9]" started-at="2025-11-10T17:26:50 IST" name="pageRefresh" finished-at="2025-11-10T17:26:50 IST" duration-ms="34" status="PASS">
          <reporter-output>
          </reporter-output>
        </test-method> <!-- pageRefresh -->
        <test-method signature="dashBoardPageTitleTest()[pri:2, instance:com.qa.gyruslearner.testcases.DashboardPageTestCase@73a1e9a9]" started-at="2025-11-10T17:26:50 IST" name="dashBoardPageTitleTest" finished-at="2025-11-10T17:26:55 IST" duration-ms="5174" status="FAIL">
          <exception class="java.lang.AssertionError">
            <message>
              <![CDATA[expected [Dashboard] but found [enuDASHBOARD]]]>
            </message>
            <full-stacktrace>
              <![CDATA[java.lang.AssertionError: expected [Dashboard] but found [enuDASHBOARD]
at org.testng.Assert.fail(Assert.java:111)
at org.testng.Assert.failNotEquals(Assert.java:1578)
at org.testng.Assert.assertEqualsImpl(Assert.java:150)
at org.testng.Assert.assertEquals(Assert.java:132)
at org.testng.Assert.assertEquals(Assert.java:656)
at org.testng.Assert.assertEquals(Assert.java:666)
at com.qa.gyruslearner.testcases.DashboardPageTestCase.dashBoardPageTitleTest(DashboardPageTestCase.java:71)
at java.base/jdk.internal.reflect.DirectMethodHandleAccessor.invoke(DirectMethodHandleAccessor.java:103)
at java.base/java.lang.reflect.Method.invoke(Method.java:580)
at org.testng.internal.invokers.MethodInvocationHelper.invokeMethod(MethodInvocationHelper.java:139)
at org.testng.internal.invokers.TestInvoker.invokeMethod(TestInvoker.java:664)
at org.testng.internal.invokers.TestInvoker.invokeTestMethod(TestInvoker.java:228)
at org.testng.internal.invokers.MethodRunner.runInSequence(MethodRunner.java:63)
at org.testng.internal.invokers.TestInvoker$MethodInvocationAgent.invoke(TestInvoker.java:961)
at org.testng.internal.invokers.TestInvoker.invokeTestMethods(TestInvoker.java:201)
at org.testng.internal.invokers.TestMethodWorker.invokeTestMethods(TestMethodWorker.java:148)
at org.testng.internal.invokers.TestMethodWorker.run(TestMethodWorker.java:128)
at java.base/java.util.ArrayList.forEach(ArrayList.java:1596)
at org.testng.TestRunner.privateRun(TestRunner.java:819)
at org.testng.TestRunner.run(TestRunner.java:619)
at org.testng.SuiteRunner.runTest(SuiteRunner.java:443)
at org.testng.SuiteRunner.runSequentially(SuiteRunner.java:437)
at org.testng.SuiteRunner.privateRun(SuiteRunner.java:397)
at org.testng.SuiteRunner.run(SuiteRunner.java:336)
at org.testng.SuiteRunnerWorker.runSuite(SuiteRunnerWorker.java:52)
at org.testng.SuiteRunnerWorker.run(SuiteRunnerWorker.java:95)
at org.testng.TestNG.runSuitesSequentially(TestNG.java:1301)
at org.testng.TestNG.runSuitesLocally(TestNG.java:1228)
at org.testng.TestNG.runSuites(TestNG.java:1134)
at org.testng.TestNG.run(TestNG.java:1101)
at org.testng.remote.AbstractRemoteTestNG.run(AbstractRemoteTestNG.java:115)
at org.testng.remote.RemoteTestNG.initAndRun(RemoteTestNG.java:293)
at org.testng.remote.RemoteTestNG.main(RemoteTestNG.java:91)
]]>
            </full-stacktrace>
          </exception> <!-- java.lang.AssertionError -->
          <reporter-output>
          </reporter-output>
        </test-method> <!-- dashBoardPageTitleTest -->
        <test-method is-config="true" signature="pageRefresh()[pri:0, instance:com.qa.gyruslearner.testcases.DashboardPageTestCase@73a1e9a9]" started-at="2025-11-10T17:26:55 IST" name="pageRefresh" finished-at="2025-11-10T17:26:55 IST" duration-ms="14" status="PASS">
          <reporter-output>
          </reporter-output>
        </test-method> <!-- pageRefresh -->
        <test-method signature="VerifyCompanyLogoInDashBoardTest()[pri:3, instance:com.qa.gyruslearner.testcases.DashboardPageTestCase@73a1e9a9]" started-at="2025-11-10T17:26:55 IST" name="VerifyCompanyLogoInDashBoardTest" finished-at="2025-11-10T17:26:56 IST" duration-ms="1086" status="PASS">
          <reporter-output>
          </reporter-output>
        </test-method> <!-- VerifyCompanyLogoInDashBoardTest -->
        <test-method is-config="true" signature="pageRefresh()[pri:0, instance:com.qa.gyruslearner.testcases.DashboardPageTestCase@73a1e9a9]" started-at="2025-11-10T17:26:56 IST" name="pageRefresh" finished-at="2025-11-10T17:26:56 IST" duration-ms="11" status="PASS">
          <reporter-output>
          </reporter-output>
        </test-method> <!-- pageRefresh -->
        <test-method signature="verifyWelcomeHeadertextTest()[pri:4, instance:com.qa.gyruslearner.testcases.DashboardPageTestCase@73a1e9a9]" started-at="2025-11-10T17:26:56 IST" name="verifyWelcomeHeadertextTest" finished-at="2025-11-10T17:26:59 IST" duration-ms="2312" status="PASS">
          <reporter-output>
          </reporter-output>
        </test-method> <!-- verifyWelcomeHeadertextTest -->
        <test-method is-config="true" signature="pageRefresh()[pri:0, instance:com.qa.gyruslearner.testcases.DashboardPageTestCase@73a1e9a9]" started-at="2025-11-10T17:26:59 IST" name="pageRefresh" finished-at="2025-11-10T17:26:59 IST" duration-ms="8" status="PASS">
          <reporter-output>
          </reporter-output>
        </test-method> <!-- pageRefresh -->
        <test-method signature="verifyHeaderIconsFunctionality()[pri:6, instance:com.qa.gyruslearner.testcases.DashboardPageTestCase@73a1e9a9]" started-at="2025-11-10T17:26:59 IST" name="verifyHeaderIconsFunctionality" finished-at="2025-11-10T17:26:59 IST" duration-ms="810" status="PASS">
          <reporter-output>
          </reporter-output>
        </test-method> <!-- verifyHeaderIconsFunctionality -->
        <test-method is-config="true" signature="pageRefresh()[pri:0, instance:com.qa.gyruslearner.testcases.DashboardPageTestCase@73a1e9a9]" started-at="2025-11-10T17:26:59 IST" name="pageRefresh" finished-at="2025-11-10T17:26:59 IST" duration-ms="33" status="PASS">
          <reporter-output>
          </reporter-output>
        </test-method> <!-- pageRefresh -->
        <test-method signature="verifyCartPopUpTest()[pri:7, instance:com.qa.gyruslearner.testcases.DashboardPageTestCase@73a1e9a9]" started-at="2025-11-10T17:26:59 IST" name="verifyCartPopUpTest" finished-at="2025-11-10T17:27:01 IST" duration-ms="1160" status="PASS">
          <reporter-output>
          </reporter-output>
        </test-method> <!-- verifyCartPopUpTest -->
        <test-method is-config="true" signature="pageRefresh()[pri:0, instance:com.qa.gyruslearner.testcases.DashboardPageTestCase@73a1e9a9]" started-at="2025-11-10T17:27:01 IST" name="pageRefresh" finished-at="2025-11-10T17:27:01 IST" duration-ms="21" status="PASS">
          <reporter-output>
          </reporter-output>
        </test-method> <!-- pageRefresh -->
        <test-method signature="verifyCalenderDisplayTest()[pri:8, instance:com.qa.gyruslearner.testcases.DashboardPageTestCase@73a1e9a9]" started-at="2025-11-10T17:27:01 IST" name="verifyCalenderDisplayTest" finished-at="2025-11-10T17:27:01 IST" duration-ms="115" status="PASS">
          <reporter-output>
          </reporter-output>
        </test-method> <!-- verifyCalenderDisplayTest -->
        <test-method is-config="true" signature="pageRefresh()[pri:0, instance:com.qa.gyruslearner.testcases.DashboardPageTestCase@73a1e9a9]" started-at="2025-11-10T17:27:01 IST" name="pageRefresh" finished-at="2025-11-10T17:27:01 IST" duration-ms="15" status="PASS">
          <reporter-output>
          </reporter-output>
        </test-method> <!-- pageRefresh -->
        <test-method signature="verifyNotificationPopUpTest()[pri:9, instance:com.qa.gyruslearner.testcases.DashboardPageTestCase@73a1e9a9]" started-at="2025-11-10T17:27:01 IST" name="verifyNotificationPopUpTest" finished-at="2025-11-10T17:27:02 IST" duration-ms="885" status="PASS">
          <reporter-output>
          </reporter-output>
        </test-method> <!-- verifyNotificationPopUpTest -->
        <test-method is-config="true" signature="pageRefresh()[pri:0, instance:com.qa.gyruslearner.testcases.DashboardPageTestCase@73a1e9a9]" started-at="2025-11-10T17:27:02 IST" name="pageRefresh" finished-at="2025-11-10T17:27:02 IST" duration-ms="8" status="PASS">
          <reporter-output>
          </reporter-output>
        </test-method> <!-- pageRefresh -->
        <test-method signature="verifyProfilePopUpTest()[pri:10, instance:com.qa.gyruslearner.testcases.DashboardPageTestCase@73a1e9a9]" started-at="2025-11-10T17:27:02 IST" name="verifyProfilePopUpTest" finished-at="2025-11-10T17:27:02 IST" duration-ms="494" status="PASS">
          <reporter-output>
          </reporter-output>
        </test-method> <!-- verifyProfilePopUpTest -->
        <test-method is-config="true" signature="pageRefresh()[pri:0, instance:com.qa.gyruslearner.testcases.DashboardPageTestCase@73a1e9a9]" started-at="2025-11-10T17:27:02 IST" name="pageRefresh" finished-at="2025-11-10T17:27:02 IST" duration-ms="14" status="PASS">
          <reporter-output>
          </reporter-output>
        </test-method> <!-- pageRefresh -->
        <test-method signature="verifyQuickLinksPopupTest()[pri:11, instance:com.qa.gyruslearner.testcases.DashboardPageTestCase@73a1e9a9]" started-at="2025-11-10T17:27:02 IST" name="verifyQuickLinksPopupTest" finished-at="2025-11-10T17:27:03 IST" duration-ms="888" status="PASS">
          <reporter-output>
          </reporter-output>
        </test-method> <!-- verifyQuickLinksPopupTest -->
        <test-method is-config="true" signature="pageRefresh()[pri:0, instance:com.qa.gyruslearner.testcases.DashboardPageTestCase@73a1e9a9]" started-at="2025-11-10T17:27:03 IST" name="pageRefresh" finished-at="2025-11-10T17:27:03 IST" duration-ms="9" status="PASS">
          <reporter-output>
          </reporter-output>
        </test-method> <!-- pageRefresh -->
        <test-method signature="verifyStatisticsDisplayed()[pri:12, instance:com.qa.gyruslearner.testcases.DashboardPageTestCase@73a1e9a9]" started-at="2025-11-10T17:27:03 IST" name="verifyStatisticsDisplayed" finished-at="2025-11-10T17:27:09 IST" duration-ms="6301" status="PASS">
          <reporter-output>
          </reporter-output>
        </test-method> <!-- verifyStatisticsDisplayed -->
        <test-method is-config="true" signature="pageRefresh()[pri:0, instance:com.qa.gyruslearner.testcases.DashboardPageTestCase@73a1e9a9]" started-at="2025-11-10T17:27:09 IST" name="pageRefresh" finished-at="2025-11-10T17:27:09 IST" duration-ms="7" status="PASS">
          <reporter-output>
          </reporter-output>
        </test-method> <!-- pageRefresh -->
        <test-method signature="verifyStatisticsWithFilters()[pri:13, instance:com.qa.gyruslearner.testcases.DashboardPageTestCase@73a1e9a9]" started-at="2025-11-10T17:27:09 IST" name="verifyStatisticsWithFilters" finished-at="2025-11-10T17:27:29 IST" duration-ms="19493" status="PASS">
          <reporter-output>
          </reporter-output>
        </test-method> <!-- verifyStatisticsWithFilters -->
        <test-method is-config="true" signature="tearDown()[pri:0, instance:com.qa.gyruslearner.testcases.DashboardPageTestCase@73a1e9a9]" started-at="2025-11-10T17:27:29 IST" name="tearDown" finished-at="2025-11-10T17:27:29 IST" duration-ms="276" status="PASS">
          <reporter-output>
          </reporter-output>
        </test-method> <!-- tearDown -->
      </class> <!-- com.qa.gyruslearner.testcases.DashboardPageTestCase -->
    </test> <!-- Default test -->
  </suite> <!-- Default suite -->
</testng-results>
