<?xml version="1.0" encoding="UTF-8"?>
<testng-results ignored="0" total="16" passed="13" failed="3" skipped="0">
  <reporter-output>
  </reporter-output>
  <suite started-at="2026-03-31T00:30:47 IST" name="Default suite" finished-at="2026-03-31T00:31:34 IST" duration-ms="46552">
    <groups>
    </groups>
    <test started-at="2026-03-31T00:30:47 IST" name="Default test" finished-at="2026-03-31T00:31:34 IST" duration-ms="46552">
      <class name="com.qa.gyruslearner.testcases.LoginPageTestCase">
        <test-method is-config="true" signature="setUp()[pri:0, instance:com.qa.gyruslearner.testcases.LoginPageTestCase@6631f5ca]" started-at="2026-03-31T00:30:47 IST" name="setUp" finished-at="2026-03-31T00:30:52 IST" duration-ms="5123" status="PASS">
          <reporter-output>
          </reporter-output>
        </test-method> <!-- setUp -->
        <test-method is-config="true" signature="goToLoginPage()[pri:0, instance:com.qa.gyruslearner.testcases.LoginPageTestCase@6631f5ca]" started-at="2026-03-31T00:30:52 IST" name="goToLoginPage" finished-at="2026-03-31T00:30:53 IST" duration-ms="413" status="PASS">
          <reporter-output>
          </reporter-output>
        </test-method> <!-- goToLoginPage -->
        <test-method signature="LoginPageTitleTest()[pri:1, instance:com.qa.gyruslearner.testcases.LoginPageTestCase@6631f5ca]" started-at="2026-03-31T00:30:53 IST" name="LoginPageTitleTest" description="TC_LOGIN_001 : Verify the page title matches expected." finished-at="2026-03-31T00:30:53 IST" duration-ms="37" status="PASS">
          <reporter-output>
          </reporter-output>
        </test-method> <!-- LoginPageTitleTest -->
        <test-method is-config="true" signature="goToLoginPage()[pri:0, instance:com.qa.gyruslearner.testcases.LoginPageTestCase@6631f5ca]" started-at="2026-03-31T00:30:53 IST" name="goToLoginPage" finished-at="2026-03-31T00:30:53 IST" duration-ms="411" status="PASS">
          <reporter-output>
          </reporter-output>
        </test-method> <!-- goToLoginPage -->
        <test-method signature="LoginPageUrlTest()[pri:2, instance:com.qa.gyruslearner.testcases.LoginPageTestCase@6631f5ca]" started-at="2026-03-31T00:30:53 IST" name="LoginPageUrlTest" description="TC_LOGIN_002 :Verify the Login Page URL matches the expected." finished-at="2026-03-31T00:30:53 IST" duration-ms="28" status="PASS">
          <reporter-output>
          </reporter-output>
        </test-method> <!-- LoginPageUrlTest -->
        <test-method is-config="true" signature="goToLoginPage()[pri:0, instance:com.qa.gyruslearner.testcases.LoginPageTestCase@6631f5ca]" started-at="2026-03-31T00:30:53 IST" name="goToLoginPage" finished-at="2026-03-31T00:30:53 IST" duration-ms="397" status="PASS">
          <reporter-output>
          </reporter-output>
        </test-method> <!-- goToLoginPage -->
        <test-method signature="isCompanyLogoExitsTest()[pri:3, instance:com.qa.gyruslearner.testcases.LoginPageTestCase@6631f5ca]" started-at="2026-03-31T00:30:53 IST" name="isCompanyLogoExitsTest" description="TC_LOGIN_003 : Verify company  logo presence" finished-at="2026-03-31T00:30:54 IST" duration-ms="66" status="PASS">
          <reporter-output>
          </reporter-output>
        </test-method> <!-- isCompanyLogoExitsTest -->
        <test-method is-config="true" signature="goToLoginPage()[pri:0, instance:com.qa.gyruslearner.testcases.LoginPageTestCase@6631f5ca]" started-at="2026-03-31T00:30:54 IST" name="goToLoginPage" finished-at="2026-03-31T00:30:54 IST" duration-ms="335" status="PASS">
          <reporter-output>
          </reporter-output>
        </test-method> <!-- goToLoginPage -->
        <test-method signature="isBackGroundImageExitsTest()[pri:4, instance:com.qa.gyruslearner.testcases.LoginPageTestCase@6631f5ca]" started-at="2026-03-31T00:30:54 IST" name="isBackGroundImageExitsTest" description="TC_LOGIN_004 : Verify BackGround Image presence" finished-at="2026-03-31T00:30:54 IST" duration-ms="90" status="PASS">
          <reporter-output>
          </reporter-output>
        </test-method> <!-- isBackGroundImageExitsTest -->
        <test-method is-config="true" signature="goToLoginPage()[pri:0, instance:com.qa.gyruslearner.testcases.LoginPageTestCase@6631f5ca]" started-at="2026-03-31T00:30:54 IST" name="goToLoginPage" finished-at="2026-03-31T00:30:54 IST" duration-ms="441" status="PASS">
          <reporter-output>
          </reporter-output>
        </test-method> <!-- goToLoginPage -->
        <test-method signature="verifyLoginHeadertextTest()[pri:5, instance:com.qa.gyruslearner.testcases.LoginPageTestCase@6631f5ca]" started-at="2026-03-31T00:30:54 IST" name="verifyLoginHeadertextTest" description="TC_LOGIN_005 : Verify that the Login header is displayed on the login page." finished-at="2026-03-31T00:30:55 IST" duration-ms="73" status="PASS">
          <reporter-output>
          </reporter-output>
        </test-method> <!-- verifyLoginHeadertextTest -->
        <test-method is-config="true" signature="goToLoginPage()[pri:0, instance:com.qa.gyruslearner.testcases.LoginPageTestCase@6631f5ca]" started-at="2026-03-31T00:30:55 IST" name="goToLoginPage" finished-at="2026-03-31T00:30:55 IST" duration-ms="401" status="PASS">
          <reporter-output>
          </reporter-output>
        </test-method> <!-- goToLoginPage -->
        <test-method signature="verifyUsernameAndPasswordFieldsTest()[pri:6, instance:com.qa.gyruslearner.testcases.LoginPageTestCase@6631f5ca]" started-at="2026-03-31T00:30:55 IST" name="verifyUsernameAndPasswordFieldsTest" description="TC_LOGIN_006: Verify Username and Password fields is display and Enable. " finished-at="2026-03-31T00:30:55 IST" duration-ms="90" status="PASS">
          <reporter-output>
          </reporter-output>
        </test-method> <!-- verifyUsernameAndPasswordFieldsTest -->
        <test-method is-config="true" signature="goToLoginPage()[pri:0, instance:com.qa.gyruslearner.testcases.LoginPageTestCase@6631f5ca]" started-at="2026-03-31T00:30:55 IST" name="goToLoginPage" finished-at="2026-03-31T00:30:55 IST" duration-ms="364" status="PASS">
          <reporter-output>
          </reporter-output>
        </test-method> <!-- goToLoginPage -->
        <test-method signature="isSingInbuttonExitsAndEnableTest()[pri:7, instance:com.qa.gyruslearner.testcases.LoginPageTestCase@6631f5ca]" started-at="2026-03-31T00:30:55 IST" name="isSingInbuttonExitsAndEnableTest" finished-at="2026-03-31T00:30:55 IST" duration-ms="58" status="PASS">
          <reporter-output>
          </reporter-output>
        </test-method> <!-- isSingInbuttonExitsAndEnableTest -->
        <test-method is-config="true" signature="goToLoginPage()[pri:0, instance:com.qa.gyruslearner.testcases.LoginPageTestCase@6631f5ca]" started-at="2026-03-31T00:30:55 IST" name="goToLoginPage" finished-at="2026-03-31T00:30:56 IST" duration-ms="426" status="PASS">
          <reporter-output>
          </reporter-output>
        </test-method> <!-- goToLoginPage -->
        <test-method signature="verifyForgotPasswordTest()[pri:8, instance:com.qa.gyruslearner.testcases.LoginPageTestCase@6631f5ca]" started-at="2026-03-31T00:30:56 IST" name="verifyForgotPasswordTest" finished-at="2026-03-31T00:30:56 IST" duration-ms="64" status="PASS">
          <reporter-output>
          </reporter-output>
        </test-method> <!-- verifyForgotPasswordTest -->
        <test-method is-config="true" signature="goToLoginPage()[pri:0, instance:com.qa.gyruslearner.testcases.LoginPageTestCase@6631f5ca]" started-at="2026-03-31T00:30:56 IST" name="goToLoginPage" finished-at="2026-03-31T00:30:56 IST" duration-ms="382" status="PASS">
          <reporter-output>
          </reporter-output>
        </test-method> <!-- goToLoginPage -->
        <test-method signature="verifySignUplinkButtonTest()[pri:9, instance:com.qa.gyruslearner.testcases.LoginPageTestCase@6631f5ca]" started-at="2026-03-31T00:30:56 IST" name="verifySignUplinkButtonTest" finished-at="2026-03-31T00:31:06 IST" duration-ms="10108" status="FAIL">
          <exception class="org.openqa.selenium.NoSuchElementException">
            <message>
              <![CDATA[no such element: Unable to locate element: {"method":"xpath","selector":"//*[text()='Sign Up']"}
  (Session info: chrome=146.0.7680.153)
For documentation on this error, please visit: https://www.selenium.dev/documentation/webdriver/troubleshooting/errors#no-such-element-exception
Build info: version: '4.27.0', revision: 'd6e718d134'
System info: os.name: 'Windows 11', os.arch: 'amd64', os.version: '10.0', java.version: '21.0.8'
Driver info: org.openqa.selenium.chrome.ChromeDriver
Command: [8050a0f17783cf1e72327658b8596af6, findElement {using=xpath, value=//*[text()='Sign Up']}]
Capabilities {acceptInsecureCerts: false, browserName: chrome, browserVersion: 146.0.7680.153, chrome: {chromedriverVersion: 146.0.7680.165 (4b989da09e1..., userDataDir: C:\Users\DINESH~1\AppData\L...}, fedcm:accounts: true, goog:chromeOptions: {debuggerAddress: localhost:51285}, goog:processID: 28532, networkConnectionEnabled: false, pageLoadStrategy: normal, platformName: windows, proxy: Proxy(), se:cdp: ws://localhost:51285/devtoo..., se:cdpVersion: 146.0.7680.153, setWindowRect: true, strictFileInteractability: false, timeouts: {implicit: 0, pageLoad: 300000, script: 30000}, unhandledPromptBehavior: dismiss and notify, webauthn:extension:credBlob: true, webauthn:extension:largeBlob: true, webauthn:extension:minPinLength: true, webauthn:extension:prf: true, webauthn:virtualAuthenticators: true}
Session ID: 8050a0f17783cf1e72327658b8596af6]]>
            </message>
            <full-stacktrace>
              <![CDATA[org.openqa.selenium.NoSuchElementException: no such element: Unable to locate element: {"method":"xpath","selector":"//*[text()='Sign Up']"}
  (Session info: chrome=146.0.7680.153)
For documentation on this error, please visit: https://www.selenium.dev/documentation/webdriver/troubleshooting/errors#no-such-element-exception
Build info: version: '4.27.0', revision: 'd6e718d134'
System info: os.name: 'Windows 11', os.arch: 'amd64', os.version: '10.0', java.version: '21.0.8'
Driver info: org.openqa.selenium.chrome.ChromeDriver
Command: [8050a0f17783cf1e72327658b8596af6, findElement {using=xpath, value=//*[text()='Sign Up']}]
Capabilities {acceptInsecureCerts: false, browserName: chrome, browserVersion: 146.0.7680.153, chrome: {chromedriverVersion: 146.0.7680.165 (4b989da09e1..., userDataDir: C:\Users\DINESH~1\AppData\L...}, fedcm:accounts: true, goog:chromeOptions: {debuggerAddress: localhost:51285}, goog:processID: 28532, networkConnectionEnabled: false, pageLoadStrategy: normal, platformName: windows, proxy: Proxy(), se:cdp: ws://localhost:51285/devtoo..., se:cdpVersion: 146.0.7680.153, setWindowRect: true, strictFileInteractability: false, timeouts: {implicit: 0, pageLoad: 300000, script: 30000}, unhandledPromptBehavior: dismiss and notify, webauthn:extension:credBlob: true, webauthn:extension:largeBlob: true, webauthn:extension:minPinLength: true, webauthn:extension:prf: true, webauthn:virtualAuthenticators: true}
Session ID: 8050a0f17783cf1e72327658b8596af6
at java.base/jdk.internal.reflect.DirectConstructorHandleAccessor.newInstance(DirectConstructorHandleAccessor.java:62)
at java.base/java.lang.reflect.Constructor.newInstanceWithCaller(Constructor.java:502)
at java.base/java.lang.reflect.Constructor.newInstance(Constructor.java:486)
at org.openqa.selenium.remote.ErrorCodec.decode(ErrorCodec.java:167)
at org.openqa.selenium.remote.codec.w3c.W3CHttpResponseCodec.decode(W3CHttpResponseCodec.java:138)
at org.openqa.selenium.remote.codec.w3c.W3CHttpResponseCodec.decode(W3CHttpResponseCodec.java:50)
at org.openqa.selenium.remote.HttpCommandExecutor.execute(HttpCommandExecutor.java:190)
at org.openqa.selenium.remote.service.DriverCommandExecutor.invokeExecute(DriverCommandExecutor.java:216)
at org.openqa.selenium.remote.service.DriverCommandExecutor.execute(DriverCommandExecutor.java:174)
at org.openqa.selenium.remote.RemoteWebDriver.execute(RemoteWebDriver.java:545)
at org.openqa.selenium.remote.ElementLocation$ElementFinder$2.findElement(ElementLocation.java:165)
at org.openqa.selenium.remote.ElementLocation.findElement(ElementLocation.java:59)
at org.openqa.selenium.remote.RemoteWebDriver.findElement(RemoteWebDriver.java:368)
at org.openqa.selenium.remote.RemoteWebDriver.findElement(RemoteWebDriver.java:362)
at org.openqa.selenium.support.pagefactory.DefaultElementLocator.findElement(DefaultElementLocator.java:68)
at org.openqa.selenium.support.pagefactory.internal.LocatingElementHandler.invoke(LocatingElementHandler.java:38)
at jdk.proxy2/jdk.proxy2.$Proxy14.isDisplayed(Unknown Source)
at com.qa.gyruslearner.util.ElementUtil.isElementDisplayed(ElementUtil.java:121)
at com.qa.gyruslearner.pages.LoginPage.isSignUpExits(LoginPage.java:124)
at com.qa.gyruslearner.testcases.LoginPageTestCase.verifySignUplinkButtonTest(LoginPageTestCase.java:147)
at java.base/jdk.internal.reflect.DirectMethodHandleAccessor.invoke(DirectMethodHandleAccessor.java:103)
at java.base/java.lang.reflect.Method.invoke(Method.java:580)
at org.testng.internal.invokers.MethodInvocationHelper.invokeMethod(MethodInvocationHelper.java:139)
at org.testng.internal.invokers.TestInvoker.invokeMethod(TestInvoker.java:664)
at org.testng.internal.invokers.TestInvoker.invokeTestMethod(TestInvoker.java:228)
at org.testng.internal.invokers.MethodRunner.runInSequence(MethodRunner.java:63)
at org.testng.internal.invokers.TestInvoker$MethodInvocationAgent.invoke(TestInvoker.java:961)
at org.testng.internal.invokers.TestInvoker.invokeTestMethods(TestInvoker.java:201)
at org.testng.internal.invokers.TestMethodWorker.invokeTestMethods(TestMethodWorker.java:148)
at org.testng.internal.invokers.TestMethodWorker.run(TestMethodWorker.java:128)
at java.base/java.util.ArrayList.forEach(ArrayList.java:1596)
at org.testng.TestRunner.privateRun(TestRunner.java:819)
at org.testng.TestRunner.run(TestRunner.java:619)
at org.testng.SuiteRunner.runTest(SuiteRunner.java:443)
at org.testng.SuiteRunner.runSequentially(SuiteRunner.java:437)
at org.testng.SuiteRunner.privateRun(SuiteRunner.java:397)
at org.testng.SuiteRunner.run(SuiteRunner.java:336)
at org.testng.SuiteRunnerWorker.runSuite(SuiteRunnerWorker.java:52)
at org.testng.SuiteRunnerWorker.run(SuiteRunnerWorker.java:95)
at org.testng.TestNG.runSuitesSequentially(TestNG.java:1301)
at org.testng.TestNG.runSuitesLocally(TestNG.java:1228)
at org.testng.TestNG.runSuites(TestNG.java:1134)
at org.testng.TestNG.run(TestNG.java:1101)
at org.testng.remote.AbstractRemoteTestNG.run(AbstractRemoteTestNG.java:115)
at org.testng.remote.RemoteTestNG.initAndRun(RemoteTestNG.java:293)
at org.testng.remote.RemoteTestNG.main(RemoteTestNG.java:91)
]]>
            </full-stacktrace>
          </exception> <!-- org.openqa.selenium.NoSuchElementException -->
          <reporter-output>
          </reporter-output>
        </test-method> <!-- verifySignUplinkButtonTest -->
        <test-method is-config="true" signature="goToLoginPage()[pri:0, instance:com.qa.gyruslearner.testcases.LoginPageTestCase@6631f5ca]" started-at="2026-03-31T00:31:06 IST" name="goToLoginPage" finished-at="2026-03-31T00:31:07 IST" duration-ms="435" status="PASS">
          <reporter-output>
          </reporter-output>
        </test-method> <!-- goToLoginPage -->
        <test-method signature="verifyPasswordFieldEncryptedTest()[pri:10, instance:com.qa.gyruslearner.testcases.LoginPageTestCase@6631f5ca]" started-at="2026-03-31T00:31:07 IST" name="verifyPasswordFieldEncryptedTest" finished-at="2026-03-31T00:31:07 IST" duration-ms="201" status="PASS">
          <reporter-output>
          </reporter-output>
        </test-method> <!-- verifyPasswordFieldEncryptedTest -->
        <test-method is-config="true" signature="goToLoginPage()[pri:0, instance:com.qa.gyruslearner.testcases.LoginPageTestCase@6631f5ca]" started-at="2026-03-31T00:31:08 IST" name="goToLoginPage" finished-at="2026-03-31T00:31:08 IST" duration-ms="455" status="PASS">
          <reporter-output>
          </reporter-output>
        </test-method> <!-- goToLoginPage -->
        <test-method signature="verifyFirstTimeLoginRedirectsToChangePasswordTest(java.lang.String,java.lang.String)[pri:11, instance:com.qa.gyruslearner.testcases.LoginPageTestCase@6631f5ca]" started-at="2026-03-31T00:31:08 IST" name="verifyFirstTimeLoginRedirectsToChangePasswordTest" data-provider="getFirstTimeLoginSheetData" finished-at="2026-03-31T00:31:18 IST" duration-ms="9550" status="PASS">
          <params>
            <param index="0">
              <value>
                <![CDATA[TTeam03]]>
              </value>
            </param>
            <param index="1">
              <value>
                <![CDATA[123]]>
              </value>
            </param>
          </params>
          <reporter-output>
          </reporter-output>
        </test-method> <!-- verifyFirstTimeLoginRedirectsToChangePasswordTest -->
        <test-method is-config="true" signature="goToLoginPage()[pri:0, instance:com.qa.gyruslearner.testcases.LoginPageTestCase@6631f5ca]" started-at="2026-03-31T00:31:18 IST" name="goToLoginPage" finished-at="2026-03-31T00:31:21 IST" duration-ms="3145" status="PASS">
          <reporter-output>
          </reporter-output>
        </test-method> <!-- goToLoginPage -->
        <test-method signature="verifyValidUserNameAndWrongPassTest(java.lang.String,java.lang.String)[pri:12, instance:com.qa.gyruslearner.testcases.LoginPageTestCase@6631f5ca]" started-at="2026-03-31T00:31:21 IST" name="verifyValidUserNameAndWrongPassTest" data-provider="getValidUserNameAndWrongPassSheetData" finished-at="2026-03-31T00:31:22 IST" duration-ms="1279" status="PASS">
          <params>
            <param index="0">
              <value>
                <![CDATA[tteam07]]>
              </value>
            </param>
            <param index="1">
              <value>
                <![CDATA[123456]]>
              </value>
            </param>
          </params>
          <reporter-output>
          </reporter-output>
        </test-method> <!-- verifyValidUserNameAndWrongPassTest -->
        <test-method is-config="true" signature="goToLoginPage()[pri:0, instance:com.qa.gyruslearner.testcases.LoginPageTestCase@6631f5ca]" started-at="2026-03-31T00:31:22 IST" name="goToLoginPage" finished-at="2026-03-31T00:31:23 IST" duration-ms="435" status="PASS">
          <reporter-output>
          </reporter-output>
        </test-method> <!-- goToLoginPage -->
        <test-method signature="verifyWrongUserNameAndValidPassTest(java.lang.String,java.lang.String)[pri:13, instance:com.qa.gyruslearner.testcases.LoginPageTestCase@6631f5ca]" started-at="2026-03-31T00:31:23 IST" name="verifyWrongUserNameAndValidPassTest" data-provider="getWrongUserNameAndValidPassSheetData" finished-at="2026-03-31T00:31:24 IST" duration-ms="935" status="FAIL">
          <params>
            <param index="0">
              <value>
                <![CDATA[tteam07]]>
              </value>
            </param>
            <param index="1">
              <value>
                <![CDATA[123456]]>
              </value>
            </param>
          </params>
          <exception class="java.lang.AssertionError">
            <message>
              <![CDATA[expected [Invalid username or password] but found [Invalid username or password. You have one Attempt remaining. Click on forgot password to get your username or password]]]>
            </message>
            <full-stacktrace>
              <![CDATA[java.lang.AssertionError: expected [Invalid username or password] but found [Invalid username or password. You have one Attempt remaining. Click on forgot password to get your username or password]
at org.testng.Assert.fail(Assert.java:111)
at org.testng.Assert.failNotEquals(Assert.java:1578)
at org.testng.Assert.assertEqualsImpl(Assert.java:150)
at org.testng.Assert.assertEquals(Assert.java:132)
at org.testng.Assert.assertEquals(Assert.java:656)
at org.testng.Assert.assertEquals(Assert.java:666)
at com.qa.gyruslearner.testcases.LoginPageTestCase.verifyWrongUserNameAndValidPassTest(LoginPageTestCase.java:231)
at java.base/jdk.internal.reflect.DirectMethodHandleAccessor.invoke(DirectMethodHandleAccessor.java:103)
at java.base/java.lang.reflect.Method.invoke(Method.java:580)
at org.testng.internal.invokers.MethodInvocationHelper.invokeMethod(MethodInvocationHelper.java:139)
at org.testng.internal.invokers.TestInvoker.invokeMethod(TestInvoker.java:664)
at org.testng.internal.invokers.TestInvoker.invokeTestMethod(TestInvoker.java:228)
at org.testng.internal.invokers.MethodRunner.runInSequence(MethodRunner.java:63)
at org.testng.internal.invokers.TestInvoker$MethodInvocationAgent.invoke(TestInvoker.java:961)
at org.testng.internal.invokers.TestInvoker.invokeTestMethods(TestInvoker.java:201)
at org.testng.internal.invokers.TestMethodWorker.invokeTestMethods(TestMethodWorker.java:148)
at org.testng.internal.invokers.TestMethodWorker.run(TestMethodWorker.java:128)
at java.base/java.util.ArrayList.forEach(ArrayList.java:1596)
at org.testng.TestRunner.privateRun(TestRunner.java:819)
at org.testng.TestRunner.run(TestRunner.java:619)
at org.testng.SuiteRunner.runTest(SuiteRunner.java:443)
at org.testng.SuiteRunner.runSequentially(SuiteRunner.java:437)
at org.testng.SuiteRunner.privateRun(SuiteRunner.java:397)
at org.testng.SuiteRunner.run(SuiteRunner.java:336)
at org.testng.SuiteRunnerWorker.runSuite(SuiteRunnerWorker.java:52)
at org.testng.SuiteRunnerWorker.run(SuiteRunnerWorker.java:95)
at org.testng.TestNG.runSuitesSequentially(TestNG.java:1301)
at org.testng.TestNG.runSuitesLocally(TestNG.java:1228)
at org.testng.TestNG.runSuites(TestNG.java:1134)
at org.testng.TestNG.run(TestNG.java:1101)
at org.testng.remote.AbstractRemoteTestNG.run(AbstractRemoteTestNG.java:115)
at org.testng.remote.RemoteTestNG.initAndRun(RemoteTestNG.java:293)
at org.testng.remote.RemoteTestNG.main(RemoteTestNG.java:91)
]]>
            </full-stacktrace>
          </exception> <!-- java.lang.AssertionError -->
          <reporter-output>
          </reporter-output>
        </test-method> <!-- verifyWrongUserNameAndValidPassTest -->
        <test-method is-config="true" signature="goToLoginPage()[pri:0, instance:com.qa.gyruslearner.testcases.LoginPageTestCase@6631f5ca]" started-at="2026-03-31T00:31:24 IST" name="goToLoginPage" finished-at="2026-03-31T00:31:24 IST" duration-ms="478" status="PASS">
          <reporter-output>
          </reporter-output>
        </test-method> <!-- goToLoginPage -->
        <test-method signature="verifyLastLoginAttemptMessageTest(java.lang.String,java.lang.String)[pri:14, instance:com.qa.gyruslearner.testcases.LoginPageTestCase@6631f5ca]" started-at="2026-03-31T00:31:24 IST" name="verifyLastLoginAttemptMessageTest" data-provider="getLastLoginAttemptMessageSheetData" finished-at="2026-03-31T00:31:27 IST" duration-ms="2730" status="PASS">
          <params>
            <param index="0">
              <value>
                <![CDATA[tteam08]]>
              </value>
            </param>
            <param index="1">
              <value>
                <![CDATA[123545]]>
              </value>
            </param>
          </params>
          <reporter-output>
          </reporter-output>
        </test-method> <!-- verifyLastLoginAttemptMessageTest -->
        <test-method is-config="true" signature="goToLoginPage()[pri:0, instance:com.qa.gyruslearner.testcases.LoginPageTestCase@6631f5ca]" started-at="2026-03-31T00:31:27 IST" name="goToLoginPage" finished-at="2026-03-31T00:31:28 IST" duration-ms="463" status="PASS">
          <reporter-output>
          </reporter-output>
        </test-method> <!-- goToLoginPage -->
        <test-method signature="verifyAccountLockAfterFailedAttemptTest(java.lang.String,java.lang.String)[pri:15, instance:com.qa.gyruslearner.testcases.LoginPageTestCase@6631f5ca]" started-at="2026-03-31T00:31:28 IST" name="verifyAccountLockAfterFailedAttemptTest" data-provider="getAccountLockAfterFailedAttemptSheetData" finished-at="2026-03-31T00:31:29 IST" depends-on-methods="com.qa.gyruslearner.testcases.LoginPageTestCase.verifyLastLoginAttemptMessageTest" duration-ms="1547" status="FAIL">
          <params>
            <param index="0">
              <value>
                <![CDATA[tteam08]]>
              </value>
            </param>
            <param index="1">
              <value>
                <![CDATA[123]]>
              </value>
            </param>
          </params>
          <exception class="java.lang.AssertionError">
            <message>
              <![CDATA[Unexpected toast message: Your Account has been blocked. Please contact system administrator or wait 24 hours. expected [true] but found [false]]]>
            </message>
            <full-stacktrace>
              <![CDATA[java.lang.AssertionError: Unexpected toast message: Your Account has been blocked. Please contact system administrator or wait 24 hours. expected [true] but found [false]
at org.testng.Assert.fail(Assert.java:111)
at org.testng.Assert.failNotEquals(Assert.java:1578)
at org.testng.Assert.assertTrue(Assert.java:57)
at com.qa.gyruslearner.testcases.LoginPageTestCase.verifyAccountLockAfterFailedAttemptTest(LoginPageTestCase.java:274)
at java.base/jdk.internal.reflect.DirectMethodHandleAccessor.invoke(DirectMethodHandleAccessor.java:103)
at java.base/java.lang.reflect.Method.invoke(Method.java:580)
at org.testng.internal.invokers.MethodInvocationHelper.invokeMethod(MethodInvocationHelper.java:139)
at org.testng.internal.invokers.TestInvoker.invokeMethod(TestInvoker.java:664)
at org.testng.internal.invokers.TestInvoker.invokeTestMethod(TestInvoker.java:228)
at org.testng.internal.invokers.MethodRunner.runInSequence(MethodRunner.java:63)
at org.testng.internal.invokers.TestInvoker$MethodInvocationAgent.invoke(TestInvoker.java:961)
at org.testng.internal.invokers.TestInvoker.invokeTestMethods(TestInvoker.java:201)
at org.testng.internal.invokers.TestMethodWorker.invokeTestMethods(TestMethodWorker.java:148)
at org.testng.internal.invokers.TestMethodWorker.run(TestMethodWorker.java:128)
at java.base/java.util.ArrayList.forEach(ArrayList.java:1596)
at org.testng.TestRunner.privateRun(TestRunner.java:819)
at org.testng.TestRunner.run(TestRunner.java:619)
at org.testng.SuiteRunner.runTest(SuiteRunner.java:443)
at org.testng.SuiteRunner.runSequentially(SuiteRunner.java:437)
at org.testng.SuiteRunner.privateRun(SuiteRunner.java:397)
at org.testng.SuiteRunner.run(SuiteRunner.java:336)
at org.testng.SuiteRunnerWorker.runSuite(SuiteRunnerWorker.java:52)
at org.testng.SuiteRunnerWorker.run(SuiteRunnerWorker.java:95)
at org.testng.TestNG.runSuitesSequentially(TestNG.java:1301)
at org.testng.TestNG.runSuitesLocally(TestNG.java:1228)
at org.testng.TestNG.runSuites(TestNG.java:1134)
at org.testng.TestNG.run(TestNG.java:1101)
at org.testng.remote.AbstractRemoteTestNG.run(AbstractRemoteTestNG.java:115)
at org.testng.remote.RemoteTestNG.initAndRun(RemoteTestNG.java:293)
at org.testng.remote.RemoteTestNG.main(RemoteTestNG.java:91)
]]>
            </full-stacktrace>
          </exception> <!-- java.lang.AssertionError -->
          <reporter-output>
          </reporter-output>
        </test-method> <!-- verifyAccountLockAfterFailedAttemptTest -->
        <test-method is-config="true" signature="goToLoginPage()[pri:0, instance:com.qa.gyruslearner.testcases.LoginPageTestCase@6631f5ca]" started-at="2026-03-31T00:31:29 IST" name="goToLoginPage" finished-at="2026-03-31T00:31:30 IST" duration-ms="325" status="PASS">
          <reporter-output>
          </reporter-output>
        </test-method> <!-- goToLoginPage -->
        <test-method signature="verifyValidLoginTest(java.lang.String,java.lang.String)[pri:16, instance:com.qa.gyruslearner.testcases.LoginPageTestCase@6631f5ca]" started-at="2026-03-31T00:31:30 IST" name="verifyValidLoginTest" data-provider="getLoginSheetData" finished-at="2026-03-31T00:31:33 IST" duration-ms="3603" status="PASS">
          <params>
            <param index="0">
              <value>
                <![CDATA[TTeam01]]>
              </value>
            </param>
            <param index="1">
              <value>
                <![CDATA[123]]>
              </value>
            </param>
          </params>
          <reporter-output>
          </reporter-output>
        </test-method> <!-- verifyValidLoginTest -->
        <test-method is-config="true" signature="tearDown()[pri:0, instance:com.qa.gyruslearner.testcases.LoginPageTestCase@6631f5ca]" started-at="2026-03-31T00:31:33 IST" name="tearDown" finished-at="2026-03-31T00:31:34 IST" duration-ms="378" status="PASS">
          <reporter-output>
          </reporter-output>
        </test-method> <!-- tearDown -->
      </class> <!-- com.qa.gyruslearner.testcases.LoginPageTestCase -->
    </test> <!-- Default test -->
  </suite> <!-- Default suite -->
</testng-results>
