<?xml version="1.0" encoding="UTF-8"?>
<!-- Generated by org.testng.reporters.JUnitReportReporter -->
<testsuite hostname="GYRUS-231" failures="0" tests="2" name="com.qa.gyruslearner.testcases.MyAssessmentsPageTestCase" time="32.783" errors="0" timestamp="2026-05-13T14:26:38 IST" skipped="0">
  <testcase classname="com.qa.gyruslearner.testcases.MyAssessmentsPageTestCase" name="verifyGapAnalysisUrlTest" time="32.649"/>
  <testcase classname="com.qa.gyruslearner.testcases.MyAssessmentsPageTestCase" name="verifyMyAssessmentTitileTest" time="0.134"/>
</testsuite> <!-- com.qa.gyruslearner.testcases.MyAssessmentsPageTestCase -->
