<?xml version="1.0" encoding="UTF-8"?>
<!-- Generated by org.testng.reporters.JUnitReportReporter -->
<testsuite hostname="GYRUS-231" failures="0" tests="2" name="com.qa.gyruslearner.testcases.GapAnalysisPageTestCase" time="30.834" errors="0" timestamp="2026-05-13T14:26:38 IST" skipped="0">
  <testcase classname="com.qa.gyruslearner.testcases.GapAnalysisPageTestCase" name="verifyGapAnalysisUrlTest" time="30.211"/>
  <testcase classname="com.qa.gyruslearner.testcases.GapAnalysisPageTestCase" name="verifyGapAnalysisTitileTest" time="0.623"/>
</testsuite> <!-- com.qa.gyruslearner.testcases.GapAnalysisPageTestCase -->
