<?xml version="1.0" encoding="UTF-8"?>
<!-- Generated by org.testng.reporters.JUnitReportReporter -->
<testsuite hostname="GYRUS-231" failures="0" tests="2" name="com.qa.gyruslearner.testcases.MyEvaluationsPageTestCase" time="35.332" errors="0" timestamp="2026-05-13T14:26:38 IST" skipped="0">
  <testcase classname="com.qa.gyruslearner.testcases.MyEvaluationsPageTestCase" name="verifyMyEvaluationsUrlTest" time="19.589"/>
  <testcase classname="com.qa.gyruslearner.testcases.MyEvaluationsPageTestCase" name="verifyMyEvaluationsTitileTest" time="15.743"/>
</testsuite> <!-- com.qa.gyruslearner.testcases.MyEvaluationsPageTestCase -->
