<?xml version="1.0" encoding="UTF-8"?>
<!-- Generated by org.testng.reporters.JUnitReportReporter -->
<testsuite hostname="GYRUS-231" failures="0" tests="15" name="com.qa.gyruslearner.testcases.MyProfilePageTestCase" time="17.831" errors="0" timestamp="2026-03-19T10:30:30 IST" skipped="2">
  <testcase classname="com.qa.gyruslearner.testcases.MyProfilePageTestCase" name="myProfileUrlTest" time="0.160"/>
  <testcase classname="com.qa.gyruslearner.testcases.MyProfilePageTestCase" name="myprofileTitleTest" time="1.082"/>
  <testcase classname="com.qa.gyruslearner.testcases.MyProfilePageTestCase" name="verifyUserProfileDetails" time="0.241"/>
  <testcase classname="com.qa.gyruslearner.testcases.MyProfilePageTestCase" name="verifyProfileImage" time="0.057"/>
  <testcase classname="com.qa.gyruslearner.testcases.MyProfilePageTestCase" name="verifyQRCodeDisplayed" time="0.042"/>
  <testcase classname="com.qa.gyruslearner.testcases.MyProfilePageTestCase" name="verifyEditProfilePanelExpandCollapse" time="0.561"/>
  <testcase classname="com.qa.gyruslearner.testcases.MyProfilePageTestCase" name="verifySecurityPanelExpandCollapse" time="10.505"/>
  <testcase classname="com.qa.gyruslearner.testcases.MyProfilePageTestCase" name="verifyCFR21SecurityPanelExpandCollapse" time="0.644"/>
  <testcase classname="com.qa.gyruslearner.testcases.MyProfilePageTestCase" name="verifyTimeZoneSettingsPanelExpandCollapse" time="0.649"/>
  <testcase classname="com.qa.gyruslearner.testcases.MyProfilePageTestCase" name="verifyThemePanelExpandCollapse" time="0.547"/>
  <testcase classname="com.qa.gyruslearner.testcases.MyProfilePageTestCase" name="verifyLanguageDropdown" time="0.063"/>
  <testcase classname="com.qa.gyruslearner.testcases.MyProfilePageTestCase" name="verifyDateFormaDropdown" time="0.204"/>
  <testcase classname="com.qa.gyruslearner.testcases.MyProfilePageTestCase" name="verifyCFR21SecurityTest" time="3.076"/>
  <testcase classname="com.qa.gyruslearner.testcases.MyProfilePageTestCase" name="verifyResetPasswordTest">
    <skipped/>
  </testcase> <!-- verifyResetPasswordTest -->
  <testcase classname="com.qa.gyruslearner.testcases.MyProfilePageTestCase" name="verifyBackToDashboardLink">
    <skipped/>
  </testcase> <!-- verifyBackToDashboardLink -->
</testsuite> <!-- com.qa.gyruslearner.testcases.MyProfilePageTestCase -->
