<?xml version="1.0" encoding="UTF-8"?>
<!-- Generated by org.testng.reporters.JUnitReportReporter -->
<testsuite hostname="GYRUS-231" failures="1" tests="25" name="com.qa.gyruslearner.testcases.DashboardPageTestCase" time="136.134" errors="0" timestamp="2026-04-08T02:13:41 IST" skipped="5">
  <testcase classname="com.qa.gyruslearner.testcases.DashboardPageTestCase" name="dashBoardUrlTest" time="3.601"/>
  <testcase classname="com.qa.gyruslearner.testcases.DashboardPageTestCase" name="dashBoardPageTitleTest" time="0.064"/>
  <testcase classname="com.qa.gyruslearner.testcases.DashboardPageTestCase" name="VerifyCompanyLogoInDashBoardTest" time="1.708"/>
  <testcase classname="com.qa.gyruslearner.testcases.DashboardPageTestCase" name="verifyWelcomeHeadertextTest" time="0.359"/>
  <testcase classname="com.qa.gyruslearner.testcases.DashboardPageTestCase" name="verifyCalenderDisplayTest" time="31.668"/>
  <testcase classname="com.qa.gyruslearner.testcases.DashboardPageTestCase" name="verifyProfilePopUpTest" time="0.645"/>
  <testcase classname="com.qa.gyruslearner.testcases.DashboardPageTestCase" name="verifyQuickLinksTest" time="0.641"/>
  <testcase classname="com.qa.gyruslearner.testcases.DashboardPageTestCase" name="verifyStatisticsDisplayed" time="0.412"/>
  <testcase classname="com.qa.gyruslearner.testcases.DashboardPageTestCase" name="verifyStatisticsWithFilters" time="4.431"/>
  <testcase classname="com.qa.gyruslearner.testcases.DashboardPageTestCase" name="verifyLearningStatusInProgressDataTest" time="10.105"/>
  <testcase classname="com.qa.gyruslearner.testcases.DashboardPageTestCase" name="verifyLearningStatusNotStartedDataTest" time="12.148"/>
  <testcase classname="com.qa.gyruslearner.testcases.DashboardPageTestCase" name="verifyMySheduleDataTest" time="2.618"/>
  <testcase classname="com.qa.gyruslearner.testcases.DashboardPageTestCase" name="verifyAssignedTrainingsRecentlyAssignedDataTest" time="42.167">
    <failure message="The following asserts failed:
	❌ Category Label missing: 2003 el mp4,
	❌ Category Label missing: 2003 mp3,
	❌ Category Label missing: 2003 el,
	❌ Category Label missing: 0303" type="java.lang.AssertionError">
      <![CDATA[java.lang.AssertionError: The following asserts failed:
❌ Category Label missing: 2003 el mp4,
❌ Category Label missing: 2003 mp3,
❌ Category Label missing: 2003 el,
❌ Category Label missing: 0303
at org.testng.asserts.SoftAssert.assertAll(SoftAssert.java:46)
at org.testng.asserts.SoftAssert.assertAll(SoftAssert.java:30)
at com.qa.gyruslearner.pages.DashboardPage.validateAssignedTrainingsRecentlyAssignedCards(DashboardPage.java:849)
at com.qa.gyruslearner.testcases.DashboardPageTestCase.verifyAssignedTrainingsRecentlyAssignedDataTest(DashboardPageTestCase.java:253)
at java.base/jdk.internal.reflect.DirectMethodHandleAccessor.invoke(DirectMethodHandleAccessor.java:103)
at java.base/java.lang.reflect.Method.invoke(Method.java:580)
at org.testng.internal.invokers.MethodInvocationHelper.invokeMethod(MethodInvocationHelper.java:139)
at org.testng.internal.invokers.TestInvoker.invokeMethod(TestInvoker.java:664)
at org.testng.internal.invokers.TestInvoker.invokeTestMethod(TestInvoker.java:228)
at org.testng.internal.invokers.MethodRunner.runInSequence(MethodRunner.java:63)
at org.testng.internal.invokers.TestInvoker$MethodInvocationAgent.invoke(TestInvoker.java:961)
at org.testng.internal.invokers.TestInvoker.invokeTestMethods(TestInvoker.java:201)
at org.testng.internal.invokers.TestMethodWorker.invokeTestMethods(TestMethodWorker.java:148)
at org.testng.internal.invokers.TestMethodWorker.run(TestMethodWorker.java:128)
at java.base/java.util.ArrayList.forEach(ArrayList.java:1596)
at org.testng.TestRunner.privateRun(TestRunner.java:819)
at org.testng.TestRunner.run(TestRunner.java:619)
at org.testng.SuiteRunner.runTest(SuiteRunner.java:443)
at org.testng.SuiteRunner.runSequentially(SuiteRunner.java:437)
at org.testng.SuiteRunner.privateRun(SuiteRunner.java:397)
at org.testng.SuiteRunner.run(SuiteRunner.java:336)
at org.testng.SuiteRunnerWorker.runSuite(SuiteRunnerWorker.java:52)
at org.testng.SuiteRunnerWorker.run(SuiteRunnerWorker.java:95)
at org.testng.TestNG.runSuitesSequentially(TestNG.java:1301)
at org.testng.TestNG.runSuitesLocally(TestNG.java:1228)
at org.testng.TestNG.runSuites(TestNG.java:1134)
at org.testng.TestNG.run(TestNG.java:1101)
at org.testng.remote.AbstractRemoteTestNG.run(AbstractRemoteTestNG.java:115)
at org.testng.remote.RemoteTestNG.initAndRun(RemoteTestNG.java:293)
at org.testng.remote.RemoteTestNG.main(RemoteTestNG.java:91)
]]>
    </failure>
  </testcase> <!-- verifyAssignedTrainingsRecentlyAssignedDataTest -->
  <testcase classname="com.qa.gyruslearner.testcases.DashboardPageTestCase" name="verifyAssignedTrainingsDueDataTest" time="10.250"/>
  <testcase classname="com.qa.gyruslearner.testcases.DashboardPageTestCase" name="verifyAssignedTrainingsOverDueDataTest" time="3.551"/>
  <testcase classname="com.qa.gyruslearner.testcases.DashboardPageTestCase" name="verifyRecentBadgesDataTest" time="0.205"/>
  <testcase classname="com.qa.gyruslearner.testcases.DashboardPageTestCase" name="verifyLeaderboardDataTest" time="0.136"/>
  <testcase classname="com.qa.gyruslearner.testcases.DashboardPageTestCase" name="verifyActivityFeedsDataTest" time="9.561"/>
  <testcase classname="com.qa.gyruslearner.testcases.DashboardPageTestCase" name="verifyCertificationsDataTest" time="0.623"/>
  <testcase classname="com.qa.gyruslearner.testcases.DashboardPageTestCase" name="verifymainMenuItemsDataTest" time="1.241"/>
  <testcase classname="com.qa.gyruslearner.testcases.DashboardPageTestCase" name="verifyHeaderIconsFunctionality">
    <skipped/>
  </testcase> <!-- verifyHeaderIconsFunctionality -->
  <testcase classname="com.qa.gyruslearner.testcases.DashboardPageTestCase" name="verifyQuickLinksPopupTest">
    <skipped/>
  </testcase> <!-- verifyQuickLinksPopupTest -->
  <testcase classname="com.qa.gyruslearner.testcases.DashboardPageTestCase" name="verifyNotificationPopUpTest">
    <skipped/>
  </testcase> <!-- verifyNotificationPopUpTest -->
  <testcase classname="com.qa.gyruslearner.testcases.DashboardPageTestCase" name="verifyCartPopUpTest">
    <skipped/>
  </testcase> <!-- verifyCartPopUpTest -->
  <testcase classname="com.qa.gyruslearner.testcases.DashboardPageTestCase" name="verifyLearningStatusCardTest">
    <skipped/>
  </testcase> <!-- verifyLearningStatusCardTest -->
</testsuite> <!-- com.qa.gyruslearner.testcases.DashboardPageTestCase -->
