<?xml version="1.0" encoding="UTF-8"?>
<!-- Generated by org.testng.reporters.JUnitReportReporter -->
<testsuite hostname="GYRUS-231" failures="0" tests="2" name="com.qa.gyruslearner.testcases.GapAnalysisPageTestCase" time="18.034" errors="0" timestamp="2026-05-12T18:23:59 IST" skipped="0">
  <testcase classname="com.qa.gyruslearner.testcases.GapAnalysisPageTestCase" name="verifyGapAnalysisUrlTest" time="16.941"/>
  <testcase classname="com.qa.gyruslearner.testcases.GapAnalysisPageTestCase" name="verifyGapAnalysisTitileTest" time="1.093"/>
</testsuite> <!-- com.qa.gyruslearner.testcases.GapAnalysisPageTestCase -->
