<?xml version="1.0" encoding="UTF-8"?>
<!-- Generated by org.testng.reporters.JUnitReportReporter -->
<testsuite hostname="GYRUS-231" failures="0" tests="2" name="com.qa.gyruslearner.testcases.CourseCatalogPageTestCase" time="14.285" errors="0" timestamp="2026-05-12T15:19:09 IST" skipped="0">
  <testcase classname="com.qa.gyruslearner.testcases.CourseCatalogPageTestCase" name="verifyCourseCatalogUrlTest" time="12.880"/>
  <testcase classname="com.qa.gyruslearner.testcases.CourseCatalogPageTestCase" name="verifyCourseCatalogTitileTest" time="1.405"/>
</testsuite> <!-- com.qa.gyruslearner.testcases.CourseCatalogPageTestCase -->
