<?xml version="1.0" encoding="UTF-8"?>
<!-- Generated by org.testng.reporters.JUnitReportReporter -->
<testsuite hostname="GYRUS-231" failures="0" tests="20" name="com.qa.gyruslearner.testcases.MyProfilePageTestCase" time="3.408" errors="1" timestamp="2026-03-20T18:55:49 IST" skipped="19">
  <testcase classname="com.qa.gyruslearner.testcases.MyProfilePageTestCase" name="pageRefresh" time="3.405">
    <error message="invalid session id: session deleted as the browser has closed the connection
from disconnected: unable to send message to renderer
  (Session info: chrome=146.0.7680.80)
Build info: version: &#039;4.27.0&#039;, revision: &#039;d6e718d134&#039;
System info: os.name: &#039;Windows 11&#039;, os.arch: &#039;amd64&#039;, os.version: &#039;10.0&#039;, java.version: &#039;21.0.8&#039;
Driver info: org.openqa.selenium.chrome.ChromeDriver
Command: [e53e548b12822074e7a5000c8d1c778f, findElement {using=xpath, value=//*[@title=&#039;Profile Menu&#039;]}]
Capabilities {acceptInsecureCerts: false, browserName: chrome, browserVersion: 146.0.7680.80, chrome: {chromedriverVersion: 146.0.7680.153 (85fd829a1b2..., userDataDir: C:\Users\DINESH~1\AppData\L...}, fedcm:accounts: true, goog:chromeOptions: {debuggerAddress: localhost:50105}, goog:processID: 28480, networkConnectionEnabled: false, pageLoadStrategy: normal, platformName: windows, proxy: Proxy(), se:cdp: ws://localhost:50105/devtoo..., se:cdpVersion: 146.0.7680.80, setWindowRect: true, strictFileInteractability: false, timeouts: {implicit: 0, pageLoad: 300000, script: 30000}, unhandledPromptBehavior: dismiss and notify, webauthn:extension:credBlob: true, webauthn:extension:largeBlob: true, webauthn:extension:minPinLength: true, webauthn:extension:prf: true, webauthn:virtualAuthenticators: true}
Session ID: e53e548b12822074e7a5000c8d1c778f" type="org.openqa.selenium.NoSuchSessionException">
      <![CDATA[org.openqa.selenium.NoSuchSessionException: invalid session id: session deleted as the browser has closed the connection
from disconnected: unable to send message to renderer
  (Session info: chrome=146.0.7680.80)
Build info: version: '4.27.0', revision: 'd6e718d134'
System info: os.name: 'Windows 11', os.arch: 'amd64', os.version: '10.0', java.version: '21.0.8'
Driver info: org.openqa.selenium.chrome.ChromeDriver
Command: [e53e548b12822074e7a5000c8d1c778f, findElement {using=xpath, value=//*[@title='Profile Menu']}]
Capabilities {acceptInsecureCerts: false, browserName: chrome, browserVersion: 146.0.7680.80, chrome: {chromedriverVersion: 146.0.7680.153 (85fd829a1b2..., userDataDir: C:\Users\DINESH~1\AppData\L...}, fedcm:accounts: true, goog:chromeOptions: {debuggerAddress: localhost:50105}, goog:processID: 28480, networkConnectionEnabled: false, pageLoadStrategy: normal, platformName: windows, proxy: Proxy(), se:cdp: ws://localhost:50105/devtoo..., se:cdpVersion: 146.0.7680.80, setWindowRect: true, strictFileInteractability: false, timeouts: {implicit: 0, pageLoad: 300000, script: 30000}, unhandledPromptBehavior: dismiss and notify, webauthn:extension:credBlob: true, webauthn:extension:largeBlob: true, webauthn:extension:minPinLength: true, webauthn:extension:prf: true, webauthn:virtualAuthenticators: true}
Session ID: e53e548b12822074e7a5000c8d1c778f
at java.base/jdk.internal.reflect.DirectConstructorHandleAccessor.newInstance(DirectConstructorHandleAccessor.java:62)
at java.base/java.lang.reflect.Constructor.newInstanceWithCaller(Constructor.java:502)
at java.base/java.lang.reflect.Constructor.newInstance(Constructor.java:486)
at org.openqa.selenium.remote.ErrorCodec.decode(ErrorCodec.java:167)
at org.openqa.selenium.remote.codec.w3c.W3CHttpResponseCodec.decode(W3CHttpResponseCodec.java:138)
at org.openqa.selenium.remote.codec.w3c.W3CHttpResponseCodec.decode(W3CHttpResponseCodec.java:50)
at org.openqa.selenium.remote.HttpCommandExecutor.execute(HttpCommandExecutor.java:190)
at org.openqa.selenium.remote.service.DriverCommandExecutor.invokeExecute(DriverCommandExecutor.java:216)
at org.openqa.selenium.remote.service.DriverCommandExecutor.execute(DriverCommandExecutor.java:174)
at org.openqa.selenium.remote.RemoteWebDriver.execute(RemoteWebDriver.java:545)
at org.openqa.selenium.remote.ElementLocation$ElementFinder$2.findElement(ElementLocation.java:165)
at org.openqa.selenium.remote.ElementLocation.findElement(ElementLocation.java:59)
at org.openqa.selenium.remote.RemoteWebDriver.findElement(RemoteWebDriver.java:368)
at org.openqa.selenium.remote.RemoteWebDriver.findElement(RemoteWebDriver.java:362)
at org.openqa.selenium.support.pagefactory.DefaultElementLocator.findElement(DefaultElementLocator.java:68)
at org.openqa.selenium.support.pagefactory.internal.LocatingElementHandler.invoke(LocatingElementHandler.java:38)
at jdk.proxy2/jdk.proxy2.$Proxy13.isDisplayed(Unknown Source)
at org.openqa.selenium.support.ui.ExpectedConditions.elementIfVisible(ExpectedConditions.java:304)
at org.openqa.selenium.support.ui.ExpectedConditions$10.apply(ExpectedConditions.java:290)
at org.openqa.selenium.support.ui.ExpectedConditions$10.apply(ExpectedConditions.java:287)
at org.openqa.selenium.support.ui.ExpectedConditions$23.apply(ExpectedConditions.java:656)
at org.openqa.selenium.support.ui.ExpectedConditions$23.apply(ExpectedConditions.java:652)
at org.openqa.selenium.support.ui.FluentWait.until(FluentWait.java:203)
at com.qa.gyruslearner.pages.MyProfilePage.doClickProfileIcon(MyProfilePage.java:176)
at com.qa.gyruslearner.testcases.MyProfilePageTestCase.pageRefresh(MyProfilePageTestCase.java:45)
at java.base/jdk.internal.reflect.DirectMethodHandleAccessor.invoke(DirectMethodHandleAccessor.java:103)
at java.base/java.lang.reflect.Method.invoke(Method.java:580)
at org.testng.internal.invokers.MethodInvocationHelper.invokeMethod(MethodInvocationHelper.java:139)
at org.testng.internal.invokers.MethodInvocationHelper.invokeMethodConsideringTimeout(MethodInvocationHelper.java:69)
at org.testng.internal.invokers.ConfigInvoker.invokeConfigurationMethod(ConfigInvoker.java:393)
at org.testng.internal.invokers.ConfigInvoker.invokeConfigurations(ConfigInvoker.java:326)
at org.testng.internal.invokers.TestInvoker.runConfigMethods(TestInvoker.java:810)
at org.testng.internal.invokers.TestInvoker.invokeMethod(TestInvoker.java:578)
at org.testng.internal.invokers.TestInvoker.invokeTestMethod(TestInvoker.java:228)
at org.testng.internal.invokers.MethodRunner.runInSequence(MethodRunner.java:63)
at org.testng.internal.invokers.TestInvoker$MethodInvocationAgent.invoke(TestInvoker.java:961)
at org.testng.internal.invokers.TestInvoker.invokeTestMethods(TestInvoker.java:201)
at org.testng.internal.invokers.TestMethodWorker.invokeTestMethods(TestMethodWorker.java:148)
at org.testng.internal.invokers.TestMethodWorker.run(TestMethodWorker.java:128)
at java.base/java.util.ArrayList.forEach(ArrayList.java:1596)
at org.testng.TestRunner.privateRun(TestRunner.java:819)
at org.testng.TestRunner.run(TestRunner.java:619)
at org.testng.SuiteRunner.runTest(SuiteRunner.java:443)
at org.testng.SuiteRunner.runSequentially(SuiteRunner.java:437)
at org.testng.SuiteRunner.privateRun(SuiteRunner.java:397)
at org.testng.SuiteRunner.run(SuiteRunner.java:336)
at org.testng.SuiteRunnerWorker.runSuite(SuiteRunnerWorker.java:52)
at org.testng.SuiteRunnerWorker.run(SuiteRunnerWorker.java:95)
at org.testng.TestNG.runSuitesSequentially(TestNG.java:1301)
at org.testng.TestNG.runSuitesLocally(TestNG.java:1228)
at org.testng.TestNG.runSuites(TestNG.java:1134)
at org.testng.TestNG.run(TestNG.java:1101)
at org.testng.remote.AbstractRemoteTestNG.run(AbstractRemoteTestNG.java:115)
at org.testng.remote.RemoteTestNG.initAndRun(RemoteTestNG.java:293)
at org.testng.remote.RemoteTestNG.main(RemoteTestNG.java:91)
]]>
    </error>
  </testcase> <!-- pageRefresh -->
  <testcase classname="com.qa.gyruslearner.testcases.MyProfilePageTestCase" name="myProfileUrlTest" time="0.001">
    <skipped/>
  </testcase> <!-- myProfileUrlTest -->
  <testcase classname="com.qa.gyruslearner.testcases.MyProfilePageTestCase" name="myprofileTitleTest" time="0.000">
    <skipped/>
  </testcase> <!-- myprofileTitleTest -->
  <testcase classname="com.qa.gyruslearner.testcases.MyProfilePageTestCase" name="verifyUserProfileDetails" time="0.000">
    <skipped/>
  </testcase> <!-- verifyUserProfileDetails -->
  <testcase classname="com.qa.gyruslearner.testcases.MyProfilePageTestCase" name="verifyProfileImage" time="0.000">
    <skipped/>
  </testcase> <!-- verifyProfileImage -->
  <testcase classname="com.qa.gyruslearner.testcases.MyProfilePageTestCase" name="verifyQRCodeDisplayed" time="0.000">
    <skipped/>
  </testcase> <!-- verifyQRCodeDisplayed -->
  <testcase classname="com.qa.gyruslearner.testcases.MyProfilePageTestCase" name="verifyEditProfilePanelExpandCollapse" time="0.000">
    <skipped/>
  </testcase> <!-- verifyEditProfilePanelExpandCollapse -->
  <testcase classname="com.qa.gyruslearner.testcases.MyProfilePageTestCase" name="verifySecurityPanelExpandCollapse" time="0.000">
    <skipped/>
  </testcase> <!-- verifySecurityPanelExpandCollapse -->
  <testcase classname="com.qa.gyruslearner.testcases.MyProfilePageTestCase" name="verifyCFR21SecurityPanelExpandCollapse" time="0.000">
    <skipped/>
  </testcase> <!-- verifyCFR21SecurityPanelExpandCollapse -->
  <testcase classname="com.qa.gyruslearner.testcases.MyProfilePageTestCase" name="verifyTimeZoneSettingsPanelExpandCollapse" time="0.000">
    <skipped/>
  </testcase> <!-- verifyTimeZoneSettingsPanelExpandCollapse -->
  <testcase classname="com.qa.gyruslearner.testcases.MyProfilePageTestCase" name="verifyThemePanelExpandCollapse" time="0.000">
    <skipped/>
  </testcase> <!-- verifyThemePanelExpandCollapse -->
  <testcase classname="com.qa.gyruslearner.testcases.MyProfilePageTestCase" name="verifyLanguageDropdown" time="0.002">
    <skipped/>
  </testcase> <!-- verifyLanguageDropdown -->
  <testcase classname="com.qa.gyruslearner.testcases.MyProfilePageTestCase" name="verifyDateFormaDropdown" time="0.000">
    <skipped/>
  </testcase> <!-- verifyDateFormaDropdown -->
  <testcase classname="com.qa.gyruslearner.testcases.MyProfilePageTestCase" name="verifyResetPasswordTest" time="0.000">
    <skipped/>
  </testcase> <!-- verifyResetPasswordTest -->
  <testcase classname="com.qa.gyruslearner.testcases.MyProfilePageTestCase" name="verifyCFR21SecurityTest" time="0.000">
    <skipped/>
  </testcase> <!-- verifyCFR21SecurityTest -->
  <testcase classname="com.qa.gyruslearner.testcases.MyProfilePageTestCase" name="verifyTimeZoneSettingsDisplayTest" time="0.000">
    <skipped/>
  </testcase> <!-- verifyTimeZoneSettingsDisplayTest -->
  <testcase classname="com.qa.gyruslearner.testcases.MyProfilePageTestCase" name="verifyTimeZoneSettingsTest" time="0.000">
    <skipped/>
  </testcase> <!-- verifyTimeZoneSettingsTest -->
  <testcase classname="com.qa.gyruslearner.testcases.MyProfilePageTestCase" name="verifyThemeTest" time="0.000">
    <skipped/>
  </testcase> <!-- verifyThemeTest -->
  <testcase classname="com.qa.gyruslearner.testcases.MyProfilePageTestCase" name="verifyBackToDashboardLink" time="0.000">
    <skipped/>
  </testcase> <!-- verifyBackToDashboardLink -->
  <testcase classname="com.qa.gyruslearner.testcases.MyProfilePageTestCase" name="VerifyUploadhphotoTest" time="0.000">
    <skipped/>
  </testcase> <!-- VerifyUploadhphotoTest -->
</testsuite> <!-- com.qa.gyruslearner.testcases.MyProfilePageTestCase -->
