<?xml version="1.0" encoding="UTF-8"?>
<!-- Generated by org.testng.reporters.JUnitReportReporter -->
<testsuite hostname="GYRUS-231" failures="0" tests="7" name="com.qa.gyruslearner.testcases.IDPPageTestCase" time="76.111" errors="0" timestamp="2026-03-29T20:08:43 IST" skipped="2">
  <testcase classname="com.qa.gyruslearner.testcases.IDPPageTestCase" name="verifyMyLearnerLinkTest" time="8.957"/>
  <testcase classname="com.qa.gyruslearner.testcases.IDPPageTestCase" name="verifyidpUrlTest" time="1.329"/>
  <testcase classname="com.qa.gyruslearner.testcases.IDPPageTestCase" name="verifyIDPPageTitileTest" time="1.076"/>
  <testcase classname="com.qa.gyruslearner.testcases.IDPPageTestCase" name="verifyIDPHeaderPageTitleTest" time="0.132"/>
  <testcase classname="com.qa.gyruslearner.testcases.IDPPageTestCase" name="verifyAllElearningQuickFilterTest" time="64.617"/>
  <testcase classname="com.qa.gyruslearner.testcases.IDPPageTestCase" name="verifyBackToDashBoardTest">
    <skipped/>
  </testcase> <!-- verifyBackToDashBoardTest -->
  <testcase classname="com.qa.gyruslearner.testcases.IDPPageTestCase" name="verifyAllCardLoadedAndCountTest">
    <skipped/>
  </testcase> <!-- verifyAllCardLoadedAndCountTest -->
</testsuite> <!-- com.qa.gyruslearner.testcases.IDPPageTestCase -->
