<?xml version="1.0" encoding="UTF-8"?>
<!-- Generated by org.testng.reporters.JUnitReportReporter -->
<testsuite hostname="GYRUS-231" failures="1" tests="17" name="com.qa.gyruslearner.testcases.ForgotPasswordPageTestCase" time="28.586" errors="1" timestamp="2026-01-27T18:13:55 IST" skipped="7">
  <testcase classname="com.qa.gyruslearner.testcases.ForgotPasswordPageTestCase" name="forgotPasswordPageUrlTest" time="0.493"/>
  <testcase classname="com.qa.gyruslearner.testcases.ForgotPasswordPageTestCase" name="forgotPasswordPageTitleTest" time="6.354">
    <failure message="expected [ForgotPassword] but found []" type="java.lang.AssertionError">
      <![CDATA[java.lang.AssertionError: expected [ForgotPassword] but found []
at org.testng.Assert.fail(Assert.java:111)
at org.testng.Assert.failNotEquals(Assert.java:1578)
at org.testng.Assert.assertEqualsImpl(Assert.java:150)
at org.testng.Assert.assertEquals(Assert.java:132)
at org.testng.Assert.assertEquals(Assert.java:656)
at org.testng.Assert.assertEquals(Assert.java:666)
at com.qa.gyruslearner.testcases.ForgotPasswordPageTestCase.forgotPasswordPageTitleTest(ForgotPasswordPageTestCase.java:63)
at java.base/jdk.internal.reflect.DirectMethodHandleAccessor.invoke(DirectMethodHandleAccessor.java:103)
at java.base/java.lang.reflect.Method.invoke(Method.java:580)
at org.testng.internal.invokers.MethodInvocationHelper.invokeMethod(MethodInvocationHelper.java:139)
at org.testng.internal.invokers.TestInvoker.invokeMethod(TestInvoker.java:664)
at org.testng.internal.invokers.TestInvoker.invokeTestMethod(TestInvoker.java:228)
at org.testng.internal.invokers.MethodRunner.runInSequence(MethodRunner.java:63)
at org.testng.internal.invokers.TestInvoker$MethodInvocationAgent.invoke(TestInvoker.java:961)
at org.testng.internal.invokers.TestInvoker.invokeTestMethods(TestInvoker.java:201)
at org.testng.internal.invokers.TestMethodWorker.invokeTestMethods(TestMethodWorker.java:148)
at org.testng.internal.invokers.TestMethodWorker.run(TestMethodWorker.java:128)
at java.base/java.util.ArrayList.forEach(ArrayList.java:1596)
at org.testng.TestRunner.privateRun(TestRunner.java:819)
at org.testng.TestRunner.run(TestRunner.java:619)
at org.testng.SuiteRunner.runTest(SuiteRunner.java:443)
at org.testng.SuiteRunner.runSequentially(SuiteRunner.java:437)
at org.testng.SuiteRunner.privateRun(SuiteRunner.java:397)
at org.testng.SuiteRunner.run(SuiteRunner.java:336)
at org.testng.SuiteRunnerWorker.runSuite(SuiteRunnerWorker.java:52)
at org.testng.SuiteRunnerWorker.run(SuiteRunnerWorker.java:95)
at org.testng.TestNG.runSuitesSequentially(TestNG.java:1301)
at org.testng.TestNG.runSuitesLocally(TestNG.java:1228)
at org.testng.TestNG.runSuites(TestNG.java:1134)
at org.testng.TestNG.run(TestNG.java:1101)
at org.testng.remote.AbstractRemoteTestNG.run(AbstractRemoteTestNG.java:115)
at org.testng.remote.RemoteTestNG.initAndRun(RemoteTestNG.java:293)
at org.testng.remote.RemoteTestNG.main(RemoteTestNG.java:91)
]]>
    </failure>
  </testcase> <!-- forgotPasswordPageTitleTest -->
  <testcase classname="com.qa.gyruslearner.testcases.ForgotPasswordPageTestCase" name="verifyForgotPasswordPageVisableAndEnableTest" time="0.782"/>
  <testcase classname="com.qa.gyruslearner.testcases.ForgotPasswordPageTestCase" name="verifyContinueButtonDisabledUntilOptionSelectedTest" time="1.106"/>
  <testcase classname="com.qa.gyruslearner.testcases.ForgotPasswordPageTestCase" name="verifyBackToLoginButtonNavigatesToLoginPageTest" time="1.031"/>
  <testcase classname="com.qa.gyruslearner.testcases.ForgotPasswordPageTestCase" name="verifySelectedPasswordOptionContinueButtonEnabledTest" time="0.555"/>
  <testcase classname="com.qa.gyruslearner.testcases.ForgotPasswordPageTestCase" name="verifyValidationForEmptyUsernameTest" time="10.703">
    <error message="no such element: Unable to locate element: {&quot;method&quot;:&quot;xpath&quot;,&quot;selector&quot;:&quot;//*[@ng-model=&#039;txtSecurityAns1&#039;]&quot;}
  (Session info: chrome=144.0.7559.97)
For documentation on this error, please visit: https://www.selenium.dev/documentation/webdriver/troubleshooting/errors#no-such-element-exception
Build info: version: &#039;4.27.0&#039;, revision: &#039;d6e718d134&#039;
System info: os.name: &#039;Windows 11&#039;, os.arch: &#039;amd64&#039;, os.version: &#039;10.0&#039;, java.version: &#039;21.0.8&#039;
Driver info: org.openqa.selenium.chrome.ChromeDriver
Command: [cd4d5c2d1416367e7cb50ef1041eab38, findElement {using=xpath, value=//*[@ng-model=&#039;txtSecurityAns1&#039;]}]
Capabilities {acceptInsecureCerts: false, browserName: chrome, browserVersion: 144.0.7559.97, chrome: {chromedriverVersion: 144.0.7559.96 (d7b80622cfab..., userDataDir: C:\Users\DINESH~1\AppData\L...}, fedcm:accounts: true, goog:chromeOptions: {debuggerAddress: localhost:63712}, goog:processID: 2160, networkConnectionEnabled: false, pageLoadStrategy: normal, platformName: windows, proxy: Proxy(), se:cdp: ws://localhost:63712/devtoo..., se:cdpVersion: 144.0.7559.97, setWindowRect: true, strictFileInteractability: false, timeouts: {implicit: 0, pageLoad: 300000, script: 30000}, unhandledPromptBehavior: dismiss and notify, webauthn:extension:credBlob: true, webauthn:extension:largeBlob: true, webauthn:extension:minPinLength: true, webauthn:extension:prf: true, webauthn:virtualAuthenticators: true}
Session ID: cd4d5c2d1416367e7cb50ef1041eab38" type="org.openqa.selenium.NoSuchElementException">
      <![CDATA[org.openqa.selenium.NoSuchElementException: no such element: Unable to locate element: {"method":"xpath","selector":"//*[@ng-model='txtSecurityAns1']"}
  (Session info: chrome=144.0.7559.97)
For documentation on this error, please visit: https://www.selenium.dev/documentation/webdriver/troubleshooting/errors#no-such-element-exception
Build info: version: '4.27.0', revision: 'd6e718d134'
System info: os.name: 'Windows 11', os.arch: 'amd64', os.version: '10.0', java.version: '21.0.8'
Driver info: org.openqa.selenium.chrome.ChromeDriver
Command: [cd4d5c2d1416367e7cb50ef1041eab38, findElement {using=xpath, value=//*[@ng-model='txtSecurityAns1']}]
Capabilities {acceptInsecureCerts: false, browserName: chrome, browserVersion: 144.0.7559.97, chrome: {chromedriverVersion: 144.0.7559.96 (d7b80622cfab..., userDataDir: C:\Users\DINESH~1\AppData\L...}, fedcm:accounts: true, goog:chromeOptions: {debuggerAddress: localhost:63712}, goog:processID: 2160, networkConnectionEnabled: false, pageLoadStrategy: normal, platformName: windows, proxy: Proxy(), se:cdp: ws://localhost:63712/devtoo..., se:cdpVersion: 144.0.7559.97, setWindowRect: true, strictFileInteractability: false, timeouts: {implicit: 0, pageLoad: 300000, script: 30000}, unhandledPromptBehavior: dismiss and notify, webauthn:extension:credBlob: true, webauthn:extension:largeBlob: true, webauthn:extension:minPinLength: true, webauthn:extension:prf: true, webauthn:virtualAuthenticators: true}
Session ID: cd4d5c2d1416367e7cb50ef1041eab38
at java.base/jdk.internal.reflect.DirectConstructorHandleAccessor.newInstance(DirectConstructorHandleAccessor.java:62)
at java.base/java.lang.reflect.Constructor.newInstanceWithCaller(Constructor.java:502)
at java.base/java.lang.reflect.Constructor.newInstance(Constructor.java:486)
at org.openqa.selenium.remote.ErrorCodec.decode(ErrorCodec.java:167)
at org.openqa.selenium.remote.codec.w3c.W3CHttpResponseCodec.decode(W3CHttpResponseCodec.java:138)
at org.openqa.selenium.remote.codec.w3c.W3CHttpResponseCodec.decode(W3CHttpResponseCodec.java:50)
at org.openqa.selenium.remote.HttpCommandExecutor.execute(HttpCommandExecutor.java:190)
at org.openqa.selenium.remote.service.DriverCommandExecutor.invokeExecute(DriverCommandExecutor.java:216)
at org.openqa.selenium.remote.service.DriverCommandExecutor.execute(DriverCommandExecutor.java:174)
at org.openqa.selenium.remote.RemoteWebDriver.execute(RemoteWebDriver.java:545)
at org.openqa.selenium.remote.ElementLocation$ElementFinder$2.findElement(ElementLocation.java:165)
at org.openqa.selenium.remote.ElementLocation.findElement(ElementLocation.java:59)
at org.openqa.selenium.remote.RemoteWebDriver.findElement(RemoteWebDriver.java:368)
at org.openqa.selenium.remote.RemoteWebDriver.findElement(RemoteWebDriver.java:362)
at org.openqa.selenium.support.pagefactory.DefaultElementLocator.findElement(DefaultElementLocator.java:68)
at org.openqa.selenium.support.pagefactory.internal.LocatingElementHandler.invoke(LocatingElementHandler.java:38)
at jdk.proxy2/jdk.proxy2.$Proxy14.clear(Unknown Source)
at com.qa.gyruslearner.util.ElementUtil.doSendKeys(ElementUtil.java:101)
at com.qa.gyruslearner.pages.ForgotPasswordPage.doForgotPassword(ForgotPasswordPage.java:148)
at com.qa.gyruslearner.testcases.ForgotPasswordPageTestCase.verifyValidationForEmptyUsernameTest(ForgotPasswordPageTestCase.java:143)
at java.base/jdk.internal.reflect.DirectMethodHandleAccessor.invoke(DirectMethodHandleAccessor.java:103)
at java.base/java.lang.reflect.Method.invoke(Method.java:580)
at org.testng.internal.invokers.MethodInvocationHelper.invokeMethod(MethodInvocationHelper.java:139)
at org.testng.internal.invokers.TestInvoker.invokeMethod(TestInvoker.java:664)
at org.testng.internal.invokers.TestInvoker.invokeTestMethod(TestInvoker.java:228)
at org.testng.internal.invokers.MethodRunner.runInSequence(MethodRunner.java:63)
at org.testng.internal.invokers.TestInvoker$MethodInvocationAgent.invoke(TestInvoker.java:961)
at org.testng.internal.invokers.TestInvoker.invokeTestMethods(TestInvoker.java:201)
at org.testng.internal.invokers.TestMethodWorker.invokeTestMethods(TestMethodWorker.java:148)
at org.testng.internal.invokers.TestMethodWorker.run(TestMethodWorker.java:128)
at java.base/java.util.ArrayList.forEach(ArrayList.java:1596)
at org.testng.TestRunner.privateRun(TestRunner.java:819)
at org.testng.TestRunner.run(TestRunner.java:619)
at org.testng.SuiteRunner.runTest(SuiteRunner.java:443)
at org.testng.SuiteRunner.runSequentially(SuiteRunner.java:437)
at org.testng.SuiteRunner.privateRun(SuiteRunner.java:397)
at org.testng.SuiteRunner.run(SuiteRunner.java:336)
at org.testng.SuiteRunnerWorker.runSuite(SuiteRunnerWorker.java:52)
at org.testng.SuiteRunnerWorker.run(SuiteRunnerWorker.java:95)
at org.testng.TestNG.runSuitesSequentially(TestNG.java:1301)
at org.testng.TestNG.runSuitesLocally(TestNG.java:1228)
at org.testng.TestNG.runSuites(TestNG.java:1134)
at org.testng.TestNG.run(TestNG.java:1101)
at org.testng.remote.AbstractRemoteTestNG.run(AbstractRemoteTestNG.java:115)
at org.testng.remote.RemoteTestNG.initAndRun(RemoteTestNG.java:293)
at org.testng.remote.RemoteTestNG.main(RemoteTestNG.java:91)
]]>
    </error>
  </testcase> <!-- verifyValidationForEmptyUsernameTest -->
  <testcase classname="com.qa.gyruslearner.testcases.ForgotPasswordPageTestCase" name="verifySelectedUserNameOptionContinueButtonEnabledTest" time="0.535"/>
  <testcase classname="com.qa.gyruslearner.testcases.ForgotPasswordPageTestCase" name="verifyValidationForEmptyEmailTest" time="5.567"/>
  <testcase classname="com.qa.gyruslearner.testcases.ForgotPasswordPageTestCase" name="verifyUnregisteredEmailTest" time="1.460"/>
  <testcase classname="com.qa.gyruslearner.testcases.ForgotPasswordPageTestCase" name="verifySecurityAnswerEmptyTest">
    <skipped/>
  </testcase> <!-- verifySecurityAnswerEmptyTest -->
  <testcase classname="com.qa.gyruslearner.testcases.ForgotPasswordPageTestCase" name="verifyCorrectUsernameWithWrongSecurityAnswerTest">
    <skipped/>
  </testcase> <!-- verifyCorrectUsernameWithWrongSecurityAnswerTest -->
  <testcase classname="com.qa.gyruslearner.testcases.ForgotPasswordPageTestCase" name="verifyIDontKnowMyUsernameShowsEmailFieldTest">
    <skipped/>
  </testcase> <!-- verifyIDontKnowMyUsernameShowsEmailFieldTest -->
  <testcase classname="com.qa.gyruslearner.testcases.ForgotPasswordPageTestCase" name="verifyRegisteredEmailTest">
    <skipped/>
  </testcase> <!-- verifyRegisteredEmailTest -->
  <testcase classname="com.qa.gyruslearner.testcases.ForgotPasswordPageTestCase" name="verifyPasswordOptionDisplaysUsernameAndSecurityQuestionTest">
    <skipped/>
  </testcase> <!-- verifyPasswordOptionDisplaysUsernameAndSecurityQuestionTest -->
  <testcase classname="com.qa.gyruslearner.testcases.ForgotPasswordPageTestCase" name="verifyValidUsernameAndCorrectAnswerTest">
    <skipped/>
  </testcase> <!-- verifyValidUsernameAndCorrectAnswerTest -->
  <testcase classname="com.qa.gyruslearner.testcases.ForgotPasswordPageTestCase" name="verifyInvalidUsernameShowsErrorTest">
    <skipped/>
  </testcase> <!-- verifyInvalidUsernameShowsErrorTest -->
</testsuite> <!-- com.qa.gyruslearner.testcases.ForgotPasswordPageTestCase -->
