<?xml version="1.0" encoding="UTF-8"?>
<!-- Generated by org.testng.reporters.JUnitReportReporter -->
<testsuite hostname="GYRUS-231" failures="0" tests="9" name="com.qa.gyruslearner.testcases.ChangePasswordPageTestCase" time="46.945" errors="1" timestamp="2026-03-31T00:29:26 IST" skipped="0">
  <testcase classname="com.qa.gyruslearner.testcases.ChangePasswordPageTestCase" name="changePasswordUrlTest" time="5.235"/>
  <testcase classname="com.qa.gyruslearner.testcases.ChangePasswordPageTestCase" name="ChangePasswordTitleTest" time="25.645">
    <error message="Expected condition failed: waiting for title to be &quot;Change Password&quot;. Current title: &quot;&quot; (tried for 20 second(s) with 500 milliseconds interval)
Build info: version: &#039;4.27.0&#039;, revision: &#039;d6e718d134&#039;
System info: os.name: &#039;Windows 11&#039;, os.arch: &#039;amd64&#039;, os.version: &#039;10.0&#039;, java.version: &#039;21.0.8&#039;
Driver info: org.openqa.selenium.chrome.ChromeDriver
Capabilities {acceptInsecureCerts: false, browserName: chrome, browserVersion: 146.0.7680.153, chrome: {chromedriverVersion: 146.0.7680.165 (4b989da09e1..., userDataDir: C:\Users\DINESH~1\AppData\L...}, fedcm:accounts: true, goog:chromeOptions: {debuggerAddress: localhost:64733}, goog:processID: 32416, networkConnectionEnabled: false, pageLoadStrategy: normal, platformName: windows, proxy: Proxy(), se:cdp: ws://localhost:64733/devtoo..., se:cdpVersion: 146.0.7680.153, setWindowRect: true, strictFileInteractability: false, timeouts: {implicit: 0, pageLoad: 300000, script: 30000}, unhandledPromptBehavior: dismiss and notify, webauthn:extension:credBlob: true, webauthn:extension:largeBlob: true, webauthn:extension:minPinLength: true, webauthn:extension:prf: true, webauthn:virtualAuthenticators: true}
Session ID: ae3bc02de001b94de7b2a69753241544" type="org.openqa.selenium.TimeoutException">
      <![CDATA[org.openqa.selenium.TimeoutException: Expected condition failed: waiting for title to be "Change Password". Current title: "" (tried for 20 second(s) with 500 milliseconds interval)
Build info: version: '4.27.0', revision: 'd6e718d134'
System info: os.name: 'Windows 11', os.arch: 'amd64', os.version: '10.0', java.version: '21.0.8'
Driver info: org.openqa.selenium.chrome.ChromeDriver
Capabilities {acceptInsecureCerts: false, browserName: chrome, browserVersion: 146.0.7680.153, chrome: {chromedriverVersion: 146.0.7680.165 (4b989da09e1..., userDataDir: C:\Users\DINESH~1\AppData\L...}, fedcm:accounts: true, goog:chromeOptions: {debuggerAddress: localhost:64733}, goog:processID: 32416, networkConnectionEnabled: false, pageLoadStrategy: normal, platformName: windows, proxy: Proxy(), se:cdp: ws://localhost:64733/devtoo..., se:cdpVersion: 146.0.7680.153, setWindowRect: true, strictFileInteractability: false, timeouts: {implicit: 0, pageLoad: 300000, script: 30000}, unhandledPromptBehavior: dismiss and notify, webauthn:extension:credBlob: true, webauthn:extension:largeBlob: true, webauthn:extension:minPinLength: true, webauthn:extension:prf: true, webauthn:virtualAuthenticators: true}
Session ID: ae3bc02de001b94de7b2a69753241544
at org.openqa.selenium.support.ui.WebDriverWait.timeoutException(WebDriverWait.java:84)
at org.openqa.selenium.support.ui.FluentWait.until(FluentWait.java:228)
at com.qa.gyruslearner.testcases.ChangePasswordPageTestCase.ChangePasswordTitleTest(ChangePasswordPageTestCase.java:101)
at java.base/jdk.internal.reflect.DirectMethodHandleAccessor.invoke(DirectMethodHandleAccessor.java:103)
at java.base/java.lang.reflect.Method.invoke(Method.java:580)
at org.testng.internal.invokers.MethodInvocationHelper.invokeMethod(MethodInvocationHelper.java:139)
at org.testng.internal.invokers.TestInvoker.invokeMethod(TestInvoker.java:664)
at org.testng.internal.invokers.TestInvoker.invokeTestMethod(TestInvoker.java:228)
at org.testng.internal.invokers.MethodRunner.runInSequence(MethodRunner.java:63)
at org.testng.internal.invokers.TestInvoker$MethodInvocationAgent.invoke(TestInvoker.java:961)
at org.testng.internal.invokers.TestInvoker.invokeTestMethods(TestInvoker.java:201)
at org.testng.internal.invokers.TestMethodWorker.invokeTestMethods(TestMethodWorker.java:148)
at org.testng.internal.invokers.TestMethodWorker.run(TestMethodWorker.java:128)
at java.base/java.util.ArrayList.forEach(ArrayList.java:1596)
at org.testng.TestRunner.privateRun(TestRunner.java:819)
at org.testng.TestRunner.run(TestRunner.java:619)
at org.testng.SuiteRunner.runTest(SuiteRunner.java:443)
at org.testng.SuiteRunner.runSequentially(SuiteRunner.java:437)
at org.testng.SuiteRunner.privateRun(SuiteRunner.java:397)
at org.testng.SuiteRunner.run(SuiteRunner.java:336)
at org.testng.SuiteRunnerWorker.runSuite(SuiteRunnerWorker.java:52)
at org.testng.SuiteRunnerWorker.run(SuiteRunnerWorker.java:95)
at org.testng.TestNG.runSuitesSequentially(TestNG.java:1301)
at org.testng.TestNG.runSuitesLocally(TestNG.java:1228)
at org.testng.TestNG.runSuites(TestNG.java:1134)
at org.testng.TestNG.run(TestNG.java:1101)
at org.testng.remote.AbstractRemoteTestNG.run(AbstractRemoteTestNG.java:115)
at org.testng.remote.RemoteTestNG.initAndRun(RemoteTestNG.java:293)
at org.testng.remote.RemoteTestNG.main(RemoteTestNG.java:91)
]]>
    </error>
  </testcase> <!-- ChangePasswordTitleTest -->
  <testcase classname="com.qa.gyruslearner.testcases.ChangePasswordPageTestCase" name="verifyChangePasswordPanelTitleTest" time="0.035"/>
  <testcase classname="com.qa.gyruslearner.testcases.ChangePasswordPageTestCase" name="verifyChangePasswordPageUIElementsTest" time="0.118"/>
  <testcase classname="com.qa.gyruslearner.testcases.ChangePasswordPageTestCase" name="VerifyWrongCurrentPasswordTest" time="1.084"/>
  <testcase classname="com.qa.gyruslearner.testcases.ChangePasswordPageTestCase" name="verifyErrorForMismatchedPasswordsTest" time="3.004"/>
  <testcase classname="com.qa.gyruslearner.testcases.ChangePasswordPageTestCase" name="verifyCurrentAndNewPasswordAreSameTest" time="0.489"/>
  <testcase classname="com.qa.gyruslearner.testcases.ChangePasswordPageTestCase" name="verifySignOutFunctionalityTest" time="2.978"/>
  <testcase classname="com.qa.gyruslearner.testcases.ChangePasswordPageTestCase" name="verifySuccessfulPasswordResetTest" time="8.357"/>
</testsuite> <!-- com.qa.gyruslearner.testcases.ChangePasswordPageTestCase -->
