<?xml version="1.0" encoding="UTF-8"?>
<!-- Generated by org.testng.reporters.JUnitReportReporter -->
<testsuite hostname="GYRUS-231" failures="0" tests="2" name="com.qa.gyruslearner.testcases.TrainingTranscriptPageTestCase" time="24.957" errors="0" timestamp="2026-05-12T14:46:01 IST" skipped="0">
  <testcase classname="com.qa.gyruslearner.testcases.TrainingTranscriptPageTestCase" name="verifyTrainingTranscriptUrlTest" time="23.891"/>
  <testcase classname="com.qa.gyruslearner.testcases.TrainingTranscriptPageTestCase" name="verifyTrainingTranscriptTitileTest" time="1.066"/>
</testsuite> <!-- com.qa.gyruslearner.testcases.TrainingTranscriptPageTestCase -->
