<?xml version="1.0" encoding="UTF-8"?>
<!-- Generated by org.testng.reporters.JUnitReportReporter -->
<testsuite hostname="GYRUS-231" failures="0" tests="19" name="com.qa.gyruslearner.testcases.MyProfilePageTestCase" time="35.055" errors="0" timestamp="2026-04-01T23:21:37 IST" skipped="1">
  <testcase classname="com.qa.gyruslearner.testcases.MyProfilePageTestCase" name="myProfileUrlTest" time="0.183"/>
  <testcase classname="com.qa.gyruslearner.testcases.MyProfilePageTestCase" name="myprofileTitleTest" time="1.109"/>
  <testcase classname="com.qa.gyruslearner.testcases.MyProfilePageTestCase" name="verifyUserProfileDetails" time="0.163"/>
  <testcase classname="com.qa.gyruslearner.testcases.MyProfilePageTestCase" name="verifyProfileImage" time="2.221"/>
  <testcase classname="com.qa.gyruslearner.testcases.MyProfilePageTestCase" name="verifyQRCodeDisplayed" time="0.041"/>
  <testcase classname="com.qa.gyruslearner.testcases.MyProfilePageTestCase" name="verifyEditProfilePanelExpandCollapse" time="0.281"/>
  <testcase classname="com.qa.gyruslearner.testcases.MyProfilePageTestCase" name="verifySecurityPanelExpandCollapse" time="0.273"/>
  <testcase classname="com.qa.gyruslearner.testcases.MyProfilePageTestCase" name="verifyCFR21SecurityPanelExpandCollapse" time="0.240"/>
  <testcase classname="com.qa.gyruslearner.testcases.MyProfilePageTestCase" name="verifyTimeZoneSettingsPanelExpandCollapse" time="0.317"/>
  <testcase classname="com.qa.gyruslearner.testcases.MyProfilePageTestCase" name="verifyThemePanelExpandCollapse" time="0.315"/>
  <testcase classname="com.qa.gyruslearner.testcases.MyProfilePageTestCase" name="verifyLanguageDropdown" time="11.355"/>
  <testcase classname="com.qa.gyruslearner.testcases.MyProfilePageTestCase" name="verifyDateFormaDropdown" time="0.037"/>
  <testcase classname="com.qa.gyruslearner.testcases.MyProfilePageTestCase" name="verifyResetPasswordTest" time="1.777"/>
  <testcase classname="com.qa.gyruslearner.testcases.MyProfilePageTestCase" name="verifyTimeZoneSettingsDisplayTest" time="0.307"/>
  <testcase classname="com.qa.gyruslearner.testcases.MyProfilePageTestCase" name="verifyTimeZoneSettingsTest" time="3.500"/>
  <testcase classname="com.qa.gyruslearner.testcases.MyProfilePageTestCase" name="verifyThemeTest" time="2.112"/>
  <testcase classname="com.qa.gyruslearner.testcases.MyProfilePageTestCase" name="verifyBackToDashboardLink" time="2.835"/>
  <testcase classname="com.qa.gyruslearner.testcases.MyProfilePageTestCase" name="VerifyUploadhphotoTest" time="7.989"/>
  <testcase classname="com.qa.gyruslearner.testcases.MyProfilePageTestCase" name="verifyCFR21SecurityTest">
    <skipped/>
  </testcase> <!-- verifyCFR21SecurityTest -->
</testsuite> <!-- com.qa.gyruslearner.testcases.MyProfilePageTestCase -->
