<?xml version="1.0" encoding="UTF-8"?>
<!-- Generated by org.testng.reporters.JUnitXMLReporter -->
<testsuite ignored="2" hostname="GYRUS-231" failures="0" tests="5" name="Automation Smoke Testing" time="83.045" errors="0" timestamp="2026-03-29T20:08:43 IST">
  <testcase classname="com.qa.gyruslearner.testcases.IDPPageTestCase" name="verifyMyLearnerLinkTest" time="4.002"/>
  <testcase classname="com.qa.gyruslearner.testcases.IDPPageTestCase" name="verifyidpUrlTest" time="1.302"/>
  <testcase classname="com.qa.gyruslearner.testcases.IDPPageTestCase" name="verifyIDPPageTitileTest" time="1.06"/>
  <testcase classname="com.qa.gyruslearner.testcases.IDPPageTestCase" name="verifyIDPHeaderPageTitleTest" time="0.102"/>
  <testcase classname="com.qa.gyruslearner.testcases.IDPPageTestCase" name="verifyAllElearningQuickFilterTest" time="64.599"/>
  <testcase classname="com.qa.gyruslearner.testcases.IDPPageTestCase" name="verifyBackToDashBoardTest" time="0.0">
    <ignored/>
  </testcase> <!-- verifyBackToDashBoardTest -->
  <testcase classname="com.qa.gyruslearner.testcases.IDPPageTestCase" name="verifyAllCardLoadedAndCountTest" time="0.0">
    <ignored/>
  </testcase> <!-- verifyAllCardLoadedAndCountTest -->
</testsuite> <!-- Automation Smoke Testing -->
